2015-06-10 17:36:22,919 [main           ] INFO  AuroraEsbServer                - [Downloaded File] DOWNLOAD Task Configed
2015-06-10 17:36:22,932 [main           ] INFO  AuroraEsbServer                - [Downloaded File] DOWNLOAD URL sftp://115.124.16.69:22/download/CFCAR?username=cfcar&password=123456&delay=100s&noop=true&recursive=true&filter=#FileFilter
2015-06-10 17:36:22,933 [main           ] INFO  AuroraEsbServer                - [Downloaded File] SAVE URL file:/Users/shiliyan/Desktop/esb/download/CFCAR
2015-06-10 17:36:22,936 [main           ] INFO  DefaultCamelContext            - Apache Camel 2.15.1 (CamelContext: camel-1) is starting
2015-06-10 17:36:22,938 [main           ] INFO  ManagedManagementStrategy      - JMX is enabled
2015-06-10 17:36:23,337 [main           ] INFO  DefaultTypeConverter           - Loaded 193 type converters
2015-06-10 17:36:23,782 [main           ] INFO  DefaultCamelContext            - AllowUseOriginalMessage is enabled. If access to the original message is not needed, then its recommended to turn this option off as it may improve performance.
2015-06-10 17:36:23,782 [main           ] INFO  DefaultCamelContext            - StreamCaching is not in use. If using streams then its recommended to enable stream caching. See more details at http://camel.apache.org/stream-caching.html
2015-06-10 17:36:23,794 [main           ] INFO  SftpEndpoint                   - Endpoint is configured with noop=true so forcing endpoint to be idempotent as well
2015-06-10 17:36:23,795 [main           ] INFO  SftpEndpoint                   - Using default memory based idempotent repository with cache max size: 1000
2015-06-10 17:36:23,901 [main           ] INFO  DefaultCamelContext            - Route: route1 started and consuming from: Endpoint[sftp://115.124.16.69:22/download/CFCAR?delay=100s&filter=%23FileFilter&noop=true&password=xxxxxx&recursive=true&username=cfcar]
2015-06-10 17:36:23,901 [main           ] INFO  DefaultCamelContext            - Total 1 routes, of which 1 is started.
2015-06-10 17:36:23,906 [main           ] INFO  DefaultCamelContext            - Apache Camel 2.15.1 (CamelContext: camel-1) started in 0.968 seconds
2015-06-10 17:36:23,990 [main           ] INFO  MLog                           - MLog clients using log4j logging.
2015-06-10 17:36:24,107 [main           ] INFO  C3P0Registry                   - Initializing c3p0-0.9.1.2 [built 21-May-2007 15:04:56; debug? true; trace: 10]
2015-06-10 17:36:24,915 [/download/CFCAR] INFO  SftpOperations                 - JSCH -> Connecting to 115.124.16.69 port 22
2015-06-10 17:36:24,941 [/download/CFCAR] INFO  SftpOperations                 - JSCH -> Connection established
2015-06-10 17:36:24,957 [/download/CFCAR] INFO  SftpOperations                 - JSCH -> Remote version string: SSH-2.0-OpenSSH_3.9p1
2015-06-10 17:36:24,957 [/download/CFCAR] INFO  SftpOperations                 - JSCH -> Local version string: SSH-2.0-JSCH-0.1.51
2015-06-10 17:36:24,957 [/download/CFCAR] INFO  SftpOperations                 - JSCH -> CheckCiphers: aes256-ctr,aes192-ctr,aes128-ctr,aes256-cbc,aes192-cbc,aes128-cbc,3des-ctr,arcfour,arcfour128,arcfour256
2015-06-10 17:36:25,271 [/download/CFCAR] INFO  SftpOperations                 - JSCH -> aes256-cbc is not available.
2015-06-10 17:36:25,271 [/download/CFCAR] INFO  SftpOperations                 - JSCH -> aes192-cbc is not available.
2015-06-10 17:36:25,271 [/download/CFCAR] INFO  SftpOperations                 - JSCH -> CheckKexes: diffie-hellman-group14-sha1
2015-06-10 17:36:25,318 [/download/CFCAR] INFO  SftpOperations                 - JSCH -> SSH_MSG_KEXINIT sent
2015-06-10 17:36:25,318 [/download/CFCAR] INFO  SftpOperations                 - JSCH -> SSH_MSG_KEXINIT received
2015-06-10 17:36:25,318 [/download/CFCAR] INFO  SftpOperations                 - JSCH -> kex: server: diffie-hellman-group-exchange-sha1,diffie-hellman-group14-sha1,diffie-hellman-group1-sha1
2015-06-10 17:36:25,318 [/download/CFCAR] INFO  SftpOperations                 - JSCH -> kex: server: ssh-rsa,ssh-dss
2015-06-10 17:36:25,318 [/download/CFCAR] INFO  SftpOperations                 - JSCH -> kex: server: aes128-cbc,3des-cbc,blowfish-cbc,cast128-cbc,arcfour,aes192-cbc,aes256-cbc,rijndael-cbc@lysator.liu.se,aes128-ctr,aes192-ctr,aes256-ctr
2015-06-10 17:36:25,319 [/download/CFCAR] INFO  SftpOperations                 - JSCH -> kex: server: aes128-cbc,3des-cbc,blowfish-cbc,cast128-cbc,arcfour,aes192-cbc,aes256-cbc,rijndael-cbc@lysator.liu.se,aes128-ctr,aes192-ctr,aes256-ctr
2015-06-10 17:36:25,319 [/download/CFCAR] INFO  SftpOperations                 - JSCH -> kex: server: hmac-md5,hmac-sha1,hmac-ripemd160,hmac-ripemd160@openssh.com,hmac-sha1-96,hmac-md5-96
2015-06-10 17:36:25,319 [/download/CFCAR] INFO  SftpOperations                 - JSCH -> kex: server: hmac-md5,hmac-sha1,hmac-ripemd160,hmac-ripemd160@openssh.com,hmac-sha1-96,hmac-md5-96
2015-06-10 17:36:25,319 [/download/CFCAR] INFO  SftpOperations                 - JSCH -> kex: server: none,zlib
2015-06-10 17:36:25,319 [/download/CFCAR] INFO  SftpOperations                 - JSCH -> kex: server: none,zlib
2015-06-10 17:36:25,319 [/download/CFCAR] INFO  SftpOperations                 - JSCH -> kex: server: 
2015-06-10 17:36:25,319 [/download/CFCAR] INFO  SftpOperations                 - JSCH -> kex: server: 
2015-06-10 17:36:25,319 [/download/CFCAR] INFO  SftpOperations                 - JSCH -> kex: client: diffie-hellman-group1-sha1,diffie-hellman-group14-sha1,diffie-hellman-group-exchange-sha1
2015-06-10 17:36:25,319 [/download/CFCAR] INFO  SftpOperations                 - JSCH -> kex: client: ssh-rsa,ssh-dss
2015-06-10 17:36:25,319 [/download/CFCAR] INFO  SftpOperations                 - JSCH -> kex: client: aes128-ctr,aes128-cbc,3des-ctr,3des-cbc,blowfish-cbc
2015-06-10 17:36:25,319 [/download/CFCAR] INFO  SftpOperations                 - JSCH -> kex: client: aes128-ctr,aes128-cbc,3des-ctr,3des-cbc,blowfish-cbc
2015-06-10 17:36:25,319 [/download/CFCAR] INFO  SftpOperations                 - JSCH -> kex: client: hmac-md5,hmac-sha1,hmac-sha2-256,hmac-sha1-96,hmac-md5-96
2015-06-10 17:36:25,319 [/download/CFCAR] INFO  SftpOperations                 - JSCH -> kex: client: hmac-md5,hmac-sha1,hmac-sha2-256,hmac-sha1-96,hmac-md5-96
2015-06-10 17:36:25,319 [/download/CFCAR] INFO  SftpOperations                 - JSCH -> kex: client: none
2015-06-10 17:36:25,319 [/download/CFCAR] INFO  SftpOperations                 - JSCH -> kex: client: none
2015-06-10 17:36:25,319 [/download/CFCAR] INFO  SftpOperations                 - JSCH -> kex: client: 
2015-06-10 17:36:25,319 [/download/CFCAR] INFO  SftpOperations                 - JSCH -> kex: client: 
2015-06-10 17:36:25,319 [/download/CFCAR] INFO  SftpOperations                 - JSCH -> kex: server->client aes128-ctr hmac-md5 none
2015-06-10 17:36:25,319 [/download/CFCAR] INFO  SftpOperations                 - JSCH -> kex: client->server aes128-ctr hmac-md5 none
2015-06-10 17:36:25,329 [/download/CFCAR] INFO  SftpOperations                 - JSCH -> SSH_MSG_KEXDH_INIT sent
2015-06-10 17:36:25,329 [/download/CFCAR] INFO  SftpOperations                 - JSCH -> expecting SSH_MSG_KEXDH_REPLY
2015-06-10 17:36:25,378 [/download/CFCAR] INFO  SftpOperations                 - JSCH -> ssh_rsa_verify: signature true
2015-06-10 17:36:25,384 [/download/CFCAR] WARN  SftpOperations                 - JSCH -> Permanently added '115.124.16.69' (RSA) to the list of known hosts.
2015-06-10 17:36:25,384 [/download/CFCAR] INFO  SftpOperations                 - JSCH -> SSH_MSG_NEWKEYS sent
2015-06-10 17:36:25,384 [/download/CFCAR] INFO  SftpOperations                 - JSCH -> SSH_MSG_NEWKEYS received
2015-06-10 17:36:25,393 [/download/CFCAR] INFO  SftpOperations                 - JSCH -> SSH_MSG_SERVICE_REQUEST sent
2015-06-10 17:36:25,430 [/download/CFCAR] INFO  SftpOperations                 - JSCH -> SSH_MSG_SERVICE_ACCEPT received
2015-06-10 17:36:25,445 [/download/CFCAR] INFO  SftpOperations                 - JSCH -> Authentications that can continue: publickey,keyboard-interactive,password
2015-06-10 17:36:25,445 [/download/CFCAR] INFO  SftpOperations                 - JSCH -> Next authentication method: publickey
2015-06-10 17:36:25,447 [/download/CFCAR] INFO  SftpOperations                 - JSCH -> Authentications that can continue: password
2015-06-10 17:36:25,448 [/download/CFCAR] INFO  SftpOperations                 - JSCH -> Next authentication method: password
2015-06-10 17:36:25,472 [/download/CFCAR] INFO  SftpOperations                 - JSCH -> Authentication succeeded (password).
2015-06-10 17:36:25,844 [/download/CFCAR] INFO  SftpOperations                 - Connected to sftp://cfcar@115.124.16.69:22
2015-06-10 17:36:25,844 [/download/CFCAR] INFO  SftpConsumer                   - Connected and logged in to: sftp://cfcar@115.124.16.69:22
2015-06-10 17:36:38,781 [/download/CFCAR] INFO  AuroraEsbServer                - [Downloaded File] Downloaded File CFCAR_AUTOFI_CREATE_CONTRACT_20150610_184.txt Complete.
2015-06-10 17:36:38,782 [/download/CFCAR] INFO  route1                         - Downloaded file AUTOFI_CREATE_CONTRACT/20150610/CFCAR_AUTOFI_CREATE_CONTRACT_20150610_184.txt complete.
2015-06-10 17:36:39,057 [/download/CFCAR] INFO  AuroraEsbServer                - [Downloaded File] Downloaded File CFCAR_AUTOFI_CREATE_CONTRACT_20150610_185.txt Complete.
2015-06-10 17:36:39,058 [/download/CFCAR] INFO  route1                         - Downloaded file AUTOFI_CREATE_CONTRACT/20150610/CFCAR_AUTOFI_CREATE_CONTRACT_20150610_185.txt complete.
2015-06-10 17:36:39,347 [/download/CFCAR] INFO  AuroraEsbServer                - [Downloaded File] Downloaded File CFCAR_AUTOFI_LOAN_RESULT_20150610_183.txt Complete.
2015-06-10 17:36:39,349 [/download/CFCAR] INFO  route1                         - Downloaded file AUTOFI_LOAN_RESULT/20150610/CFCAR_AUTOFI_LOAN_RESULT_20150610_183.txt complete.
2015-06-10 17:36:39,634 [/download/CFCAR] INFO  AuroraEsbServer                - [Downloaded File] Downloaded File CFCAR_AUTOFI_LOAN_RESULT_20150610_185.txt Complete.
2015-06-10 17:36:39,634 [/download/CFCAR] INFO  route1                         - Downloaded file AUTOFI_LOAN_RESULT/20150610/CFCAR_AUTOFI_LOAN_RESULT_20150610_185.txt complete.
2015-06-10 17:36:39,875 [/download/CFCAR] INFO  AuroraEsbServer                - [Downloaded File] Downloaded File CFCAR_AUTOFI_LOAN_RESULT_20150610_184.txt Complete.
2015-06-10 17:36:39,876 [/download/CFCAR] INFO  route1                         - Downloaded file AUTOFI_LOAN_RESULT/20150610/CFCAR_AUTOFI_LOAN_RESULT_20150610_184.txt complete.
2015-06-10 17:36:40,125 [/download/CFCAR] INFO  AuroraEsbServer                - [Downloaded File] Downloaded File CFCAR_AUTOFI_CANCLE_CONTRACT_20150610_185.txt Complete.
2015-06-10 17:36:40,126 [/download/CFCAR] INFO  route1                         - Downloaded file AUTOFI_CANCLE_CONTRACT/20150610/CFCAR_AUTOFI_CANCLE_CONTRACT_20150610_185.txt complete.
