2015-06-15 08:58:37,765 [main           ] INFO  MainSupport                    - Apache Camel 2.15.1 starting
2015-06-15 08:58:38,248 [main           ] INFO  DefaultCamelContext            - Apache Camel 2.15.1 (CamelContext: camel-1) is starting
2015-06-15 08:58:38,250 [main           ] INFO  ManagedManagementStrategy      - JMX is enabled
2015-06-15 08:58:38,745 [main           ] INFO  DefaultTypeConverter           - Loaded 193 type converters
2015-06-15 08:58:39,038 [main           ] INFO  DefaultCamelContext            - AllowUseOriginalMessage is enabled. If access to the original message is not needed, then its recommended to turn this option off as it may improve performance.
2015-06-15 08:58:39,038 [main           ] INFO  DefaultCamelContext            - StreamCaching is not in use. If using streams then its recommended to enable stream caching. See more details at http://camel.apache.org/stream-caching.html
2015-06-15 08:58:39,139 [main           ] INFO  DefaultCamelContext            - Route: route1 started and consuming from: Endpoint[sftp://192.168.1.11:22//u01/CF_Leasing/aurora_esb/logs/?delay=10s&fileName=esb.log&idempotent=false&noop=true&password=xxxxxx&username=root]
2015-06-15 08:58:39,139 [main           ] INFO  DefaultCamelContext            - Total 1 routes, of which 1 is started.
2015-06-15 08:58:39,144 [main           ] INFO  DefaultCamelContext            - Apache Camel 2.15.1 (CamelContext: camel-1) started in 0.892 seconds
2015-06-15 08:58:40,179 [urora_esb/logs/] INFO  SftpOperations                 - JSCH -> Connecting to 192.168.1.11 port 22
2015-06-15 08:58:40,230 [urora_esb/logs/] INFO  SftpOperations                 - JSCH -> Connection established
2015-06-15 08:58:40,590 [urora_esb/logs/] INFO  SftpOperations                 - JSCH -> Remote version string: SSH-2.0-OpenSSH_5.3
2015-06-15 08:58:40,590 [urora_esb/logs/] INFO  SftpOperations                 - JSCH -> Local version string: SSH-2.0-JSCH-0.1.51
2015-06-15 08:58:40,590 [urora_esb/logs/] INFO  SftpOperations                 - JSCH -> CheckCiphers: aes256-ctr,aes192-ctr,aes128-ctr,aes256-cbc,aes192-cbc,aes128-cbc,3des-ctr,arcfour,arcfour128,arcfour256
2015-06-15 08:58:40,908 [urora_esb/logs/] INFO  SftpOperations                 - JSCH -> aes256-cbc is not available.
2015-06-15 08:58:40,908 [urora_esb/logs/] INFO  SftpOperations                 - JSCH -> aes192-cbc is not available.
2015-06-15 08:58:40,908 [urora_esb/logs/] INFO  SftpOperations                 - JSCH -> CheckKexes: diffie-hellman-group14-sha1
2015-06-15 08:58:41,000 [urora_esb/logs/] INFO  SftpOperations                 - JSCH -> SSH_MSG_KEXINIT sent
2015-06-15 08:58:41,000 [urora_esb/logs/] INFO  SftpOperations                 - JSCH -> SSH_MSG_KEXINIT received
2015-06-15 08:58:41,000 [urora_esb/logs/] INFO  SftpOperations                 - JSCH -> kex: server: diffie-hellman-group-exchange-sha256,diffie-hellman-group-exchange-sha1,diffie-hellman-group14-sha1,diffie-hellman-group1-sha1
2015-06-15 08:58:41,000 [urora_esb/logs/] INFO  SftpOperations                 - JSCH -> kex: server: ssh-rsa,ssh-dss
2015-06-15 08:58:41,000 [urora_esb/logs/] INFO  SftpOperations                 - JSCH -> kex: server: aes128-ctr,aes192-ctr,aes256-ctr,arcfour256,arcfour128,aes128-cbc,3des-cbc,blowfish-cbc,cast128-cbc,aes192-cbc,aes256-cbc,arcfour,rijndael-cbc@lysator.liu.se
2015-06-15 08:58:41,000 [urora_esb/logs/] INFO  SftpOperations                 - JSCH -> kex: server: aes128-ctr,aes192-ctr,aes256-ctr,arcfour256,arcfour128,aes128-cbc,3des-cbc,blowfish-cbc,cast128-cbc,aes192-cbc,aes256-cbc,arcfour,rijndael-cbc@lysator.liu.se
2015-06-15 08:58:41,000 [urora_esb/logs/] INFO  SftpOperations                 - JSCH -> kex: server: hmac-md5,hmac-sha1,umac-64@openssh.com,hmac-sha2-256,hmac-sha2-512,hmac-ripemd160,hmac-ripemd160@openssh.com,hmac-sha1-96,hmac-md5-96
2015-06-15 08:58:41,000 [urora_esb/logs/] INFO  SftpOperations                 - JSCH -> kex: server: hmac-md5,hmac-sha1,umac-64@openssh.com,hmac-sha2-256,hmac-sha2-512,hmac-ripemd160,hmac-ripemd160@openssh.com,hmac-sha1-96,hmac-md5-96
2015-06-15 08:58:41,000 [urora_esb/logs/] INFO  SftpOperations                 - JSCH -> kex: server: none,zlib@openssh.com
2015-06-15 08:58:41,000 [urora_esb/logs/] INFO  SftpOperations                 - JSCH -> kex: server: none,zlib@openssh.com
2015-06-15 08:58:41,000 [urora_esb/logs/] INFO  SftpOperations                 - JSCH -> kex: server: 
2015-06-15 08:58:41,000 [urora_esb/logs/] INFO  SftpOperations                 - JSCH -> kex: server: 
2015-06-15 08:58:41,000 [urora_esb/logs/] INFO  SftpOperations                 - JSCH -> kex: client: diffie-hellman-group1-sha1,diffie-hellman-group14-sha1,diffie-hellman-group-exchange-sha1
2015-06-15 08:58:41,000 [urora_esb/logs/] INFO  SftpOperations                 - JSCH -> kex: client: ssh-rsa,ssh-dss
2015-06-15 08:58:41,001 [urora_esb/logs/] INFO  SftpOperations                 - JSCH -> kex: client: aes128-ctr,aes128-cbc,3des-ctr,3des-cbc,blowfish-cbc
2015-06-15 08:58:41,001 [urora_esb/logs/] INFO  SftpOperations                 - JSCH -> kex: client: aes128-ctr,aes128-cbc,3des-ctr,3des-cbc,blowfish-cbc
2015-06-15 08:58:41,001 [urora_esb/logs/] INFO  SftpOperations                 - JSCH -> kex: client: hmac-md5,hmac-sha1,hmac-sha2-256,hmac-sha1-96,hmac-md5-96
2015-06-15 08:58:41,001 [urora_esb/logs/] INFO  SftpOperations                 - JSCH -> kex: client: hmac-md5,hmac-sha1,hmac-sha2-256,hmac-sha1-96,hmac-md5-96
2015-06-15 08:58:41,001 [urora_esb/logs/] INFO  SftpOperations                 - JSCH -> kex: client: none
2015-06-15 08:58:41,001 [urora_esb/logs/] INFO  SftpOperations                 - JSCH -> kex: client: none
2015-06-15 08:58:41,001 [urora_esb/logs/] INFO  SftpOperations                 - JSCH -> kex: client: 
2015-06-15 08:58:41,001 [urora_esb/logs/] INFO  SftpOperations                 - JSCH -> kex: client: 
2015-06-15 08:58:41,006 [urora_esb/logs/] INFO  SftpOperations                 - JSCH -> kex: server->client aes128-ctr hmac-md5 none
2015-06-15 08:58:41,006 [urora_esb/logs/] INFO  SftpOperations                 - JSCH -> kex: client->server aes128-ctr hmac-md5 none
2015-06-15 08:58:41,013 [urora_esb/logs/] INFO  SftpOperations                 - JSCH -> SSH_MSG_KEXDH_INIT sent
2015-06-15 08:58:41,013 [urora_esb/logs/] INFO  SftpOperations                 - JSCH -> expecting SSH_MSG_KEXDH_REPLY
2015-06-15 08:58:41,046 [urora_esb/logs/] INFO  SftpOperations                 - JSCH -> ssh_rsa_verify: signature true
2015-06-15 08:58:41,063 [urora_esb/logs/] WARN  SftpOperations                 - JSCH -> Permanently added '192.168.1.11' (RSA) to the list of known hosts.
2015-06-15 08:58:41,063 [urora_esb/logs/] INFO  SftpOperations                 - JSCH -> SSH_MSG_NEWKEYS sent
2015-06-15 08:58:41,063 [urora_esb/logs/] INFO  SftpOperations                 - JSCH -> SSH_MSG_NEWKEYS received
2015-06-15 08:58:41,070 [urora_esb/logs/] INFO  SftpOperations                 - JSCH -> SSH_MSG_SERVICE_REQUEST sent
2015-06-15 08:58:41,081 [urora_esb/logs/] INFO  SftpOperations                 - JSCH -> SSH_MSG_SERVICE_ACCEPT received
2015-06-15 08:58:41,109 [urora_esb/logs/] INFO  SftpOperations                 - JSCH -> Authentications that can continue: gssapi-with-mic,publickey,keyboard-interactive,password
2015-06-15 08:58:41,110 [urora_esb/logs/] INFO  SftpOperations                 - JSCH -> Next authentication method: gssapi-with-mic
2015-06-15 08:58:41,227 [urora_esb/logs/] INFO  SftpOperations                 - JSCH -> Authentications that can continue: publickey,keyboard-interactive,password
2015-06-15 08:58:41,227 [urora_esb/logs/] INFO  SftpOperations                 - JSCH -> Next authentication method: publickey
2015-06-15 08:58:41,229 [urora_esb/logs/] INFO  SftpOperations                 - JSCH -> Authentications that can continue: password
2015-06-15 08:58:41,229 [urora_esb/logs/] INFO  SftpOperations                 - JSCH -> Next authentication method: password
2015-06-15 08:58:41,284 [urora_esb/logs/] INFO  SftpOperations                 - JSCH -> Authentication succeeded (password).
2015-06-15 08:58:41,543 [urora_esb/logs/] INFO  SftpOperations                 - Connected to sftp://root@192.168.1.11:22
2015-06-15 08:58:41,543 [urora_esb/logs/] INFO  SftpConsumer                   - Connected and logged in to: sftp://root@192.168.1.11:22
2015-06-15 09:00:25,239 [Thread-0       ] INFO  MainSupport$HangupInterceptor  - Received hang up - stopping the main instance.
2015-06-15 09:00:25,239 [Thread-0       ] INFO  MainSupport                    - Apache Camel 2.15.1 stopping
2015-06-15 09:00:25,240 [Thread-0       ] INFO  DefaultCamelContext            - Apache Camel 2.15.1 (CamelContext: camel-1) is shutting down
2015-06-15 09:00:25,241 [Thread-0       ] INFO  DefaultShutdownStrategy        - Starting to graceful shutdown 1 routes (timeout 10 seconds)
2015-06-15 09:00:25,246 [ - ShutdownTask] INFO  SftpOperations                 - JSCH -> Disconnecting from 192.168.1.11 port 22
2015-06-15 09:00:25,256 [68.1.11 session] INFO  SftpOperations                 - JSCH -> Caught an exception, leaving main loop due to Socket closed
2015-06-15 09:00:25,257 [ - ShutdownTask] INFO  DefaultShutdownStrategy        - Route: route1 shutdown complete, was consuming from: Endpoint[sftp://192.168.1.11:22//u01/CF_Leasing/aurora_esb/logs/?delay=10s&fileName=esb.log&idempotent=false&noop=true&password=xxxxxx&username=root]
2015-06-15 09:00:25,258 [Thread-0       ] INFO  DefaultShutdownStrategy        - Graceful shutdown of 1 routes completed in 0 seconds
2015-06-15 09:00:25,263 [Thread-0       ] INFO  DefaultCamelContext            - Apache Camel 2.15.1 (CamelContext: camel-1) uptime 1 minute
2015-06-15 09:00:25,263 [Thread-0       ] INFO  DefaultCamelContext            - Apache Camel 2.15.1 (CamelContext: camel-1) is shutdown in 0.023 seconds
2015-06-15 09:00:30,955 [main           ] INFO  MainSupport                    - Apache Camel 2.15.1 starting
2015-06-15 09:00:31,332 [main           ] INFO  DefaultCamelContext            - Apache Camel 2.15.1 (CamelContext: camel-1) is starting
2015-06-15 09:00:31,333 [main           ] INFO  ManagedManagementStrategy      - JMX is enabled
2015-06-15 09:00:31,757 [main           ] INFO  DefaultTypeConverter           - Loaded 193 type converters
2015-06-15 09:00:32,058 [main           ] INFO  DefaultCamelContext            - AllowUseOriginalMessage is enabled. If access to the original message is not needed, then its recommended to turn this option off as it may improve performance.
2015-06-15 09:00:32,058 [main           ] INFO  DefaultCamelContext            - StreamCaching is not in use. If using streams then its recommended to enable stream caching. See more details at http://camel.apache.org/stream-caching.html
2015-06-15 09:00:32,220 [main           ] INFO  DefaultCamelContext            - Route: route1 started and consuming from: Endpoint[sftp://192.168.1.11:22//u01/CF_Leasing/aurora_esb/logs/?delay=10s&fileName=esb&idempotent=false&noop=true&password=xxxxxx&username=root]
2015-06-15 09:00:32,221 [main           ] INFO  DefaultCamelContext            - Total 1 routes, of which 1 is started.
2015-06-15 09:00:32,225 [main           ] INFO  DefaultCamelContext            - Apache Camel 2.15.1 (CamelContext: camel-1) started in 0.890 seconds
2015-06-15 09:00:33,248 [urora_esb/logs/] INFO  SftpOperations                 - JSCH -> Connecting to 192.168.1.11 port 22
2015-06-15 09:00:33,259 [urora_esb/logs/] INFO  SftpOperations                 - JSCH -> Connection established
2015-06-15 09:00:33,303 [urora_esb/logs/] INFO  SftpOperations                 - JSCH -> Remote version string: SSH-2.0-OpenSSH_5.3
2015-06-15 09:00:33,303 [urora_esb/logs/] INFO  SftpOperations                 - JSCH -> Local version string: SSH-2.0-JSCH-0.1.51
2015-06-15 09:00:33,303 [urora_esb/logs/] INFO  SftpOperations                 - JSCH -> CheckCiphers: aes256-ctr,aes192-ctr,aes128-ctr,aes256-cbc,aes192-cbc,aes128-cbc,3des-ctr,arcfour,arcfour128,arcfour256
2015-06-15 09:00:33,894 [urora_esb/logs/] INFO  SftpOperations                 - JSCH -> aes256-cbc is not available.
2015-06-15 09:00:33,894 [urora_esb/logs/] INFO  SftpOperations                 - JSCH -> aes192-cbc is not available.
2015-06-15 09:00:33,894 [urora_esb/logs/] INFO  SftpOperations                 - JSCH -> CheckKexes: diffie-hellman-group14-sha1
2015-06-15 09:00:33,949 [urora_esb/logs/] INFO  SftpOperations                 - JSCH -> SSH_MSG_KEXINIT sent
2015-06-15 09:00:33,953 [urora_esb/logs/] INFO  SftpOperations                 - JSCH -> SSH_MSG_KEXINIT received
2015-06-15 09:00:33,953 [urora_esb/logs/] INFO  SftpOperations                 - JSCH -> kex: server: diffie-hellman-group-exchange-sha256,diffie-hellman-group-exchange-sha1,diffie-hellman-group14-sha1,diffie-hellman-group1-sha1
2015-06-15 09:00:33,953 [urora_esb/logs/] INFO  SftpOperations                 - JSCH -> kex: server: ssh-rsa,ssh-dss
2015-06-15 09:00:33,953 [urora_esb/logs/] INFO  SftpOperations                 - JSCH -> kex: server: aes128-ctr,aes192-ctr,aes256-ctr,arcfour256,arcfour128,aes128-cbc,3des-cbc,blowfish-cbc,cast128-cbc,aes192-cbc,aes256-cbc,arcfour,rijndael-cbc@lysator.liu.se
2015-06-15 09:00:33,953 [urora_esb/logs/] INFO  SftpOperations                 - JSCH -> kex: server: aes128-ctr,aes192-ctr,aes256-ctr,arcfour256,arcfour128,aes128-cbc,3des-cbc,blowfish-cbc,cast128-cbc,aes192-cbc,aes256-cbc,arcfour,rijndael-cbc@lysator.liu.se
2015-06-15 09:00:33,953 [urora_esb/logs/] INFO  SftpOperations                 - JSCH -> kex: server: hmac-md5,hmac-sha1,umac-64@openssh.com,hmac-sha2-256,hmac-sha2-512,hmac-ripemd160,hmac-ripemd160@openssh.com,hmac-sha1-96,hmac-md5-96
2015-06-15 09:00:33,953 [urora_esb/logs/] INFO  SftpOperations                 - JSCH -> kex: server: hmac-md5,hmac-sha1,umac-64@openssh.com,hmac-sha2-256,hmac-sha2-512,hmac-ripemd160,hmac-ripemd160@openssh.com,hmac-sha1-96,hmac-md5-96
2015-06-15 09:00:33,954 [urora_esb/logs/] INFO  SftpOperations                 - JSCH -> kex: server: none,zlib@openssh.com
2015-06-15 09:00:33,954 [urora_esb/logs/] INFO  SftpOperations                 - JSCH -> kex: server: none,zlib@openssh.com
2015-06-15 09:00:33,954 [urora_esb/logs/] INFO  SftpOperations                 - JSCH -> kex: server: 
2015-06-15 09:00:33,954 [urora_esb/logs/] INFO  SftpOperations                 - JSCH -> kex: server: 
2015-06-15 09:00:33,954 [urora_esb/logs/] INFO  SftpOperations                 - JSCH -> kex: client: diffie-hellman-group1-sha1,diffie-hellman-group14-sha1,diffie-hellman-group-exchange-sha1
2015-06-15 09:00:33,954 [urora_esb/logs/] INFO  SftpOperations                 - JSCH -> kex: client: ssh-rsa,ssh-dss
2015-06-15 09:00:33,954 [urora_esb/logs/] INFO  SftpOperations                 - JSCH -> kex: client: aes128-ctr,aes128-cbc,3des-ctr,3des-cbc,blowfish-cbc
2015-06-15 09:00:33,954 [urora_esb/logs/] INFO  SftpOperations                 - JSCH -> kex: client: aes128-ctr,aes128-cbc,3des-ctr,3des-cbc,blowfish-cbc
2015-06-15 09:00:33,954 [urora_esb/logs/] INFO  SftpOperations                 - JSCH -> kex: client: hmac-md5,hmac-sha1,hmac-sha2-256,hmac-sha1-96,hmac-md5-96
2015-06-15 09:00:33,954 [urora_esb/logs/] INFO  SftpOperations                 - JSCH -> kex: client: hmac-md5,hmac-sha1,hmac-sha2-256,hmac-sha1-96,hmac-md5-96
2015-06-15 09:00:33,954 [urora_esb/logs/] INFO  SftpOperations                 - JSCH -> kex: client: none
2015-06-15 09:00:33,954 [urora_esb/logs/] INFO  SftpOperations                 - JSCH -> kex: client: none
2015-06-15 09:00:33,954 [urora_esb/logs/] INFO  SftpOperations                 - JSCH -> kex: client: 
2015-06-15 09:00:33,954 [urora_esb/logs/] INFO  SftpOperations                 - JSCH -> kex: client: 
2015-06-15 09:00:33,954 [urora_esb/logs/] INFO  SftpOperations                 - JSCH -> kex: server->client aes128-ctr hmac-md5 none
2015-06-15 09:00:33,954 [urora_esb/logs/] INFO  SftpOperations                 - JSCH -> kex: client->server aes128-ctr hmac-md5 none
2015-06-15 09:00:33,961 [urora_esb/logs/] INFO  SftpOperations                 - JSCH -> SSH_MSG_KEXDH_INIT sent
2015-06-15 09:00:33,962 [urora_esb/logs/] INFO  SftpOperations                 - JSCH -> expecting SSH_MSG_KEXDH_REPLY
2015-06-15 09:00:33,983 [urora_esb/logs/] INFO  SftpOperations                 - JSCH -> ssh_rsa_verify: signature true
2015-06-15 09:00:33,988 [urora_esb/logs/] WARN  SftpOperations                 - JSCH -> Permanently added '192.168.1.11' (RSA) to the list of known hosts.
2015-06-15 09:00:33,988 [urora_esb/logs/] INFO  SftpOperations                 - JSCH -> SSH_MSG_NEWKEYS sent
2015-06-15 09:00:33,988 [urora_esb/logs/] INFO  SftpOperations                 - JSCH -> SSH_MSG_NEWKEYS received
2015-06-15 09:00:33,995 [urora_esb/logs/] INFO  SftpOperations                 - JSCH -> SSH_MSG_SERVICE_REQUEST sent
2015-06-15 09:00:34,005 [urora_esb/logs/] INFO  SftpOperations                 - JSCH -> SSH_MSG_SERVICE_ACCEPT received
2015-06-15 09:00:34,031 [urora_esb/logs/] INFO  SftpOperations                 - JSCH -> Authentications that can continue: gssapi-with-mic,publickey,keyboard-interactive,password
2015-06-15 09:00:34,031 [urora_esb/logs/] INFO  SftpOperations                 - JSCH -> Next authentication method: gssapi-with-mic
2015-06-15 09:00:34,045 [urora_esb/logs/] INFO  SftpOperations                 - JSCH -> Authentications that can continue: publickey,keyboard-interactive,password
2015-06-15 09:00:34,045 [urora_esb/logs/] INFO  SftpOperations                 - JSCH -> Next authentication method: publickey
2015-06-15 09:00:34,047 [urora_esb/logs/] INFO  SftpOperations                 - JSCH -> Authentications that can continue: password
2015-06-15 09:00:34,047 [urora_esb/logs/] INFO  SftpOperations                 - JSCH -> Next authentication method: password
2015-06-15 09:00:34,070 [urora_esb/logs/] INFO  SftpOperations                 - JSCH -> Authentication succeeded (password).
2015-06-15 09:00:34,118 [urora_esb/logs/] INFO  SftpOperations                 - Connected to sftp://root@192.168.1.11:22
2015-06-15 09:00:34,118 [urora_esb/logs/] INFO  SftpConsumer                   - Connected and logged in to: sftp://root@192.168.1.11:22
2015-06-15 13:27:31,407 [Thread-0       ] INFO  MainSupport$HangupInterceptor  - Received hang up - stopping the main instance.
2015-06-15 13:27:31,407 [Thread-0       ] INFO  MainSupport                    - Apache Camel 2.15.1 stopping
2015-06-15 13:27:31,408 [Thread-0       ] INFO  DefaultCamelContext            - Apache Camel 2.15.1 (CamelContext: camel-1) is shutting down
2015-06-15 13:27:31,409 [Thread-0       ] INFO  DefaultShutdownStrategy        - Starting to graceful shutdown 1 routes (timeout 10 seconds)
2015-06-15 13:27:31,417 [ - ShutdownTask] INFO  SftpOperations                 - JSCH -> Disconnecting from 192.168.1.11 port 22
2015-06-15 13:27:31,432 [ - ShutdownTask] INFO  DefaultShutdownStrategy        - Route: route1 shutdown complete, was consuming from: Endpoint[sftp://192.168.1.11:22//u01/CF_Leasing/aurora_esb/logs/?delay=10s&fileName=esb&idempotent=false&noop=true&password=xxxxxx&username=root]
2015-06-15 13:27:31,432 [Thread-0       ] INFO  DefaultShutdownStrategy        - Graceful shutdown of 1 routes completed in 0 seconds
2015-06-15 13:27:31,437 [Thread-0       ] INFO  DefaultCamelContext            - Apache Camel 2.15.1 (CamelContext: camel-1) uptime 4 hours 27 minutes
2015-06-15 13:27:31,437 [Thread-0       ] INFO  DefaultCamelContext            - Apache Camel 2.15.1 (CamelContext: camel-1) is shutdown in 0.028 seconds
2015-06-15 13:36:31,001 [main           ] INFO  MainSupport                    - Apache Camel 2.15.1 starting
2015-06-15 13:36:31,359 [main           ] INFO  DefaultCamelContext            - Apache Camel 2.15.1 (CamelContext: camel-1) is starting
2015-06-15 13:36:31,361 [main           ] INFO  ManagedManagementStrategy      - JMX is enabled
2015-06-15 13:36:31,756 [main           ] INFO  DefaultTypeConverter           - Loaded 193 type converters
2015-06-15 13:36:31,995 [main           ] INFO  DefaultCamelContext            - AllowUseOriginalMessage is enabled. If access to the original message is not needed, then its recommended to turn this option off as it may improve performance.
2015-06-15 13:36:31,996 [main           ] INFO  DefaultCamelContext            - StreamCaching is not in use. If using streams then its recommended to enable stream caching. See more details at http://camel.apache.org/stream-caching.html
2015-06-15 13:36:32,081 [main           ] INFO  DefaultCamelContext            - Route: route1 started and consuming from: Endpoint[sftp://192.168.1.11:22//u01/CF_Leasing/aurora_esb/logs/?delay=10s&fileName=esb&idempotent=false&noop=true&password=xxxxxx&username=root]
2015-06-15 13:36:32,082 [main           ] INFO  DefaultCamelContext            - Total 1 routes, of which 1 is started.
2015-06-15 13:36:32,086 [main           ] INFO  DefaultCamelContext            - Apache Camel 2.15.1 (CamelContext: camel-1) started in 0.723 seconds
2015-06-15 13:36:33,107 [urora_esb/logs/] INFO  SftpOperations                 - JSCH -> Connecting to 192.168.1.11 port 22
2015-06-15 13:36:33,119 [urora_esb/logs/] INFO  SftpOperations                 - JSCH -> Connection established
2015-06-15 13:36:33,128 [urora_esb/logs/] INFO  SftpOperations                 - JSCH -> Remote version string: SSH-2.0-OpenSSH_5.3
2015-06-15 13:36:33,129 [urora_esb/logs/] INFO  SftpOperations                 - JSCH -> Local version string: SSH-2.0-JSCH-0.1.51
2015-06-15 13:36:33,129 [urora_esb/logs/] INFO  SftpOperations                 - JSCH -> CheckCiphers: aes256-ctr,aes192-ctr,aes128-ctr,aes256-cbc,aes192-cbc,aes128-cbc,3des-ctr,arcfour,arcfour128,arcfour256
2015-06-15 13:36:33,417 [urora_esb/logs/] INFO  SftpOperations                 - JSCH -> aes256-cbc is not available.
2015-06-15 13:36:33,417 [urora_esb/logs/] INFO  SftpOperations                 - JSCH -> aes192-cbc is not available.
2015-06-15 13:36:33,417 [urora_esb/logs/] INFO  SftpOperations                 - JSCH -> CheckKexes: diffie-hellman-group14-sha1
2015-06-15 13:36:33,463 [urora_esb/logs/] INFO  SftpOperations                 - JSCH -> SSH_MSG_KEXINIT sent
2015-06-15 13:36:33,463 [urora_esb/logs/] INFO  SftpOperations                 - JSCH -> SSH_MSG_KEXINIT received
2015-06-15 13:36:33,463 [urora_esb/logs/] INFO  SftpOperations                 - JSCH -> kex: server: diffie-hellman-group-exchange-sha256,diffie-hellman-group-exchange-sha1,diffie-hellman-group14-sha1,diffie-hellman-group1-sha1
2015-06-15 13:36:33,464 [urora_esb/logs/] INFO  SftpOperations                 - JSCH -> kex: server: ssh-rsa,ssh-dss
2015-06-15 13:36:33,464 [urora_esb/logs/] INFO  SftpOperations                 - JSCH -> kex: server: aes128-ctr,aes192-ctr,aes256-ctr,arcfour256,arcfour128,aes128-cbc,3des-cbc,blowfish-cbc,cast128-cbc,aes192-cbc,aes256-cbc,arcfour,rijndael-cbc@lysator.liu.se
2015-06-15 13:36:33,464 [urora_esb/logs/] INFO  SftpOperations                 - JSCH -> kex: server: aes128-ctr,aes192-ctr,aes256-ctr,arcfour256,arcfour128,aes128-cbc,3des-cbc,blowfish-cbc,cast128-cbc,aes192-cbc,aes256-cbc,arcfour,rijndael-cbc@lysator.liu.se
2015-06-15 13:36:33,464 [urora_esb/logs/] INFO  SftpOperations                 - JSCH -> kex: server: hmac-md5,hmac-sha1,umac-64@openssh.com,hmac-sha2-256,hmac-sha2-512,hmac-ripemd160,hmac-ripemd160@openssh.com,hmac-sha1-96,hmac-md5-96
2015-06-15 13:36:33,464 [urora_esb/logs/] INFO  SftpOperations                 - JSCH -> kex: server: hmac-md5,hmac-sha1,umac-64@openssh.com,hmac-sha2-256,hmac-sha2-512,hmac-ripemd160,hmac-ripemd160@openssh.com,hmac-sha1-96,hmac-md5-96
2015-06-15 13:36:33,464 [urora_esb/logs/] INFO  SftpOperations                 - JSCH -> kex: server: none,zlib@openssh.com
2015-06-15 13:36:33,464 [urora_esb/logs/] INFO  SftpOperations                 - JSCH -> kex: server: none,zlib@openssh.com
2015-06-15 13:36:33,464 [urora_esb/logs/] INFO  SftpOperations                 - JSCH -> kex: server: 
2015-06-15 13:36:33,464 [urora_esb/logs/] INFO  SftpOperations                 - JSCH -> kex: server: 
2015-06-15 13:36:33,464 [urora_esb/logs/] INFO  SftpOperations                 - JSCH -> kex: client: diffie-hellman-group1-sha1,diffie-hellman-group14-sha1,diffie-hellman-group-exchange-sha1
2015-06-15 13:36:33,464 [urora_esb/logs/] INFO  SftpOperations                 - JSCH -> kex: client: ssh-rsa,ssh-dss
2015-06-15 13:36:33,464 [urora_esb/logs/] INFO  SftpOperations                 - JSCH -> kex: client: aes128-ctr,aes128-cbc,3des-ctr,3des-cbc,blowfish-cbc
2015-06-15 13:36:33,464 [urora_esb/logs/] INFO  SftpOperations                 - JSCH -> kex: client: aes128-ctr,aes128-cbc,3des-ctr,3des-cbc,blowfish-cbc
2015-06-15 13:36:33,464 [urora_esb/logs/] INFO  SftpOperations                 - JSCH -> kex: client: hmac-md5,hmac-sha1,hmac-sha2-256,hmac-sha1-96,hmac-md5-96
2015-06-15 13:36:33,464 [urora_esb/logs/] INFO  SftpOperations                 - JSCH -> kex: client: hmac-md5,hmac-sha1,hmac-sha2-256,hmac-sha1-96,hmac-md5-96
2015-06-15 13:36:33,464 [urora_esb/logs/] INFO  SftpOperations                 - JSCH -> kex: client: none
2015-06-15 13:36:33,464 [urora_esb/logs/] INFO  SftpOperations                 - JSCH -> kex: client: none
2015-06-15 13:36:33,464 [urora_esb/logs/] INFO  SftpOperations                 - JSCH -> kex: client: 
2015-06-15 13:36:33,464 [urora_esb/logs/] INFO  SftpOperations                 - JSCH -> kex: client: 
2015-06-15 13:36:33,465 [urora_esb/logs/] INFO  SftpOperations                 - JSCH -> kex: server->client aes128-ctr hmac-md5 none
2015-06-15 13:36:33,465 [urora_esb/logs/] INFO  SftpOperations                 - JSCH -> kex: client->server aes128-ctr hmac-md5 none
2015-06-15 13:36:33,472 [urora_esb/logs/] INFO  SftpOperations                 - JSCH -> SSH_MSG_KEXDH_INIT sent
2015-06-15 13:36:33,472 [urora_esb/logs/] INFO  SftpOperations                 - JSCH -> expecting SSH_MSG_KEXDH_REPLY
2015-06-15 13:36:33,489 [urora_esb/logs/] INFO  SftpOperations                 - JSCH -> ssh_rsa_verify: signature true
2015-06-15 13:36:33,495 [urora_esb/logs/] WARN  SftpOperations                 - JSCH -> Permanently added '192.168.1.11' (RSA) to the list of known hosts.
2015-06-15 13:36:33,496 [urora_esb/logs/] INFO  SftpOperations                 - JSCH -> SSH_MSG_NEWKEYS sent
2015-06-15 13:36:33,496 [urora_esb/logs/] INFO  SftpOperations                 - JSCH -> SSH_MSG_NEWKEYS received
2015-06-15 13:36:33,501 [urora_esb/logs/] INFO  SftpOperations                 - JSCH -> SSH_MSG_SERVICE_REQUEST sent
2015-06-15 13:36:33,503 [urora_esb/logs/] INFO  SftpOperations                 - JSCH -> SSH_MSG_SERVICE_ACCEPT received
2015-06-15 13:36:33,510 [urora_esb/logs/] INFO  SftpOperations                 - JSCH -> Authentications that can continue: gssapi-with-mic,publickey,keyboard-interactive,password
2015-06-15 13:36:33,510 [urora_esb/logs/] INFO  SftpOperations                 - JSCH -> Next authentication method: gssapi-with-mic
2015-06-15 13:36:33,529 [urora_esb/logs/] INFO  SftpOperations                 - JSCH -> Authentications that can continue: publickey,keyboard-interactive,password
2015-06-15 13:36:33,530 [urora_esb/logs/] INFO  SftpOperations                 - JSCH -> Next authentication method: publickey
2015-06-15 13:36:33,531 [urora_esb/logs/] INFO  SftpOperations                 - JSCH -> Authentications that can continue: password
2015-06-15 13:36:33,532 [urora_esb/logs/] INFO  SftpOperations                 - JSCH -> Next authentication method: password
2015-06-15 13:36:33,550 [urora_esb/logs/] INFO  SftpOperations                 - JSCH -> Authentication succeeded (password).
2015-06-15 13:36:33,591 [urora_esb/logs/] INFO  SftpOperations                 - Connected to sftp://root@192.168.1.11:22
2015-06-15 13:36:33,592 [urora_esb/logs/] INFO  SftpConsumer                   - Connected and logged in to: sftp://root@192.168.1.11:22
2015-06-15 13:37:35,943 [Thread-0       ] INFO  MainSupport$HangupInterceptor  - Received hang up - stopping the main instance.
2015-06-15 13:37:35,943 [Thread-0       ] INFO  MainSupport                    - Apache Camel 2.15.1 stopping
2015-06-15 13:37:35,943 [Thread-0       ] INFO  DefaultCamelContext            - Apache Camel 2.15.1 (CamelContext: camel-1) is shutting down
2015-06-15 13:37:35,944 [Thread-0       ] INFO  DefaultShutdownStrategy        - Starting to graceful shutdown 1 routes (timeout 10 seconds)
2015-06-15 13:37:35,949 [ - ShutdownTask] INFO  SftpOperations                 - JSCH -> Disconnecting from 192.168.1.11 port 22
2015-06-15 13:37:35,959 [ - ShutdownTask] INFO  DefaultShutdownStrategy        - Route: route1 shutdown complete, was consuming from: Endpoint[sftp://192.168.1.11:22//u01/CF_Leasing/aurora_esb/logs/?delay=10s&fileName=esb&idempotent=false&noop=true&password=xxxxxx&username=root]
2015-06-15 13:37:35,959 [68.1.11 session] INFO  SftpOperations                 - JSCH -> Caught an exception, leaving main loop due to Socket closed
2015-06-15 13:37:35,974 [Thread-0       ] INFO  DefaultShutdownStrategy        - Graceful shutdown of 1 routes completed in 0 seconds
2015-06-15 13:37:35,986 [Thread-0       ] INFO  DefaultCamelContext            - Apache Camel 2.15.1 (CamelContext: camel-1) uptime 1 minute
2015-06-15 13:37:35,986 [Thread-0       ] INFO  DefaultCamelContext            - Apache Camel 2.15.1 (CamelContext: camel-1) is shutdown in 0.043 seconds
2015-06-15 13:37:41,081 [main           ] INFO  MainSupport                    - Apache Camel 2.15.1 starting
2015-06-15 13:37:41,477 [main           ] INFO  DefaultCamelContext            - Apache Camel 2.15.1 (CamelContext: camel-1) is starting
2015-06-15 13:37:41,478 [main           ] INFO  ManagedManagementStrategy      - JMX is enabled
2015-06-15 13:37:41,861 [main           ] INFO  DefaultTypeConverter           - Loaded 193 type converters
2015-06-15 13:37:42,121 [main           ] INFO  DefaultCamelContext            - AllowUseOriginalMessage is enabled. If access to the original message is not needed, then its recommended to turn this option off as it may improve performance.
2015-06-15 13:37:42,121 [main           ] INFO  DefaultCamelContext            - StreamCaching is not in use. If using streams then its recommended to enable stream caching. See more details at http://camel.apache.org/stream-caching.html
2015-06-15 13:37:42,199 [main           ] INFO  DefaultCamelContext            - Route: route1 started and consuming from: Endpoint[sftp://192.168.1.11:22//u01/CF_Leasing/aurora_esb/logs/?delay=10s&fileName=esb&idempotent=false&noop=true&password=xxxxxx&username=root]
2015-06-15 13:37:42,199 [main           ] INFO  DefaultCamelContext            - Total 1 routes, of which 1 is started.
2015-06-15 13:37:42,204 [main           ] INFO  DefaultCamelContext            - Apache Camel 2.15.1 (CamelContext: camel-1) started in 0.723 seconds
2015-06-15 13:37:43,232 [urora_esb/logs/] INFO  SftpOperations                 - JSCH -> Connecting to 192.168.1.11 port 22
2015-06-15 13:37:43,243 [urora_esb/logs/] INFO  SftpOperations                 - JSCH -> Connection established
2015-06-15 13:37:43,255 [urora_esb/logs/] INFO  SftpOperations                 - JSCH -> Remote version string: SSH-2.0-OpenSSH_5.3
2015-06-15 13:37:43,255 [urora_esb/logs/] INFO  SftpOperations                 - JSCH -> Local version string: SSH-2.0-JSCH-0.1.51
2015-06-15 13:37:43,255 [urora_esb/logs/] INFO  SftpOperations                 - JSCH -> CheckCiphers: aes256-ctr,aes192-ctr,aes128-ctr,aes256-cbc,aes192-cbc,aes128-cbc,3des-ctr,arcfour,arcfour128,arcfour256
2015-06-15 13:37:43,520 [urora_esb/logs/] INFO  SftpOperations                 - JSCH -> aes256-cbc is not available.
2015-06-15 13:37:43,520 [urora_esb/logs/] INFO  SftpOperations                 - JSCH -> aes192-cbc is not available.
2015-06-15 13:37:43,520 [urora_esb/logs/] INFO  SftpOperations                 - JSCH -> CheckKexes: diffie-hellman-group14-sha1
2015-06-15 13:37:43,564 [urora_esb/logs/] INFO  SftpOperations                 - JSCH -> SSH_MSG_KEXINIT sent
2015-06-15 13:37:43,564 [urora_esb/logs/] INFO  SftpOperations                 - JSCH -> SSH_MSG_KEXINIT received
2015-06-15 13:37:43,564 [urora_esb/logs/] INFO  SftpOperations                 - JSCH -> kex: server: diffie-hellman-group-exchange-sha256,diffie-hellman-group-exchange-sha1,diffie-hellman-group14-sha1,diffie-hellman-group1-sha1
2015-06-15 13:37:43,564 [urora_esb/logs/] INFO  SftpOperations                 - JSCH -> kex: server: ssh-rsa,ssh-dss
2015-06-15 13:37:43,564 [urora_esb/logs/] INFO  SftpOperations                 - JSCH -> kex: server: aes128-ctr,aes192-ctr,aes256-ctr,arcfour256,arcfour128,aes128-cbc,3des-cbc,blowfish-cbc,cast128-cbc,aes192-cbc,aes256-cbc,arcfour,rijndael-cbc@lysator.liu.se
2015-06-15 13:37:43,564 [urora_esb/logs/] INFO  SftpOperations                 - JSCH -> kex: server: aes128-ctr,aes192-ctr,aes256-ctr,arcfour256,arcfour128,aes128-cbc,3des-cbc,blowfish-cbc,cast128-cbc,aes192-cbc,aes256-cbc,arcfour,rijndael-cbc@lysator.liu.se
2015-06-15 13:37:43,564 [urora_esb/logs/] INFO  SftpOperations                 - JSCH -> kex: server: hmac-md5,hmac-sha1,umac-64@openssh.com,hmac-sha2-256,hmac-sha2-512,hmac-ripemd160,hmac-ripemd160@openssh.com,hmac-sha1-96,hmac-md5-96
2015-06-15 13:37:43,565 [urora_esb/logs/] INFO  SftpOperations                 - JSCH -> kex: server: hmac-md5,hmac-sha1,umac-64@openssh.com,hmac-sha2-256,hmac-sha2-512,hmac-ripemd160,hmac-ripemd160@openssh.com,hmac-sha1-96,hmac-md5-96
2015-06-15 13:37:43,565 [urora_esb/logs/] INFO  SftpOperations                 - JSCH -> kex: server: none,zlib@openssh.com
2015-06-15 13:37:43,565 [urora_esb/logs/] INFO  SftpOperations                 - JSCH -> kex: server: none,zlib@openssh.com
2015-06-15 13:37:43,565 [urora_esb/logs/] INFO  SftpOperations                 - JSCH -> kex: server: 
2015-06-15 13:37:43,565 [urora_esb/logs/] INFO  SftpOperations                 - JSCH -> kex: server: 
2015-06-15 13:37:43,565 [urora_esb/logs/] INFO  SftpOperations                 - JSCH -> kex: client: diffie-hellman-group1-sha1,diffie-hellman-group14-sha1,diffie-hellman-group-exchange-sha1
2015-06-15 13:37:43,565 [urora_esb/logs/] INFO  SftpOperations                 - JSCH -> kex: client: ssh-rsa,ssh-dss
2015-06-15 13:37:43,565 [urora_esb/logs/] INFO  SftpOperations                 - JSCH -> kex: client: aes128-ctr,aes128-cbc,3des-ctr,3des-cbc,blowfish-cbc
2015-06-15 13:37:43,565 [urora_esb/logs/] INFO  SftpOperations                 - JSCH -> kex: client: aes128-ctr,aes128-cbc,3des-ctr,3des-cbc,blowfish-cbc
2015-06-15 13:37:43,565 [urora_esb/logs/] INFO  SftpOperations                 - JSCH -> kex: client: hmac-md5,hmac-sha1,hmac-sha2-256,hmac-sha1-96,hmac-md5-96
2015-06-15 13:37:43,565 [urora_esb/logs/] INFO  SftpOperations                 - JSCH -> kex: client: hmac-md5,hmac-sha1,hmac-sha2-256,hmac-sha1-96,hmac-md5-96
2015-06-15 13:37:43,565 [urora_esb/logs/] INFO  SftpOperations                 - JSCH -> kex: client: none
2015-06-15 13:37:43,565 [urora_esb/logs/] INFO  SftpOperations                 - JSCH -> kex: client: none
2015-06-15 13:37:43,565 [urora_esb/logs/] INFO  SftpOperations                 - JSCH -> kex: client: 
2015-06-15 13:37:43,565 [urora_esb/logs/] INFO  SftpOperations                 - JSCH -> kex: client: 
2015-06-15 13:37:43,565 [urora_esb/logs/] INFO  SftpOperations                 - JSCH -> kex: server->client aes128-ctr hmac-md5 none
2015-06-15 13:37:43,565 [urora_esb/logs/] INFO  SftpOperations                 - JSCH -> kex: client->server aes128-ctr hmac-md5 none
2015-06-15 13:37:43,573 [urora_esb/logs/] INFO  SftpOperations                 - JSCH -> SSH_MSG_KEXDH_INIT sent
2015-06-15 13:37:43,573 [urora_esb/logs/] INFO  SftpOperations                 - JSCH -> expecting SSH_MSG_KEXDH_REPLY
2015-06-15 13:37:43,608 [urora_esb/logs/] INFO  SftpOperations                 - JSCH -> ssh_rsa_verify: signature true
2015-06-15 13:37:43,614 [urora_esb/logs/] WARN  SftpOperations                 - JSCH -> Permanently added '192.168.1.11' (RSA) to the list of known hosts.
2015-06-15 13:37:43,614 [urora_esb/logs/] INFO  SftpOperations                 - JSCH -> SSH_MSG_NEWKEYS sent
2015-06-15 13:37:43,614 [urora_esb/logs/] INFO  SftpOperations                 - JSCH -> SSH_MSG_NEWKEYS received
2015-06-15 13:37:43,621 [urora_esb/logs/] INFO  SftpOperations                 - JSCH -> SSH_MSG_SERVICE_REQUEST sent
2015-06-15 13:37:43,623 [urora_esb/logs/] INFO  SftpOperations                 - JSCH -> SSH_MSG_SERVICE_ACCEPT received
2015-06-15 13:37:43,628 [urora_esb/logs/] INFO  SftpOperations                 - JSCH -> Authentications that can continue: gssapi-with-mic,publickey,keyboard-interactive,password
2015-06-15 13:37:43,628 [urora_esb/logs/] INFO  SftpOperations                 - JSCH -> Next authentication method: gssapi-with-mic
2015-06-15 13:37:43,633 [urora_esb/logs/] INFO  SftpOperations                 - JSCH -> Authentications that can continue: publickey,keyboard-interactive,password
2015-06-15 13:37:43,634 [urora_esb/logs/] INFO  SftpOperations                 - JSCH -> Next authentication method: publickey
2015-06-15 13:37:43,635 [urora_esb/logs/] INFO  SftpOperations                 - JSCH -> Authentications that can continue: password
2015-06-15 13:37:43,635 [urora_esb/logs/] INFO  SftpOperations                 - JSCH -> Next authentication method: password
2015-06-15 13:37:43,655 [urora_esb/logs/] INFO  SftpOperations                 - JSCH -> Authentication succeeded (password).
2015-06-15 13:37:43,701 [urora_esb/logs/] INFO  SftpOperations                 - Connected to sftp://root@192.168.1.11:22
2015-06-15 13:37:43,701 [urora_esb/logs/] INFO  SftpConsumer                   - Connected and logged in to: sftp://root@192.168.1.11:22
