2015-06-12 11:19:53,797 [main           ] INFO  DefaultCamelContext            - Apache Camel 2.15.1 (CamelContext: camel-1) is starting
2015-06-12 11:19:53,802 [main           ] INFO  ManagedManagementStrategy      - JMX is enabled
2015-06-12 11:19:54,790 [main           ] INFO  DefaultTypeConverter           - Loaded 193 type converters
2015-06-12 11:19:55,358 [main           ] INFO  DefaultCamelContext            - AllowUseOriginalMessage is enabled. If access to the original message is not needed, then its recommended to turn this option off as it may improve performance.
2015-06-12 11:19:55,358 [main           ] INFO  DefaultCamelContext            - StreamCaching is not in use. If using streams then its recommended to enable stream caching. See more details at http://camel.apache.org/stream-caching.html
2015-06-12 11:19:55,554 [main           ] INFO  DefaultCamelContext            - Route: route1 started and consuming from: Endpoint[stream://in?promptMessage=Aurora+%3A+]
2015-06-12 11:19:55,555 [main           ] INFO  DefaultCamelContext            - Total 1 routes, of which 1 is started.
2015-06-12 11:19:55,562 [main           ] INFO  DefaultCamelContext            - Apache Camel 2.15.1 (CamelContext: camel-1) started in 1.764 seconds
2015-06-12 11:19:55,706 [main           ] INFO  MLog                           - MLog clients using log4j logging.
2015-06-12 11:19:55,998 [main           ] INFO  C3P0Registry                   - Initializing c3p0-0.9.1.2 [built 21-May-2007 15:04:56; debug? true; trace: 10]
2015-06-12 11:20:05,241 [0 - stream://in] INFO  AuroraEsbServer                - [Gen File] Gen File Task Configed
2015-06-12 11:20:05,252 [0 - stream://in] INFO  AuroraEsbServer                - [Gen File] Service NameAUTOFI_APPROVAL_CONTRACT
2015-06-12 11:20:05,255 [0 - stream://in] INFO  AuroraEsbServer                - [Gen File] TIMER  timer://foo?period=300000
2015-06-12 11:20:05,255 [0 - stream://in] INFO  AuroraEsbServer                - [Gen File] SAVE URL file:/Users/shiliyan/Desktop/esb/uploading
2015-06-12 11:20:05,257 [0 - stream://in] INFO  AuroraEsbServer                - [Gen File] Gen File Task Configed
2015-06-12 11:20:05,257 [0 - stream://in] INFO  AuroraEsbServer                - [Gen File] Service NameAUTOFI_SEND_BILL
2015-06-12 11:20:05,257 [0 - stream://in] INFO  AuroraEsbServer                - [Gen File] TIMER  timer://foo?period=300000
2015-06-12 11:20:05,257 [0 - stream://in] INFO  AuroraEsbServer                - [Gen File] SAVE URL file:/Users/shiliyan/Desktop/esb/uploading
2015-06-12 11:20:05,692 [0 - stream://in] INFO  DefaultCamelContext            - Route: route2 started and consuming from: Endpoint[timer://foo?period=300000]
2015-06-12 11:20:05,802 [0 - stream://in] INFO  DefaultCamelContext            - Route: route3 started and consuming from: Endpoint[timer://foo?period=300000]
2015-06-12 11:20:08,246 [1 - timer://foo] INFO  AbstractPoolBackedDataSource   - Initializing c3p0 pool... com.mchange.v2.c3p0.PoolBackedDataSource@ff032bfb [ connectionPoolDataSource -> com.mchange.v2.c3p0.WrapperConnectionPoolDataSource@58006403 [ acquireIncrement -> 3, acquireRetryAttempts -> 30, acquireRetryDelay -> 1000, autoCommitOnClose -> false, automaticTestTable -> null, breakAfterAcquireFailure -> false, checkoutTimeout -> 3000, connectionCustomizerClassName -> null, connectionTesterClassName -> com.mchange.v2.c3p0.impl.DefaultConnectionTester, debugUnreturnedConnectionStackTraces -> false, factoryClassLocation -> null, forceIgnoreUnresolvedTransactions -> false, identityToken -> 1hge18i991rr7vkvxy88go|6e5bfdfc, idleConnectionTestPeriod -> 60, initialPoolSize -> 3, maxAdministrativeTaskTime -> 0, maxConnectionAge -> 0, maxIdleTime -> 120, maxIdleTimeExcessConnections -> 0, maxPoolSize -> 20, maxStatements -> 0, maxStatementsPerConnection -> 0, minPoolSize -> 1, nestedDataSource -> com.mchange.v2.c3p0.DriverManagerDataSource@973f5370 [ description -> null, driverClass -> oracle.jdbc.driver.OracleDriver, factoryClassLocation -> null, identityToken -> 1hge18i991rr7vkvxy88go|33d05366, jdbcUrl -> jdbc:oracle:thin:@192.168.1.11:1521:hls, properties -> {user=******, password=******} ], preferredTestQuery -> select 1 from dual, propertyCycle -> 0, testConnectionOnCheckin -> true, testConnectionOnCheckout -> false, unreturnedConnectionTimeout -> 0, usesTraditionalReflectiveProxies -> false; userOverrides: {} ], dataSourceName -> null, factoryClassLocation -> null, identityToken -> 1hge18i991rr7vkvxy88go|2e27d72f, numHelperThreads -> 3 ]
2015-06-12 11:20:11,686 [1 - timer://foo] INFO  AuroraEsbServer                - [Gen File] [AUTOFI_APPROVAL_CONTRACT] Genfile Loaded From DB.
2015-06-12 11:21:22,703 [1 - timer://foo] INFO  AuroraEsbServer                - [Gen File] [AUTOFI_APPROVAL_CONTRACT] GenFile No Data Found From DB.
2015-06-12 11:21:22,948 [1 - timer://foo] INFO  AuroraEsbServer                - [Gen File] [AUTOFI_SEND_BILL] Genfile Loaded From DB.
2015-06-12 11:21:24,242 [1 - timer://foo] INFO  AuroraEsbServer                - [Gen File] File CFCAR_AUTOFI_SEND_BILL_20150612_119.txt Generated. 
2015-06-12 11:21:40,723 [main           ] INFO  DefaultCamelContext            - Apache Camel 2.15.1 (CamelContext: camel-1) is starting
2015-06-12 11:21:40,725 [main           ] INFO  ManagedManagementStrategy      - JMX is enabled
2015-06-12 11:21:41,102 [main           ] INFO  DefaultTypeConverter           - Loaded 193 type converters
2015-06-12 11:21:41,365 [main           ] INFO  DefaultCamelContext            - AllowUseOriginalMessage is enabled. If access to the original message is not needed, then its recommended to turn this option off as it may improve performance.
2015-06-12 11:21:41,365 [main           ] INFO  DefaultCamelContext            - StreamCaching is not in use. If using streams then its recommended to enable stream caching. See more details at http://camel.apache.org/stream-caching.html
2015-06-12 11:21:41,433 [main           ] INFO  DefaultCamelContext            - Route: route1 started and consuming from: Endpoint[stream://in?promptMessage=Aurora+%3A+]
2015-06-12 11:21:41,446 [main           ] INFO  DefaultCamelContext            - Total 1 routes, of which 1 is started.
2015-06-12 11:21:41,456 [main           ] INFO  DefaultCamelContext            - Apache Camel 2.15.1 (CamelContext: camel-1) started in 0.726 seconds
2015-06-12 11:21:41,537 [main           ] INFO  MLog                           - MLog clients using log4j logging.
2015-06-12 11:21:41,643 [main           ] INFO  C3P0Registry                   - Initializing c3p0-0.9.1.2 [built 21-May-2007 15:04:56; debug? true; trace: 10]
2015-06-12 11:21:52,576 [0 - stream://in] INFO  AuroraEsbServer                - [Gen File] Gen File Task Configed
2015-06-12 11:21:52,582 [0 - stream://in] INFO  AuroraEsbServer                - [Gen File] Service NameAUTOFI_APPROVAL_CONTRACT
2015-06-12 11:21:52,582 [0 - stream://in] INFO  AuroraEsbServer                - [Gen File] TIMER  timer://foo?period=300000
2015-06-12 11:21:52,582 [0 - stream://in] INFO  AuroraEsbServer                - [Gen File] SAVE URL file:/Users/shiliyan/Desktop/esb/uploading
2015-06-12 11:21:52,583 [0 - stream://in] INFO  AuroraEsbServer                - [Gen File] Gen File Task Configed
2015-06-12 11:21:52,583 [0 - stream://in] INFO  AuroraEsbServer                - [Gen File] Service NameAUTOFI_SEND_BILL
2015-06-12 11:21:52,583 [0 - stream://in] INFO  AuroraEsbServer                - [Gen File] TIMER  timer://foo?period=300000
2015-06-12 11:21:52,584 [0 - stream://in] INFO  AuroraEsbServer                - [Gen File] SAVE URL file:/Users/shiliyan/Desktop/esb/uploading
2015-06-12 11:21:52,753 [0 - stream://in] INFO  DefaultCamelContext            - Route: route2 started and consuming from: Endpoint[timer://foo?period=300000]
2015-06-12 11:21:52,773 [0 - stream://in] INFO  DefaultCamelContext            - Route: route3 started and consuming from: Endpoint[timer://foo?period=300000]
2015-06-12 11:21:54,306 [1 - timer://foo] INFO  AbstractPoolBackedDataSource   - Initializing c3p0 pool... com.mchange.v2.c3p0.PoolBackedDataSource@ebe9923a [ connectionPoolDataSource -> com.mchange.v2.c3p0.WrapperConnectionPoolDataSource@44e6ca42 [ acquireIncrement -> 3, acquireRetryAttempts -> 30, acquireRetryDelay -> 1000, autoCommitOnClose -> false, automaticTestTable -> null, breakAfterAcquireFailure -> false, checkoutTimeout -> 3000, connectionCustomizerClassName -> null, connectionTesterClassName -> com.mchange.v2.c3p0.impl.DefaultConnectionTester, debugUnreturnedConnectionStackTraces -> false, factoryClassLocation -> null, forceIgnoreUnresolvedTransactions -> false, identityToken -> 1hge18i991rra56z1dwf1t7|6e5bfdfc, idleConnectionTestPeriod -> 60, initialPoolSize -> 3, maxAdministrativeTaskTime -> 0, maxConnectionAge -> 0, maxIdleTime -> 120, maxIdleTimeExcessConnections -> 0, maxPoolSize -> 20, maxStatements -> 0, maxStatementsPerConnection -> 0, minPoolSize -> 1, nestedDataSource -> com.mchange.v2.c3p0.DriverManagerDataSource@8425b9af [ description -> null, driverClass -> oracle.jdbc.driver.OracleDriver, factoryClassLocation -> null, identityToken -> 1hge18i991rra56z1dwf1t7|33d05366, jdbcUrl -> jdbc:oracle:thin:@192.168.1.11:1521:hls, properties -> {user=******, password=******} ], preferredTestQuery -> select 1 from dual, propertyCycle -> 0, testConnectionOnCheckin -> true, testConnectionOnCheckout -> false, unreturnedConnectionTimeout -> 0, usesTraditionalReflectiveProxies -> false; userOverrides: {} ], dataSourceName -> null, factoryClassLocation -> null, identityToken -> 1hge18i991rra56z1dwf1t7|2e27d72f, numHelperThreads -> 3 ]
2015-06-12 11:21:55,675 [1 - timer://foo] INFO  AuroraEsbServer                - [Gen File] [AUTOFI_APPROVAL_CONTRACT] Genfile Loaded From DB.
2015-06-12 14:32:08,879 [main           ] INFO  DefaultCamelContext            - Apache Camel 2.15.1 (CamelContext: camel-1) is starting
2015-06-12 14:32:08,882 [main           ] INFO  ManagedManagementStrategy      - JMX is enabled
2015-06-12 14:32:09,425 [main           ] INFO  DefaultTypeConverter           - Loaded 193 type converters
2015-06-12 14:32:09,728 [main           ] INFO  DefaultCamelContext            - AllowUseOriginalMessage is enabled. If access to the original message is not needed, then its recommended to turn this option off as it may improve performance.
2015-06-12 14:32:09,728 [main           ] INFO  DefaultCamelContext            - StreamCaching is not in use. If using streams then its recommended to enable stream caching. See more details at http://camel.apache.org/stream-caching.html
2015-06-12 14:32:09,795 [main           ] INFO  DefaultCamelContext            - Route: route1 started and consuming from: Endpoint[stream://in?promptMessage=Aurora+%3A+]
2015-06-12 14:32:09,800 [main           ] INFO  DefaultCamelContext            - Total 1 routes, of which 1 is started.
2015-06-12 14:32:09,806 [main           ] INFO  DefaultCamelContext            - Apache Camel 2.15.1 (CamelContext: camel-1) started in 0.925 seconds
2015-06-12 14:32:09,881 [main           ] INFO  MLog                           - MLog clients using log4j logging.
2015-06-12 14:32:10,017 [main           ] INFO  C3P0Registry                   - Initializing c3p0-0.9.1.2 [built 21-May-2007 15:04:56; debug? true; trace: 10]
2015-06-12 14:32:30,430 [0 - stream://in] INFO  AuroraEsbServer                - [Gen File] Gen File Task Configed
2015-06-12 14:32:30,440 [0 - stream://in] INFO  AuroraEsbServer                - [Gen File] Service NameAUTOFI_APPROVAL_CONTRACT
2015-06-12 14:32:30,440 [0 - stream://in] INFO  AuroraEsbServer                - [Gen File] TIMER  timer://foo?period=300000
2015-06-12 14:32:30,440 [0 - stream://in] INFO  AuroraEsbServer                - [Gen File] SAVE URL file:/Users/shiliyan/Desktop/esb/uploading
2015-06-12 14:32:30,443 [0 - stream://in] INFO  AuroraEsbServer                - [Gen File] Gen File Task Configed
2015-06-12 14:32:30,443 [0 - stream://in] INFO  AuroraEsbServer                - [Gen File] Service NameAUTOFI_SEND_BILL
2015-06-12 14:32:30,443 [0 - stream://in] INFO  AuroraEsbServer                - [Gen File] TIMER  timer://foo?period=300000
2015-06-12 14:32:30,443 [0 - stream://in] INFO  AuroraEsbServer                - [Gen File] SAVE URL file:/Users/shiliyan/Desktop/esb/uploading
2015-06-12 14:32:30,789 [0 - stream://in] INFO  DefaultCamelContext            - Route: route2 started and consuming from: Endpoint[timer://foo?period=300000]
2015-06-12 14:32:30,833 [0 - stream://in] INFO  DefaultCamelContext            - Route: route3 started and consuming from: Endpoint[timer://foo?period=300000]
2015-06-12 14:32:33,086 [1 - timer://foo] INFO  AbstractPoolBackedDataSource   - Initializing c3p0 pool... com.mchange.v2.c3p0.PoolBackedDataSource@47f922d4 [ connectionPoolDataSource -> com.mchange.v2.c3p0.WrapperConnectionPoolDataSource@a0f65adc [ acquireIncrement -> 3, acquireRetryAttempts -> 30, acquireRetryDelay -> 1000, autoCommitOnClose -> false, automaticTestTable -> null, breakAfterAcquireFailure -> false, checkoutTimeout -> 3000, connectionCustomizerClassName -> null, connectionTesterClassName -> com.mchange.v2.c3p0.impl.DefaultConnectionTester, debugUnreturnedConnectionStackTraces -> false, factoryClassLocation -> null, forceIgnoreUnresolvedTransactions -> false, identityToken -> 1hge18i991ry33dg1j2y2ht|6e5bfdfc, idleConnectionTestPeriod -> 60, initialPoolSize -> 3, maxAdministrativeTaskTime -> 0, maxConnectionAge -> 0, maxIdleTime -> 120, maxIdleTimeExcessConnections -> 0, maxPoolSize -> 20, maxStatements -> 0, maxStatementsPerConnection -> 0, minPoolSize -> 1, nestedDataSource -> com.mchange.v2.c3p0.DriverManagerDataSource@e0354a49 [ description -> null, driverClass -> oracle.jdbc.driver.OracleDriver, factoryClassLocation -> null, identityToken -> 1hge18i991ry33dg1j2y2ht|33d05366, jdbcUrl -> jdbc:oracle:thin:@192.168.1.11:1521:hls, properties -> {user=******, password=******} ], preferredTestQuery -> select 1 from dual, propertyCycle -> 0, testConnectionOnCheckin -> true, testConnectionOnCheckout -> false, unreturnedConnectionTimeout -> 0, usesTraditionalReflectiveProxies -> false; userOverrides: {} ], dataSourceName -> null, factoryClassLocation -> null, identityToken -> 1hge18i991ry33dg1j2y2ht|2e27d72f, numHelperThreads -> 3 ]
2015-06-12 14:32:35,891 [1 - timer://foo] INFO  AuroraEsbServer                - [Gen File] [AUTOFI_APPROVAL_CONTRACT] Genfile Loaded From DB.
2015-06-12 14:32:35,895 [1 - timer://foo] INFO  AuroraEsbServer                - [Gen File] [AUTOFI_APPROVAL_CONTRACT] GenFile No Data Found From DB.
2015-06-12 14:32:36,304 [1 - timer://foo] INFO  AuroraEsbServer                - [Gen File] [AUTOFI_SEND_BILL] Genfile Loaded From DB.
2015-06-12 14:32:36,305 [1 - timer://foo] INFO  AuroraEsbServer                - [Gen File] File CFCAR_AUTOFI_SEND_BILL_20150612_123.txt Generated. 
2015-06-12 14:38:37,797 [1 - timer://foo] INFO  AuroraEsbServer                - [Gen File] [AUTOFI_APPROVAL_CONTRACT] Genfile Loaded From DB.
2015-06-12 14:39:00,342 [1 - timer://foo] INFO  AuroraEsbServer                - [Gen File] [AUTOFI_APPROVAL_CONTRACT] GenFile No Data Found From DB.
2015-06-12 14:39:27,945 [1 - timer://foo] INFO  AuroraEsbServer                - [Gen File] [AUTOFI_SEND_BILL] Genfile Loaded From DB.
2015-06-12 14:40:10,321 [1 - timer://foo] INFO  AuroraEsbServer                - [Gen File] File CFCAR_AUTOFI_SEND_BILL_20150612_124.txt Generated. 
