2015-07-06 15:44:22,389 [main           ] INFO  DefaultCamelContext            - Apache Camel 2.15.1 (CamelContext: camel-1) is starting
2015-07-06 15:44:22,394 [main           ] INFO  ManagedManagementStrategy      - JMX is enabled
2015-07-06 15:44:22,769 [main           ] INFO  DefaultTypeConverter           - Loaded 193 type converters
2015-07-06 15:44:23,040 [main           ] INFO  DefaultCamelContext            - AllowUseOriginalMessage is enabled. If access to the original message is not needed, then its recommended to turn this option off as it may improve performance.
2015-07-06 15:44:23,040 [main           ] INFO  DefaultCamelContext            - StreamCaching is not in use. If using streams then its recommended to enable stream caching. See more details at http://camel.apache.org/stream-caching.html
2015-07-06 15:44:23,111 [main           ] INFO  DefaultCamelContext            - Route: route1 started and consuming from: Endpoint[stream://in?promptMessage=Aurora+%3A+]
2015-07-06 15:44:23,111 [main           ] INFO  DefaultCamelContext            - Total 1 routes, of which 1 is started.
2015-07-06 15:44:23,116 [main           ] INFO  DefaultCamelContext            - Apache Camel 2.15.1 (CamelContext: camel-1) started in 0.726 seconds
2015-07-06 15:44:23,180 [main           ] INFO  MLog                           - MLog clients using log4j logging.
2015-07-06 15:44:23,299 [main           ] INFO  C3P0Registry                   - Initializing c3p0-0.9.1.2 [built 21-May-2007 15:04:56; debug? true; trace: 10]
2015-07-06 15:45:50,207 [main           ] INFO  DefaultCamelContext            - Apache Camel 2.15.1 (CamelContext: camel-1) is starting
2015-07-06 15:45:50,210 [main           ] INFO  ManagedManagementStrategy      - JMX is enabled
2015-07-06 15:45:50,565 [main           ] INFO  DefaultTypeConverter           - Loaded 193 type converters
2015-07-06 15:45:50,829 [main           ] INFO  DefaultCamelContext            - AllowUseOriginalMessage is enabled. If access to the original message is not needed, then its recommended to turn this option off as it may improve performance.
2015-07-06 15:45:50,829 [main           ] INFO  DefaultCamelContext            - StreamCaching is not in use. If using streams then its recommended to enable stream caching. See more details at http://camel.apache.org/stream-caching.html
2015-07-06 15:45:50,886 [main           ] INFO  DefaultCamelContext            - Route: route1 started and consuming from: Endpoint[stream://in?promptMessage=Aurora+%3A+]
2015-07-06 15:45:50,887 [main           ] INFO  DefaultCamelContext            - Total 1 routes, of which 1 is started.
2015-07-06 15:45:50,891 [main           ] INFO  DefaultCamelContext            - Apache Camel 2.15.1 (CamelContext: camel-1) started in 0.683 seconds
2015-07-06 15:45:51,046 [main           ] INFO  MLog                           - MLog clients using log4j logging.
2015-07-06 15:45:51,158 [main           ] INFO  C3P0Registry                   - Initializing c3p0-0.9.1.2 [built 21-May-2007 15:04:56; debug? true; trace: 10]
2015-07-06 15:45:57,032 [0 - stream://in] INFO  DefaultCamelContext            - Route: route2 started and consuming from: Endpoint[direct://a]
2015-07-06 15:46:00,862 [0 - stream://in] INFO  DefaultCamelContext            - Route: route3 started and consuming from: Endpoint[direct://b]
2015-07-06 15:46:05,897 [0 - stream://in] INFO  DefaultCamelContext            - Route: route4 started and consuming from: Endpoint[timer://foo?period=30000]
2015-07-06 15:46:05,925 [0 - stream://in] INFO  DefaultCamelContext            - Route: route5 started and consuming from: Endpoint[direct://db]
2015-07-06 15:46:05,935 [0 - stream://in] INFO  DefaultCamelContext            - Route: route6 started and consuming from: Endpoint[direct://consumer]
2015-07-06 15:46:09,153 [1 - timer://foo] INFO  AbstractPoolBackedDataSource   - Initializing c3p0 pool... com.mchange.v2.c3p0.PoolBackedDataSource@dc892632 [ connectionPoolDataSource -> com.mchange.v2.c3p0.WrapperConnectionPoolDataSource@122fa2a6 [ acquireIncrement -> 3, acquireRetryAttempts -> 30, acquireRetryDelay -> 1000, autoCommitOnClose -> false, automaticTestTable -> null, breakAfterAcquireFailure -> false, checkoutTimeout -> 30000, connectionCustomizerClassName -> null, connectionTesterClassName -> com.mchange.v2.c3p0.impl.DefaultConnectionTester, debugUnreturnedConnectionStackTraces -> false, factoryClassLocation -> null, forceIgnoreUnresolvedTransactions -> false, identityToken -> 3051ew9ara68s71vj9uuh|71652c98, idleConnectionTestPeriod -> 120, initialPoolSize -> 3, maxAdministrativeTaskTime -> 0, maxConnectionAge -> 0, maxIdleTime -> 180, maxIdleTimeExcessConnections -> 0, maxPoolSize -> 15, maxStatements -> 0, maxStatementsPerConnection -> 0, minPoolSize -> 3, nestedDataSource -> com.mchange.v2.c3p0.DriverManagerDataSource@4a5edd5 [ description -> null, driverClass -> oracle.jdbc.driver.OracleDriver, factoryClassLocation -> null, identityToken -> 3051ew9ara68s71vj9uuh|7692cd34, jdbcUrl -> jdbc:oracle:thin:@192.168.11.65:1521:masdev, properties -> {user=******, password=******} ], preferredTestQuery -> select 1 from dual, propertyCycle -> 0, testConnectionOnCheckin -> true, testConnectionOnCheckout -> false, unreturnedConnectionTimeout -> 0, usesTraditionalReflectiveProxies -> false; userOverrides: {} ], dataSourceName -> null, factoryClassLocation -> null, identityToken -> 3051ew9ara68s71vj9uuh|4837595f, numHelperThreads -> 3 ]
2015-07-06 15:49:44,815 [main           ] INFO  DefaultCamelContext            - Apache Camel 2.15.1 (CamelContext: camel-1) is starting
2015-07-06 15:49:44,818 [main           ] INFO  ManagedManagementStrategy      - JMX is enabled
2015-07-06 15:49:45,179 [main           ] INFO  DefaultTypeConverter           - Loaded 193 type converters
2015-07-06 15:49:45,437 [main           ] INFO  DefaultCamelContext            - AllowUseOriginalMessage is enabled. If access to the original message is not needed, then its recommended to turn this option off as it may improve performance.
2015-07-06 15:49:45,437 [main           ] INFO  DefaultCamelContext            - StreamCaching is not in use. If using streams then its recommended to enable stream caching. See more details at http://camel.apache.org/stream-caching.html
2015-07-06 15:49:45,520 [main           ] INFO  DefaultCamelContext            - Route: route1 started and consuming from: Endpoint[stream://in?promptMessage=Aurora+%3A+]
2015-07-06 15:49:45,540 [main           ] INFO  DefaultCamelContext            - Total 1 routes, of which 1 is started.
2015-07-06 15:49:45,548 [main           ] INFO  DefaultCamelContext            - Apache Camel 2.15.1 (CamelContext: camel-1) started in 0.728 seconds
2015-07-06 15:49:45,616 [main           ] INFO  MLog                           - MLog clients using log4j logging.
2015-07-06 15:49:45,720 [main           ] INFO  C3P0Registry                   - Initializing c3p0-0.9.1.2 [built 21-May-2007 15:04:56; debug? true; trace: 10]
2015-07-06 15:49:54,200 [0 - stream://in] INFO  DefaultCamelContext            - Route: route2 started and consuming from: Endpoint[direct://a]
2015-07-06 15:49:56,487 [0 - stream://in] INFO  DefaultCamelContext            - Route: route3 started and consuming from: Endpoint[direct://b]
2015-07-06 15:50:00,062 [0 - stream://in] INFO  DefaultCamelContext            - Route: route4 started and consuming from: Endpoint[timer://foo?period=30000]
2015-07-06 15:50:00,086 [0 - stream://in] INFO  DefaultCamelContext            - Route: route5 started and consuming from: Endpoint[direct://db]
2015-07-06 15:50:00,094 [0 - stream://in] INFO  DefaultCamelContext            - Route: route6 started and consuming from: Endpoint[direct://consumer]
2015-07-06 15:50:01,732 [1 - timer://foo] INFO  AbstractPoolBackedDataSource   - Initializing c3p0 pool... com.mchange.v2.c3p0.PoolBackedDataSource@3ce8e4d0 [ connectionPoolDataSource -> com.mchange.v2.c3p0.WrapperConnectionPoolDataSource@728f6144 [ acquireIncrement -> 3, acquireRetryAttempts -> 30, acquireRetryDelay -> 1000, autoCommitOnClose -> false, automaticTestTable -> null, breakAfterAcquireFailure -> false, checkoutTimeout -> 30000, connectionCustomizerClassName -> null, connectionTesterClassName -> com.mchange.v2.c3p0.impl.DefaultConnectionTester, debugUnreturnedConnectionStackTraces -> false, factoryClassLocation -> null, forceIgnoreUnresolvedTransactions -> false, identityToken -> 3051ew9arab9rts1vcgk|71652c98, idleConnectionTestPeriod -> 120, initialPoolSize -> 3, maxAdministrativeTaskTime -> 0, maxConnectionAge -> 0, maxIdleTime -> 180, maxIdleTimeExcessConnections -> 0, maxPoolSize -> 15, maxStatements -> 0, maxStatementsPerConnection -> 0, minPoolSize -> 3, nestedDataSource -> com.mchange.v2.c3p0.DriverManagerDataSource@6505ac73 [ description -> null, driverClass -> oracle.jdbc.driver.OracleDriver, factoryClassLocation -> null, identityToken -> 3051ew9arab9rts1vcgk|7692cd34, jdbcUrl -> jdbc:oracle:thin:@192.168.11.65:1521:masdev, properties -> {user=******, password=******} ], preferredTestQuery -> select 1 from dual, propertyCycle -> 0, testConnectionOnCheckin -> true, testConnectionOnCheckout -> false, unreturnedConnectionTimeout -> 0, usesTraditionalReflectiveProxies -> false; userOverrides: {} ], dataSourceName -> null, factoryClassLocation -> null, identityToken -> 3051ew9arab9rts1vcgk|4837595f, numHelperThreads -> 3 ]
2015-07-06 15:53:03,630 [main           ] INFO  DefaultCamelContext            - Apache Camel 2.15.1 (CamelContext: camel-1) is starting
2015-07-06 15:53:03,638 [main           ] INFO  ManagedManagementStrategy      - JMX is enabled
2015-07-06 15:53:04,040 [main           ] INFO  DefaultTypeConverter           - Loaded 193 type converters
2015-07-06 15:53:04,417 [main           ] INFO  DefaultCamelContext            - AllowUseOriginalMessage is enabled. If access to the original message is not needed, then its recommended to turn this option off as it may improve performance.
2015-07-06 15:53:04,417 [main           ] INFO  DefaultCamelContext            - StreamCaching is not in use. If using streams then its recommended to enable stream caching. See more details at http://camel.apache.org/stream-caching.html
2015-07-06 15:53:04,485 [main           ] INFO  DefaultCamelContext            - Route: route1 started and consuming from: Endpoint[stream://in?promptMessage=Aurora+%3A+]
2015-07-06 15:53:04,485 [main           ] INFO  DefaultCamelContext            - Total 1 routes, of which 1 is started.
2015-07-06 15:53:04,491 [main           ] INFO  DefaultCamelContext            - Apache Camel 2.15.1 (CamelContext: camel-1) started in 0.859 seconds
2015-07-06 15:53:04,565 [main           ] INFO  MLog                           - MLog clients using log4j logging.
2015-07-06 15:53:04,685 [main           ] INFO  C3P0Registry                   - Initializing c3p0-0.9.1.2 [built 21-May-2007 15:04:56; debug? true; trace: 10]
2015-07-06 15:53:13,915 [0 - stream://in] INFO  DefaultCamelContext            - Route: route2 started and consuming from: Endpoint[direct://a]
2015-07-06 15:53:15,719 [0 - stream://in] INFO  DefaultCamelContext            - Route: route3 started and consuming from: Endpoint[direct://b]
2015-07-06 15:53:19,129 [0 - stream://in] INFO  DefaultCamelContext            - Route: route4 started and consuming from: Endpoint[timer://foo?period=30000]
2015-07-06 15:53:19,147 [0 - stream://in] INFO  DefaultCamelContext            - Route: route5 started and consuming from: Endpoint[direct://db]
2015-07-06 15:53:19,165 [0 - stream://in] INFO  DefaultCamelContext            - Route: route6 started and consuming from: Endpoint[direct://consumer]
2015-07-06 15:53:20,963 [1 - timer://foo] INFO  AbstractPoolBackedDataSource   - Initializing c3p0 pool... com.mchange.v2.c3p0.PoolBackedDataSource@83978de [ connectionPoolDataSource -> com.mchange.v2.c3p0.WrapperConnectionPoolDataSource@3ddff552 [ acquireIncrement -> 3, acquireRetryAttempts -> 30, acquireRetryDelay -> 1000, autoCommitOnClose -> false, automaticTestTable -> null, breakAfterAcquireFailure -> false, checkoutTimeout -> 30000, connectionCustomizerClassName -> null, connectionTesterClassName -> com.mchange.v2.c3p0.impl.DefaultConnectionTester, debugUnreturnedConnectionStackTraces -> false, factoryClassLocation -> null, forceIgnoreUnresolvedTransactions -> false, identityToken -> 3051ew9arafjai1yavfs|71652c98, idleConnectionTestPeriod -> 120, initialPoolSize -> 3, maxAdministrativeTaskTime -> 0, maxConnectionAge -> 0, maxIdleTime -> 180, maxIdleTimeExcessConnections -> 0, maxPoolSize -> 15, maxStatements -> 0, maxStatementsPerConnection -> 0, minPoolSize -> 3, nestedDataSource -> com.mchange.v2.c3p0.DriverManagerDataSource@30564081 [ description -> null, driverClass -> oracle.jdbc.driver.OracleDriver, factoryClassLocation -> null, identityToken -> 3051ew9arafjai1yavfs|7692cd34, jdbcUrl -> jdbc:oracle:thin:@192.168.11.65:1521:masdev, properties -> {user=******, password=******} ], preferredTestQuery -> select 1 from dual, propertyCycle -> 0, testConnectionOnCheckin -> true, testConnectionOnCheckout -> false, unreturnedConnectionTimeout -> 0, usesTraditionalReflectiveProxies -> false; userOverrides: {} ], dataSourceName -> null, factoryClassLocation -> null, identityToken -> 3051ew9arafjai1yavfs|4837595f, numHelperThreads -> 3 ]
2015-07-06 15:55:04,152 [main           ] INFO  DefaultCamelContext            - Apache Camel 2.15.1 (CamelContext: camel-1) is starting
2015-07-06 15:55:04,154 [main           ] INFO  ManagedManagementStrategy      - JMX is enabled
2015-07-06 15:55:04,481 [main           ] INFO  DefaultTypeConverter           - Loaded 193 type converters
2015-07-06 15:55:04,742 [main           ] INFO  DefaultCamelContext            - AllowUseOriginalMessage is enabled. If access to the original message is not needed, then its recommended to turn this option off as it may improve performance.
2015-07-06 15:55:04,742 [main           ] INFO  DefaultCamelContext            - StreamCaching is not in use. If using streams then its recommended to enable stream caching. See more details at http://camel.apache.org/stream-caching.html
2015-07-06 15:55:04,822 [main           ] INFO  DefaultCamelContext            - Route: route1 started and consuming from: Endpoint[stream://in?promptMessage=Aurora+%3A+]
2015-07-06 15:55:04,823 [main           ] INFO  DefaultCamelContext            - Total 1 routes, of which 1 is started.
2015-07-06 15:55:04,830 [main           ] INFO  DefaultCamelContext            - Apache Camel 2.15.1 (CamelContext: camel-1) started in 0.674 seconds
2015-07-06 15:55:04,917 [main           ] INFO  MLog                           - MLog clients using log4j logging.
2015-07-06 15:55:05,034 [main           ] INFO  C3P0Registry                   - Initializing c3p0-0.9.1.2 [built 21-May-2007 15:04:56; debug? true; trace: 10]
2015-07-06 15:55:13,872 [0 - stream://in] INFO  DefaultCamelContext            - Route: route2 started and consuming from: Endpoint[direct://a]
2015-07-06 15:55:15,694 [0 - stream://in] INFO  DefaultCamelContext            - Route: route3 started and consuming from: Endpoint[direct://b]
2015-07-06 15:55:20,232 [0 - stream://in] INFO  DefaultCamelContext            - Route: route4 started and consuming from: Endpoint[timer://foo?period=30000]
2015-07-06 15:55:20,276 [0 - stream://in] INFO  DefaultCamelContext            - Route: route5 started and consuming from: Endpoint[direct://db]
2015-07-06 15:55:20,293 [0 - stream://in] INFO  DefaultCamelContext            - Route: route6 started and consuming from: Endpoint[direct://consumer]
2015-07-06 15:55:21,874 [1 - timer://foo] INFO  AbstractPoolBackedDataSource   - Initializing c3p0 pool... com.mchange.v2.c3p0.PoolBackedDataSource@57c127d7 [ connectionPoolDataSource -> com.mchange.v2.c3p0.WrapperConnectionPoolDataSource@8d67a44b [ acquireIncrement -> 3, acquireRetryAttempts -> 30, acquireRetryDelay -> 1000, autoCommitOnClose -> false, automaticTestTable -> null, breakAfterAcquireFailure -> false, checkoutTimeout -> 30000, connectionCustomizerClassName -> null, connectionTesterClassName -> com.mchange.v2.c3p0.impl.DefaultConnectionTester, debugUnreturnedConnectionStackTraces -> false, factoryClassLocation -> null, forceIgnoreUnresolvedTransactions -> false, identityToken -> 3051ew9arai4591inx5jy|71652c98, idleConnectionTestPeriod -> 120, initialPoolSize -> 3, maxAdministrativeTaskTime -> 0, maxConnectionAge -> 0, maxIdleTime -> 180, maxIdleTimeExcessConnections -> 0, maxPoolSize -> 15, maxStatements -> 0, maxStatementsPerConnection -> 0, minPoolSize -> 3, nestedDataSource -> com.mchange.v2.c3p0.DriverManagerDataSource@7fddef7a [ description -> null, driverClass -> oracle.jdbc.driver.OracleDriver, factoryClassLocation -> null, identityToken -> 3051ew9arai4591inx5jy|7692cd34, jdbcUrl -> jdbc:oracle:thin:@192.168.11.65:1521:masdev, properties -> {user=******, password=******} ], preferredTestQuery -> select 1 from dual, propertyCycle -> 0, testConnectionOnCheckin -> true, testConnectionOnCheckout -> false, unreturnedConnectionTimeout -> 0, usesTraditionalReflectiveProxies -> false; userOverrides: {} ], dataSourceName -> null, factoryClassLocation -> null, identityToken -> 3051ew9arai4591inx5jy|4837595f, numHelperThreads -> 3 ]
