Wed Jun 10 16:38:39 CST 2015  [Downloaded File] DOWNLOAD Task Configed
Wed Jun 10 16:38:39 CST 2015  [Downloaded File] DOWNLOAD URL sftp://115.124.16.69:22/download/CFCAR?username=cfcar&password=123456&delay=100s&noop=true&recursive=true&filter=#FileFilter
Wed Jun 10 16:38:39 CST 2015  [Downloaded File] SAVE URL file:/Users/shiliyan/Desktop/esb/download/CFCAR
Wed Jun 10 16:39:04 CST 2015  [Downloaded File] Downloaded File CFCAR_AUTOFI_LOAN_RESULT_20150610_174.txt Complete.
Wed Jun 10 16:39:05 CST 2015  [Downloaded File] Downloaded File CFCAR_AUTOFI_CANCLE_CONTRACT_20150610_174.txt Complete.
Wed Jun 10 16:39:05 CST 2015  [Downloaded File] Downloaded File CFCAR_AUTOFI_PAYEE_INFO_20150610_172.txt Complete.
Wed Jun 10 16:39:05 CST 2015  [Downloaded File] Downloaded File CFCAR_AUTOFI_PAYEE_INFO_20150610_174.txt Complete.
Wed Jun 10 16:40:40 CST 2015  [Downloaded File] DOWNLOAD Task Configed
Wed Jun 10 16:40:40 CST 2015  [Downloaded File] DOWNLOAD URL sftp://115.124.16.69:22/download/CFCAR?username=cfcar&password=123456&delay=100s&noop=true&recursive=true&filter=#FileFilter
Wed Jun 10 16:40:40 CST 2015  [Downloaded File] SAVE URL file:/Users/shiliyan/Desktop/esb/download/CFCAR
Wed Jun 10 16:42:42 CST 2015  [Downloaded File] Downloaded File CFCAR_AUTOFI_CREATE_CONTRACT_20150610_175.txt Complete.
Wed Jun 10 16:42:42 CST 2015  [Downloaded File] Downloaded File CFCAR_AUTOFI_CREATE_CONTRACT_20150610_174.txt Complete.
Wed Jun 10 16:42:43 CST 2015  [Downloaded File] Downloaded File CFCAR_AUTOFI_LOAN_RESULT_20150610_175.txt Complete.
Wed Jun 10 16:42:43 CST 2015  [Downloaded File] Downloaded File CFCAR_AUTOFI_INVOICE_INFO_20150610_174.txt Complete.
Wed Jun 10 16:42:43 CST 2015  [Downloaded File] Downloaded File CFCAR_AUTOFI_CANCLE_CONTRACT_20150610_172.txt Complete.
Wed Jun 10 16:52:37 CST 2015  [Downloaded File] Downloaded File CFCAR_AUTOFI_CREATE_CONTRACT_20150610_176.txt Complete.
Wed Jun 10 16:52:37 CST 2015  [Downloaded File] Downloaded File CFCAR_AUTOFI_LOAN_RESULT_20150610_176.txt Complete.
Wed Jun 10 16:52:37 CST 2015  [Downloaded File] Downloaded File CFCAR_AUTOFI_INVOICE_INFO_20150610_176.txt Complete.
Wed Jun 10 16:52:37 CST 2015  [Downloaded File] Downloaded File CFCAR_AUTOFI_INVOICE_INFO_20150610_177.txt Complete.
Wed Jun 10 16:52:38 CST 2015  [Downloaded File] Downloaded File CFCAR_AUTOFI_CANCLE_CONTRACT_20150610_176.txt Complete.
Wed Jun 10 16:52:38 CST 2015  [Downloaded File] Downloaded File CFCAR_AUTOFI_PAYEE_INFO_20150610_175.txt Complete.
Wed Jun 10 16:52:38 CST 2015  [Downloaded File] Downloaded File CFCAR_AUTOFI_PAYEE_INFO_20150610_176.txt Complete.
Wed Jun 10 16:56:25 CST 2015  [Downloaded File] Downloaded File CFCAR_AUTOFI_CREATE_CONTRACT_20150610_177.txt Complete.
Wed Jun 10 16:56:26 CST 2015  [Downloaded File] Downloaded File CFCAR_AUTOFI_LOAN_RESULT_20150610_178.txt Complete.
Wed Jun 10 16:56:26 CST 2015  [Downloaded File] Downloaded File CFCAR_AUTOFI_INVOICE_INFO_20150610_175.txt Complete.
Wed Jun 10 16:56:26 CST 2015  [Downloaded File] Downloaded File CFCAR_AUTOFI_CANCLE_CONTRACT_20150610_175.txt Complete.
Wed Jun 10 17:01:55 CST 2015  [Downloaded File] Downloaded File CFCAR_AUTOFI_CREATE_CONTRACT_20150610_178.txt Complete.
Wed Jun 10 17:01:55 CST 2015  [Downloaded File] Downloaded File CFCAR_AUTOFI_LOAN_RESULT_20150610_177.txt Complete.
Wed Jun 10 17:01:56 CST 2015  [Downloaded File] Downloaded File CFCAR_AUTOFI_INVOICE_INFO_20150610_178.txt Complete.
Wed Jun 10 17:21:48 CST 2015  [Downloaded File] Downloaded File CFCAR_AUTOFI_CREATE_CONTRACT_20150610_182.txt Complete.
Wed Jun 10 17:21:49 CST 2015  [Downloaded File] Downloaded File CFCAR_AUTOFI_CREATE_CONTRACT_20150610_181.txt Complete.
Wed Jun 10 17:21:49 CST 2015  [Downloaded File] Downloaded File CFCAR_AUTOFI_LOAN_RESULT_20150610_181.txt Complete.
Wed Jun 10 17:21:49 CST 2015  [Downloaded File] Downloaded File CFCAR_AUTOFI_LOAN_RESULT_20150610_180.txt Complete.
Wed Jun 10 17:31:40 CST 2015  [Downloaded File] Downloaded File CFCAR_AUTOFI_CREATE_CONTRACT_20150610_183.txt Complete.
Wed Jun 10 17:31:40 CST 2015  [Downloaded File] Downloaded File CFCAR_AUTOFI_LOAN_RESULT_20150610_182.txt Complete.
Wed Jun 10 17:31:41 CST 2015  [Downloaded File] Downloaded File CFCAR_AUTOFI_INVOICE_INFO_20150610_182.txt Complete.
Wed Jun 10 17:31:41 CST 2015  [Downloaded File] Downloaded File CFCAR_AUTOFI_INVOICE_INFO_20150610_184.txt Complete.
Wed Jun 10 17:31:41 CST 2015  [Downloaded File] Downloaded File CFCAR_AUTOFI_PAYEE_INFO_20150610_181.txt Complete.
Wed Jun 10 17:31:42 CST 2015  [Downloaded File] Downloaded File CFCAR_AUTOFI_PAYEE_INFO_20150610_184.txt Complete.
Wed Jun 10 17:42:38 CST 2015  [Downloaded File] Downloaded File CFCAR_AUTOFI_CREATE_CONTRACT_20150610_186.txt Complete.
Wed Jun 10 17:42:38 CST 2015  [Downloaded File] Downloaded File CFCAR_AUTOFI_LOAN_RESULT_20150610_186.txt Complete.
Wed Jun 10 17:42:39 CST 2015  [Downloaded File] Downloaded File CFCAR_AUTOFI_INVOICE_INFO_20150610_185.txt Complete.
Wed Jun 10 17:42:39 CST 2015  [Downloaded File] Downloaded File CFCAR_AUTOFI_INVOICE_INFO_20150610_183.txt Complete.
Wed Jun 10 17:42:39 CST 2015  [Downloaded File] Downloaded File CFCAR_AUTOFI_INVOICE_INFO_20150610_186.txt Complete.
Wed Jun 10 17:42:39 CST 2015  [Downloaded File] Downloaded File CFCAR_AUTOFI_CANCLE_CONTRACT_20150610_183.txt Complete.
Wed Jun 10 17:42:39 CST 2015  [Downloaded File] Downloaded File CFCAR_AUTOFI_CANCLE_CONTRACT_20150610_186.txt Complete.
Wed Jun 10 17:42:40 CST 2015  [Downloaded File] Downloaded File CFCAR_AUTOFI_PAYEE_INFO_20150610_185.txt Complete.
Wed Jun 10 17:46:16 CST 2015  [Downloaded File] Downloaded File CFCAR_AUTOFI_CREATE_CONTRACT_20150610_187.txt Complete.
Wed Jun 10 17:46:16 CST 2015  [Downloaded File] Downloaded File CFCAR_AUTOFI_LOAN_RESULT_20150610_187.txt Complete.
Wed Jun 10 17:46:16 CST 2015  [Downloaded File] Downloaded File CFCAR_AUTOFI_INVOICE_INFO_20150610_187.txt Complete.
Wed Jun 10 17:46:16 CST 2015  [Downloaded File] Downloaded File CFCAR_AUTOFI_PAYEE_INFO_20150610_187.txt Complete.
Wed Jun 10 17:51:40 CST 2015  [Downloaded File] Downloaded File CFCAR_AUTOFI_INVOICE_INFO_20150610_188.txt Complete.
Wed Jun 10 17:51:41 CST 2015  [Downloaded File] Downloaded File CFCAR_AUTOFI_CANCLE_CONTRACT_20150610_188.txt Complete.
Wed Jun 10 17:51:41 CST 2015  [Downloaded File] Downloaded File CFCAR_AUTOFI_CANCLE_CONTRACT_20150610_184.txt Complete.
Wed Jun 10 17:51:41 CST 2015  [Downloaded File] Downloaded File CFCAR_AUTOFI_PAYEE_INFO_20150610_188.txt Complete.
Wed Jun 10 17:51:41 CST 2015  [Downloaded File] Downloaded File CFCAR_AUTOFI_PAYEE_INFO_20150610_186.txt Complete.
Wed Jun 10 17:57:10 CST 2015  [Downloaded File] Downloaded File CFCAR_AUTOFI_LOAN_RESULT_20150610_188.txt Complete.
Wed Jun 10 17:57:11 CST 2015  [Downloaded File] Downloaded File CFCAR_AUTOFI_INVOICE_INFO_20150610_189.txt Complete.
Wed Jun 10 17:57:11 CST 2015  [Downloaded File] Downloaded File CFCAR_AUTOFI_CANCLE_CONTRACT_20150610_187.txt Complete.
Wed Jun 10 18:02:35 CST 2015  [Downloaded File] Downloaded File CFCAR_AUTOFI_CREATE_CONTRACT_20150610_189.txt Complete.
Wed Jun 10 18:02:35 CST 2015  [Downloaded File] Downloaded File CFCAR_AUTOFI_LOAN_RESULT_20150610_189.txt Complete.
Wed Jun 10 18:02:36 CST 2015  [Downloaded File] Downloaded File CFCAR_AUTOFI_CANCLE_CONTRACT_20150610_189.txt Complete.
Wed Jun 10 18:06:20 CST 2015  [Downloaded File] Downloaded File CFCAR_AUTOFI_CREATE_CONTRACT_20150610_188.txt Complete.
Wed Jun 10 18:06:21 CST 2015  [Downloaded File] Downloaded File CFCAR_AUTOFI_CREATE_CONTRACT_20150610_190.txt Complete.
Wed Jun 10 18:06:21 CST 2015  [Downloaded File] Downloaded File CFCAR_AUTOFI_LOAN_RESULT_20150610_190.txt Complete.
Wed Jun 10 18:06:21 CST 2015  [Downloaded File] Downloaded File CFCAR_AUTOFI_INVOICE_INFO_20150610_190.txt Complete.
Wed Jun 10 18:06:21 CST 2015  [Downloaded File] Downloaded File CFCAR_AUTOFI_PAYEE_INFO_20150610_190.txt Complete.
Wed Jun 10 18:06:22 CST 2015  [Downloaded File] Downloaded File CFCAR_AUTOFI_PAYEE_INFO_20150610_189.txt Complete.
Wed Jun 10 18:12:14 CST 2015  [Downloaded File] Downloaded File CFCAR_AUTOFI_CREATE_CONTRACT_20150610_191.txt Complete.
Wed Jun 10 18:12:14 CST 2015  [Downloaded File] Downloaded File CFCAR_AUTOFI_LOAN_RESULT_20150610_191.txt Complete.
Wed Jun 10 18:12:14 CST 2015  [Downloaded File] Downloaded File CFCAR_AUTOFI_INVOICE_INFO_20150610_191.txt Complete.
Wed Jun 10 18:12:14 CST 2015  [Downloaded File] Downloaded File CFCAR_AUTOFI_CANCLE_CONTRACT_20150610_190.txt Complete.
Wed Jun 10 18:12:15 CST 2015  [Downloaded File] Downloaded File CFCAR_AUTOFI_PAYEE_INFO_20150610_191.txt Complete.
