2015-06-08 14:19:39.825 [uncertain.proc] [CONFIG] [action] DecideStatement
2015-06-08 14:19:39.827 [uncertain.proc] [CONFIG] [action] DecideSqlGenerationMode
2015-06-08 14:19:39.828 [uncertain.proc] [FINE] aurora.database.service.BusinessModelService.onDecideSqlGenerationMode
2015-06-08 14:19:39.828 [uncertain.proc] [CONFIG] [action] CreateOperationSql
2015-06-08 14:19:39.828 [uncertain.proc] [CONFIG] [action] PopulateOperationSql
2015-06-08 14:19:39.828 [uncertain.proc] [FINE] aurora.database.features.WhereClauseCreator.onPopulateOperationSql
2015-06-08 14:19:39.828 [uncertain.proc] [FINE] aurora.database.features.OrderByClauseCreator.onPopulateOperationSql
2015-06-08 14:19:39.828 [uncertain.proc] [CONFIG] [action] CreateSqlRunner
2015-06-08 14:19:39.828 [uncertain.proc] [FINE] aurora.database.service.BusinessModelService.onCreateSqlRunner
2015-06-08 14:19:39.828 [uncertain.proc] [CONFIG] [action] ExecuteDmlStatement
2015-06-08 14:19:39.828 [uncertain.proc] [FINE] aurora.database.service.BusinessModelService.onExecuteDmlStatement
2015-06-08 14:19:39.833 [aurora.database] [CONFIG] 
============= BEGIN [Execute] SQL Statement execution dump ============

        		begin
        		
				  ? := tm_interface_pkg.create_contract_approval(p_company_id 	=> 1001,
				  														   p_user_id		=> -1);
				
				end;
        	
---------------------Binding info---------------------
No.1	Access path:@head_id	Data type of passed value :[null]	Value:null	Output:true	Database Type:null	

=============== END [Execute] SQL Statement execution dump ============

2015-06-08 14:19:39.840 [uncertain.proc] [CONFIG] [action] DecideSqlGenerationMode
2015-06-08 14:19:39.840 [uncertain.proc] [FINE] aurora.database.service.BusinessModelService.onDecideSqlGenerationMode
2015-06-08 14:19:39.840 [uncertain.proc] [CONFIG] [action] CreatequeryStatement
2015-06-08 14:19:39.840 [uncertain.proc] [FINE] aurora.bm.QuerySqlCreator.onCreateQueryStatement
2015-06-08 14:19:39.840 [uncertain.proc] [CONFIG] [action] PopulatequeryStatement
2015-06-08 14:19:39.841 [uncertain.proc] [FINE] aurora.database.features.WhereClauseCreator.onPopulateQueryStatement
2015-06-08 14:19:39.841 [uncertain.proc] [FINE] aurora.database.features.OrderByClauseCreator.onPopulateQueryStatement
2015-06-08 14:19:39.841 [uncertain.proc] [CONFIG] [action] CreatequerySql
2015-06-08 14:19:39.841 [uncertain.proc] [FINE] aurora.bm.QuerySqlCreator.onCreateQuerySql
2015-06-08 14:19:39.841 [uncertain.proc] [CONFIG] [action] ExecuteQuery
2015-06-08 14:19:39.841 [uncertain.proc] [FINE] aurora.bm.QuerySqlCreator.onExecuteQuery
2015-06-08 14:19:39.845 [uncertain.proc] [CONFIG] [action] QueryFinish
2015-06-08 14:19:39.845 [uncertain.proc] [FINE] aurora.database.features.AutoQueryCounter.onQueryFinish
2015-06-08 14:19:39.845 [uncertain.proc] [CONFIG] [action] FetchResultSet
2015-06-08 14:19:39.846 [aurora.database] [CONFIG] 
============= BEGIN [query] SQL Statement execution dump ============
SELECT t1.HEAD_ID,t1.FILENAME,t1.FILEDATE,t1.BATCHID,t1.VERSION,t1.COUNT,t1.ISLAST,t1.ENABLED_FLAG,t1.SERVICENAME
FROM TM_INTERFACE_HEADERS t1
WHERE HEAD_ID = ?
---------------------Binding info---------------------
No.1	Access path:@head_id	Data type of passed value :java.lang.Long	Value:0	Output:false	Database Type:null	

=============== END [query] SQL Statement execution dump ============

2015-06-08 14:19:39.852 [uncertain.proc] [CONFIG] [action] DecideSqlGenerationMode
2015-06-08 14:19:39.852 [uncertain.proc] [FINE] aurora.database.service.BusinessModelService.onDecideSqlGenerationMode
2015-06-08 14:19:39.852 [uncertain.proc] [CONFIG] [action] CreatequeryStatement
2015-06-08 14:19:39.852 [uncertain.proc] [FINE] aurora.bm.QuerySqlCreator.onCreateQueryStatement
2015-06-08 14:19:39.852 [uncertain.proc] [CONFIG] [action] PopulatequeryStatement
2015-06-08 14:19:39.852 [uncertain.proc] [FINE] aurora.database.features.WhereClauseCreator.onPopulateQueryStatement
2015-06-08 14:19:39.853 [uncertain.proc] [FINE] aurora.database.features.OrderByClauseCreator.onPopulateQueryStatement
2015-06-08 14:19:39.853 [uncertain.proc] [CONFIG] [action] CreatequerySql
2015-06-08 14:19:39.853 [uncertain.proc] [FINE] aurora.bm.QuerySqlCreator.onCreateQuerySql
2015-06-08 14:19:39.853 [uncertain.proc] [CONFIG] [action] ExecuteQuery
2015-06-08 14:19:39.853 [uncertain.proc] [FINE] aurora.bm.QuerySqlCreator.onExecuteQuery
2015-06-08 14:19:39.871 [uncertain.proc] [CONFIG] [action] QueryFinish
2015-06-08 14:19:39.871 [uncertain.proc] [FINE] aurora.database.features.AutoQueryCounter.onQueryFinish
2015-06-08 14:19:39.871 [uncertain.proc] [CONFIG] [action] FetchResultSet
2015-06-08 14:19:39.871 [aurora.database] [CONFIG] 
============= BEGIN [query] SQL Statement execution dump ============
SELECT t1.APPROVAL_LINE_ID,t1.HEAD_ID,t1.APPLYNO,t1.ALLOWLOAN,t1.FAILREASON,t1.REASONTYPE,t1.APPLYAMOUNT,t1.CONTRACTNO,t1.PROCESS_STATUS
FROM TM_INTERFACE_CON_APPROVAL t1
WHERE HEAD_ID = ?
---------------------Binding info---------------------
No.1	Access path:@head_id	Data type of passed value :java.lang.Long	Value:0	Output:false	Database Type:null	

=============== END [query] SQL Statement execution dump ============

2015-06-08 14:19:39.872 [uncertain.proc] [INFO] <esb_conext SERVICE_LOGGING_FILE="/Users/shiliyan/git/aurora-ide/aurora-esb/deploy/logs/gen_file_ap_2015-06-08.log" __configuration__="uncertain.event.Configuration@4b5fd94a" BusinessModel="aurora.bm.BusinessModel@281987ba" service_name="gen_file_ap" SqlStatementType="query" SqlGenerationMode="AutoGenerate" _instance.uncertain.logging.ILoggerProvider="uncertain.logging.LoggerProvider@7caf0422" _instance.aurora.service.IService="aurora.service.http.HttpServiceInstance@502722ed" sso="(ScriptShareObject : 4 elements)" BusinessModelOperation="query" SqlString="SELECT t1.APPROVAL_LINE_ID,t1.HEAD_ID,t1.APPLYNO,t1.ALLOWLOAN,t1.FAILREASON,t1.REASONTYPE,t1.APPLYAMOUNT,t1.CONTRACTNO,t1.PROCESS_STATUS
FROM TM_INTERFACE_CON_APPROVAL t1
WHERE HEAD_ID = ${@head_id}" SqlStatement="aurora.database.sql.SelectStatement@6587342a" current_parameter="{head_id=0}" SqlRunner="aurora.database.SqlRunner@1474b77" FetchDescriptor="aurora.database.FetchDescriptor@3fad737f" __database_all_connection="[com.mchange.v2.c3p0.impl.NewProxyConnection@2e355c47]" _instance.uncertain.logging.BasicFileHandler="uncertain.logging.BasicFileHandler@54dc169" _instance.java.sql.Connection="com.mchange.v2.c3p0.impl.NewProxyConnection@2e355c47" ResultsetConsumer="aurora.database.rsconsumer.CompositeMapCreator@6c14bb67">
    <parameter __parameter_parsed__="true" head_id="0">
        <result orgcode="CFCAR" yyyymmdd="20150608" servicename="AUTOFI_APPROVAL_CONTRACT"/>
    </parameter>
    <session/>
    <cookie/>
    <model/>
</esb_conext>

