2015-06-12 14:39:00.405 [uncertain.proc] [CONFIG] [action] DecideStatement
2015-06-12 14:39:00.409 [uncertain.proc] [CONFIG] [action] DecideSqlGenerationMode
2015-06-12 14:39:00.409 [uncertain.proc] [FINE] aurora.database.service.BusinessModelService.onDecideSqlGenerationMode
2015-06-12 14:39:00.409 [uncertain.proc] [CONFIG] [action] CreateOperationSql
2015-06-12 14:39:00.409 [uncertain.proc] [CONFIG] [action] PopulateOperationSql
2015-06-12 14:39:00.409 [uncertain.proc] [FINE] aurora.database.features.WhereClauseCreator.onPopulateOperationSql
2015-06-12 14:39:00.409 [uncertain.proc] [FINE] aurora.database.features.OrderByClauseCreator.onPopulateOperationSql
2015-06-12 14:39:00.413 [uncertain.proc] [CONFIG] [action] CreateSqlRunner
2015-06-12 14:39:00.414 [uncertain.proc] [FINE] aurora.database.service.BusinessModelService.onCreateSqlRunner
2015-06-12 14:39:00.414 [uncertain.proc] [CONFIG] [action] ExecuteDmlStatement
2015-06-12 14:39:00.414 [uncertain.proc] [FINE] aurora.database.service.BusinessModelService.onExecuteDmlStatement
2015-06-12 14:39:00.451 [aurora.database] [CONFIG] 
============= BEGIN [Execute] SQL Statement execution dump ============

        		begin
        		
				  ? := tm_interface_pkg.create_send_bill(p_company_id 	=> 1001,
				  												   p_user_id		=> -1);
				
				end;
        	
---------------------Binding info---------------------
No.1	Access path:@head_id	Data type of passed value :[null]	Value:null	Output:true	Database Type:null	

=============== END [Execute] SQL Statement execution dump ============

2015-06-12 14:39:00.460 [uncertain.proc] [CONFIG] [action] DecideSqlGenerationMode
2015-06-12 14:39:00.460 [uncertain.proc] [FINE] aurora.database.service.BusinessModelService.onDecideSqlGenerationMode
2015-06-12 14:39:00.460 [uncertain.proc] [CONFIG] [action] CreatequeryStatement
2015-06-12 14:39:00.460 [uncertain.proc] [FINE] aurora.bm.QuerySqlCreator.onCreateQueryStatement
2015-06-12 14:39:00.460 [uncertain.proc] [CONFIG] [action] PopulatequeryStatement
2015-06-12 14:39:00.460 [uncertain.proc] [FINE] aurora.database.features.WhereClauseCreator.onPopulateQueryStatement
2015-06-12 14:39:00.461 [uncertain.proc] [FINE] aurora.database.features.OrderByClauseCreator.onPopulateQueryStatement
2015-06-12 14:39:00.461 [uncertain.proc] [CONFIG] [action] CreatequerySql
2015-06-12 14:39:00.461 [uncertain.proc] [FINE] aurora.bm.QuerySqlCreator.onCreateQuerySql
2015-06-12 14:39:00.461 [uncertain.proc] [CONFIG] [action] ExecuteQuery
2015-06-12 14:39:00.461 [uncertain.proc] [FINE] aurora.bm.QuerySqlCreator.onExecuteQuery
2015-06-12 14:39:00.479 [uncertain.proc] [CONFIG] [action] QueryFinish
2015-06-12 14:39:00.479 [uncertain.proc] [FINE] aurora.database.features.AutoQueryCounter.onQueryFinish
2015-06-12 14:39:00.479 [uncertain.proc] [CONFIG] [action] FetchResultSet
2015-06-12 14:39:00.479 [aurora.database] [CONFIG] 
============= BEGIN [query] SQL Statement execution dump ============
SELECT t1.HEAD_ID,t1.FILENAME,t1.FILEDATE,t1.BATCHID,t1.VERSION,t1.COUNT,t1.ISLAST,t1.ENABLED_FLAG,t1.SERVICENAME
FROM TM_INTERFACE_HEADERS t1
WHERE HEAD_ID = ?
---------------------Binding info---------------------
No.1	Access path:@head_id	Data type of passed value :java.lang.Long	Value:141156	Output:false	Database Type:null	

=============== END [query] SQL Statement execution dump ============

2015-06-12 14:39:00.490 [uncertain.proc] [CONFIG] [action] DecideSqlGenerationMode
2015-06-12 14:39:00.490 [uncertain.proc] [FINE] aurora.database.service.BusinessModelService.onDecideSqlGenerationMode
2015-06-12 14:39:00.490 [uncertain.proc] [CONFIG] [action] CreatequeryStatement
2015-06-12 14:39:00.490 [uncertain.proc] [FINE] aurora.bm.QuerySqlCreator.onCreateQueryStatement
2015-06-12 14:39:00.491 [uncertain.proc] [CONFIG] [action] PopulatequeryStatement
2015-06-12 14:39:00.491 [uncertain.proc] [FINE] aurora.database.features.WhereClauseCreator.onPopulateQueryStatement
2015-06-12 14:39:00.491 [uncertain.proc] [FINE] aurora.database.features.OrderByClauseCreator.onPopulateQueryStatement
2015-06-12 14:39:00.491 [uncertain.proc] [CONFIG] [action] CreatequerySql
2015-06-12 14:39:00.492 [uncertain.proc] [FINE] aurora.bm.QuerySqlCreator.onCreateQuerySql
2015-06-12 14:39:00.492 [uncertain.proc] [CONFIG] [action] ExecuteQuery
2015-06-12 14:39:00.492 [uncertain.proc] [FINE] aurora.bm.QuerySqlCreator.onExecuteQuery
2015-06-12 14:39:00.556 [uncertain.proc] [CONFIG] [action] QueryFinish
2015-06-12 14:39:00.556 [uncertain.proc] [FINE] aurora.database.features.AutoQueryCounter.onQueryFinish
2015-06-12 14:39:00.556 [uncertain.proc] [CONFIG] [action] FetchResultSet
2015-06-12 14:39:00.557 [aurora.database] [CONFIG] 
============= BEGIN [query] SQL Statement execution dump ============
SELECT t1.BILL_LINE_ID,t1.HEAD_ID,t1.APPLYNO,t1.ORGCODE,t1.DRAWDNNO,t1.LOANLENGTH,t1.LOANCUSTOMER,t1.PRINAMT,t1.INTAMT,t1.PENALTYAMT,t1.PAIDPRINAMT,t1.PAIDINTAMT,t1.PAIDPENALTYAMT,t1.CLEARDATE,t1.STATUS,t1.BEGINDATE,t1.PAYMENTDUEDATE,t1.BILLPRINAMT,t1.BILLINTAMT,t1.BILLPENALTYAMT,t1.BILLPAIDPRINAMT,t1.BILLPAIDINTAMT,t1.BILLPAIDPENALTYAMT,t1.BILLCLEARDATE,t1.BILLSTATUS,t1.OVERDUEDAYS,t1.PROCESS_STATUS,t1.TERMNO,t1.ENDDATE,t1.DUEDATE
FROM TM_INTERFACE_SEND_BILL t1
WHERE HEAD_ID = ?
---------------------Binding info---------------------
No.1	Access path:@head_id	Data type of passed value :java.lang.Long	Value:141156	Output:false	Database Type:null	

=============== END [query] SQL Statement execution dump ============

2015-06-12 14:39:00.557 [uncertain.proc] [INFO] <esb_conext SERVICE_LOGGING_FILE="/Users/shiliyan/git/aurora-ide/aurora-esb/deploy/logs/gen_file_bill_2015-06-12.log" __configuration__="uncertain.event.Configuration@2e57f143" BusinessModel="aurora.bm.BusinessModel@2e463fe9" service_name="gen_file_bill" SqlStatementType="query" SqlGenerationMode="AutoGenerate" _instance.uncertain.logging.ILoggerProvider="uncertain.logging.LoggerProvider@1e232a19" _instance.aurora.service.IService="aurora.service.http.HttpServiceInstance@1eb3658f" sso="(ScriptShareObject : 4 elements)" BusinessModelOperation="query" SqlString="SELECT t1.BILL_LINE_ID,t1.HEAD_ID,t1.APPLYNO,t1.ORGCODE,t1.DRAWDNNO,t1.LOANLENGTH,t1.LOANCUSTOMER,t1.PRINAMT,t1.INTAMT,t1.PENALTYAMT,t1.PAIDPRINAMT,t1.PAIDINTAMT,t1.PAIDPENALTYAMT,t1.CLEARDATE,t1.STATUS,t1.BEGINDATE,t1.PAYMENTDUEDATE,t1.BILLPRINAMT,t1.BILLINTAMT,t1.BILLPENALTYAMT,t1.BILLPAIDPRINAMT,t1.BILLPAIDINTAMT,t1.BILLPAIDPENALTYAMT,t1.BILLCLEARDATE,t1.BILLSTATUS,t1.OVERDUEDAYS,t1.PROCESS_STATUS,t1.TERMNO,t1.ENDDATE,t1.DUEDATE
FROM TM_INTERFACE_SEND_BILL t1
WHERE HEAD_ID = ${@head_id}" SqlStatement="aurora.database.sql.SelectStatement@f7f42f3" current_parameter="{head_id=141156}" SqlRunner="aurora.database.SqlRunner@10d99d82" FetchDescriptor="aurora.database.FetchDescriptor@4a0c8b15" __database_all_connection="[com.mchange.v2.c3p0.impl.NewProxyConnection@3afab2fb]" _instance.uncertain.logging.BasicFileHandler="uncertain.logging.BasicFileHandler@172d1e62" _instance.java.sql.Connection="com.mchange.v2.c3p0.impl.NewProxyConnection@3afab2fb" ResultsetConsumer="aurora.database.rsconsumer.CompositeMapCreator@12b79e15">
    <parameter count="0" __parameter_parsed__="true" head_id="141156">
        <result orgcode="CFCAR" yyyymmdd="20150612" servicename="AUTOFI_SEND_BILL"/>
        <header fileName="CFCAR_AUTOFI_SEND_BILL_20150612_124.txt" batchNo="124" isLast="YES" count="0" serviceName="AUTOFI_SEND_BILL" version="1.0" yyyymmdd="20150612" orgCode="CFCAR"/>
    </parameter>
    <session/>
    <cookie/>
    <model/>
</esb_conext>

