2015-06-11 15:59:13.282 [aurora.database] [CONFIG] Running batch-apply with data from path /parameter, total 1 records
2015-06-11 15:59:13.283 [aurora.database] [CONFIG] Executing batch-apply on parameter No.0
2015-06-11 15:59:14.858 [uncertain.proc] [CONFIG] [action] DecideStatement
2015-06-11 15:59:14.860 [uncertain.proc] [CONFIG] [action] DecideSqlGenerationMode
2015-06-11 15:59:14.861 [uncertain.proc] [FINE] aurora.database.service.BusinessModelService.onDecideSqlGenerationMode
2015-06-11 15:59:14.861 [uncertain.proc] [CONFIG] [action] CreateOperationSql
2015-06-11 15:59:14.861 [uncertain.proc] [CONFIG] [action] PopulateOperationSql
2015-06-11 15:59:14.861 [uncertain.proc] [FINE] aurora.database.features.OrderByClauseCreator.onPopulateOperationSql
2015-06-11 15:59:14.862 [uncertain.proc] [FINE] aurora.database.features.WhereClauseCreator.onPopulateOperationSql
2015-06-11 15:59:14.862 [uncertain.proc] [CONFIG] [action] CreateSqlRunner
2015-06-11 15:59:14.862 [uncertain.proc] [FINE] aurora.database.service.BusinessModelService.onCreateSqlRunner
2015-06-11 15:59:14.865 [uncertain.proc] [CONFIG] [action] ExecuteDmlStatement
2015-06-11 15:59:14.865 [uncertain.proc] [FINE] aurora.database.service.BusinessModelService.onExecuteDmlStatement
2015-06-11 15:59:14.938 [aurora.database] [CONFIG] 
============= BEGIN [Update] SQL Statement execution dump ============

                BEGIN
                    ? := tm_interface_pkg.insert_tm_interface_headers(p_filename 	=> ?,
                    										   				  p_filedate 	=> ?, 
                    										   				  p_batchid 	=> ?, 
                    										   				  p_version 	=> ?, 
                    										   				  p_count 		=> ?, 
                    										   				  p_islast 	    => ?,
                    										   				  p_servicename => ?);
                    										   
                    										   
                END;
            
---------------------Binding info---------------------
No.1	Access path:@head_id	Data type of passed value :[null]	Value:null	Output:true	Database Type:null	
No.2	Access path:@filename	Data type of passed value :java.lang.String	Value:CFCAR_AUTOFI_PAYEE_INFO_20150611_170.txt	Output:false	Database Type:null	
No.3	Access path:@yyymmdd	Data type of passed value :java.lang.String	Value:20150611	Output:false	Database Type:null	
No.4	Access path:@batchno	Data type of passed value :java.lang.String	Value:170	Output:false	Database Type:null	
No.5	Access path:@version	Data type of passed value :java.lang.String	Value:1.0	Output:false	Database Type:null	
No.6	Access path:@count	Data type of passed value :java.lang.String	Value:1	Output:false	Database Type:null	
No.7	Access path:@isLast	Data type of passed value :java.lang.String	Value:N	Output:false	Database Type:null	
No.8	Access path:@servicename	Data type of passed value :java.lang.String	Value:AUTOFI_PAYEE_INFO	Output:false	Database Type:null	

=============== END [Update] SQL Statement execution dump ============

2015-06-11 15:59:14.943 [aurora.database] [CONFIG] ============ Running model batch update with data from path @current_parameter/datas, total 1 records
2015-06-11 15:59:14.944 [aurora.database] [CONFIG] execute update on record No.0 for model tm_interface_payee_info
2015-06-11 15:59:14.948 [uncertain.proc] [CONFIG] [action] DecideStatement
2015-06-11 15:59:14.952 [uncertain.proc] [CONFIG] [action] DecideSqlGenerationMode
2015-06-11 15:59:14.952 [uncertain.proc] [FINE] aurora.database.service.BusinessModelService.onDecideSqlGenerationMode
2015-06-11 15:59:14.953 [uncertain.proc] [CONFIG] [action] CreateOperationSql
2015-06-11 15:59:14.953 [uncertain.proc] [CONFIG] [action] PopulateOperationSql
2015-06-11 15:59:14.963 [uncertain.proc] [FINE] aurora.database.features.OrderByClauseCreator.onPopulateOperationSql
2015-06-11 15:59:14.963 [uncertain.proc] [FINE] aurora.database.features.WhereClauseCreator.onPopulateOperationSql
2015-06-11 15:59:14.963 [uncertain.proc] [CONFIG] [action] CreateSqlRunner
2015-06-11 15:59:14.964 [uncertain.proc] [FINE] aurora.database.service.BusinessModelService.onCreateSqlRunner
2015-06-11 15:59:14.964 [uncertain.proc] [CONFIG] [action] ExecuteDmlStatement
2015-06-11 15:59:14.964 [uncertain.proc] [FINE] aurora.database.service.BusinessModelService.onExecuteDmlStatement
2015-06-11 15:59:14.986 [aurora.database] [CONFIG] 
============= BEGIN [Update] SQL Statement execution dump ============

            	DECLARE
            	  v_file_status varchar2(50);
                BEGIN
				  v_file_status := tm_interface_pkg.insert_payee_info(p_head_id  => ?,
				                                        		    p_applyno  => ?,
				                                        			p_name	   => ?,
				                                        			p_address  => ?,
				                                        			p_phone	   => ?);
				                                        				 
				  if v_file_status = 'NO' or ? = 'NO' then
				  	? := 'NO';
				  else 
				    ? := 'YES';
				  end if;
				END;
            
---------------------Binding info---------------------
No.1	Access path:../../@head_id	Data type of passed value :java.lang.Long	Value:140728	Output:false	Database Type:null	
No.2	Access path:@applyno	Data type of passed value :java.lang.String	Value:20150611300000000082510	Output:false	Database Type:null	
No.3	Access path:@loandate	Data type of passed value :[null]	Value:null	Output:false	Database Type:null	
No.4	Access path:@applyamount	Data type of passed value :[null]	Value:null	Output:false	Database Type:null	
No.5	Access path:@phone	Data type of passed value :java.lang.String	Value:18989765677	Output:false	Database Type:null	
No.6	Access path:../../@file_status	Data type of passed value :[null]	Value:null	Output:false	Database Type:null	
No.7	Access path:@file_status	Data type of passed value :[null]	Value:null	Output:true	Database Type:null	
No.8	Access path:@file_status	Data type of passed value :[null]	Value:null	Output:true	Database Type:null	

=============== END [Update] SQL Statement execution dump ============

2015-06-11 15:59:14.987 [aurora.database] [CONFIG] ============ End of batch update for @current_parameter/datas
2015-06-11 15:59:14.987 [uncertain.proc] [INFO] <esb_conext SERVICE_LOGGING_FILE="/Users/shiliyan/git/aurora-ide/aurora-esb/deploy/logs/read_file_2015-06-11.log" __configuration__="uncertain.event.Configuration@2ca7b322" BusinessModel="aurora.bm.BusinessModel@796b3116" service_name="read_file" SqlGenerationMode="Predefined" _instance.uncertain.logging.ILoggerProvider="uncertain.logging.LoggerProvider@7487a5d3" _instance.aurora.service.IService="aurora.service.http.HttpServiceInstance@66fa0aa5" BusinessModelOperation="Update" SqlString="
            	DECLARE
            	  v_file_status varchar2(50);
                BEGIN
				  v_file_status := tm_interface_pkg.insert_payee_info(p_head_id  =&gt; ${../../@head_id},
				                                        		    p_applyno  =&gt; ${@applyno},
				                                        			p_name	   =&gt; ${@loandate},
				                                        			p_address  =&gt; ${@applyamount},
				                                        			p_phone	   =&gt; ${@phone});
				                                        				 
				  if v_file_status = &apos;NO&apos; or ${../../@file_status} = &apos;NO&apos; then
				  	${@file_status} := &apos;NO&apos;;
				  else 
				    ${@file_status} := &apos;YES&apos;;
				  end if;
				END;
            " __database_service_option="aurora.database.service.ServiceOption@77d59bfb" current_parameter="{file_status=YES}" SqlRunner="aurora.database.SqlRunner@5716f796" __database_all_connection="[com.mchange.v2.c3p0.impl.NewProxyConnection@3c0333ae]" _instance.uncertain.logging.BasicFileHandler="uncertain.logging.BasicFileHandler@1ef6699a" _instance.java.sql.Connection="com.mchange.v2.c3p0.impl.NewProxyConnection@3c0333ae">
    <parameter file_status="YES">
        <result batchno="170" isLast="N" orgcode="CFCAR" count="1" version="1.0" yyymmdd="20150611" filename="CFCAR_AUTOFI_PAYEE_INFO_20150611_170.txt" __parameter_parsed__="true" servicename="AUTOFI_PAYEE_INFO" head_id="140728">
            <datas>
                <data address="文一西路998号" _status="update" phone="18989765677" alipayaccount="fx_perf1708916@taobao.net" applyno="20150611300000000082510" __parameter_parsed__="true" name="玄心门店测试01(淘宝城店)" id="10521003"/>
            </datas>
        </result>
    </parameter>
</esb_conext>

