2015-05-13 16:09:00.422 [uncertain.core] [INFO] Uncertain engine startup
2015-05-13 16:09:51.234 [uncertain.core] [INFO] Uncertain engine startup
2015-05-13 16:09:53.616 [uncertain.core] [INFO] Loaded instance aurora.plugin.esb.AuroraEsbServer from /Users/shiliyan/git/aurora-ide/aurora-esb/deploy/WEB-INF/aurora.plugin.esb/esb.config
2015-05-13 16:09:53.618 [uncertain.core] [INFO] Loaded instance aurora.application.DefaultSessionInfoProvider from /private/var/folders/11/7pfwk3xd20g8rglx83p64h0m0000gn/T/aurora_builtin_package/aurora.features/config/session-info-provider.config
2015-05-13 16:09:53.626 [uncertain.core] [INFO] Loaded instance aurora.application.features.ServiceLogging from /Users/shiliyan/git/aurora-ide/aurora-esb/deploy/WEB-INF/aurora.feature/service-logging.config
2015-05-13 16:09:53.628 [uncertain.core] [INFO] Loaded instance aurora.application.features.ApplicationStartupProcedureInvoker from /private/var/folders/11/7pfwk3xd20g8rglx83p64h0m0000gn/T/aurora_builtin_package/aurora.base/config/app-init-procedure-invoker.config
2015-05-13 16:09:53.642 [uncertain.core] [INFO] Loaded instance aurora.service.exception.ExceptionDescriptorConfig from /private/var/folders/11/7pfwk3xd20g8rglx83p64h0m0000gn/T/aurora_builtin_package/aurora.base/config/exception-descriptor.config
2015-05-13 16:09:53.645 [uncertain.core] [INFO] Loaded instance aurora.bm.BmCachedDataProvider from /private/var/folders/11/7pfwk3xd20g8rglx83p64h0m0000gn/T/aurora_builtin_package/aurora.base/config/bm-cached-data-provider.config
2015-05-13 16:09:53.915 [aurora.datasource] [CONFIG] Setting up dataSource url:jdbc:oracle:thin:@192.168.11.65:1521:masdev,user:hec2dev_new
2015-05-13 16:09:53.916 [uncertain.core] [INFO] Loaded instance aurora.datasource.DataSourceConfig from /Users/shiliyan/git/aurora-ide/aurora-esb/deploy/WEB-INF/aurora.database/datasource.config
2015-05-13 16:09:53.953 [uncertain.core] [INFO] Loaded instance aurora.database.profile.DatabaseFactory from /private/var/folders/11/7pfwk3xd20g8rglx83p64h0m0000gn/T/aurora_builtin_package/aurora.database/config/database.config
2015-05-13 16:09:53.956 [uncertain.core] [INFO] Loaded instance aurora.bm.ModelFactory from /private/var/folders/11/7pfwk3xd20g8rglx83p64h0m0000gn/T/aurora_builtin_package/aurora.database/config/model-factory.config
2015-05-13 16:09:53.960 [aurora.database] [INFO] Using datasource com.mchange.v2.c3p0.PoolBackedDataSource@b28d5cb5 [ connectionPoolDataSource -> com.mchange.v2.c3p0.WrapperConnectionPoolDataSource@da0891a9 [ acquireIncrement -> 3, acquireRetryAttempts -> 30, acquireRetryDelay -> 1000, autoCommitOnClose -> false, automaticTestTable -> null, breakAfterAcquireFailure -> false, checkoutTimeout -> 30000, connectionCustomizerClassName -> null, connectionTesterClassName -> com.mchange.v2.c3p0.impl.DefaultConnectionTester, debugUnreturnedConnectionStackTraces -> false, factoryClassLocation -> null, forceIgnoreUnresolvedTransactions -> false, identityToken -> 3051e099l6d7w53crpg6|7dac3fd8, idleConnectionTestPeriod -> 120, initialPoolSize -> 3, maxAdministrativeTaskTime -> 0, maxConnectionAge -> 0, maxIdleTime -> 180, maxIdleTimeExcessConnections -> 0, maxPoolSize -> 15, maxStatements -> 0, maxStatementsPerConnection -> 0, minPoolSize -> 3, nestedDataSource -> com.mchange.v2.c3p0.DriverManagerDataSource@e9adacdf [ description -> null, driverClass -> oracle.jdbc.driver.OracleDriver, factoryClassLocation -> null, identityToken -> 3051e099l6d7w53crpg6|e3cee7b, jdbcUrl -> jdbc:oracle:thin:@192.168.11.65:1521:masdev, properties -> {user=******, password=******} ], preferredTestQuery -> select 1 from dual, propertyCycle -> 0, testConnectionOnCheckin -> true, testConnectionOnCheckout -> false, unreturnedConnectionTimeout -> 0, usesTraditionalReflectiveProxies -> false; userOverrides: {} ], dataSourceName -> null, factoryClassLocation -> null, identityToken -> 3051e099l6d7w53crpg6|5528a42c, numHelperThreads -> 3 ]
2015-05-13 16:09:53.972 [uncertain.core] [INFO] Loaded instance aurora.database.service.DatabaseServiceFactory from /private/var/folders/11/7pfwk3xd20g8rglx83p64h0m0000gn/T/aurora_builtin_package/aurora.database/config/database-service-factory.config
2015-05-13 16:09:54.7 [uncertain.core] [INFO] UncertainEngine startup success in 2849 ms
2015-05-13 16:12:07.626 [uncertain.core] [INFO] Uncertain engine startup
2015-05-13 16:12:09.869 [uncertain.core] [INFO] Loaded instance aurora.plugin.esb.AuroraEsbServer from /Users/shiliyan/git/aurora-ide/aurora-esb/deploy/WEB-INF/aurora.plugin.esb/esb.config
2015-05-13 16:12:09.872 [uncertain.core] [INFO] Loaded instance aurora.application.DefaultSessionInfoProvider from /private/var/folders/11/7pfwk3xd20g8rglx83p64h0m0000gn/T/aurora_builtin_package/aurora.features/config/session-info-provider.config
2015-05-13 16:12:09.879 [uncertain.core] [INFO] Loaded instance aurora.application.features.ServiceLogging from /Users/shiliyan/git/aurora-ide/aurora-esb/deploy/WEB-INF/aurora.feature/service-logging.config
2015-05-13 16:12:09.882 [uncertain.core] [INFO] Loaded instance aurora.application.features.ApplicationStartupProcedureInvoker from /private/var/folders/11/7pfwk3xd20g8rglx83p64h0m0000gn/T/aurora_builtin_package/aurora.base/config/app-init-procedure-invoker.config
2015-05-13 16:12:09.895 [uncertain.core] [INFO] Loaded instance aurora.service.exception.ExceptionDescriptorConfig from /private/var/folders/11/7pfwk3xd20g8rglx83p64h0m0000gn/T/aurora_builtin_package/aurora.base/config/exception-descriptor.config
2015-05-13 16:12:09.900 [uncertain.core] [INFO] Loaded instance aurora.bm.BmCachedDataProvider from /private/var/folders/11/7pfwk3xd20g8rglx83p64h0m0000gn/T/aurora_builtin_package/aurora.base/config/bm-cached-data-provider.config
2015-05-13 16:12:10.150 [aurora.datasource] [CONFIG] Setting up dataSource url:jdbc:oracle:thin:@192.168.11.65:1521:masdev,user:hec2dev_new
2015-05-13 16:12:10.151 [uncertain.core] [INFO] Loaded instance aurora.datasource.DataSourceConfig from /Users/shiliyan/git/aurora-ide/aurora-esb/deploy/WEB-INF/aurora.database/datasource.config
2015-05-13 16:12:10.191 [uncertain.core] [INFO] Loaded instance aurora.database.profile.DatabaseFactory from /private/var/folders/11/7pfwk3xd20g8rglx83p64h0m0000gn/T/aurora_builtin_package/aurora.database/config/database.config
2015-05-13 16:12:10.193 [uncertain.core] [INFO] Loaded instance aurora.bm.ModelFactory from /private/var/folders/11/7pfwk3xd20g8rglx83p64h0m0000gn/T/aurora_builtin_package/aurora.database/config/model-factory.config
2015-05-13 16:12:10.200 [aurora.database] [INFO] Using datasource com.mchange.v2.c3p0.PoolBackedDataSource@2261fbda [ connectionPoolDataSource -> com.mchange.v2.c3p0.WrapperConnectionPoolDataSource@446e4afd [ acquireIncrement -> 3, acquireRetryAttempts -> 30, acquireRetryDelay -> 1000, autoCommitOnClose -> false, automaticTestTable -> null, breakAfterAcquireFailure -> false, checkoutTimeout -> 30000, connectionCustomizerClassName -> null, connectionTesterClassName -> com.mchange.v2.c3p0.impl.DefaultConnectionTester, debugUnreturnedConnectionStackTraces -> false, factoryClassLocation -> null, forceIgnoreUnresolvedTransactions -> false, identityToken -> 3051e099l6g5141kk0hqh|70e0accd, idleConnectionTestPeriod -> 120, initialPoolSize -> 3, maxAdministrativeTaskTime -> 0, maxConnectionAge -> 0, maxIdleTime -> 180, maxIdleTimeExcessConnections -> 0, maxPoolSize -> 15, maxStatements -> 0, maxStatementsPerConnection -> 0, minPoolSize -> 3, nestedDataSource -> com.mchange.v2.c3p0.DriverManagerDataSource@4cadd050 [ description -> null, driverClass -> oracle.jdbc.driver.OracleDriver, factoryClassLocation -> null, identityToken -> 3051e099l6g5141kk0hqh|aec50a1, jdbcUrl -> jdbc:oracle:thin:@192.168.11.65:1521:masdev, properties -> {user=******, password=******} ], preferredTestQuery -> select 1 from dual, propertyCycle -> 0, testConnectionOnCheckin -> true, testConnectionOnCheckout -> false, unreturnedConnectionTimeout -> 0, usesTraditionalReflectiveProxies -> false; userOverrides: {} ], dataSourceName -> null, factoryClassLocation -> null, identityToken -> 3051e099l6g5141kk0hqh|6ce1f601, numHelperThreads -> 3 ]
2015-05-13 16:12:10.213 [uncertain.core] [INFO] Loaded instance aurora.database.service.DatabaseServiceFactory from /private/var/folders/11/7pfwk3xd20g8rglx83p64h0m0000gn/T/aurora_builtin_package/aurora.database/config/database-service-factory.config
2015-05-13 16:12:10.268 [uncertain.core] [INFO] UncertainEngine startup success in 2729 ms
2015-05-13 16:13:07.870 [uncertain.core] [INFO] Uncertain engine startup
2015-05-13 16:13:10.676 [uncertain.core] [INFO] Loaded instance aurora.plugin.esb.AuroraEsbServer from /Users/shiliyan/git/aurora-ide/aurora-esb/deploy/WEB-INF/aurora.plugin.esb/esb.config
2015-05-13 16:13:10.678 [uncertain.core] [INFO] Loaded instance aurora.application.DefaultSessionInfoProvider from /private/var/folders/11/7pfwk3xd20g8rglx83p64h0m0000gn/T/aurora_builtin_package/aurora.features/config/session-info-provider.config
2015-05-13 16:13:10.687 [uncertain.core] [INFO] Loaded instance aurora.application.features.ServiceLogging from /Users/shiliyan/git/aurora-ide/aurora-esb/deploy/WEB-INF/aurora.feature/service-logging.config
2015-05-13 16:13:10.694 [uncertain.core] [INFO] Loaded instance aurora.application.features.ApplicationStartupProcedureInvoker from /private/var/folders/11/7pfwk3xd20g8rglx83p64h0m0000gn/T/aurora_builtin_package/aurora.base/config/app-init-procedure-invoker.config
2015-05-13 16:13:10.711 [uncertain.core] [INFO] Loaded instance aurora.service.exception.ExceptionDescriptorConfig from /private/var/folders/11/7pfwk3xd20g8rglx83p64h0m0000gn/T/aurora_builtin_package/aurora.base/config/exception-descriptor.config
2015-05-13 16:13:10.715 [uncertain.core] [INFO] Loaded instance aurora.bm.BmCachedDataProvider from /private/var/folders/11/7pfwk3xd20g8rglx83p64h0m0000gn/T/aurora_builtin_package/aurora.base/config/bm-cached-data-provider.config
2015-05-13 16:13:11.53 [aurora.datasource] [CONFIG] Setting up dataSource url:jdbc:oracle:thin:@192.168.11.65:1521:masdev,user:hec2dev_new
2015-05-13 16:13:11.54 [uncertain.core] [INFO] Loaded instance aurora.datasource.DataSourceConfig from /Users/shiliyan/git/aurora-ide/aurora-esb/deploy/WEB-INF/aurora.database/datasource.config
2015-05-13 16:13:11.97 [uncertain.core] [INFO] Loaded instance aurora.database.profile.DatabaseFactory from /private/var/folders/11/7pfwk3xd20g8rglx83p64h0m0000gn/T/aurora_builtin_package/aurora.database/config/database.config
2015-05-13 16:13:11.98 [uncertain.core] [INFO] Loaded instance aurora.bm.ModelFactory from /private/var/folders/11/7pfwk3xd20g8rglx83p64h0m0000gn/T/aurora_builtin_package/aurora.database/config/model-factory.config
2015-05-13 16:13:11.101 [aurora.database] [INFO] Using datasource com.mchange.v2.c3p0.PoolBackedDataSource@521eaf78 [ connectionPoolDataSource -> com.mchange.v2.c3p0.WrapperConnectionPoolDataSource@863275dd [ acquireIncrement -> 3, acquireRetryAttempts -> 30, acquireRetryDelay -> 1000, autoCommitOnClose -> false, automaticTestTable -> null, breakAfterAcquireFailure -> false, checkoutTimeout -> 30000, connectionCustomizerClassName -> null, connectionTesterClassName -> com.mchange.v2.c3p0.impl.DefaultConnectionTester, debugUnreturnedConnectionStackTraces -> false, factoryClassLocation -> null, forceIgnoreUnresolvedTransactions -> false, identityToken -> 3051e099l6hfyjbz3wrh|54d901aa, idleConnectionTestPeriod -> 120, initialPoolSize -> 3, maxAdministrativeTaskTime -> 0, maxConnectionAge -> 0, maxIdleTime -> 180, maxIdleTimeExcessConnections -> 0, maxPoolSize -> 15, maxStatements -> 0, maxStatementsPerConnection -> 0, minPoolSize -> 3, nestedDataSource -> com.mchange.v2.c3p0.DriverManagerDataSource@52cdc4ad [ description -> null, driverClass -> oracle.jdbc.driver.OracleDriver, factoryClassLocation -> null, identityToken -> 3051e099l6hfyjbz3wrh|3f49e266, jdbcUrl -> jdbc:oracle:thin:@192.168.11.65:1521:masdev, properties -> {user=******, password=******} ], preferredTestQuery -> select 1 from dual, propertyCycle -> 0, testConnectionOnCheckin -> true, testConnectionOnCheckout -> false, unreturnedConnectionTimeout -> 0, usesTraditionalReflectiveProxies -> false; userOverrides: {} ], dataSourceName -> null, factoryClassLocation -> null, identityToken -> 3051e099l6hfyjbz3wrh|47ad69f7, numHelperThreads -> 3 ]
2015-05-13 16:13:11.113 [uncertain.core] [INFO] Loaded instance aurora.database.service.DatabaseServiceFactory from /private/var/folders/11/7pfwk3xd20g8rglx83p64h0m0000gn/T/aurora_builtin_package/aurora.database/config/database-service-factory.config
2015-05-13 16:13:11.145 [uncertain.core] [INFO] UncertainEngine startup success in 3361 ms
2015-05-13 16:42:59.737 [uncertain.core] [INFO] Uncertain engine startup
2015-05-13 16:43:02.76 [uncertain.core] [INFO] Loaded instance aurora.plugin.esb.AuroraEsbServer from /Users/shiliyan/git/aurora-ide/aurora-esb/deploy/WEB-INF/aurora.plugin.esb/esb.config
2015-05-13 16:43:02.80 [uncertain.core] [INFO] Loaded instance aurora.application.DefaultSessionInfoProvider from /private/var/folders/11/7pfwk3xd20g8rglx83p64h0m0000gn/T/aurora_builtin_package/aurora.features/config/session-info-provider.config
2015-05-13 16:43:02.89 [uncertain.core] [INFO] Loaded instance aurora.application.features.ServiceLogging from /Users/shiliyan/git/aurora-ide/aurora-esb/deploy/WEB-INF/aurora.feature/service-logging.config
2015-05-13 16:43:02.92 [uncertain.core] [INFO] Loaded instance aurora.application.features.ApplicationStartupProcedureInvoker from /private/var/folders/11/7pfwk3xd20g8rglx83p64h0m0000gn/T/aurora_builtin_package/aurora.base/config/app-init-procedure-invoker.config
2015-05-13 16:43:02.105 [uncertain.core] [INFO] Loaded instance aurora.service.exception.ExceptionDescriptorConfig from /private/var/folders/11/7pfwk3xd20g8rglx83p64h0m0000gn/T/aurora_builtin_package/aurora.base/config/exception-descriptor.config
2015-05-13 16:43:02.108 [uncertain.core] [INFO] Loaded instance aurora.bm.BmCachedDataProvider from /private/var/folders/11/7pfwk3xd20g8rglx83p64h0m0000gn/T/aurora_builtin_package/aurora.base/config/bm-cached-data-provider.config
2015-05-13 16:43:02.405 [aurora.datasource] [CONFIG] Setting up dataSource url:jdbc:oracle:thin:@192.168.11.65:1521:masdev,user:hec2dev_new
2015-05-13 16:43:02.406 [uncertain.core] [INFO] Loaded instance aurora.datasource.DataSourceConfig from /Users/shiliyan/git/aurora-ide/aurora-esb/deploy/WEB-INF/aurora.database/datasource.config
2015-05-13 16:43:02.438 [uncertain.core] [INFO] Loaded instance aurora.database.profile.DatabaseFactory from /private/var/folders/11/7pfwk3xd20g8rglx83p64h0m0000gn/T/aurora_builtin_package/aurora.database/config/database.config
2015-05-13 16:43:02.440 [uncertain.core] [INFO] Loaded instance aurora.bm.ModelFactory from /private/var/folders/11/7pfwk3xd20g8rglx83p64h0m0000gn/T/aurora_builtin_package/aurora.database/config/model-factory.config
2015-05-13 16:43:02.443 [aurora.database] [INFO] Using datasource com.mchange.v2.c3p0.PoolBackedDataSource@109e5b1f [ connectionPoolDataSource -> com.mchange.v2.c3p0.WrapperConnectionPoolDataSource@a0ee12b8 [ acquireIncrement -> 3, acquireRetryAttempts -> 30, acquireRetryDelay -> 1000, autoCommitOnClose -> false, automaticTestTable -> null, breakAfterAcquireFailure -> false, checkoutTimeout -> 30000, connectionCustomizerClassName -> null, connectionTesterClassName -> com.mchange.v2.c3p0.impl.DefaultConnectionTester, debugUnreturnedConnectionStackTraces -> false, factoryClassLocation -> null, forceIgnoreUnresolvedTransactions -> false, identityToken -> 3051e099l7ju7f1v8jxp2|2102a4d5, idleConnectionTestPeriod -> 120, initialPoolSize -> 3, maxAdministrativeTaskTime -> 0, maxConnectionAge -> 0, maxIdleTime -> 180, maxIdleTimeExcessConnections -> 0, maxPoolSize -> 15, maxStatements -> 0, maxStatementsPerConnection -> 0, minPoolSize -> 3, nestedDataSource -> com.mchange.v2.c3p0.DriverManagerDataSource@ccf84165 [ description -> null, driverClass -> oracle.jdbc.driver.OracleDriver, factoryClassLocation -> null, identityToken -> 3051e099l7ju7f1v8jxp2|6b9267b, jdbcUrl -> jdbc:oracle:thin:@192.168.11.65:1521:masdev, properties -> {user=******, password=******} ], preferredTestQuery -> select 1 from dual, propertyCycle -> 0, testConnectionOnCheckin -> true, testConnectionOnCheckout -> false, unreturnedConnectionTimeout -> 0, usesTraditionalReflectiveProxies -> false; userOverrides: {} ], dataSourceName -> null, factoryClassLocation -> null, identityToken -> 3051e099l7ju7f1v8jxp2|1a6f5124, numHelperThreads -> 3 ]
2015-05-13 16:43:02.456 [uncertain.core] [INFO] Loaded instance aurora.database.service.DatabaseServiceFactory from /private/var/folders/11/7pfwk3xd20g8rglx83p64h0m0000gn/T/aurora_builtin_package/aurora.database/config/database-service-factory.config
2015-05-13 16:43:02.490 [uncertain.core] [INFO] UncertainEngine startup success in 2838 ms
