2015-06-01 09:17:07.466 [uncertain.core] [INFO] Uncertain engine startup
2015-06-01 09:17:10.428 [uncertain.core] [INFO] Loaded instance aurora.plugin.esb.AuroraEsbServer from /Users/shiliyan/git/aurora-ide/aurora-esb/deploy/WEB-INF/aurora.plugin.esb/esb.config
2015-06-01 09:17:10.431 [uncertain.core] [INFO] Loaded instance aurora.application.DefaultSessionInfoProvider from /private/var/folders/11/7pfwk3xd20g8rglx83p64h0m0000gn/T/aurora_builtin_package/aurora.features/config/session-info-provider.config
2015-06-01 09:17:10.453 [uncertain.core] [INFO] Loaded instance aurora.application.features.ServiceLogging from /Users/shiliyan/git/aurora-ide/aurora-esb/deploy/WEB-INF/aurora.feature/service-logging.config
2015-06-01 09:17:10.456 [uncertain.core] [INFO] Loaded instance aurora.application.features.ApplicationStartupProcedureInvoker from /private/var/folders/11/7pfwk3xd20g8rglx83p64h0m0000gn/T/aurora_builtin_package/aurora.base/config/app-init-procedure-invoker.config
2015-06-01 09:17:10.470 [uncertain.core] [INFO] Loaded instance aurora.service.exception.ExceptionDescriptorConfig from /private/var/folders/11/7pfwk3xd20g8rglx83p64h0m0000gn/T/aurora_builtin_package/aurora.base/config/exception-descriptor.config
2015-06-01 09:17:10.475 [uncertain.core] [INFO] Loaded instance aurora.bm.BmCachedDataProvider from /private/var/folders/11/7pfwk3xd20g8rglx83p64h0m0000gn/T/aurora_builtin_package/aurora.base/config/bm-cached-data-provider.config
2015-06-01 09:17:10.941 [aurora.datasource] [CONFIG] Setting up dataSource url:jdbc:oracle:thin:@192.168.1.11:1521:hls,user:cf_test
2015-06-01 09:17:10.952 [uncertain.core] [INFO] Loaded instance aurora.datasource.DataSourceConfig from /Users/shiliyan/git/aurora-ide/aurora-esb/deploy/WEB-INF/aurora.database/datasource.config
2015-06-01 09:17:10.984 [uncertain.core] [INFO] Loaded instance aurora.database.profile.DatabaseFactory from /private/var/folders/11/7pfwk3xd20g8rglx83p64h0m0000gn/T/aurora_builtin_package/aurora.database/config/database.config
2015-06-01 09:17:10.989 [uncertain.core] [INFO] Loaded instance aurora.bm.ModelFactory from /private/var/folders/11/7pfwk3xd20g8rglx83p64h0m0000gn/T/aurora_builtin_package/aurora.database/config/model-factory.config
2015-06-01 09:17:10.993 [aurora.database] [INFO] Using datasource com.mchange.v2.c3p0.PoolBackedDataSource@29548dae [ connectionPoolDataSource -> com.mchange.v2.c3p0.WrapperConnectionPoolDataSource@92c5d1ee [ acquireIncrement -> 3, acquireRetryAttempts -> 30, acquireRetryDelay -> 1000, autoCommitOnClose -> false, automaticTestTable -> null, breakAfterAcquireFailure -> false, checkoutTimeout -> 3000, connectionCustomizerClassName -> null, connectionTesterClassName -> com.mchange.v2.c3p0.impl.DefaultConnectionTester, debugUnreturnedConnectionStackTraces -> false, factoryClassLocation -> null, forceIgnoreUnresolvedTransactions -> false, identityToken -> 1hge18l991bwzn8014vg575|3adbe50f, idleConnectionTestPeriod -> 60, initialPoolSize -> 3, maxAdministrativeTaskTime -> 0, maxConnectionAge -> 0, maxIdleTime -> 120, maxIdleTimeExcessConnections -> 0, maxPoolSize -> 20, maxStatements -> 0, maxStatementsPerConnection -> 0, minPoolSize -> 1, nestedDataSource -> com.mchange.v2.c3p0.DriverManagerDataSource@4ef64a99 [ description -> null, driverClass -> oracle.jdbc.driver.OracleDriver, factoryClassLocation -> null, identityToken -> 1hge18l991bwzn8014vg575|24a298a6, jdbcUrl -> jdbc:oracle:thin:@192.168.1.11:1521:hls, properties -> {user=******, password=******} ], preferredTestQuery -> select 1 from dual, propertyCycle -> 0, testConnectionOnCheckin -> true, testConnectionOnCheckout -> false, unreturnedConnectionTimeout -> 0, usesTraditionalReflectiveProxies -> false; userOverrides: {} ], dataSourceName -> null, factoryClassLocation -> null, identityToken -> 1hge18l991bwzn8014vg575|682bd3c4, numHelperThreads -> 3 ]
2015-06-01 09:17:11.18 [uncertain.core] [INFO] Loaded instance aurora.database.service.DatabaseServiceFactory from /private/var/folders/11/7pfwk3xd20g8rglx83p64h0m0000gn/T/aurora_builtin_package/aurora.database/config/database-service-factory.config
2015-06-01 09:17:11.72 [uncertain.core] [INFO] UncertainEngine startup success in 3708 ms
2015-06-01 09:17:54.133 [aurora.plugin.esb.AuroraEsbServer] [INFO] invoice/2015/02/02/94012014070100039587S/IMG_1362.JPG
2015-06-01 09:17:54.950 [aurora.plugin.esb.AuroraEsbServer] [INFO] invoice/2015/02/02/94012014070100039587S/CON150500046-BOP-64_sign.pdf
2015-06-01 09:17:55.207 [aurora.plugin.esb.AuroraEsbServer] [INFO] AUTOFI_CREATE_CONTRACT/20150202/CFCar_AUTOFI_CREATE_CONTRACT_20150202_1.txt
2015-06-01 09:17:55.483 [aurora.plugin.esb.AuroraEsbServer] [INFO] AUTOFI_PAYMENT_RESULT/20150202/CFCar_AUTOFI_PAYMENT_RESULT_20150202_1.txt
2015-06-01 09:17:55.759 [aurora.plugin.esb.AuroraEsbServer] [INFO] AUTOFI_LOAN_RESULT/20150202/CFCar_AUTOFI_LOAN_RESULT_20150202_1.txt
2015-06-01 09:17:56.3 [aurora.plugin.esb.AuroraEsbServer] [INFO] AUTOFI_INVOICE_INFO/20150202/CFCar_AUTOFI_INVOICE_INFO_20150202_1.txt
2015-06-01 09:17:56.280 [aurora.plugin.esb.AuroraEsbServer] [INFO] AUTOFI_CANCLE_CONTRACT/20150202/CFCar_AUTOFI_CANCLE_CONTRACT_20150202_1.txt
2015-06-01 09:17:56.559 [aurora.plugin.esb.AuroraEsbServer] [INFO] AUTOFI_PAYEE_INFO/20150202/CFCar_AUTOFI_PAYEE_INFO_20150202_1.txt
2015-06-01 09:23:31.372 [uncertain.core] [INFO] Uncertain engine startup
2015-06-01 09:23:33.694 [uncertain.core] [INFO] Loaded instance aurora.plugin.esb.AuroraEsbServer from /Users/shiliyan/git/aurora-ide/aurora-esb/deploy/WEB-INF/aurora.plugin.esb/esb.config
2015-06-01 09:23:33.698 [uncertain.core] [INFO] Loaded instance aurora.application.DefaultSessionInfoProvider from /private/var/folders/11/7pfwk3xd20g8rglx83p64h0m0000gn/T/aurora_builtin_package/aurora.features/config/session-info-provider.config
2015-06-01 09:23:33.710 [uncertain.core] [INFO] Loaded instance aurora.application.features.ServiceLogging from /Users/shiliyan/git/aurora-ide/aurora-esb/deploy/WEB-INF/aurora.feature/service-logging.config
2015-06-01 09:23:33.714 [uncertain.core] [INFO] Loaded instance aurora.application.features.ApplicationStartupProcedureInvoker from /private/var/folders/11/7pfwk3xd20g8rglx83p64h0m0000gn/T/aurora_builtin_package/aurora.base/config/app-init-procedure-invoker.config
2015-06-01 09:23:33.731 [uncertain.core] [INFO] Loaded instance aurora.service.exception.ExceptionDescriptorConfig from /private/var/folders/11/7pfwk3xd20g8rglx83p64h0m0000gn/T/aurora_builtin_package/aurora.base/config/exception-descriptor.config
2015-06-01 09:23:33.737 [uncertain.core] [INFO] Loaded instance aurora.bm.BmCachedDataProvider from /private/var/folders/11/7pfwk3xd20g8rglx83p64h0m0000gn/T/aurora_builtin_package/aurora.base/config/bm-cached-data-provider.config
2015-06-01 09:23:34.123 [aurora.datasource] [CONFIG] Setting up dataSource url:jdbc:oracle:thin:@192.168.1.11:1521:hls,user:cf_test
2015-06-01 09:23:34.124 [uncertain.core] [INFO] Loaded instance aurora.datasource.DataSourceConfig from /Users/shiliyan/git/aurora-ide/aurora-esb/deploy/WEB-INF/aurora.database/datasource.config
2015-06-01 09:23:34.167 [uncertain.core] [INFO] Loaded instance aurora.database.profile.DatabaseFactory from /private/var/folders/11/7pfwk3xd20g8rglx83p64h0m0000gn/T/aurora_builtin_package/aurora.database/config/database.config
2015-06-01 09:23:34.169 [uncertain.core] [INFO] Loaded instance aurora.bm.ModelFactory from /private/var/folders/11/7pfwk3xd20g8rglx83p64h0m0000gn/T/aurora_builtin_package/aurora.database/config/model-factory.config
2015-06-01 09:23:34.174 [aurora.database] [INFO] Using datasource com.mchange.v2.c3p0.PoolBackedDataSource@ce1b862 [ connectionPoolDataSource -> com.mchange.v2.c3p0.WrapperConnectionPoolDataSource@1e3b35da [ acquireIncrement -> 3, acquireRetryAttempts -> 30, acquireRetryDelay -> 1000, autoCommitOnClose -> false, automaticTestTable -> null, breakAfterAcquireFailure -> false, checkoutTimeout -> 3000, connectionCustomizerClassName -> null, connectionTesterClassName -> com.mchange.v2.c3p0.impl.DefaultConnectionTester, debugUnreturnedConnectionStackTraces -> false, factoryClassLocation -> null, forceIgnoreUnresolvedTransactions -> false, identityToken -> 1hge18l991bx7ux0tbqg51|67dba613, idleConnectionTestPeriod -> 60, initialPoolSize -> 3, maxAdministrativeTaskTime -> 0, maxConnectionAge -> 0, maxIdleTime -> 120, maxIdleTimeExcessConnections -> 0, maxPoolSize -> 20, maxStatements -> 0, maxStatementsPerConnection -> 0, minPoolSize -> 1, nestedDataSource -> com.mchange.v2.c3p0.DriverManagerDataSource@8b370c37 [ description -> null, driverClass -> oracle.jdbc.driver.OracleDriver, factoryClassLocation -> null, identityToken -> 1hge18l991bx7ux0tbqg51|52fc5eb1, jdbcUrl -> jdbc:oracle:thin:@192.168.1.11:1521:hls, properties -> {user=******, password=******} ], preferredTestQuery -> select 1 from dual, propertyCycle -> 0, testConnectionOnCheckin -> true, testConnectionOnCheckout -> false, unreturnedConnectionTimeout -> 0, usesTraditionalReflectiveProxies -> false; userOverrides: {} ], dataSourceName -> null, factoryClassLocation -> null, identityToken -> 1hge18l991bx7ux0tbqg51|1965539b, numHelperThreads -> 3 ]
2015-06-01 09:23:34.200 [uncertain.core] [INFO] Loaded instance aurora.database.service.DatabaseServiceFactory from /private/var/folders/11/7pfwk3xd20g8rglx83p64h0m0000gn/T/aurora_builtin_package/aurora.database/config/database-service-factory.config
2015-06-01 09:23:34.281 [uncertain.core] [INFO] UncertainEngine startup success in 2994 ms
2015-06-01 09:31:59.104 [uncertain.core] [INFO] Uncertain engine startup
2015-06-01 09:32:01.712 [uncertain.core] [INFO] Loaded instance aurora.plugin.esb.AuroraEsbServer from /Users/shiliyan/git/aurora-ide/aurora-esb/deploy/WEB-INF/aurora.plugin.esb/esb.config
2015-06-01 09:32:01.717 [uncertain.core] [INFO] Loaded instance aurora.application.DefaultSessionInfoProvider from /private/var/folders/11/7pfwk3xd20g8rglx83p64h0m0000gn/T/aurora_builtin_package/aurora.features/config/session-info-provider.config
2015-06-01 09:32:01.739 [uncertain.core] [INFO] Loaded instance aurora.application.features.ServiceLogging from /Users/shiliyan/git/aurora-ide/aurora-esb/deploy/WEB-INF/aurora.feature/service-logging.config
2015-06-01 09:32:01.745 [uncertain.core] [INFO] Loaded instance aurora.application.features.ApplicationStartupProcedureInvoker from /private/var/folders/11/7pfwk3xd20g8rglx83p64h0m0000gn/T/aurora_builtin_package/aurora.base/config/app-init-procedure-invoker.config
2015-06-01 09:32:01.764 [uncertain.core] [INFO] Loaded instance aurora.service.exception.ExceptionDescriptorConfig from /private/var/folders/11/7pfwk3xd20g8rglx83p64h0m0000gn/T/aurora_builtin_package/aurora.base/config/exception-descriptor.config
2015-06-01 09:32:01.770 [uncertain.core] [INFO] Loaded instance aurora.bm.BmCachedDataProvider from /private/var/folders/11/7pfwk3xd20g8rglx83p64h0m0000gn/T/aurora_builtin_package/aurora.base/config/bm-cached-data-provider.config
2015-06-01 09:32:02.189 [aurora.datasource] [CONFIG] Setting up dataSource url:jdbc:oracle:thin:@192.168.1.11:1521:hls,user:cf_test
2015-06-01 09:32:02.191 [uncertain.core] [INFO] Loaded instance aurora.datasource.DataSourceConfig from /Users/shiliyan/git/aurora-ide/aurora-esb/deploy/WEB-INF/aurora.database/datasource.config
2015-06-01 09:32:02.233 [uncertain.core] [INFO] Loaded instance aurora.database.profile.DatabaseFactory from /private/var/folders/11/7pfwk3xd20g8rglx83p64h0m0000gn/T/aurora_builtin_package/aurora.database/config/database.config
2015-06-01 09:32:02.235 [uncertain.core] [INFO] Loaded instance aurora.bm.ModelFactory from /private/var/folders/11/7pfwk3xd20g8rglx83p64h0m0000gn/T/aurora_builtin_package/aurora.database/config/model-factory.config
2015-06-01 09:32:02.242 [aurora.database] [INFO] Using datasource com.mchange.v2.c3p0.PoolBackedDataSource@83a9f395 [ connectionPoolDataSource -> com.mchange.v2.c3p0.WrapperConnectionPoolDataSource@ed1b37d5 [ acquireIncrement -> 3, acquireRetryAttempts -> 30, acquireRetryDelay -> 1000, autoCommitOnClose -> false, automaticTestTable -> null, breakAfterAcquireFailure -> false, checkoutTimeout -> 3000, connectionCustomizerClassName -> null, connectionTesterClassName -> com.mchange.v2.c3p0.impl.DefaultConnectionTester, debugUnreturnedConnectionStackTraces -> false, factoryClassLocation -> null, forceIgnoreUnresolvedTransactions -> false, identityToken -> 1hge18l991bxiqwu1jmki4c|3adbe50f, idleConnectionTestPeriod -> 60, initialPoolSize -> 3, maxAdministrativeTaskTime -> 0, maxConnectionAge -> 0, maxIdleTime -> 120, maxIdleTimeExcessConnections -> 0, maxPoolSize -> 20, maxStatements -> 0, maxStatementsPerConnection -> 0, minPoolSize -> 1, nestedDataSource -> com.mchange.v2.c3p0.DriverManagerDataSource@a94bb080 [ description -> null, driverClass -> oracle.jdbc.driver.OracleDriver, factoryClassLocation -> null, identityToken -> 1hge18l991bxiqwu1jmki4c|24a298a6, jdbcUrl -> jdbc:oracle:thin:@192.168.1.11:1521:hls, properties -> {user=******, password=******} ], preferredTestQuery -> select 1 from dual, propertyCycle -> 0, testConnectionOnCheckin -> true, testConnectionOnCheckout -> false, unreturnedConnectionTimeout -> 0, usesTraditionalReflectiveProxies -> false; userOverrides: {} ], dataSourceName -> null, factoryClassLocation -> null, identityToken -> 1hge18l991bxiqwu1jmki4c|682bd3c4, numHelperThreads -> 3 ]
2015-06-01 09:32:02.271 [uncertain.core] [INFO] Loaded instance aurora.database.service.DatabaseServiceFactory from /private/var/folders/11/7pfwk3xd20g8rglx83p64h0m0000gn/T/aurora_builtin_package/aurora.database/config/database-service-factory.config
2015-06-01 09:32:02.320 [uncertain.core] [INFO] UncertainEngine startup success in 3382 ms
2015-06-01 09:36:33.428 [uncertain.core] [INFO] Uncertain engine startup
2015-06-01 09:36:36.145 [uncertain.core] [INFO] Loaded instance aurora.plugin.esb.AuroraEsbServer from /Users/shiliyan/git/aurora-ide/aurora-esb/deploy/WEB-INF/aurora.plugin.esb/esb.config
2015-06-01 09:36:36.149 [uncertain.core] [INFO] Loaded instance aurora.application.DefaultSessionInfoProvider from /private/var/folders/11/7pfwk3xd20g8rglx83p64h0m0000gn/T/aurora_builtin_package/aurora.features/config/session-info-provider.config
2015-06-01 09:36:36.166 [uncertain.core] [INFO] Loaded instance aurora.application.features.ServiceLogging from /Users/shiliyan/git/aurora-ide/aurora-esb/deploy/WEB-INF/aurora.feature/service-logging.config
2015-06-01 09:36:36.170 [uncertain.core] [INFO] Loaded instance aurora.application.features.ApplicationStartupProcedureInvoker from /private/var/folders/11/7pfwk3xd20g8rglx83p64h0m0000gn/T/aurora_builtin_package/aurora.base/config/app-init-procedure-invoker.config
2015-06-01 09:36:36.184 [uncertain.core] [INFO] Loaded instance aurora.service.exception.ExceptionDescriptorConfig from /private/var/folders/11/7pfwk3xd20g8rglx83p64h0m0000gn/T/aurora_builtin_package/aurora.base/config/exception-descriptor.config
2015-06-01 09:36:36.188 [uncertain.core] [INFO] Loaded instance aurora.bm.BmCachedDataProvider from /private/var/folders/11/7pfwk3xd20g8rglx83p64h0m0000gn/T/aurora_builtin_package/aurora.base/config/bm-cached-data-provider.config
2015-06-01 09:36:36.614 [aurora.datasource] [CONFIG] Setting up dataSource url:jdbc:oracle:thin:@192.168.1.11:1521:hls,user:cf_test
2015-06-01 09:36:36.616 [uncertain.core] [INFO] Loaded instance aurora.datasource.DataSourceConfig from /Users/shiliyan/git/aurora-ide/aurora-esb/deploy/WEB-INF/aurora.database/datasource.config
2015-06-01 09:36:36.646 [uncertain.core] [INFO] Loaded instance aurora.database.profile.DatabaseFactory from /private/var/folders/11/7pfwk3xd20g8rglx83p64h0m0000gn/T/aurora_builtin_package/aurora.database/config/database.config
2015-06-01 09:36:36.648 [uncertain.core] [INFO] Loaded instance aurora.bm.ModelFactory from /private/var/folders/11/7pfwk3xd20g8rglx83p64h0m0000gn/T/aurora_builtin_package/aurora.database/config/model-factory.config
2015-06-01 09:36:36.651 [aurora.database] [INFO] Using datasource com.mchange.v2.c3p0.PoolBackedDataSource@76af1d43 [ connectionPoolDataSource -> com.mchange.v2.c3p0.WrapperConnectionPoolDataSource@489d2975 [ acquireIncrement -> 3, acquireRetryAttempts -> 30, acquireRetryDelay -> 1000, autoCommitOnClose -> false, automaticTestTable -> null, breakAfterAcquireFailure -> false, checkoutTimeout -> 3000, connectionCustomizerClassName -> null, connectionTesterClassName -> com.mchange.v2.c3p0.impl.DefaultConnectionTester, debugUnreturnedConnectionStackTraces -> false, factoryClassLocation -> null, forceIgnoreUnresolvedTransactions -> false, identityToken -> 1hge18l991bxomo9p809g9|49aa766b, idleConnectionTestPeriod -> 60, initialPoolSize -> 3, maxAdministrativeTaskTime -> 0, maxConnectionAge -> 0, maxIdleTime -> 120, maxIdleTimeExcessConnections -> 0, maxPoolSize -> 20, maxStatements -> 0, maxStatementsPerConnection -> 0, minPoolSize -> 1, nestedDataSource -> com.mchange.v2.c3p0.DriverManagerDataSource@7bf4f3ac [ description -> null, driverClass -> oracle.jdbc.driver.OracleDriver, factoryClassLocation -> null, identityToken -> 1hge18l991bxomo9p809g9|27f74733, jdbcUrl -> jdbc:oracle:thin:@192.168.1.11:1521:hls, properties -> {user=******, password=******} ], preferredTestQuery -> select 1 from dual, propertyCycle -> 0, testConnectionOnCheckin -> true, testConnectionOnCheckout -> false, unreturnedConnectionTimeout -> 0, usesTraditionalReflectiveProxies -> false; userOverrides: {} ], dataSourceName -> null, factoryClassLocation -> null, identityToken -> 1hge18l991bxomo9p809g9|24097e9b, numHelperThreads -> 3 ]
2015-06-01 09:36:36.668 [uncertain.core] [INFO] Loaded instance aurora.database.service.DatabaseServiceFactory from /private/var/folders/11/7pfwk3xd20g8rglx83p64h0m0000gn/T/aurora_builtin_package/aurora.database/config/database-service-factory.config
2015-06-01 09:36:36.717 [uncertain.core] [INFO] UncertainEngine startup success in 3378 ms
2015-06-01 09:40:20.545 [uncertain.core] [INFO] Uncertain engine startup
2015-06-01 09:40:22.781 [uncertain.core] [INFO] Loaded instance aurora.plugin.esb.AuroraEsbServer from /Users/shiliyan/git/aurora-ide/aurora-esb/deploy/WEB-INF/aurora.plugin.esb/esb.config
2015-06-01 09:40:22.783 [uncertain.core] [INFO] Loaded instance aurora.application.DefaultSessionInfoProvider from /private/var/folders/11/7pfwk3xd20g8rglx83p64h0m0000gn/T/aurora_builtin_package/aurora.features/config/session-info-provider.config
2015-06-01 09:40:22.797 [uncertain.core] [INFO] Loaded instance aurora.application.features.ServiceLogging from /Users/shiliyan/git/aurora-ide/aurora-esb/deploy/WEB-INF/aurora.feature/service-logging.config
2015-06-01 09:40:22.800 [uncertain.core] [INFO] Loaded instance aurora.application.features.ApplicationStartupProcedureInvoker from /private/var/folders/11/7pfwk3xd20g8rglx83p64h0m0000gn/T/aurora_builtin_package/aurora.base/config/app-init-procedure-invoker.config
2015-06-01 09:40:22.810 [uncertain.core] [INFO] Loaded instance aurora.service.exception.ExceptionDescriptorConfig from /private/var/folders/11/7pfwk3xd20g8rglx83p64h0m0000gn/T/aurora_builtin_package/aurora.base/config/exception-descriptor.config
2015-06-01 09:40:22.814 [uncertain.core] [INFO] Loaded instance aurora.bm.BmCachedDataProvider from /private/var/folders/11/7pfwk3xd20g8rglx83p64h0m0000gn/T/aurora_builtin_package/aurora.base/config/bm-cached-data-provider.config
2015-06-01 09:40:23.185 [aurora.datasource] [CONFIG] Setting up dataSource url:jdbc:oracle:thin:@192.168.1.11:1521:hls,user:cf_test
2015-06-01 09:40:23.187 [uncertain.core] [INFO] Loaded instance aurora.datasource.DataSourceConfig from /Users/shiliyan/git/aurora-ide/aurora-esb/deploy/WEB-INF/aurora.database/datasource.config
2015-06-01 09:40:23.219 [uncertain.core] [INFO] Loaded instance aurora.database.profile.DatabaseFactory from /private/var/folders/11/7pfwk3xd20g8rglx83p64h0m0000gn/T/aurora_builtin_package/aurora.database/config/database.config
2015-06-01 09:40:23.223 [uncertain.core] [INFO] Loaded instance aurora.bm.ModelFactory from /private/var/folders/11/7pfwk3xd20g8rglx83p64h0m0000gn/T/aurora_builtin_package/aurora.database/config/model-factory.config
2015-06-01 09:40:23.229 [aurora.database] [INFO] Using datasource com.mchange.v2.c3p0.PoolBackedDataSource@70b4e980 [ connectionPoolDataSource -> com.mchange.v2.c3p0.WrapperConnectionPoolDataSource@820e66f8 [ acquireIncrement -> 3, acquireRetryAttempts -> 30, acquireRetryDelay -> 1000, autoCommitOnClose -> false, automaticTestTable -> null, breakAfterAcquireFailure -> false, checkoutTimeout -> 3000, connectionCustomizerClassName -> null, connectionTesterClassName -> com.mchange.v2.c3p0.impl.DefaultConnectionTester, debugUnreturnedConnectionStackTraces -> false, factoryClassLocation -> null, forceIgnoreUnresolvedTransactions -> false, identityToken -> 1hge18l991bxthjzipi16w|67dba613, idleConnectionTestPeriod -> 60, initialPoolSize -> 3, maxAdministrativeTaskTime -> 0, maxConnectionAge -> 0, maxIdleTime -> 120, maxIdleTimeExcessConnections -> 0, maxPoolSize -> 20, maxStatements -> 0, maxStatementsPerConnection -> 0, minPoolSize -> 1, nestedDataSource -> com.mchange.v2.c3p0.DriverManagerDataSource@ef0a3d55 [ description -> null, driverClass -> oracle.jdbc.driver.OracleDriver, factoryClassLocation -> null, identityToken -> 1hge18l991bxthjzipi16w|52fc5eb1, jdbcUrl -> jdbc:oracle:thin:@192.168.1.11:1521:hls, properties -> {user=******, password=******} ], preferredTestQuery -> select 1 from dual, propertyCycle -> 0, testConnectionOnCheckin -> true, testConnectionOnCheckout -> false, unreturnedConnectionTimeout -> 0, usesTraditionalReflectiveProxies -> false; userOverrides: {} ], dataSourceName -> null, factoryClassLocation -> null, identityToken -> 1hge18l991bxthjzipi16w|1965539b, numHelperThreads -> 3 ]
2015-06-01 09:40:23.255 [uncertain.core] [INFO] Loaded instance aurora.database.service.DatabaseServiceFactory from /private/var/folders/11/7pfwk3xd20g8rglx83p64h0m0000gn/T/aurora_builtin_package/aurora.database/config/database-service-factory.config
2015-06-01 09:40:23.373 [uncertain.core] [INFO] UncertainEngine startup success in 2929 ms
2015-06-01 09:46:30.320 [uncertain.core] [INFO] Uncertain engine startup
2015-06-01 09:46:32.817 [uncertain.core] [INFO] Loaded instance aurora.plugin.esb.AuroraEsbServer from /Users/shiliyan/git/aurora-ide/aurora-esb/deploy/WEB-INF/aurora.plugin.esb/esb.config
2015-06-01 09:46:32.821 [uncertain.core] [INFO] Loaded instance aurora.application.DefaultSessionInfoProvider from /private/var/folders/11/7pfwk3xd20g8rglx83p64h0m0000gn/T/aurora_builtin_package/aurora.features/config/session-info-provider.config
2015-06-01 09:46:32.838 [uncertain.core] [INFO] Loaded instance aurora.application.features.ServiceLogging from /Users/shiliyan/git/aurora-ide/aurora-esb/deploy/WEB-INF/aurora.feature/service-logging.config
2015-06-01 09:46:32.841 [uncertain.core] [INFO] Loaded instance aurora.application.features.ApplicationStartupProcedureInvoker from /private/var/folders/11/7pfwk3xd20g8rglx83p64h0m0000gn/T/aurora_builtin_package/aurora.base/config/app-init-procedure-invoker.config
2015-06-01 09:46:32.862 [uncertain.core] [INFO] Loaded instance aurora.service.exception.ExceptionDescriptorConfig from /private/var/folders/11/7pfwk3xd20g8rglx83p64h0m0000gn/T/aurora_builtin_package/aurora.base/config/exception-descriptor.config
2015-06-01 09:46:32.867 [uncertain.core] [INFO] Loaded instance aurora.bm.BmCachedDataProvider from /private/var/folders/11/7pfwk3xd20g8rglx83p64h0m0000gn/T/aurora_builtin_package/aurora.base/config/bm-cached-data-provider.config
2015-06-01 09:46:33.930 [aurora.datasource] [CONFIG] Setting up dataSource url:jdbc:oracle:thin:@192.168.1.11:1521:hls,user:cf_test
2015-06-01 09:46:33.933 [uncertain.core] [INFO] Loaded instance aurora.datasource.DataSourceConfig from /Users/shiliyan/git/aurora-ide/aurora-esb/deploy/WEB-INF/aurora.database/datasource.config
2015-06-01 09:46:34.59 [uncertain.core] [INFO] Loaded instance aurora.database.profile.DatabaseFactory from /private/var/folders/11/7pfwk3xd20g8rglx83p64h0m0000gn/T/aurora_builtin_package/aurora.database/config/database.config
2015-06-01 09:46:34.72 [uncertain.core] [INFO] Loaded instance aurora.bm.ModelFactory from /private/var/folders/11/7pfwk3xd20g8rglx83p64h0m0000gn/T/aurora_builtin_package/aurora.database/config/model-factory.config
2015-06-01 09:46:34.75 [aurora.database] [INFO] Using datasource com.mchange.v2.c3p0.PoolBackedDataSource@8f8f8c18 [ connectionPoolDataSource -> com.mchange.v2.c3p0.WrapperConnectionPoolDataSource@f900d058 [ acquireIncrement -> 3, acquireRetryAttempts -> 30, acquireRetryDelay -> 1000, autoCommitOnClose -> false, automaticTestTable -> null, breakAfterAcquireFailure -> false, checkoutTimeout -> 3000, connectionCustomizerClassName -> null, connectionTesterClassName -> com.mchange.v2.c3p0.impl.DefaultConnectionTester, debugUnreturnedConnectionStackTraces -> false, factoryClassLocation -> null, forceIgnoreUnresolvedTransactions -> false, identityToken -> 1hge18l991by1f4i1fa30x8|3adbe50f, idleConnectionTestPeriod -> 60, initialPoolSize -> 3, maxAdministrativeTaskTime -> 0, maxConnectionAge -> 0, maxIdleTime -> 120, maxIdleTimeExcessConnections -> 0, maxPoolSize -> 20, maxStatements -> 0, maxStatementsPerConnection -> 0, minPoolSize -> 1, nestedDataSource -> com.mchange.v2.c3p0.DriverManagerDataSource@b5314903 [ description -> null, driverClass -> oracle.jdbc.driver.OracleDriver, factoryClassLocation -> null, identityToken -> 1hge18l991by1f4i1fa30x8|24a298a6, jdbcUrl -> jdbc:oracle:thin:@192.168.1.11:1521:hls, properties -> {user=******, password=******} ], preferredTestQuery -> select 1 from dual, propertyCycle -> 0, testConnectionOnCheckin -> true, testConnectionOnCheckout -> false, unreturnedConnectionTimeout -> 0, usesTraditionalReflectiveProxies -> false; userOverrides: {} ], dataSourceName -> null, factoryClassLocation -> null, identityToken -> 1hge18l991by1f4i1fa30x8|682bd3c4, numHelperThreads -> 3 ]
2015-06-01 09:46:34.97 [uncertain.core] [INFO] Loaded instance aurora.database.service.DatabaseServiceFactory from /private/var/folders/11/7pfwk3xd20g8rglx83p64h0m0000gn/T/aurora_builtin_package/aurora.database/config/database-service-factory.config
2015-06-01 09:46:34.253 [uncertain.core] [INFO] UncertainEngine startup success in 4018 ms
2015-06-01 09:48:44.395 [uncertain.core] [INFO] Uncertain engine startup
2015-06-01 09:48:46.685 [uncertain.core] [INFO] Loaded instance aurora.plugin.esb.AuroraEsbServer from /Users/shiliyan/git/aurora-ide/aurora-esb/deploy/WEB-INF/aurora.plugin.esb/esb.config
2015-06-01 09:48:46.689 [uncertain.core] [INFO] Loaded instance aurora.application.DefaultSessionInfoProvider from /private/var/folders/11/7pfwk3xd20g8rglx83p64h0m0000gn/T/aurora_builtin_package/aurora.features/config/session-info-provider.config
2015-06-01 09:48:46.701 [uncertain.core] [INFO] Loaded instance aurora.application.features.ServiceLogging from /Users/shiliyan/git/aurora-ide/aurora-esb/deploy/WEB-INF/aurora.feature/service-logging.config
2015-06-01 09:48:46.712 [uncertain.core] [INFO] Loaded instance aurora.application.features.ApplicationStartupProcedureInvoker from /private/var/folders/11/7pfwk3xd20g8rglx83p64h0m0000gn/T/aurora_builtin_package/aurora.base/config/app-init-procedure-invoker.config
2015-06-01 09:48:46.726 [uncertain.core] [INFO] Loaded instance aurora.service.exception.ExceptionDescriptorConfig from /private/var/folders/11/7pfwk3xd20g8rglx83p64h0m0000gn/T/aurora_builtin_package/aurora.base/config/exception-descriptor.config
2015-06-01 09:48:46.733 [uncertain.core] [INFO] Loaded instance aurora.bm.BmCachedDataProvider from /private/var/folders/11/7pfwk3xd20g8rglx83p64h0m0000gn/T/aurora_builtin_package/aurora.base/config/bm-cached-data-provider.config
2015-06-01 09:48:47.128 [aurora.datasource] [CONFIG] Setting up dataSource url:jdbc:oracle:thin:@192.168.1.11:1521:hls,user:cf_test
2015-06-01 09:48:47.129 [uncertain.core] [INFO] Loaded instance aurora.datasource.DataSourceConfig from /Users/shiliyan/git/aurora-ide/aurora-esb/deploy/WEB-INF/aurora.database/datasource.config
2015-06-01 09:48:47.164 [uncertain.core] [INFO] Loaded instance aurora.database.profile.DatabaseFactory from /private/var/folders/11/7pfwk3xd20g8rglx83p64h0m0000gn/T/aurora_builtin_package/aurora.database/config/database.config
2015-06-01 09:48:47.169 [uncertain.core] [INFO] Loaded instance aurora.bm.ModelFactory from /private/var/folders/11/7pfwk3xd20g8rglx83p64h0m0000gn/T/aurora_builtin_package/aurora.database/config/model-factory.config
2015-06-01 09:48:47.175 [aurora.database] [INFO] Using datasource com.mchange.v2.c3p0.PoolBackedDataSource@f0035209 [ connectionPoolDataSource -> com.mchange.v2.c3p0.WrapperConnectionPoolDataSource@59749649 [ acquireIncrement -> 3, acquireRetryAttempts -> 30, acquireRetryDelay -> 1000, autoCommitOnClose -> false, automaticTestTable -> null, breakAfterAcquireFailure -> false, checkoutTimeout -> 3000, connectionCustomizerClassName -> null, connectionTesterClassName -> com.mchange.v2.c3p0.impl.DefaultConnectionTester, debugUnreturnedConnectionStackTraces -> false, factoryClassLocation -> null, forceIgnoreUnresolvedTransactions -> false, identityToken -> 1hge18l991by4ackwxnjiw|3adbe50f, idleConnectionTestPeriod -> 60, initialPoolSize -> 3, maxAdministrativeTaskTime -> 0, maxConnectionAge -> 0, maxIdleTime -> 120, maxIdleTimeExcessConnections -> 0, maxPoolSize -> 20, maxStatements -> 0, maxStatementsPerConnection -> 0, minPoolSize -> 1, nestedDataSource -> com.mchange.v2.c3p0.DriverManagerDataSource@15a50ef4 [ description -> null, driverClass -> oracle.jdbc.driver.OracleDriver, factoryClassLocation -> null, identityToken -> 1hge18l991by4ackwxnjiw|24a298a6, jdbcUrl -> jdbc:oracle:thin:@192.168.1.11:1521:hls, properties -> {user=******, password=******} ], preferredTestQuery -> select 1 from dual, propertyCycle -> 0, testConnectionOnCheckin -> true, testConnectionOnCheckout -> false, unreturnedConnectionTimeout -> 0, usesTraditionalReflectiveProxies -> false; userOverrides: {} ], dataSourceName -> null, factoryClassLocation -> null, identityToken -> 1hge18l991by4ackwxnjiw|682bd3c4, numHelperThreads -> 3 ]
2015-06-01 09:48:47.197 [uncertain.core] [INFO] Loaded instance aurora.database.service.DatabaseServiceFactory from /private/var/folders/11/7pfwk3xd20g8rglx83p64h0m0000gn/T/aurora_builtin_package/aurora.database/config/database-service-factory.config
2015-06-01 09:48:47.290 [uncertain.core] [INFO] UncertainEngine startup success in 3008 ms
2015-06-01 09:54:43.614 [uncertain.core] [INFO] Uncertain engine startup
2015-06-01 09:54:46.39 [uncertain.core] [INFO] Loaded instance aurora.plugin.esb.AuroraEsbServer from /Users/shiliyan/git/aurora-ide/aurora-esb/deploy/WEB-INF/aurora.plugin.esb/esb.config
2015-06-01 09:54:46.45 [uncertain.core] [INFO] Loaded instance aurora.application.DefaultSessionInfoProvider from /private/var/folders/11/7pfwk3xd20g8rglx83p64h0m0000gn/T/aurora_builtin_package/aurora.features/config/session-info-provider.config
2015-06-01 09:54:46.52 [uncertain.core] [INFO] Loaded instance aurora.application.features.ServiceLogging from /Users/shiliyan/git/aurora-ide/aurora-esb/deploy/WEB-INF/aurora.feature/service-logging.config
2015-06-01 09:54:46.58 [uncertain.core] [INFO] Loaded instance aurora.application.features.ApplicationStartupProcedureInvoker from /private/var/folders/11/7pfwk3xd20g8rglx83p64h0m0000gn/T/aurora_builtin_package/aurora.base/config/app-init-procedure-invoker.config
2015-06-01 09:54:46.84 [uncertain.core] [INFO] Loaded instance aurora.service.exception.ExceptionDescriptorConfig from /private/var/folders/11/7pfwk3xd20g8rglx83p64h0m0000gn/T/aurora_builtin_package/aurora.base/config/exception-descriptor.config
2015-06-01 09:54:46.88 [uncertain.core] [INFO] Loaded instance aurora.bm.BmCachedDataProvider from /private/var/folders/11/7pfwk3xd20g8rglx83p64h0m0000gn/T/aurora_builtin_package/aurora.base/config/bm-cached-data-provider.config
2015-06-01 09:54:46.674 [aurora.datasource] [CONFIG] Setting up dataSource url:jdbc:oracle:thin:@192.168.1.11:1521:hls,user:cf_test
2015-06-01 09:54:46.676 [uncertain.core] [INFO] Loaded instance aurora.datasource.DataSourceConfig from /Users/shiliyan/git/aurora-ide/aurora-esb/deploy/WEB-INF/aurora.database/datasource.config
2015-06-01 09:54:46.710 [uncertain.core] [INFO] Loaded instance aurora.database.profile.DatabaseFactory from /private/var/folders/11/7pfwk3xd20g8rglx83p64h0m0000gn/T/aurora_builtin_package/aurora.database/config/database.config
2015-06-01 09:54:46.713 [uncertain.core] [INFO] Loaded instance aurora.bm.ModelFactory from /private/var/folders/11/7pfwk3xd20g8rglx83p64h0m0000gn/T/aurora_builtin_package/aurora.database/config/model-factory.config
2015-06-01 09:54:46.718 [aurora.database] [INFO] Using datasource com.mchange.v2.c3p0.PoolBackedDataSource@601c0dff [ connectionPoolDataSource -> com.mchange.v2.c3p0.WrapperConnectionPoolDataSource@71758b77 [ acquireIncrement -> 3, acquireRetryAttempts -> 30, acquireRetryDelay -> 1000, autoCommitOnClose -> false, automaticTestTable -> null, breakAfterAcquireFailure -> false, checkoutTimeout -> 3000, connectionCustomizerClassName -> null, connectionTesterClassName -> com.mchange.v2.c3p0.impl.DefaultConnectionTester, debugUnreturnedConnectionStackTraces -> false, factoryClassLocation -> null, forceIgnoreUnresolvedTransactions -> false, identityToken -> 1hge18l991bybzn01h24rvy|67dba613, idleConnectionTestPeriod -> 60, initialPoolSize -> 3, maxAdministrativeTaskTime -> 0, maxConnectionAge -> 0, maxIdleTime -> 120, maxIdleTimeExcessConnections -> 0, maxPoolSize -> 20, maxStatements -> 0, maxStatementsPerConnection -> 0, minPoolSize -> 1, nestedDataSource -> com.mchange.v2.c3p0.DriverManagerDataSource@de7161d4 [ description -> null, driverClass -> oracle.jdbc.driver.OracleDriver, factoryClassLocation -> null, identityToken -> 1hge18l991bybzn01h24rvy|52fc5eb1, jdbcUrl -> jdbc:oracle:thin:@192.168.1.11:1521:hls, properties -> {user=******, password=******} ], preferredTestQuery -> select 1 from dual, propertyCycle -> 0, testConnectionOnCheckin -> true, testConnectionOnCheckout -> false, unreturnedConnectionTimeout -> 0, usesTraditionalReflectiveProxies -> false; userOverrides: {} ], dataSourceName -> null, factoryClassLocation -> null, identityToken -> 1hge18l991bybzn01h24rvy|1965539b, numHelperThreads -> 3 ]
2015-06-01 09:54:46.735 [uncertain.core] [INFO] Loaded instance aurora.database.service.DatabaseServiceFactory from /private/var/folders/11/7pfwk3xd20g8rglx83p64h0m0000gn/T/aurora_builtin_package/aurora.database/config/database-service-factory.config
2015-06-01 09:54:46.772 [uncertain.core] [INFO] UncertainEngine startup success in 3243 ms
2015-06-01 10:33:51.915 [uncertain.core] [INFO] Uncertain engine startup
2015-06-01 10:33:54.760 [uncertain.core] [INFO] Loaded instance aurora.plugin.esb.AuroraEsbServer from /Users/shiliyan/git/aurora-ide/aurora-esb/deploy/WEB-INF/aurora.plugin.esb/esb.config
2015-06-01 10:33:54.765 [uncertain.core] [INFO] Loaded instance aurora.application.DefaultSessionInfoProvider from /private/var/folders/11/7pfwk3xd20g8rglx83p64h0m0000gn/T/aurora_builtin_package/aurora.features/config/session-info-provider.config
2015-06-01 10:33:54.777 [uncertain.core] [INFO] Loaded instance aurora.application.features.ServiceLogging from /Users/shiliyan/git/aurora-ide/aurora-esb/deploy/WEB-INF/aurora.feature/service-logging.config
2015-06-01 10:33:54.779 [uncertain.core] [INFO] Loaded instance aurora.application.features.ApplicationStartupProcedureInvoker from /private/var/folders/11/7pfwk3xd20g8rglx83p64h0m0000gn/T/aurora_builtin_package/aurora.base/config/app-init-procedure-invoker.config
2015-06-01 10:33:54.791 [uncertain.core] [INFO] Loaded instance aurora.service.exception.ExceptionDescriptorConfig from /private/var/folders/11/7pfwk3xd20g8rglx83p64h0m0000gn/T/aurora_builtin_package/aurora.base/config/exception-descriptor.config
2015-06-01 10:33:54.795 [uncertain.core] [INFO] Loaded instance aurora.bm.BmCachedDataProvider from /private/var/folders/11/7pfwk3xd20g8rglx83p64h0m0000gn/T/aurora_builtin_package/aurora.base/config/bm-cached-data-provider.config
2015-06-01 10:33:55.167 [aurora.datasource] [CONFIG] Setting up dataSource url:jdbc:oracle:thin:@192.168.1.11:1521:hls,user:cf_test
2015-06-01 10:33:55.174 [uncertain.core] [INFO] Loaded instance aurora.datasource.DataSourceConfig from /Users/shiliyan/git/aurora-ide/aurora-esb/deploy/WEB-INF/aurora.database/datasource.config
2015-06-01 10:33:55.203 [uncertain.core] [INFO] Loaded instance aurora.database.profile.DatabaseFactory from /private/var/folders/11/7pfwk3xd20g8rglx83p64h0m0000gn/T/aurora_builtin_package/aurora.database/config/database.config
2015-06-01 10:33:55.207 [uncertain.core] [INFO] Loaded instance aurora.bm.ModelFactory from /private/var/folders/11/7pfwk3xd20g8rglx83p64h0m0000gn/T/aurora_builtin_package/aurora.database/config/model-factory.config
2015-06-01 10:33:55.211 [aurora.database] [INFO] Using datasource com.mchange.v2.c3p0.PoolBackedDataSource@1a1f2c35 [ connectionPoolDataSource -> com.mchange.v2.c3p0.WrapperConnectionPoolDataSource@6b3352a6 [ acquireIncrement -> 3, acquireRetryAttempts -> 30, acquireRetryDelay -> 1000, autoCommitOnClose -> false, automaticTestTable -> null, breakAfterAcquireFailure -> false, checkoutTimeout -> 3000, connectionCustomizerClassName -> null, connectionTesterClassName -> com.mchange.v2.c3p0.impl.DefaultConnectionTester, debugUnreturnedConnectionStackTraces -> false, factoryClassLocation -> null, forceIgnoreUnresolvedTransactions -> false, identityToken -> 1hge18l991bzqbwv1lwqjoj|1542af63, idleConnectionTestPeriod -> 60, initialPoolSize -> 3, maxAdministrativeTaskTime -> 0, maxConnectionAge -> 0, maxIdleTime -> 120, maxIdleTimeExcessConnections -> 0, maxPoolSize -> 20, maxStatements -> 0, maxStatementsPerConnection -> 0, minPoolSize -> 1, nestedDataSource -> com.mchange.v2.c3p0.DriverManagerDataSource@2ce3585b [ description -> null, driverClass -> oracle.jdbc.driver.OracleDriver, factoryClassLocation -> null, identityToken -> 1hge18l991bzqbwv1lwqjoj|66596a88, jdbcUrl -> jdbc:oracle:thin:@192.168.1.11:1521:hls, properties -> {user=******, password=******} ], preferredTestQuery -> select 1 from dual, propertyCycle -> 0, testConnectionOnCheckin -> true, testConnectionOnCheckout -> false, unreturnedConnectionTimeout -> 0, usesTraditionalReflectiveProxies -> false; userOverrides: {} ], dataSourceName -> null, factoryClassLocation -> null, identityToken -> 1hge18l991bzqbwv1lwqjoj|4a55a6e8, numHelperThreads -> 3 ]
2015-06-01 10:33:55.266 [uncertain.core] [INFO] Loaded instance aurora.database.service.DatabaseServiceFactory from /private/var/folders/11/7pfwk3xd20g8rglx83p64h0m0000gn/T/aurora_builtin_package/aurora.database/config/database-service-factory.config
2015-06-01 10:33:55.312 [uncertain.core] [INFO] UncertainEngine startup success in 3481 ms
2015-06-01 10:37:11.688 [uncertain.core] [INFO] Uncertain engine startup
2015-06-01 10:37:13.706 [uncertain.core] [INFO] Loaded instance aurora.plugin.esb.AuroraEsbServer from /Users/shiliyan/git/aurora-ide/aurora-esb/deploy/WEB-INF/aurora.plugin.esb/esb.config
2015-06-01 10:37:13.708 [uncertain.core] [INFO] Loaded instance aurora.application.DefaultSessionInfoProvider from /private/var/folders/11/7pfwk3xd20g8rglx83p64h0m0000gn/T/aurora_builtin_package/aurora.features/config/session-info-provider.config
2015-06-01 10:37:13.714 [uncertain.core] [INFO] Loaded instance aurora.application.features.ServiceLogging from /Users/shiliyan/git/aurora-ide/aurora-esb/deploy/WEB-INF/aurora.feature/service-logging.config
2015-06-01 10:37:13.716 [uncertain.core] [INFO] Loaded instance aurora.application.features.ApplicationStartupProcedureInvoker from /private/var/folders/11/7pfwk3xd20g8rglx83p64h0m0000gn/T/aurora_builtin_package/aurora.base/config/app-init-procedure-invoker.config
2015-06-01 10:37:13.724 [uncertain.core] [INFO] Loaded instance aurora.service.exception.ExceptionDescriptorConfig from /private/var/folders/11/7pfwk3xd20g8rglx83p64h0m0000gn/T/aurora_builtin_package/aurora.base/config/exception-descriptor.config
2015-06-01 10:37:13.728 [uncertain.core] [INFO] Loaded instance aurora.bm.BmCachedDataProvider from /private/var/folders/11/7pfwk3xd20g8rglx83p64h0m0000gn/T/aurora_builtin_package/aurora.base/config/bm-cached-data-provider.config
2015-06-01 10:37:13.990 [aurora.datasource] [CONFIG] Setting up dataSource url:jdbc:oracle:thin:@192.168.1.11:1521:hls,user:cf_test
2015-06-01 10:37:13.992 [uncertain.core] [INFO] Loaded instance aurora.datasource.DataSourceConfig from /Users/shiliyan/git/aurora-ide/aurora-esb/deploy/WEB-INF/aurora.database/datasource.config
2015-06-01 10:37:14.16 [uncertain.core] [INFO] Loaded instance aurora.database.profile.DatabaseFactory from /private/var/folders/11/7pfwk3xd20g8rglx83p64h0m0000gn/T/aurora_builtin_package/aurora.database/config/database.config
2015-06-01 10:37:14.18 [uncertain.core] [INFO] Loaded instance aurora.bm.ModelFactory from /private/var/folders/11/7pfwk3xd20g8rglx83p64h0m0000gn/T/aurora_builtin_package/aurora.database/config/model-factory.config
2015-06-01 10:37:14.24 [aurora.database] [INFO] Using datasource com.mchange.v2.c3p0.PoolBackedDataSource@1a6abfa3 [ connectionPoolDataSource -> com.mchange.v2.c3p0.WrapperConnectionPoolDataSource@bdd95b11 [ acquireIncrement -> 3, acquireRetryAttempts -> 30, acquireRetryDelay -> 1000, autoCommitOnClose -> false, automaticTestTable -> null, breakAfterAcquireFailure -> false, checkoutTimeout -> 3000, connectionCustomizerClassName -> null, connectionTesterClassName -> com.mchange.v2.c3p0.impl.DefaultConnectionTester, debugUnreturnedConnectionStackTraces -> false, factoryClassLocation -> null, forceIgnoreUnresolvedTransactions -> false, identityToken -> 1hge18l991bzule11mn8cei|297ea53a, idleConnectionTestPeriod -> 60, initialPoolSize -> 3, maxAdministrativeTaskTime -> 0, maxConnectionAge -> 0, maxIdleTime -> 120, maxIdleTimeExcessConnections -> 0, maxPoolSize -> 20, maxStatements -> 0, maxStatementsPerConnection -> 0, minPoolSize -> 1, nestedDataSource -> com.mchange.v2.c3p0.DriverManagerDataSource@630e2b9c [ description -> null, driverClass -> oracle.jdbc.driver.OracleDriver, factoryClassLocation -> null, identityToken -> 1hge18l991bzule11mn8cei|34625ccd, jdbcUrl -> jdbc:oracle:thin:@192.168.1.11:1521:hls, properties -> {user=******, password=******} ], preferredTestQuery -> select 1 from dual, propertyCycle -> 0, testConnectionOnCheckin -> true, testConnectionOnCheckout -> false, unreturnedConnectionTimeout -> 0, usesTraditionalReflectiveProxies -> false; userOverrides: {} ], dataSourceName -> null, factoryClassLocation -> null, identityToken -> 1hge18l991bzule11mn8cei|ab7a938, numHelperThreads -> 3 ]
2015-06-01 10:37:14.34 [uncertain.core] [INFO] Loaded instance aurora.database.service.DatabaseServiceFactory from /private/var/folders/11/7pfwk3xd20g8rglx83p64h0m0000gn/T/aurora_builtin_package/aurora.database/config/database-service-factory.config
2015-06-01 10:37:14.73 [uncertain.core] [INFO] UncertainEngine startup success in 2466 ms
2015-06-01 10:41:58.428 [uncertain.core] [INFO] Uncertain engine startup
2015-06-01 10:42:00.330 [uncertain.core] [INFO] Loaded instance aurora.plugin.esb.AuroraEsbServer from /Users/shiliyan/git/aurora-ide/aurora-esb/deploy/WEB-INF/aurora.plugin.esb/esb.config
2015-06-01 10:42:00.334 [uncertain.core] [INFO] Loaded instance aurora.application.DefaultSessionInfoProvider from /private/var/folders/11/7pfwk3xd20g8rglx83p64h0m0000gn/T/aurora_builtin_package/aurora.features/config/session-info-provider.config
2015-06-01 10:42:00.340 [uncertain.core] [INFO] Loaded instance aurora.application.features.ServiceLogging from /Users/shiliyan/git/aurora-ide/aurora-esb/deploy/WEB-INF/aurora.feature/service-logging.config
2015-06-01 10:42:00.343 [uncertain.core] [INFO] Loaded instance aurora.application.features.ApplicationStartupProcedureInvoker from /private/var/folders/11/7pfwk3xd20g8rglx83p64h0m0000gn/T/aurora_builtin_package/aurora.base/config/app-init-procedure-invoker.config
2015-06-01 10:42:00.352 [uncertain.core] [INFO] Loaded instance aurora.service.exception.ExceptionDescriptorConfig from /private/var/folders/11/7pfwk3xd20g8rglx83p64h0m0000gn/T/aurora_builtin_package/aurora.base/config/exception-descriptor.config
2015-06-01 10:42:00.358 [uncertain.core] [INFO] Loaded instance aurora.bm.BmCachedDataProvider from /private/var/folders/11/7pfwk3xd20g8rglx83p64h0m0000gn/T/aurora_builtin_package/aurora.base/config/bm-cached-data-provider.config
2015-06-01 10:42:00.738 [aurora.datasource] [CONFIG] Setting up dataSource url:jdbc:oracle:thin:@192.168.1.11:1521:hls,user:cf_test
2015-06-01 10:42:00.739 [uncertain.core] [INFO] Loaded instance aurora.datasource.DataSourceConfig from /Users/shiliyan/git/aurora-ide/aurora-esb/deploy/WEB-INF/aurora.database/datasource.config
2015-06-01 10:42:00.807 [uncertain.core] [INFO] Loaded instance aurora.database.profile.DatabaseFactory from /private/var/folders/11/7pfwk3xd20g8rglx83p64h0m0000gn/T/aurora_builtin_package/aurora.database/config/database.config
2015-06-01 10:42:00.809 [uncertain.core] [INFO] Loaded instance aurora.bm.ModelFactory from /private/var/folders/11/7pfwk3xd20g8rglx83p64h0m0000gn/T/aurora_builtin_package/aurora.database/config/model-factory.config
2015-06-01 10:42:00.832 [aurora.database] [INFO] Using datasource com.mchange.v2.c3p0.PoolBackedDataSource@17a7d97d [ connectionPoolDataSource -> com.mchange.v2.c3p0.WrapperConnectionPoolDataSource@81191dbd [ acquireIncrement -> 3, acquireRetryAttempts -> 30, acquireRetryDelay -> 1000, autoCommitOnClose -> false, automaticTestTable -> null, breakAfterAcquireFailure -> false, checkoutTimeout -> 3000, connectionCustomizerClassName -> null, connectionTesterClassName -> com.mchange.v2.c3p0.impl.DefaultConnectionTester, debugUnreturnedConnectionStackTraces -> false, factoryClassLocation -> null, forceIgnoreUnresolvedTransactions -> false, identityToken -> 1hge18l991c00qkg96kmgi|3adbe50f, idleConnectionTestPeriod -> 60, initialPoolSize -> 3, maxAdministrativeTaskTime -> 0, maxConnectionAge -> 0, maxIdleTime -> 120, maxIdleTimeExcessConnections -> 0, maxPoolSize -> 20, maxStatements -> 0, maxStatementsPerConnection -> 0, minPoolSize -> 1, nestedDataSource -> com.mchange.v2.c3p0.DriverManagerDataSource@3d499668 [ description -> null, driverClass -> oracle.jdbc.driver.OracleDriver, factoryClassLocation -> null, identityToken -> 1hge18l991c00qkg96kmgi|24a298a6, jdbcUrl -> jdbc:oracle:thin:@192.168.1.11:1521:hls, properties -> {user=******, password=******} ], preferredTestQuery -> select 1 from dual, propertyCycle -> 0, testConnectionOnCheckin -> true, testConnectionOnCheckout -> false, unreturnedConnectionTimeout -> 0, usesTraditionalReflectiveProxies -> false; userOverrides: {} ], dataSourceName -> null, factoryClassLocation -> null, identityToken -> 1hge18l991c00qkg96kmgi|682bd3c4, numHelperThreads -> 3 ]
2015-06-01 10:42:00.866 [uncertain.core] [INFO] Loaded instance aurora.database.service.DatabaseServiceFactory from /private/var/folders/11/7pfwk3xd20g8rglx83p64h0m0000gn/T/aurora_builtin_package/aurora.database/config/database-service-factory.config
2015-06-01 10:42:00.907 [uncertain.core] [INFO] UncertainEngine startup success in 2560 ms
2015-06-01 10:57:08.245 [uncertain.core] [INFO] Uncertain engine startup
2015-06-01 10:57:09.927 [uncertain.core] [INFO] Loaded instance aurora.plugin.esb.AuroraEsbServer from /Users/shiliyan/git/aurora-ide/aurora-esb/deploy/WEB-INF/aurora.plugin.esb/esb.config
2015-06-01 10:57:09.929 [uncertain.core] [INFO] Loaded instance aurora.application.DefaultSessionInfoProvider from /private/var/folders/11/7pfwk3xd20g8rglx83p64h0m0000gn/T/aurora_builtin_package/aurora.features/config/session-info-provider.config
2015-06-01 10:57:09.942 [uncertain.core] [INFO] Loaded instance aurora.application.features.ServiceLogging from /Users/shiliyan/git/aurora-ide/aurora-esb/deploy/WEB-INF/aurora.feature/service-logging.config
2015-06-01 10:57:09.944 [uncertain.core] [INFO] Loaded instance aurora.application.features.ApplicationStartupProcedureInvoker from /private/var/folders/11/7pfwk3xd20g8rglx83p64h0m0000gn/T/aurora_builtin_package/aurora.base/config/app-init-procedure-invoker.config
2015-06-01 10:57:09.955 [uncertain.core] [INFO] Loaded instance aurora.service.exception.ExceptionDescriptorConfig from /private/var/folders/11/7pfwk3xd20g8rglx83p64h0m0000gn/T/aurora_builtin_package/aurora.base/config/exception-descriptor.config
2015-06-01 10:57:09.959 [uncertain.core] [INFO] Loaded instance aurora.bm.BmCachedDataProvider from /private/var/folders/11/7pfwk3xd20g8rglx83p64h0m0000gn/T/aurora_builtin_package/aurora.base/config/bm-cached-data-provider.config
2015-06-01 10:57:10.309 [aurora.datasource] [CONFIG] Setting up dataSource url:jdbc:oracle:thin:@192.168.1.11:1521:hls,user:cf_test
2015-06-01 10:57:10.314 [uncertain.core] [INFO] Loaded instance aurora.datasource.DataSourceConfig from /Users/shiliyan/git/aurora-ide/aurora-esb/deploy/WEB-INF/aurora.database/datasource.config
2015-06-01 10:57:10.344 [uncertain.core] [INFO] Loaded instance aurora.database.profile.DatabaseFactory from /private/var/folders/11/7pfwk3xd20g8rglx83p64h0m0000gn/T/aurora_builtin_package/aurora.database/config/database.config
2015-06-01 10:57:10.349 [uncertain.core] [INFO] Loaded instance aurora.bm.ModelFactory from /private/var/folders/11/7pfwk3xd20g8rglx83p64h0m0000gn/T/aurora_builtin_package/aurora.database/config/model-factory.config
2015-06-01 10:57:10.351 [aurora.database] [INFO] Using datasource com.mchange.v2.c3p0.PoolBackedDataSource@fcac2208 [ connectionPoolDataSource -> com.mchange.v2.c3p0.WrapperConnectionPoolDataSource@23c4454c [ acquireIncrement -> 3, acquireRetryAttempts -> 30, acquireRetryDelay -> 1000, autoCommitOnClose -> false, automaticTestTable -> null, breakAfterAcquireFailure -> false, checkoutTimeout -> 3000, connectionCustomizerClassName -> null, connectionTesterClassName -> com.mchange.v2.c3p0.impl.DefaultConnectionTester, debugUnreturnedConnectionStackTraces -> false, factoryClassLocation -> null, forceIgnoreUnresolvedTransactions -> false, identityToken -> 1hge18l991c0k8fyrwb0kj|297ea53a, idleConnectionTestPeriod -> 60, initialPoolSize -> 3, maxAdministrativeTaskTime -> 0, maxConnectionAge -> 0, maxIdleTime -> 120, maxIdleTimeExcessConnections -> 0, maxPoolSize -> 20, maxStatements -> 0, maxStatementsPerConnection -> 0, minPoolSize -> 1, nestedDataSource -> com.mchange.v2.c3p0.DriverManagerDataSource@c8f915d7 [ description -> null, driverClass -> oracle.jdbc.driver.OracleDriver, factoryClassLocation -> null, identityToken -> 1hge18l991c0k8fyrwb0kj|34625ccd, jdbcUrl -> jdbc:oracle:thin:@192.168.1.11:1521:hls, properties -> {user=******, password=******} ], preferredTestQuery -> select 1 from dual, propertyCycle -> 0, testConnectionOnCheckin -> true, testConnectionOnCheckout -> false, unreturnedConnectionTimeout -> 0, usesTraditionalReflectiveProxies -> false; userOverrides: {} ], dataSourceName -> null, factoryClassLocation -> null, identityToken -> 1hge18l991c0k8fyrwb0kj|ab7a938, numHelperThreads -> 3 ]
2015-06-01 10:57:10.360 [uncertain.core] [INFO] Loaded instance aurora.database.service.DatabaseServiceFactory from /private/var/folders/11/7pfwk3xd20g8rglx83p64h0m0000gn/T/aurora_builtin_package/aurora.database/config/database-service-factory.config
2015-06-01 10:57:10.399 [uncertain.core] [INFO] UncertainEngine startup success in 2230 ms
2015-06-01 10:57:41.87 [uncertain.core] [INFO] Uncertain engine startup
2015-06-01 10:57:42.668 [uncertain.core] [INFO] Loaded instance aurora.plugin.esb.AuroraEsbServer from /Users/shiliyan/git/aurora-ide/aurora-esb/deploy/WEB-INF/aurora.plugin.esb/esb.config
2015-06-01 10:57:42.671 [uncertain.core] [INFO] Loaded instance aurora.application.DefaultSessionInfoProvider from /private/var/folders/11/7pfwk3xd20g8rglx83p64h0m0000gn/T/aurora_builtin_package/aurora.features/config/session-info-provider.config
2015-06-01 10:57:42.679 [uncertain.core] [INFO] Loaded instance aurora.application.features.ServiceLogging from /Users/shiliyan/git/aurora-ide/aurora-esb/deploy/WEB-INF/aurora.feature/service-logging.config
2015-06-01 10:57:42.682 [uncertain.core] [INFO] Loaded instance aurora.application.features.ApplicationStartupProcedureInvoker from /private/var/folders/11/7pfwk3xd20g8rglx83p64h0m0000gn/T/aurora_builtin_package/aurora.base/config/app-init-procedure-invoker.config
2015-06-01 10:57:42.690 [uncertain.core] [INFO] Loaded instance aurora.service.exception.ExceptionDescriptorConfig from /private/var/folders/11/7pfwk3xd20g8rglx83p64h0m0000gn/T/aurora_builtin_package/aurora.base/config/exception-descriptor.config
2015-06-01 10:57:42.694 [uncertain.core] [INFO] Loaded instance aurora.bm.BmCachedDataProvider from /private/var/folders/11/7pfwk3xd20g8rglx83p64h0m0000gn/T/aurora_builtin_package/aurora.base/config/bm-cached-data-provider.config
2015-06-01 10:57:43.7 [aurora.datasource] [CONFIG] Setting up dataSource url:jdbc:oracle:thin:@192.168.1.11:1521:hls,user:cf_test
2015-06-01 10:57:43.9 [uncertain.core] [INFO] Loaded instance aurora.datasource.DataSourceConfig from /Users/shiliyan/git/aurora-ide/aurora-esb/deploy/WEB-INF/aurora.database/datasource.config
2015-06-01 10:57:43.30 [uncertain.core] [INFO] Loaded instance aurora.database.profile.DatabaseFactory from /private/var/folders/11/7pfwk3xd20g8rglx83p64h0m0000gn/T/aurora_builtin_package/aurora.database/config/database.config
2015-06-01 10:57:43.32 [uncertain.core] [INFO] Loaded instance aurora.bm.ModelFactory from /private/var/folders/11/7pfwk3xd20g8rglx83p64h0m0000gn/T/aurora_builtin_package/aurora.database/config/model-factory.config
2015-06-01 10:57:43.35 [aurora.database] [INFO] Using datasource com.mchange.v2.c3p0.PoolBackedDataSource@7024fb90 [ connectionPoolDataSource -> com.mchange.v2.c3p0.WrapperConnectionPoolDataSource@abc05a1f [ acquireIncrement -> 3, acquireRetryAttempts -> 30, acquireRetryDelay -> 1000, autoCommitOnClose -> false, automaticTestTable -> null, breakAfterAcquireFailure -> false, checkoutTimeout -> 3000, connectionCustomizerClassName -> null, connectionTesterClassName -> com.mchange.v2.c3p0.impl.DefaultConnectionTester, debugUnreturnedConnectionStackTraces -> false, factoryClassLocation -> null, forceIgnoreUnresolvedTransactions -> false, identityToken -> 1hge18l991c0kxo41469ryi|186978a6, idleConnectionTestPeriod -> 60, initialPoolSize -> 3, maxAdministrativeTaskTime -> 0, maxConnectionAge -> 0, maxIdleTime -> 120, maxIdleTimeExcessConnections -> 0, maxPoolSize -> 20, maxStatements -> 0, maxStatementsPerConnection -> 0, minPoolSize -> 1, nestedDataSource -> com.mchange.v2.c3p0.DriverManagerDataSource@5ff0f0c2 [ description -> null, driverClass -> oracle.jdbc.driver.OracleDriver, factoryClassLocation -> null, identityToken -> 1hge18l991c0kxo41469ryi|42f3156d, jdbcUrl -> jdbc:oracle:thin:@192.168.1.11:1521:hls, properties -> {user=******, password=******} ], preferredTestQuery -> select 1 from dual, propertyCycle -> 0, testConnectionOnCheckin -> true, testConnectionOnCheckout -> false, unreturnedConnectionTimeout -> 0, usesTraditionalReflectiveProxies -> false; userOverrides: {} ], dataSourceName -> null, factoryClassLocation -> null, identityToken -> 1hge18l991c0kxo41469ryi|bcec031, numHelperThreads -> 3 ]
2015-06-01 10:57:43.44 [uncertain.core] [INFO] Loaded instance aurora.database.service.DatabaseServiceFactory from /private/var/folders/11/7pfwk3xd20g8rglx83p64h0m0000gn/T/aurora_builtin_package/aurora.database/config/database-service-factory.config
2015-06-01 10:57:43.76 [uncertain.core] [INFO] UncertainEngine startup success in 2063 ms
2015-06-01 11:35:52.282 [uncertain.core] [INFO] Uncertain engine startup
2015-06-01 11:35:54.148 [uncertain.core] [INFO] Loaded instance aurora.plugin.esb.AuroraEsbServer from /Users/shiliyan/git/aurora-ide/aurora-esb/deploy/WEB-INF/aurora.plugin.esb/esb.config
2015-06-01 11:35:54.150 [uncertain.core] [INFO] Loaded instance aurora.application.DefaultSessionInfoProvider from /private/var/folders/11/7pfwk3xd20g8rglx83p64h0m0000gn/T/aurora_builtin_package/aurora.features/config/session-info-provider.config
2015-06-01 11:35:54.157 [uncertain.core] [INFO] Loaded instance aurora.application.features.ServiceLogging from /Users/shiliyan/git/aurora-ide/aurora-esb/deploy/WEB-INF/aurora.feature/service-logging.config
2015-06-01 11:35:54.159 [uncertain.core] [INFO] Loaded instance aurora.application.features.ApplicationStartupProcedureInvoker from /private/var/folders/11/7pfwk3xd20g8rglx83p64h0m0000gn/T/aurora_builtin_package/aurora.base/config/app-init-procedure-invoker.config
2015-06-01 11:35:54.167 [uncertain.core] [INFO] Loaded instance aurora.service.exception.ExceptionDescriptorConfig from /private/var/folders/11/7pfwk3xd20g8rglx83p64h0m0000gn/T/aurora_builtin_package/aurora.base/config/exception-descriptor.config
2015-06-01 11:35:54.170 [uncertain.core] [INFO] Loaded instance aurora.bm.BmCachedDataProvider from /private/var/folders/11/7pfwk3xd20g8rglx83p64h0m0000gn/T/aurora_builtin_package/aurora.base/config/bm-cached-data-provider.config
2015-06-01 11:35:54.539 [aurora.datasource] [CONFIG] Setting up dataSource url:jdbc:oracle:thin:@192.168.1.11:1521:hls,user:cf_test
2015-06-01 11:35:54.543 [uncertain.core] [INFO] Loaded instance aurora.datasource.DataSourceConfig from /Users/shiliyan/git/aurora-ide/aurora-esb/deploy/WEB-INF/aurora.database/datasource.config
2015-06-01 11:35:54.580 [uncertain.core] [INFO] Loaded instance aurora.database.profile.DatabaseFactory from /private/var/folders/11/7pfwk3xd20g8rglx83p64h0m0000gn/T/aurora_builtin_package/aurora.database/config/database.config
2015-06-01 11:35:54.584 [uncertain.core] [INFO] Loaded instance aurora.bm.ModelFactory from /private/var/folders/11/7pfwk3xd20g8rglx83p64h0m0000gn/T/aurora_builtin_package/aurora.database/config/model-factory.config
2015-06-01 11:35:54.589 [aurora.database] [INFO] Using datasource com.mchange.v2.c3p0.PoolBackedDataSource@25d28c49 [ connectionPoolDataSource -> com.mchange.v2.c3p0.WrapperConnectionPoolDataSource@1f6b232b [ acquireIncrement -> 3, acquireRetryAttempts -> 30, acquireRetryDelay -> 1000, autoCommitOnClose -> false, automaticTestTable -> null, breakAfterAcquireFailure -> false, checkoutTimeout -> 3000, connectionCustomizerClassName -> null, connectionTesterClassName -> com.mchange.v2.c3p0.impl.DefaultConnectionTester, debugUnreturnedConnectionStackTraces -> false, factoryClassLocation -> null, forceIgnoreUnresolvedTransactions -> false, identityToken -> 1hge18l991c1y1s7q5s6zg|297ea53a, idleConnectionTestPeriod -> 60, initialPoolSize -> 3, maxAdministrativeTaskTime -> 0, maxConnectionAge -> 0, maxIdleTime -> 120, maxIdleTimeExcessConnections -> 0, maxPoolSize -> 20, maxStatements -> 0, maxStatementsPerConnection -> 0, minPoolSize -> 1, nestedDataSource -> com.mchange.v2.c3p0.DriverManagerDataSource@c49ff3b6 [ description -> null, driverClass -> oracle.jdbc.driver.OracleDriver, factoryClassLocation -> null, identityToken -> 1hge18l991c1y1s7q5s6zg|34625ccd, jdbcUrl -> jdbc:oracle:thin:@192.168.1.11:1521:hls, properties -> {user=******, password=******} ], preferredTestQuery -> select 1 from dual, propertyCycle -> 0, testConnectionOnCheckin -> true, testConnectionOnCheckout -> false, unreturnedConnectionTimeout -> 0, usesTraditionalReflectiveProxies -> false; userOverrides: {} ], dataSourceName -> null, factoryClassLocation -> null, identityToken -> 1hge18l991c1y1s7q5s6zg|ab7a938, numHelperThreads -> 3 ]
2015-06-01 11:35:54.604 [uncertain.core] [INFO] Loaded instance aurora.database.service.DatabaseServiceFactory from /private/var/folders/11/7pfwk3xd20g8rglx83p64h0m0000gn/T/aurora_builtin_package/aurora.database/config/database-service-factory.config
2015-06-01 11:35:54.662 [uncertain.core] [INFO] UncertainEngine startup success in 2459 ms
