2015-06-16 14:23:45.588 [uncertain.core] [INFO] Uncertain engine startup
2015-06-16 14:23:47.2 [uncertain.core] [INFO] Loaded instance aurora.plugin.esb.AuroraEsbServer from /Users/shiliyan/git/aurora-ide/aurora-esb/deploy/WEB-INF/aurora.plugin.esb/esb.config
2015-06-16 14:23:47.5 [uncertain.core] [INFO] Loaded instance aurora.application.DefaultSessionInfoProvider from /private/var/folders/11/7pfwk3xd20g8rglx83p64h0m0000gn/T/aurora_builtin_package/aurora.features/config/session-info-provider.config
2015-06-16 14:23:47.17 [uncertain.core] [INFO] Loaded instance aurora.application.features.ServiceLogging from /Users/shiliyan/git/aurora-ide/aurora-esb/deploy/WEB-INF/aurora.feature/service-logging.config
2015-06-16 14:23:47.22 [uncertain.core] [INFO] Loaded instance aurora.application.features.ApplicationStartupProcedureInvoker from /private/var/folders/11/7pfwk3xd20g8rglx83p64h0m0000gn/T/aurora_builtin_package/aurora.base/config/app-init-procedure-invoker.config
2015-06-16 14:23:47.43 [uncertain.core] [INFO] Loaded instance aurora.service.exception.ExceptionDescriptorConfig from /private/var/folders/11/7pfwk3xd20g8rglx83p64h0m0000gn/T/aurora_builtin_package/aurora.base/config/exception-descriptor.config
2015-06-16 14:23:47.52 [uncertain.core] [INFO] Loaded instance aurora.bm.BmCachedDataProvider from /private/var/folders/11/7pfwk3xd20g8rglx83p64h0m0000gn/T/aurora_builtin_package/aurora.base/config/bm-cached-data-provider.config
2015-06-16 14:23:47.284 [aurora.datasource] [CONFIG] Setting up dataSource url:jdbc:oracle:thin:@192.168.1.11:1521:hls,user:cf_test
2015-06-16 14:23:47.286 [uncertain.core] [INFO] Loaded instance aurora.datasource.DataSourceConfig from /Users/shiliyan/git/aurora-ide/aurora-esb/deploy/WEB-INF/aurora.database/datasource.config
2015-06-16 14:23:47.339 [uncertain.core] [INFO] Loaded instance aurora.database.profile.DatabaseFactory from /private/var/folders/11/7pfwk3xd20g8rglx83p64h0m0000gn/T/aurora_builtin_package/aurora.database/config/database.config
2015-06-16 14:23:47.341 [uncertain.core] [INFO] Loaded instance aurora.bm.ModelFactory from /private/var/folders/11/7pfwk3xd20g8rglx83p64h0m0000gn/T/aurora_builtin_package/aurora.database/config/model-factory.config
2015-06-16 14:23:47.345 [aurora.database] [INFO] Using datasource com.mchange.v2.c3p0.PoolBackedDataSource@959631c3 [ connectionPoolDataSource -> com.mchange.v2.c3p0.WrapperConnectionPoolDataSource@ee9369cb [ acquireIncrement -> 3, acquireRetryAttempts -> 30, acquireRetryDelay -> 1000, autoCommitOnClose -> false, automaticTestTable -> null, breakAfterAcquireFailure -> false, checkoutTimeout -> 3000, connectionCustomizerClassName -> null, connectionTesterClassName -> com.mchange.v2.c3p0.impl.DefaultConnectionTester, debugUnreturnedConnectionStackTraces -> false, factoryClassLocation -> null, forceIgnoreUnresolvedTransactions -> false, identityToken -> 3051ew991xnjq2m1n7fvqd|6e5bfdfc, idleConnectionTestPeriod -> 60, initialPoolSize -> 3, maxAdministrativeTaskTime -> 0, maxConnectionAge -> 0, maxIdleTime -> 120, maxIdleTimeExcessConnections -> 0, maxPoolSize -> 20, maxStatements -> 0, maxStatementsPerConnection -> 0, minPoolSize -> 1, nestedDataSource -> com.mchange.v2.c3p0.DriverManagerDataSource@2dd25938 [ description -> null, driverClass -> oracle.jdbc.driver.OracleDriver, factoryClassLocation -> null, identityToken -> 3051ew991xnjq2m1n7fvqd|33d05366, jdbcUrl -> jdbc:oracle:thin:@192.168.1.11:1521:hls, properties -> {user=******, password=******} ], preferredTestQuery -> select 1 from dual, propertyCycle -> 0, testConnectionOnCheckin -> true, testConnectionOnCheckout -> false, unreturnedConnectionTimeout -> 0, usesTraditionalReflectiveProxies -> false; userOverrides: {} ], dataSourceName -> null, factoryClassLocation -> null, identityToken -> 3051ew991xnjq2m1n7fvqd|2e27d72f, numHelperThreads -> 3 ]
2015-06-16 14:23:47.359 [uncertain.core] [INFO] Loaded instance aurora.database.service.DatabaseServiceFactory from /private/var/folders/11/7pfwk3xd20g8rglx83p64h0m0000gn/T/aurora_builtin_package/aurora.database/config/database-service-factory.config
2015-06-16 14:23:47.399 [uncertain.core] [INFO] UncertainEngine startup success in 1976 ms
2015-06-16 14:26:26.527 [uncertain.core] [INFO] Uncertain engine shutdown
2015-06-16 14:34:38.258 [uncertain.core] [INFO] Uncertain engine startup
2015-06-16 14:34:39.405 [uncertain.core] [INFO] Loaded instance aurora.plugin.esb.AuroraEsbServer from /Users/shiliyan/git/aurora-ide/aurora-esb/deploy/WEB-INF/aurora.plugin.esb/esb.config
2015-06-16 14:34:39.410 [uncertain.core] [INFO] Loaded instance aurora.application.DefaultSessionInfoProvider from /private/var/folders/11/7pfwk3xd20g8rglx83p64h0m0000gn/T/aurora_builtin_package/aurora.features/config/session-info-provider.config
2015-06-16 14:34:39.417 [uncertain.core] [INFO] Loaded instance aurora.application.features.ServiceLogging from /Users/shiliyan/git/aurora-ide/aurora-esb/deploy/WEB-INF/aurora.feature/service-logging.config
2015-06-16 14:34:39.421 [uncertain.core] [INFO] Loaded instance aurora.application.features.ApplicationStartupProcedureInvoker from /private/var/folders/11/7pfwk3xd20g8rglx83p64h0m0000gn/T/aurora_builtin_package/aurora.base/config/app-init-procedure-invoker.config
2015-06-16 14:34:39.440 [uncertain.core] [INFO] Loaded instance aurora.service.exception.ExceptionDescriptorConfig from /private/var/folders/11/7pfwk3xd20g8rglx83p64h0m0000gn/T/aurora_builtin_package/aurora.base/config/exception-descriptor.config
2015-06-16 14:34:39.448 [uncertain.core] [INFO] Loaded instance aurora.bm.BmCachedDataProvider from /private/var/folders/11/7pfwk3xd20g8rglx83p64h0m0000gn/T/aurora_builtin_package/aurora.base/config/bm-cached-data-provider.config
2015-06-16 14:34:39.684 [aurora.datasource] [CONFIG] Setting up dataSource url:jdbc:oracle:thin:@192.168.1.11:1521:hls,user:cf_test
2015-06-16 14:34:39.688 [uncertain.core] [INFO] Loaded instance aurora.datasource.DataSourceConfig from /Users/shiliyan/git/aurora-ide/aurora-esb/deploy/WEB-INF/aurora.database/datasource.config
2015-06-16 14:34:39.745 [uncertain.core] [INFO] Loaded instance aurora.database.profile.DatabaseFactory from /private/var/folders/11/7pfwk3xd20g8rglx83p64h0m0000gn/T/aurora_builtin_package/aurora.database/config/database.config
2015-06-16 14:34:39.751 [uncertain.core] [INFO] Loaded instance aurora.bm.ModelFactory from /private/var/folders/11/7pfwk3xd20g8rglx83p64h0m0000gn/T/aurora_builtin_package/aurora.database/config/model-factory.config
2015-06-16 14:34:39.756 [aurora.database] [INFO] Using datasource com.mchange.v2.c3p0.PoolBackedDataSource@72ceab4f [ connectionPoolDataSource -> com.mchange.v2.c3p0.WrapperConnectionPoolDataSource@cbcbe357 [ acquireIncrement -> 3, acquireRetryAttempts -> 30, acquireRetryDelay -> 1000, autoCommitOnClose -> false, automaticTestTable -> null, breakAfterAcquireFailure -> false, checkoutTimeout -> 3000, connectionCustomizerClassName -> null, connectionTesterClassName -> com.mchange.v2.c3p0.impl.DefaultConnectionTester, debugUnreturnedConnectionStackTraces -> false, factoryClassLocation -> null, forceIgnoreUnresolvedTransactions -> false, identityToken -> 3051ew991xnxpgo1d7gvdx|6e5bfdfc, idleConnectionTestPeriod -> 60, initialPoolSize -> 3, maxAdministrativeTaskTime -> 0, maxConnectionAge -> 0, maxIdleTime -> 120, maxIdleTimeExcessConnections -> 0, maxPoolSize -> 20, maxStatements -> 0, maxStatementsPerConnection -> 0, minPoolSize -> 1, nestedDataSource -> com.mchange.v2.c3p0.DriverManagerDataSource@b0ad2c4 [ description -> null, driverClass -> oracle.jdbc.driver.OracleDriver, factoryClassLocation -> null, identityToken -> 3051ew991xnxpgo1d7gvdx|33d05366, jdbcUrl -> jdbc:oracle:thin:@192.168.1.11:1521:hls, properties -> {user=******, password=******} ], preferredTestQuery -> select 1 from dual, propertyCycle -> 0, testConnectionOnCheckin -> true, testConnectionOnCheckout -> false, unreturnedConnectionTimeout -> 0, usesTraditionalReflectiveProxies -> false; userOverrides: {} ], dataSourceName -> null, factoryClassLocation -> null, identityToken -> 3051ew991xnxpgo1d7gvdx|2e27d72f, numHelperThreads -> 3 ]
2015-06-16 14:34:39.769 [uncertain.core] [INFO] Loaded instance aurora.database.service.DatabaseServiceFactory from /private/var/folders/11/7pfwk3xd20g8rglx83p64h0m0000gn/T/aurora_builtin_package/aurora.database/config/database-service-factory.config
2015-06-16 14:34:39.814 [uncertain.core] [INFO] UncertainEngine startup success in 1626 ms
2015-06-16 14:35:35.288 [uncertain.core] [INFO] Uncertain engine shutdown
2015-06-16 14:37:23.936 [uncertain.core] [INFO] Uncertain engine startup
2015-06-16 14:37:25.72 [uncertain.core] [INFO] Loaded instance aurora.plugin.esb.AuroraEsbServer from /Users/shiliyan/git/aurora-ide/aurora-esb/deploy/WEB-INF/aurora.plugin.esb/esb.config
2015-06-16 14:37:25.77 [uncertain.core] [INFO] Loaded instance aurora.application.DefaultSessionInfoProvider from /private/var/folders/11/7pfwk3xd20g8rglx83p64h0m0000gn/T/aurora_builtin_package/aurora.features/config/session-info-provider.config
2015-06-16 14:37:25.86 [uncertain.core] [INFO] Loaded instance aurora.application.features.ServiceLogging from /Users/shiliyan/git/aurora-ide/aurora-esb/deploy/WEB-INF/aurora.feature/service-logging.config
2015-06-16 14:37:25.90 [uncertain.core] [INFO] Loaded instance aurora.application.features.ApplicationStartupProcedureInvoker from /private/var/folders/11/7pfwk3xd20g8rglx83p64h0m0000gn/T/aurora_builtin_package/aurora.base/config/app-init-procedure-invoker.config
2015-06-16 14:37:25.126 [uncertain.core] [INFO] Loaded instance aurora.service.exception.ExceptionDescriptorConfig from /private/var/folders/11/7pfwk3xd20g8rglx83p64h0m0000gn/T/aurora_builtin_package/aurora.base/config/exception-descriptor.config
2015-06-16 14:37:25.130 [uncertain.core] [INFO] Loaded instance aurora.bm.BmCachedDataProvider from /private/var/folders/11/7pfwk3xd20g8rglx83p64h0m0000gn/T/aurora_builtin_package/aurora.base/config/bm-cached-data-provider.config
2015-06-16 14:37:25.349 [aurora.datasource] [CONFIG] Setting up dataSource url:jdbc:oracle:thin:@192.168.1.11:1521:hls,user:cf_test
2015-06-16 14:37:25.351 [uncertain.core] [INFO] Loaded instance aurora.datasource.DataSourceConfig from /Users/shiliyan/git/aurora-ide/aurora-esb/deploy/WEB-INF/aurora.database/datasource.config
2015-06-16 14:37:25.404 [uncertain.core] [INFO] Loaded instance aurora.database.profile.DatabaseFactory from /private/var/folders/11/7pfwk3xd20g8rglx83p64h0m0000gn/T/aurora_builtin_package/aurora.database/config/database.config
2015-06-16 14:37:25.409 [uncertain.core] [INFO] Loaded instance aurora.bm.ModelFactory from /private/var/folders/11/7pfwk3xd20g8rglx83p64h0m0000gn/T/aurora_builtin_package/aurora.database/config/model-factory.config
2015-06-16 14:37:25.417 [aurora.database] [INFO] Using datasource com.mchange.v2.c3p0.PoolBackedDataSource@6479b76 [ connectionPoolDataSource -> com.mchange.v2.c3p0.WrapperConnectionPoolDataSource@5f44d37e [ acquireIncrement -> 3, acquireRetryAttempts -> 30, acquireRetryDelay -> 1000, autoCommitOnClose -> false, automaticTestTable -> null, breakAfterAcquireFailure -> false, checkoutTimeout -> 3000, connectionCustomizerClassName -> null, connectionTesterClassName -> com.mchange.v2.c3p0.impl.DefaultConnectionTester, debugUnreturnedConnectionStackTraces -> false, factoryClassLocation -> null, forceIgnoreUnresolvedTransactions -> false, identityToken -> 3051ew991xo19ahj0aqeu|6e5bfdfc, idleConnectionTestPeriod -> 60, initialPoolSize -> 3, maxAdministrativeTaskTime -> 0, maxConnectionAge -> 0, maxIdleTime -> 120, maxIdleTimeExcessConnections -> 0, maxPoolSize -> 20, maxStatements -> 0, maxStatementsPerConnection -> 0, minPoolSize -> 1, nestedDataSource -> com.mchange.v2.c3p0.DriverManagerDataSource@9e83c2eb [ description -> null, driverClass -> oracle.jdbc.driver.OracleDriver, factoryClassLocation -> null, identityToken -> 3051ew991xo19ahj0aqeu|33d05366, jdbcUrl -> jdbc:oracle:thin:@192.168.1.11:1521:hls, properties -> {user=******, password=******} ], preferredTestQuery -> select 1 from dual, propertyCycle -> 0, testConnectionOnCheckin -> true, testConnectionOnCheckout -> false, unreturnedConnectionTimeout -> 0, usesTraditionalReflectiveProxies -> false; userOverrides: {} ], dataSourceName -> null, factoryClassLocation -> null, identityToken -> 3051ew991xo19ahj0aqeu|2e27d72f, numHelperThreads -> 3 ]
2015-06-16 14:37:25.432 [uncertain.core] [INFO] Loaded instance aurora.database.service.DatabaseServiceFactory from /private/var/folders/11/7pfwk3xd20g8rglx83p64h0m0000gn/T/aurora_builtin_package/aurora.database/config/database-service-factory.config
2015-06-16 14:37:25.480 [uncertain.core] [INFO] UncertainEngine startup success in 1619 ms
2015-06-16 14:37:58.547 [uncertain.core] [INFO] Uncertain engine shutdown
2015-06-16 14:50:51.553 [uncertain.core] [INFO] Uncertain engine startup
2015-06-16 14:50:52.709 [uncertain.core] [INFO] Loaded instance aurora.plugin.esb.AuroraEsbServer from /Users/shiliyan/git/aurora-ide/aurora-esb/deploy/WEB-INF/aurora.plugin.esb/esb.config
2015-06-16 14:50:52.712 [uncertain.core] [INFO] Loaded instance aurora.application.DefaultSessionInfoProvider from /private/var/folders/11/7pfwk3xd20g8rglx83p64h0m0000gn/T/aurora_builtin_package/aurora.features/config/session-info-provider.config
2015-06-16 14:50:52.723 [uncertain.core] [INFO] Loaded instance aurora.application.features.ServiceLogging from /Users/shiliyan/git/aurora-ide/aurora-esb/deploy/WEB-INF/aurora.feature/service-logging.config
2015-06-16 14:50:52.727 [uncertain.core] [INFO] Loaded instance aurora.application.features.ApplicationStartupProcedureInvoker from /private/var/folders/11/7pfwk3xd20g8rglx83p64h0m0000gn/T/aurora_builtin_package/aurora.base/config/app-init-procedure-invoker.config
2015-06-16 14:50:52.739 [uncertain.core] [INFO] Loaded instance aurora.service.exception.ExceptionDescriptorConfig from /private/var/folders/11/7pfwk3xd20g8rglx83p64h0m0000gn/T/aurora_builtin_package/aurora.base/config/exception-descriptor.config
2015-06-16 14:50:52.744 [uncertain.core] [INFO] Loaded instance aurora.bm.BmCachedDataProvider from /private/var/folders/11/7pfwk3xd20g8rglx83p64h0m0000gn/T/aurora_builtin_package/aurora.base/config/bm-cached-data-provider.config
2015-06-16 14:50:53.21 [aurora.datasource] [CONFIG] Setting up dataSource url:jdbc:oracle:thin:@192.168.1.11:1521:hls,user:cf_test
2015-06-16 14:50:53.23 [uncertain.core] [INFO] Loaded instance aurora.datasource.DataSourceConfig from /Users/shiliyan/git/aurora-ide/aurora-esb/deploy/WEB-INF/aurora.database/datasource.config
2015-06-16 14:50:53.65 [uncertain.core] [INFO] Loaded instance aurora.database.profile.DatabaseFactory from /private/var/folders/11/7pfwk3xd20g8rglx83p64h0m0000gn/T/aurora_builtin_package/aurora.database/config/database.config
2015-06-16 14:50:53.69 [uncertain.core] [INFO] Loaded instance aurora.bm.ModelFactory from /private/var/folders/11/7pfwk3xd20g8rglx83p64h0m0000gn/T/aurora_builtin_package/aurora.database/config/model-factory.config
2015-06-16 14:50:53.101 [aurora.database] [INFO] Using datasource com.mchange.v2.c3p0.PoolBackedDataSource@c17cc634 [ connectionPoolDataSource -> com.mchange.v2.c3p0.WrapperConnectionPoolDataSource@31c9b42d [ acquireIncrement -> 3, acquireRetryAttempts -> 30, acquireRetryDelay -> 1000, autoCommitOnClose -> false, automaticTestTable -> null, breakAfterAcquireFailure -> false, checkoutTimeout -> 3000, connectionCustomizerClassName -> null, connectionTesterClassName -> com.mchange.v2.c3p0.impl.DefaultConnectionTester, debugUnreturnedConnectionStackTraces -> false, factoryClassLocation -> null, forceIgnoreUnresolvedTransactions -> false, identityToken -> 3051ew991xoikgk1azhl9a|4748a0f9, idleConnectionTestPeriod -> 60, initialPoolSize -> 3, maxAdministrativeTaskTime -> 0, maxConnectionAge -> 0, maxIdleTime -> 120, maxIdleTimeExcessConnections -> 0, maxPoolSize -> 20, maxStatements -> 0, maxStatementsPerConnection -> 0, minPoolSize -> 1, nestedDataSource -> com.mchange.v2.c3p0.DriverManagerDataSource@31302728 [ description -> null, driverClass -> oracle.jdbc.driver.OracleDriver, factoryClassLocation -> null, identityToken -> 3051ew991xoikgk1azhl9a|71812481, jdbcUrl -> jdbc:oracle:thin:@192.168.1.11:1521:hls, properties -> {user=******, password=******} ], preferredTestQuery -> select 1 from dual, propertyCycle -> 0, testConnectionOnCheckin -> true, testConnectionOnCheckout -> false, unreturnedConnectionTimeout -> 0, usesTraditionalReflectiveProxies -> false; userOverrides: {} ], dataSourceName -> null, factoryClassLocation -> null, identityToken -> 3051ew991xoikgk1azhl9a|4982cc36, numHelperThreads -> 3 ]
2015-06-16 14:50:53.117 [uncertain.core] [INFO] Loaded instance aurora.database.service.DatabaseServiceFactory from /private/var/folders/11/7pfwk3xd20g8rglx83p64h0m0000gn/T/aurora_builtin_package/aurora.database/config/database-service-factory.config
2015-06-16 14:50:53.183 [uncertain.core] [INFO] UncertainEngine startup success in 1701 ms
2015-06-16 14:51:33.924 [uncertain.core] [INFO] Uncertain engine startup
2015-06-16 14:51:35.322 [uncertain.core] [INFO] Loaded instance aurora.plugin.esb.AuroraEsbServer from /Users/shiliyan/git/aurora-ide/aurora-esb/deploy/WEB-INF/aurora.plugin.esb/esb.config
2015-06-16 14:51:35.345 [uncertain.core] [INFO] Loaded instance aurora.application.DefaultSessionInfoProvider from /private/var/folders/11/7pfwk3xd20g8rglx83p64h0m0000gn/T/aurora_builtin_package/aurora.features/config/session-info-provider.config
2015-06-16 14:51:35.372 [uncertain.core] [INFO] Loaded instance aurora.application.features.ServiceLogging from /Users/shiliyan/git/aurora-ide/aurora-esb/deploy/WEB-INF/aurora.feature/service-logging.config
2015-06-16 14:51:35.375 [uncertain.core] [INFO] Loaded instance aurora.application.features.ApplicationStartupProcedureInvoker from /private/var/folders/11/7pfwk3xd20g8rglx83p64h0m0000gn/T/aurora_builtin_package/aurora.base/config/app-init-procedure-invoker.config
2015-06-16 14:51:35.411 [uncertain.core] [INFO] Loaded instance aurora.service.exception.ExceptionDescriptorConfig from /private/var/folders/11/7pfwk3xd20g8rglx83p64h0m0000gn/T/aurora_builtin_package/aurora.base/config/exception-descriptor.config
2015-06-16 14:51:35.415 [uncertain.core] [INFO] Loaded instance aurora.bm.BmCachedDataProvider from /private/var/folders/11/7pfwk3xd20g8rglx83p64h0m0000gn/T/aurora_builtin_package/aurora.base/config/bm-cached-data-provider.config
2015-06-16 14:51:35.649 [aurora.datasource] [CONFIG] Setting up dataSource url:jdbc:oracle:thin:@192.168.1.11:1521:hls,user:cf_test
2015-06-16 14:51:35.651 [uncertain.core] [INFO] Loaded instance aurora.datasource.DataSourceConfig from /Users/shiliyan/git/aurora-ide/aurora-esb/deploy/WEB-INF/aurora.database/datasource.config
2015-06-16 14:51:35.708 [uncertain.core] [INFO] Loaded instance aurora.database.profile.DatabaseFactory from /private/var/folders/11/7pfwk3xd20g8rglx83p64h0m0000gn/T/aurora_builtin_package/aurora.database/config/database.config
2015-06-16 14:51:35.711 [uncertain.core] [INFO] Loaded instance aurora.bm.ModelFactory from /private/var/folders/11/7pfwk3xd20g8rglx83p64h0m0000gn/T/aurora_builtin_package/aurora.database/config/model-factory.config
2015-06-16 14:51:35.713 [aurora.database] [INFO] Using datasource com.mchange.v2.c3p0.PoolBackedDataSource@e271d57d [ connectionPoolDataSource -> com.mchange.v2.c3p0.WrapperConnectionPoolDataSource@6f01f975 [ acquireIncrement -> 3, acquireRetryAttempts -> 30, acquireRetryDelay -> 1000, autoCommitOnClose -> false, automaticTestTable -> null, breakAfterAcquireFailure -> false, checkoutTimeout -> 3000, connectionCustomizerClassName -> null, connectionTesterClassName -> com.mchange.v2.c3p0.impl.DefaultConnectionTester, debugUnreturnedConnectionStackTraces -> false, factoryClassLocation -> null, forceIgnoreUnresolvedTransactions -> false, identityToken -> 3051ew991xojhdwj3q4aa|3d829787, idleConnectionTestPeriod -> 60, initialPoolSize -> 3, maxAdministrativeTaskTime -> 0, maxConnectionAge -> 0, maxIdleTime -> 120, maxIdleTimeExcessConnections -> 0, maxPoolSize -> 20, maxStatements -> 0, maxStatementsPerConnection -> 0, minPoolSize -> 1, nestedDataSource -> com.mchange.v2.c3p0.DriverManagerDataSource@dd6ee204 [ description -> null, driverClass -> oracle.jdbc.driver.OracleDriver, factoryClassLocation -> null, identityToken -> 3051ew991xojhdwj3q4aa|27a0a5a2, jdbcUrl -> jdbc:oracle:thin:@192.168.1.11:1521:hls, properties -> {user=******, password=******} ], preferredTestQuery -> select 1 from dual, propertyCycle -> 0, testConnectionOnCheckin -> true, testConnectionOnCheckout -> false, unreturnedConnectionTimeout -> 0, usesTraditionalReflectiveProxies -> false; userOverrides: {} ], dataSourceName -> null, factoryClassLocation -> null, identityToken -> 3051ew991xojhdwj3q4aa|c0b41d6, numHelperThreads -> 3 ]
2015-06-16 14:51:35.731 [uncertain.core] [INFO] Loaded instance aurora.database.service.DatabaseServiceFactory from /private/var/folders/11/7pfwk3xd20g8rglx83p64h0m0000gn/T/aurora_builtin_package/aurora.database/config/database-service-factory.config
2015-06-16 14:51:35.776 [uncertain.core] [INFO] UncertainEngine startup success in 1933 ms
2015-06-16 14:53:03.643 [uncertain.core] [INFO] Uncertain engine shutdown
2015-06-16 14:55:10.957 [uncertain.core] [INFO] Uncertain engine startup
2015-06-16 14:55:12.393 [uncertain.core] [INFO] Loaded instance aurora.plugin.esb.AuroraEsbServer from /Users/shiliyan/git/aurora-ide/aurora-esb/deploy/WEB-INF/aurora.plugin.esb/esb.config
2015-06-16 14:55:12.401 [uncertain.core] [INFO] Loaded instance aurora.application.DefaultSessionInfoProvider from /private/var/folders/11/7pfwk3xd20g8rglx83p64h0m0000gn/T/aurora_builtin_package/aurora.features/config/session-info-provider.config
2015-06-16 14:55:12.417 [uncertain.core] [INFO] Loaded instance aurora.application.features.ServiceLogging from /Users/shiliyan/git/aurora-ide/aurora-esb/deploy/WEB-INF/aurora.feature/service-logging.config
2015-06-16 14:55:12.430 [uncertain.core] [INFO] Loaded instance aurora.application.features.ApplicationStartupProcedureInvoker from /private/var/folders/11/7pfwk3xd20g8rglx83p64h0m0000gn/T/aurora_builtin_package/aurora.base/config/app-init-procedure-invoker.config
2015-06-16 14:55:12.572 [uncertain.core] [INFO] Loaded instance aurora.service.exception.ExceptionDescriptorConfig from /private/var/folders/11/7pfwk3xd20g8rglx83p64h0m0000gn/T/aurora_builtin_package/aurora.base/config/exception-descriptor.config
2015-06-16 14:55:12.577 [uncertain.core] [INFO] Loaded instance aurora.bm.BmCachedDataProvider from /private/var/folders/11/7pfwk3xd20g8rglx83p64h0m0000gn/T/aurora_builtin_package/aurora.base/config/bm-cached-data-provider.config
2015-06-16 14:55:12.930 [aurora.datasource] [CONFIG] Setting up dataSource url:jdbc:oracle:thin:@192.168.1.11:1521:hls,user:cf_test
2015-06-16 14:55:12.932 [uncertain.core] [INFO] Loaded instance aurora.datasource.DataSourceConfig from /Users/shiliyan/git/aurora-ide/aurora-esb/deploy/WEB-INF/aurora.database/datasource.config
2015-06-16 14:55:12.991 [uncertain.core] [INFO] Loaded instance aurora.database.profile.DatabaseFactory from /private/var/folders/11/7pfwk3xd20g8rglx83p64h0m0000gn/T/aurora_builtin_package/aurora.database/config/database.config
2015-06-16 14:55:12.993 [uncertain.core] [INFO] Loaded instance aurora.bm.ModelFactory from /private/var/folders/11/7pfwk3xd20g8rglx83p64h0m0000gn/T/aurora_builtin_package/aurora.database/config/model-factory.config
2015-06-16 14:55:12.996 [aurora.database] [INFO] Using datasource com.mchange.v2.c3p0.PoolBackedDataSource@abf81a40 [ connectionPoolDataSource -> com.mchange.v2.c3p0.WrapperConnectionPoolDataSource@4e0c5692 [ acquireIncrement -> 3, acquireRetryAttempts -> 30, acquireRetryDelay -> 1000, autoCommitOnClose -> false, automaticTestTable -> null, breakAfterAcquireFailure -> false, checkoutTimeout -> 3000, connectionCustomizerClassName -> null, connectionTesterClassName -> com.mchange.v2.c3p0.impl.DefaultConnectionTester, debugUnreturnedConnectionStackTraces -> false, factoryClassLocation -> null, forceIgnoreUnresolvedTransactions -> false, identityToken -> 3051ew991xoo4znbmeqk4|5a12c728, idleConnectionTestPeriod -> 60, initialPoolSize -> 3, maxAdministrativeTaskTime -> 0, maxConnectionAge -> 0, maxIdleTime -> 120, maxIdleTimeExcessConnections -> 0, maxPoolSize -> 20, maxStatements -> 0, maxStatementsPerConnection -> 0, minPoolSize -> 1, nestedDataSource -> com.mchange.v2.c3p0.DriverManagerDataSource@a6c00dc6 [ description -> null, driverClass -> oracle.jdbc.driver.OracleDriver, factoryClassLocation -> null, identityToken -> 3051ew991xoo4znbmeqk4|36dce7ed, jdbcUrl -> jdbc:oracle:thin:@192.168.1.11:1521:hls, properties -> {user=******, password=******} ], preferredTestQuery -> select 1 from dual, propertyCycle -> 0, testConnectionOnCheckin -> true, testConnectionOnCheckout -> false, unreturnedConnectionTimeout -> 0, usesTraditionalReflectiveProxies -> false; userOverrides: {} ], dataSourceName -> null, factoryClassLocation -> null, identityToken -> 3051ew991xoo4znbmeqk4|5d332969, numHelperThreads -> 3 ]
2015-06-16 14:55:13.10 [uncertain.core] [INFO] Loaded instance aurora.database.service.DatabaseServiceFactory from /private/var/folders/11/7pfwk3xd20g8rglx83p64h0m0000gn/T/aurora_builtin_package/aurora.database/config/database-service-factory.config
2015-06-16 14:55:13.57 [uncertain.core] [INFO] UncertainEngine startup success in 2180 ms
2015-06-16 14:55:25.280 [uncertain.core] [INFO] Uncertain engine shutdown
2015-06-16 15:09:53.788 [uncertain.core] [INFO] Uncertain engine startup
2015-06-16 15:09:55.455 [uncertain.core] [INFO] Loaded instance aurora.plugin.esb.AuroraEsbServer from /Users/shiliyan/git/aurora-ide/aurora-esb/deploy/WEB-INF/aurora.plugin.esb/esb.config
2015-06-16 15:09:55.458 [uncertain.core] [INFO] Loaded instance aurora.application.DefaultSessionInfoProvider from /private/var/folders/11/7pfwk3xd20g8rglx83p64h0m0000gn/T/aurora_builtin_package/aurora.features/config/session-info-provider.config
2015-06-16 15:09:55.472 [uncertain.core] [INFO] Loaded instance aurora.application.features.ServiceLogging from /Users/shiliyan/git/aurora-ide/aurora-esb/deploy/WEB-INF/aurora.feature/service-logging.config
2015-06-16 15:09:55.476 [uncertain.core] [INFO] Loaded instance aurora.application.features.ApplicationStartupProcedureInvoker from /private/var/folders/11/7pfwk3xd20g8rglx83p64h0m0000gn/T/aurora_builtin_package/aurora.base/config/app-init-procedure-invoker.config
2015-06-16 15:09:55.497 [uncertain.core] [INFO] Loaded instance aurora.service.exception.ExceptionDescriptorConfig from /private/var/folders/11/7pfwk3xd20g8rglx83p64h0m0000gn/T/aurora_builtin_package/aurora.base/config/exception-descriptor.config
2015-06-16 15:09:55.503 [uncertain.core] [INFO] Loaded instance aurora.bm.BmCachedDataProvider from /private/var/folders/11/7pfwk3xd20g8rglx83p64h0m0000gn/T/aurora_builtin_package/aurora.base/config/bm-cached-data-provider.config
2015-06-16 15:09:55.822 [aurora.datasource] [CONFIG] Setting up dataSource url:jdbc:oracle:thin:@192.168.1.11:1521:hls,user:cf_test
2015-06-16 15:09:55.824 [uncertain.core] [INFO] Loaded instance aurora.datasource.DataSourceConfig from /Users/shiliyan/git/aurora-ide/aurora-esb/deploy/WEB-INF/aurora.database/datasource.config
2015-06-16 15:09:55.891 [uncertain.core] [INFO] Loaded instance aurora.database.profile.DatabaseFactory from /private/var/folders/11/7pfwk3xd20g8rglx83p64h0m0000gn/T/aurora_builtin_package/aurora.database/config/database.config
2015-06-16 15:09:55.893 [uncertain.core] [INFO] Loaded instance aurora.bm.ModelFactory from /private/var/folders/11/7pfwk3xd20g8rglx83p64h0m0000gn/T/aurora_builtin_package/aurora.database/config/model-factory.config
2015-06-16 15:09:55.899 [aurora.database] [INFO] Using datasource com.mchange.v2.c3p0.PoolBackedDataSource@98e758ac [ connectionPoolDataSource -> com.mchange.v2.c3p0.WrapperConnectionPoolDataSource@3afb94fe [ acquireIncrement -> 3, acquireRetryAttempts -> 30, acquireRetryDelay -> 1000, autoCommitOnClose -> false, automaticTestTable -> null, breakAfterAcquireFailure -> false, checkoutTimeout -> 3000, connectionCustomizerClassName -> null, connectionTesterClassName -> com.mchange.v2.c3p0.impl.DefaultConnectionTester, debugUnreturnedConnectionStackTraces -> false, factoryClassLocation -> null, forceIgnoreUnresolvedTransactions -> false, identityToken -> 3051ew991xp727t14la1r1|5a12c728, idleConnectionTestPeriod -> 60, initialPoolSize -> 3, maxAdministrativeTaskTime -> 0, maxConnectionAge -> 0, maxIdleTime -> 120, maxIdleTimeExcessConnections -> 0, maxPoolSize -> 20, maxStatements -> 0, maxStatementsPerConnection -> 0, minPoolSize -> 1, nestedDataSource -> com.mchange.v2.c3p0.DriverManagerDataSource@93af4c32 [ description -> null, driverClass -> oracle.jdbc.driver.OracleDriver, factoryClassLocation -> null, identityToken -> 3051ew991xp727t14la1r1|36dce7ed, jdbcUrl -> jdbc:oracle:thin:@192.168.1.11:1521:hls, properties -> {user=******, password=******} ], preferredTestQuery -> select 1 from dual, propertyCycle -> 0, testConnectionOnCheckin -> true, testConnectionOnCheckout -> false, unreturnedConnectionTimeout -> 0, usesTraditionalReflectiveProxies -> false; userOverrides: {} ], dataSourceName -> null, factoryClassLocation -> null, identityToken -> 3051ew991xp727t14la1r1|5d332969, numHelperThreads -> 3 ]
2015-06-16 15:09:55.914 [uncertain.core] [INFO] Loaded instance aurora.database.service.DatabaseServiceFactory from /private/var/folders/11/7pfwk3xd20g8rglx83p64h0m0000gn/T/aurora_builtin_package/aurora.database/config/database-service-factory.config
2015-06-16 15:09:55.966 [uncertain.core] [INFO] UncertainEngine startup success in 2314 ms
2015-06-16 15:10:10.794 [uncertain.core] [INFO] Uncertain engine shutdown
2015-06-16 15:11:08.808 [uncertain.core] [INFO] Uncertain engine startup
2015-06-16 15:11:10.703 [uncertain.core] [INFO] Loaded instance aurora.plugin.esb.AuroraEsbServer from /Users/shiliyan/git/aurora-ide/aurora-esb/deploy/WEB-INF/aurora.plugin.esb/esb.config
2015-06-16 15:11:10.721 [uncertain.core] [INFO] Loaded instance aurora.application.DefaultSessionInfoProvider from /private/var/folders/11/7pfwk3xd20g8rglx83p64h0m0000gn/T/aurora_builtin_package/aurora.features/config/session-info-provider.config
2015-06-16 15:11:10.736 [uncertain.core] [INFO] Loaded instance aurora.application.features.ServiceLogging from /Users/shiliyan/git/aurora-ide/aurora-esb/deploy/WEB-INF/aurora.feature/service-logging.config
2015-06-16 15:11:10.744 [uncertain.core] [INFO] Loaded instance aurora.application.features.ApplicationStartupProcedureInvoker from /private/var/folders/11/7pfwk3xd20g8rglx83p64h0m0000gn/T/aurora_builtin_package/aurora.base/config/app-init-procedure-invoker.config
2015-06-16 15:11:10.762 [uncertain.core] [INFO] Loaded instance aurora.service.exception.ExceptionDescriptorConfig from /private/var/folders/11/7pfwk3xd20g8rglx83p64h0m0000gn/T/aurora_builtin_package/aurora.base/config/exception-descriptor.config
2015-06-16 15:11:10.779 [uncertain.core] [INFO] Loaded instance aurora.bm.BmCachedDataProvider from /private/var/folders/11/7pfwk3xd20g8rglx83p64h0m0000gn/T/aurora_builtin_package/aurora.base/config/bm-cached-data-provider.config
2015-06-16 15:11:11.12 [aurora.datasource] [CONFIG] Setting up dataSource url:jdbc:oracle:thin:@192.168.1.11:1521:hls,user:cf_test
2015-06-16 15:11:11.13 [uncertain.core] [INFO] Loaded instance aurora.datasource.DataSourceConfig from /Users/shiliyan/git/aurora-ide/aurora-esb/deploy/WEB-INF/aurora.database/datasource.config
2015-06-16 15:11:11.79 [uncertain.core] [INFO] Loaded instance aurora.database.profile.DatabaseFactory from /private/var/folders/11/7pfwk3xd20g8rglx83p64h0m0000gn/T/aurora_builtin_package/aurora.database/config/database.config
2015-06-16 15:11:11.80 [uncertain.core] [INFO] Loaded instance aurora.bm.ModelFactory from /private/var/folders/11/7pfwk3xd20g8rglx83p64h0m0000gn/T/aurora_builtin_package/aurora.database/config/model-factory.config
2015-06-16 15:11:11.85 [aurora.database] [INFO] Using datasource com.mchange.v2.c3p0.PoolBackedDataSource@40853c54 [ connectionPoolDataSource -> com.mchange.v2.c3p0.WrapperConnectionPoolDataSource@e29978a6 [ acquireIncrement -> 3, acquireRetryAttempts -> 30, acquireRetryDelay -> 1000, autoCommitOnClose -> false, automaticTestTable -> null, breakAfterAcquireFailure -> false, checkoutTimeout -> 3000, connectionCustomizerClassName -> null, connectionTesterClassName -> com.mchange.v2.c3p0.impl.DefaultConnectionTester, debugUnreturnedConnectionStackTraces -> false, factoryClassLocation -> null, forceIgnoreUnresolvedTransactions -> false, identityToken -> 3051ew991xp8oaqkdswmu|5a12c728, idleConnectionTestPeriod -> 60, initialPoolSize -> 3, maxAdministrativeTaskTime -> 0, maxConnectionAge -> 0, maxIdleTime -> 120, maxIdleTimeExcessConnections -> 0, maxPoolSize -> 20, maxStatements -> 0, maxStatementsPerConnection -> 0, minPoolSize -> 1, nestedDataSource -> com.mchange.v2.c3p0.DriverManagerDataSource@3b4d2fda [ description -> null, driverClass -> oracle.jdbc.driver.OracleDriver, factoryClassLocation -> null, identityToken -> 3051ew991xp8oaqkdswmu|36dce7ed, jdbcUrl -> jdbc:oracle:thin:@192.168.1.11:1521:hls, properties -> {user=******, password=******} ], preferredTestQuery -> select 1 from dual, propertyCycle -> 0, testConnectionOnCheckin -> true, testConnectionOnCheckout -> false, unreturnedConnectionTimeout -> 0, usesTraditionalReflectiveProxies -> false; userOverrides: {} ], dataSourceName -> null, factoryClassLocation -> null, identityToken -> 3051ew991xp8oaqkdswmu|5d332969, numHelperThreads -> 3 ]
2015-06-16 15:11:11.103 [uncertain.core] [INFO] Loaded instance aurora.database.service.DatabaseServiceFactory from /private/var/folders/11/7pfwk3xd20g8rglx83p64h0m0000gn/T/aurora_builtin_package/aurora.database/config/database-service-factory.config
2015-06-16 15:11:11.161 [uncertain.core] [INFO] UncertainEngine startup success in 2504 ms
2015-06-16 15:11:20.844 [uncertain.core] [INFO] Uncertain engine shutdown
2015-06-16 15:12:47.445 [uncertain.core] [INFO] Uncertain engine startup
2015-06-16 15:12:49.237 [uncertain.core] [INFO] Loaded instance aurora.plugin.esb.AuroraEsbServer from /Users/shiliyan/git/aurora-ide/aurora-esb/deploy/WEB-INF/aurora.plugin.esb/esb.config
2015-06-16 15:12:49.240 [uncertain.core] [INFO] Loaded instance aurora.application.DefaultSessionInfoProvider from /private/var/folders/11/7pfwk3xd20g8rglx83p64h0m0000gn/T/aurora_builtin_package/aurora.features/config/session-info-provider.config
2015-06-16 15:12:49.255 [uncertain.core] [INFO] Loaded instance aurora.application.features.ServiceLogging from /Users/shiliyan/git/aurora-ide/aurora-esb/deploy/WEB-INF/aurora.feature/service-logging.config
2015-06-16 15:12:49.259 [uncertain.core] [INFO] Loaded instance aurora.application.features.ApplicationStartupProcedureInvoker from /private/var/folders/11/7pfwk3xd20g8rglx83p64h0m0000gn/T/aurora_builtin_package/aurora.base/config/app-init-procedure-invoker.config
2015-06-16 15:12:49.282 [uncertain.core] [INFO] Loaded instance aurora.service.exception.ExceptionDescriptorConfig from /private/var/folders/11/7pfwk3xd20g8rglx83p64h0m0000gn/T/aurora_builtin_package/aurora.base/config/exception-descriptor.config
2015-06-16 15:12:49.289 [uncertain.core] [INFO] Loaded instance aurora.bm.BmCachedDataProvider from /private/var/folders/11/7pfwk3xd20g8rglx83p64h0m0000gn/T/aurora_builtin_package/aurora.base/config/bm-cached-data-provider.config
2015-06-16 15:12:49.544 [aurora.datasource] [CONFIG] Setting up dataSource url:jdbc:oracle:thin:@192.168.1.11:1521:hls,user:cf_test
2015-06-16 15:12:49.546 [uncertain.core] [INFO] Loaded instance aurora.datasource.DataSourceConfig from /Users/shiliyan/git/aurora-ide/aurora-esb/deploy/WEB-INF/aurora.database/datasource.config
2015-06-16 15:12:49.634 [uncertain.core] [INFO] Loaded instance aurora.database.profile.DatabaseFactory from /private/var/folders/11/7pfwk3xd20g8rglx83p64h0m0000gn/T/aurora_builtin_package/aurora.database/config/database.config
2015-06-16 15:12:49.636 [uncertain.core] [INFO] Loaded instance aurora.bm.ModelFactory from /private/var/folders/11/7pfwk3xd20g8rglx83p64h0m0000gn/T/aurora_builtin_package/aurora.database/config/model-factory.config
2015-06-16 15:12:49.638 [aurora.database] [INFO] Using datasource com.mchange.v2.c3p0.PoolBackedDataSource@560d69f4 [ connectionPoolDataSource -> com.mchange.v2.c3p0.WrapperConnectionPoolDataSource@f821a646 [ acquireIncrement -> 3, acquireRetryAttempts -> 30, acquireRetryDelay -> 1000, autoCommitOnClose -> false, automaticTestTable -> null, breakAfterAcquireFailure -> false, checkoutTimeout -> 3000, connectionCustomizerClassName -> null, connectionTesterClassName -> com.mchange.v2.c3p0.impl.DefaultConnectionTester, debugUnreturnedConnectionStackTraces -> false, factoryClassLocation -> null, forceIgnoreUnresolvedTransactions -> false, identityToken -> 3051ew991xpasbq1auju7p|5a12c728, idleConnectionTestPeriod -> 60, initialPoolSize -> 3, maxAdministrativeTaskTime -> 0, maxConnectionAge -> 0, maxIdleTime -> 120, maxIdleTimeExcessConnections -> 0, maxPoolSize -> 20, maxStatements -> 0, maxStatementsPerConnection -> 0, minPoolSize -> 1, nestedDataSource -> com.mchange.v2.c3p0.DriverManagerDataSource@50d55d7a [ description -> null, driverClass -> oracle.jdbc.driver.OracleDriver, factoryClassLocation -> null, identityToken -> 3051ew991xpasbq1auju7p|36dce7ed, jdbcUrl -> jdbc:oracle:thin:@192.168.1.11:1521:hls, properties -> {user=******, password=******} ], preferredTestQuery -> select 1 from dual, propertyCycle -> 0, testConnectionOnCheckin -> true, testConnectionOnCheckout -> false, unreturnedConnectionTimeout -> 0, usesTraditionalReflectiveProxies -> false; userOverrides: {} ], dataSourceName -> null, factoryClassLocation -> null, identityToken -> 3051ew991xpasbq1auju7p|5d332969, numHelperThreads -> 3 ]
2015-06-16 15:12:49.664 [uncertain.core] [INFO] Loaded instance aurora.database.service.DatabaseServiceFactory from /private/var/folders/11/7pfwk3xd20g8rglx83p64h0m0000gn/T/aurora_builtin_package/aurora.database/config/database-service-factory.config
2015-06-16 15:12:49.732 [uncertain.core] [INFO] UncertainEngine startup success in 2368 ms
2015-06-16 15:12:56.870 [uncertain.core] [INFO] Uncertain engine shutdown
2015-06-16 15:13:27.327 [uncertain.core] [INFO] Uncertain engine startup
2015-06-16 15:13:28.652 [uncertain.core] [INFO] Loaded instance aurora.plugin.esb.AuroraEsbServer from /Users/shiliyan/git/aurora-ide/aurora-esb/deploy/WEB-INF/aurora.plugin.esb/esb.config
2015-06-16 15:13:28.660 [uncertain.core] [INFO] Loaded instance aurora.application.DefaultSessionInfoProvider from /private/var/folders/11/7pfwk3xd20g8rglx83p64h0m0000gn/T/aurora_builtin_package/aurora.features/config/session-info-provider.config
2015-06-16 15:13:28.677 [uncertain.core] [INFO] Loaded instance aurora.application.features.ServiceLogging from /Users/shiliyan/git/aurora-ide/aurora-esb/deploy/WEB-INF/aurora.feature/service-logging.config
2015-06-16 15:13:28.685 [uncertain.core] [INFO] Loaded instance aurora.application.features.ApplicationStartupProcedureInvoker from /private/var/folders/11/7pfwk3xd20g8rglx83p64h0m0000gn/T/aurora_builtin_package/aurora.base/config/app-init-procedure-invoker.config
2015-06-16 15:13:28.707 [uncertain.core] [INFO] Loaded instance aurora.service.exception.ExceptionDescriptorConfig from /private/var/folders/11/7pfwk3xd20g8rglx83p64h0m0000gn/T/aurora_builtin_package/aurora.base/config/exception-descriptor.config
2015-06-16 15:13:28.714 [uncertain.core] [INFO] Loaded instance aurora.bm.BmCachedDataProvider from /private/var/folders/11/7pfwk3xd20g8rglx83p64h0m0000gn/T/aurora_builtin_package/aurora.base/config/bm-cached-data-provider.config
2015-06-16 15:13:29.82 [aurora.datasource] [CONFIG] Setting up dataSource url:jdbc:oracle:thin:@192.168.1.11:1521:hls,user:cf_test
2015-06-16 15:13:29.84 [uncertain.core] [INFO] Loaded instance aurora.datasource.DataSourceConfig from /Users/shiliyan/git/aurora-ide/aurora-esb/deploy/WEB-INF/aurora.database/datasource.config
2015-06-16 15:13:29.171 [uncertain.core] [INFO] Loaded instance aurora.database.profile.DatabaseFactory from /private/var/folders/11/7pfwk3xd20g8rglx83p64h0m0000gn/T/aurora_builtin_package/aurora.database/config/database.config
2015-06-16 15:13:29.178 [uncertain.core] [INFO] Loaded instance aurora.bm.ModelFactory from /private/var/folders/11/7pfwk3xd20g8rglx83p64h0m0000gn/T/aurora_builtin_package/aurora.database/config/model-factory.config
2015-06-16 15:13:29.189 [aurora.database] [INFO] Using datasource com.mchange.v2.c3p0.PoolBackedDataSource@773d9156 [ connectionPoolDataSource -> com.mchange.v2.c3p0.WrapperConnectionPoolDataSource@1951cda8 [ acquireIncrement -> 3, acquireRetryAttempts -> 30, acquireRetryDelay -> 1000, autoCommitOnClose -> false, automaticTestTable -> null, breakAfterAcquireFailure -> false, checkoutTimeout -> 3000, connectionCustomizerClassName -> null, connectionTesterClassName -> com.mchange.v2.c3p0.impl.DefaultConnectionTester, debugUnreturnedConnectionStackTraces -> false, factoryClassLocation -> null, forceIgnoreUnresolvedTransactions -> false, identityToken -> 3051ew991xpbmqgfss6he|5a12c728, idleConnectionTestPeriod -> 60, initialPoolSize -> 3, maxAdministrativeTaskTime -> 0, maxConnectionAge -> 0, maxIdleTime -> 120, maxIdleTimeExcessConnections -> 0, maxPoolSize -> 20, maxStatements -> 0, maxStatementsPerConnection -> 0, minPoolSize -> 1, nestedDataSource -> com.mchange.v2.c3p0.DriverManagerDataSource@720584dc [ description -> null, driverClass -> oracle.jdbc.driver.OracleDriver, factoryClassLocation -> null, identityToken -> 3051ew991xpbmqgfss6he|36dce7ed, jdbcUrl -> jdbc:oracle:thin:@192.168.1.11:1521:hls, properties -> {user=******, password=******} ], preferredTestQuery -> select 1 from dual, propertyCycle -> 0, testConnectionOnCheckin -> true, testConnectionOnCheckout -> false, unreturnedConnectionTimeout -> 0, usesTraditionalReflectiveProxies -> false; userOverrides: {} ], dataSourceName -> null, factoryClassLocation -> null, identityToken -> 3051ew991xpbmqgfss6he|5d332969, numHelperThreads -> 3 ]
2015-06-16 15:13:29.206 [uncertain.core] [INFO] Loaded instance aurora.database.service.DatabaseServiceFactory from /private/var/folders/11/7pfwk3xd20g8rglx83p64h0m0000gn/T/aurora_builtin_package/aurora.database/config/database-service-factory.config
2015-06-16 15:13:29.274 [uncertain.core] [INFO] UncertainEngine startup success in 2058 ms
2015-06-16 15:13:38.455 [uncertain.core] [INFO] Uncertain engine shutdown
2015-06-16 15:14:26.860 [uncertain.core] [INFO] Uncertain engine startup
2015-06-16 15:14:28.330 [uncertain.core] [INFO] Loaded instance aurora.plugin.esb.AuroraEsbServer from /Users/shiliyan/git/aurora-ide/aurora-esb/deploy/WEB-INF/aurora.plugin.esb/esb.config
2015-06-16 15:14:28.334 [uncertain.core] [INFO] Loaded instance aurora.application.DefaultSessionInfoProvider from /private/var/folders/11/7pfwk3xd20g8rglx83p64h0m0000gn/T/aurora_builtin_package/aurora.features/config/session-info-provider.config
2015-06-16 15:14:28.345 [uncertain.core] [INFO] Loaded instance aurora.application.features.ServiceLogging from /Users/shiliyan/git/aurora-ide/aurora-esb/deploy/WEB-INF/aurora.feature/service-logging.config
2015-06-16 15:14:28.351 [uncertain.core] [INFO] Loaded instance aurora.application.features.ApplicationStartupProcedureInvoker from /private/var/folders/11/7pfwk3xd20g8rglx83p64h0m0000gn/T/aurora_builtin_package/aurora.base/config/app-init-procedure-invoker.config
2015-06-16 15:14:28.372 [uncertain.core] [INFO] Loaded instance aurora.service.exception.ExceptionDescriptorConfig from /private/var/folders/11/7pfwk3xd20g8rglx83p64h0m0000gn/T/aurora_builtin_package/aurora.base/config/exception-descriptor.config
2015-06-16 15:14:28.377 [uncertain.core] [INFO] Loaded instance aurora.bm.BmCachedDataProvider from /private/var/folders/11/7pfwk3xd20g8rglx83p64h0m0000gn/T/aurora_builtin_package/aurora.base/config/bm-cached-data-provider.config
2015-06-16 15:14:28.633 [aurora.datasource] [CONFIG] Setting up dataSource url:jdbc:oracle:thin:@192.168.1.11:1521:hls,user:cf_test
2015-06-16 15:14:28.634 [uncertain.core] [INFO] Loaded instance aurora.datasource.DataSourceConfig from /Users/shiliyan/git/aurora-ide/aurora-esb/deploy/WEB-INF/aurora.database/datasource.config
2015-06-16 15:14:28.699 [uncertain.core] [INFO] Loaded instance aurora.database.profile.DatabaseFactory from /private/var/folders/11/7pfwk3xd20g8rglx83p64h0m0000gn/T/aurora_builtin_package/aurora.database/config/database.config
2015-06-16 15:14:28.701 [uncertain.core] [INFO] Loaded instance aurora.bm.ModelFactory from /private/var/folders/11/7pfwk3xd20g8rglx83p64h0m0000gn/T/aurora_builtin_package/aurora.database/config/model-factory.config
2015-06-16 15:14:28.708 [aurora.database] [INFO] Using datasource com.mchange.v2.c3p0.PoolBackedDataSource@ae855e02 [ connectionPoolDataSource -> com.mchange.v2.c3p0.WrapperConnectionPoolDataSource@50999a54 [ acquireIncrement -> 3, acquireRetryAttempts -> 30, acquireRetryDelay -> 1000, autoCommitOnClose -> false, automaticTestTable -> null, breakAfterAcquireFailure -> false, checkoutTimeout -> 3000, connectionCustomizerClassName -> null, connectionTesterClassName -> com.mchange.v2.c3p0.impl.DefaultConnectionTester, debugUnreturnedConnectionStackTraces -> false, factoryClassLocation -> null, forceIgnoreUnresolvedTransactions -> false, identityToken -> 3051ew991xpcwrenruv8f|5a12c728, idleConnectionTestPeriod -> 60, initialPoolSize -> 3, maxAdministrativeTaskTime -> 0, maxConnectionAge -> 0, maxIdleTime -> 120, maxIdleTimeExcessConnections -> 0, maxPoolSize -> 20, maxStatements -> 0, maxStatementsPerConnection -> 0, minPoolSize -> 1, nestedDataSource -> com.mchange.v2.c3p0.DriverManagerDataSource@a94d5188 [ description -> null, driverClass -> oracle.jdbc.driver.OracleDriver, factoryClassLocation -> null, identityToken -> 3051ew991xpcwrenruv8f|36dce7ed, jdbcUrl -> jdbc:oracle:thin:@192.168.1.11:1521:hls, properties -> {user=******, password=******} ], preferredTestQuery -> select 1 from dual, propertyCycle -> 0, testConnectionOnCheckin -> true, testConnectionOnCheckout -> false, unreturnedConnectionTimeout -> 0, usesTraditionalReflectiveProxies -> false; userOverrides: {} ], dataSourceName -> null, factoryClassLocation -> null, identityToken -> 3051ew991xpcwrenruv8f|5d332969, numHelperThreads -> 3 ]
2015-06-16 15:14:28.723 [uncertain.core] [INFO] Loaded instance aurora.database.service.DatabaseServiceFactory from /private/var/folders/11/7pfwk3xd20g8rglx83p64h0m0000gn/T/aurora_builtin_package/aurora.database/config/database-service-factory.config
2015-06-16 15:14:28.767 [uncertain.core] [INFO] UncertainEngine startup success in 2016 ms
2015-06-16 15:14:35.850 [uncertain.core] [INFO] Uncertain engine shutdown
2015-06-16 15:22:24.569 [uncertain.core] [INFO] Uncertain engine startup
2015-06-16 15:22:25.916 [uncertain.core] [INFO] Loaded instance aurora.plugin.esb.AuroraEsbServer from /Users/shiliyan/git/aurora-ide/aurora-esb/deploy/WEB-INF/aurora.plugin.esb/esb.config
2015-06-16 15:22:25.921 [uncertain.core] [INFO] Loaded instance aurora.application.DefaultSessionInfoProvider from /private/var/folders/11/7pfwk3xd20g8rglx83p64h0m0000gn/T/aurora_builtin_package/aurora.features/config/session-info-provider.config
2015-06-16 15:22:25.929 [uncertain.core] [INFO] Loaded instance aurora.application.features.ServiceLogging from /Users/shiliyan/git/aurora-ide/aurora-esb/deploy/WEB-INF/aurora.feature/service-logging.config
2015-06-16 15:22:25.934 [uncertain.core] [INFO] Loaded instance aurora.application.features.ApplicationStartupProcedureInvoker from /private/var/folders/11/7pfwk3xd20g8rglx83p64h0m0000gn/T/aurora_builtin_package/aurora.base/config/app-init-procedure-invoker.config
2015-06-16 15:22:25.956 [uncertain.core] [INFO] Loaded instance aurora.service.exception.ExceptionDescriptorConfig from /private/var/folders/11/7pfwk3xd20g8rglx83p64h0m0000gn/T/aurora_builtin_package/aurora.base/config/exception-descriptor.config
2015-06-16 15:22:25.962 [uncertain.core] [INFO] Loaded instance aurora.bm.BmCachedDataProvider from /private/var/folders/11/7pfwk3xd20g8rglx83p64h0m0000gn/T/aurora_builtin_package/aurora.base/config/bm-cached-data-provider.config
2015-06-16 15:22:26.192 [aurora.datasource] [CONFIG] Setting up dataSource url:jdbc:oracle:thin:@192.168.1.11:1521:hls,user:cf_test
2015-06-16 15:22:26.194 [uncertain.core] [INFO] Loaded instance aurora.datasource.DataSourceConfig from /Users/shiliyan/git/aurora-ide/aurora-esb/deploy/WEB-INF/aurora.database/datasource.config
2015-06-16 15:22:26.257 [uncertain.core] [INFO] Loaded instance aurora.database.profile.DatabaseFactory from /private/var/folders/11/7pfwk3xd20g8rglx83p64h0m0000gn/T/aurora_builtin_package/aurora.database/config/database.config
2015-06-16 15:22:26.263 [uncertain.core] [INFO] Loaded instance aurora.bm.ModelFactory from /private/var/folders/11/7pfwk3xd20g8rglx83p64h0m0000gn/T/aurora_builtin_package/aurora.database/config/model-factory.config
2015-06-16 15:22:26.267 [aurora.database] [INFO] Using datasource com.mchange.v2.c3p0.PoolBackedDataSource@d1e8b193 [ connectionPoolDataSource -> com.mchange.v2.c3p0.WrapperConnectionPoolDataSource@73fcede5 [ acquireIncrement -> 3, acquireRetryAttempts -> 30, acquireRetryDelay -> 1000, autoCommitOnClose -> false, automaticTestTable -> null, breakAfterAcquireFailure -> false, checkoutTimeout -> 3000, connectionCustomizerClassName -> null, connectionTesterClassName -> com.mchange.v2.c3p0.impl.DefaultConnectionTester, debugUnreturnedConnectionStackTraces -> false, factoryClassLocation -> null, forceIgnoreUnresolvedTransactions -> false, identityToken -> 3051ew991xpn5a4lri38y|5a12c728, idleConnectionTestPeriod -> 60, initialPoolSize -> 3, maxAdministrativeTaskTime -> 0, maxConnectionAge -> 0, maxIdleTime -> 120, maxIdleTimeExcessConnections -> 0, maxPoolSize -> 20, maxStatements -> 0, maxStatementsPerConnection -> 0, minPoolSize -> 1, nestedDataSource -> com.mchange.v2.c3p0.DriverManagerDataSource@ccb0a519 [ description -> null, driverClass -> oracle.jdbc.driver.OracleDriver, factoryClassLocation -> null, identityToken -> 3051ew991xpn5a4lri38y|36dce7ed, jdbcUrl -> jdbc:oracle:thin:@192.168.1.11:1521:hls, properties -> {user=******, password=******} ], preferredTestQuery -> select 1 from dual, propertyCycle -> 0, testConnectionOnCheckin -> true, testConnectionOnCheckout -> false, unreturnedConnectionTimeout -> 0, usesTraditionalReflectiveProxies -> false; userOverrides: {} ], dataSourceName -> null, factoryClassLocation -> null, identityToken -> 3051ew991xpn5a4lri38y|5d332969, numHelperThreads -> 3 ]
2015-06-16 15:22:26.281 [uncertain.core] [INFO] Loaded instance aurora.database.service.DatabaseServiceFactory from /private/var/folders/11/7pfwk3xd20g8rglx83p64h0m0000gn/T/aurora_builtin_package/aurora.database/config/database-service-factory.config
2015-06-16 15:22:26.336 [uncertain.core] [INFO] UncertainEngine startup success in 1873 ms
2015-06-16 15:22:34.606 [uncertain.core] [INFO] Uncertain engine shutdown
2015-06-16 15:24:03.803 [uncertain.core] [INFO] Uncertain engine startup
2015-06-16 15:24:05.231 [uncertain.core] [INFO] Loaded instance aurora.plugin.esb.AuroraEsbServer from /Users/shiliyan/git/aurora-ide/aurora-esb/deploy/WEB-INF/aurora.plugin.esb/esb.config
2015-06-16 15:24:05.236 [uncertain.core] [INFO] Loaded instance aurora.application.DefaultSessionInfoProvider from /private/var/folders/11/7pfwk3xd20g8rglx83p64h0m0000gn/T/aurora_builtin_package/aurora.features/config/session-info-provider.config
2015-06-16 15:24:05.248 [uncertain.core] [INFO] Loaded instance aurora.application.features.ServiceLogging from /Users/shiliyan/git/aurora-ide/aurora-esb/deploy/WEB-INF/aurora.feature/service-logging.config
2015-06-16 15:24:05.259 [uncertain.core] [INFO] Loaded instance aurora.application.features.ApplicationStartupProcedureInvoker from /private/var/folders/11/7pfwk3xd20g8rglx83p64h0m0000gn/T/aurora_builtin_package/aurora.base/config/app-init-procedure-invoker.config
2015-06-16 15:24:05.289 [uncertain.core] [INFO] Loaded instance aurora.service.exception.ExceptionDescriptorConfig from /private/var/folders/11/7pfwk3xd20g8rglx83p64h0m0000gn/T/aurora_builtin_package/aurora.base/config/exception-descriptor.config
2015-06-16 15:24:05.293 [uncertain.core] [INFO] Loaded instance aurora.bm.BmCachedDataProvider from /private/var/folders/11/7pfwk3xd20g8rglx83p64h0m0000gn/T/aurora_builtin_package/aurora.base/config/bm-cached-data-provider.config
2015-06-16 15:24:05.549 [aurora.datasource] [CONFIG] Setting up dataSource url:jdbc:oracle:thin:@192.168.1.11:1521:hls,user:cf_test
2015-06-16 15:24:05.551 [uncertain.core] [INFO] Loaded instance aurora.datasource.DataSourceConfig from /Users/shiliyan/git/aurora-ide/aurora-esb/deploy/WEB-INF/aurora.database/datasource.config
2015-06-16 15:24:05.616 [uncertain.core] [INFO] Loaded instance aurora.database.profile.DatabaseFactory from /private/var/folders/11/7pfwk3xd20g8rglx83p64h0m0000gn/T/aurora_builtin_package/aurora.database/config/database.config
2015-06-16 15:24:05.618 [uncertain.core] [INFO] Loaded instance aurora.bm.ModelFactory from /private/var/folders/11/7pfwk3xd20g8rglx83p64h0m0000gn/T/aurora_builtin_package/aurora.database/config/model-factory.config
2015-06-16 15:24:05.627 [aurora.database] [INFO] Using datasource com.mchange.v2.c3p0.PoolBackedDataSource@a8ac967b [ connectionPoolDataSource -> com.mchange.v2.c3p0.WrapperConnectionPoolDataSource@4ac0d2cd [ acquireIncrement -> 3, acquireRetryAttempts -> 30, acquireRetryDelay -> 1000, autoCommitOnClose -> false, automaticTestTable -> null, breakAfterAcquireFailure -> false, checkoutTimeout -> 3000, connectionCustomizerClassName -> null, connectionTesterClassName -> com.mchange.v2.c3p0.impl.DefaultConnectionTester, debugUnreturnedConnectionStackTraces -> false, factoryClassLocation -> null, forceIgnoreUnresolvedTransactions -> false, identityToken -> 3051ew991xpp9wz1j4iqog|5a12c728, idleConnectionTestPeriod -> 60, initialPoolSize -> 3, maxAdministrativeTaskTime -> 0, maxConnectionAge -> 0, maxIdleTime -> 120, maxIdleTimeExcessConnections -> 0, maxPoolSize -> 20, maxStatements -> 0, maxStatementsPerConnection -> 0, minPoolSize -> 1, nestedDataSource -> com.mchange.v2.c3p0.DriverManagerDataSource@a3748a01 [ description -> null, driverClass -> oracle.jdbc.driver.OracleDriver, factoryClassLocation -> null, identityToken -> 3051ew991xpp9wz1j4iqog|36dce7ed, jdbcUrl -> jdbc:oracle:thin:@192.168.1.11:1521:hls, properties -> {user=******, password=******} ], preferredTestQuery -> select 1 from dual, propertyCycle -> 0, testConnectionOnCheckin -> true, testConnectionOnCheckout -> false, unreturnedConnectionTimeout -> 0, usesTraditionalReflectiveProxies -> false; userOverrides: {} ], dataSourceName -> null, factoryClassLocation -> null, identityToken -> 3051ew991xpp9wz1j4iqog|5d332969, numHelperThreads -> 3 ]
2015-06-16 15:24:05.643 [uncertain.core] [INFO] Loaded instance aurora.database.service.DatabaseServiceFactory from /private/var/folders/11/7pfwk3xd20g8rglx83p64h0m0000gn/T/aurora_builtin_package/aurora.database/config/database-service-factory.config
2015-06-16 15:24:05.687 [uncertain.core] [INFO] UncertainEngine startup success in 1981 ms
2015-06-16 15:24:18.454 [uncertain.core] [INFO] Uncertain engine shutdown
2015-06-16 15:24:53.924 [uncertain.core] [INFO] Uncertain engine startup
2015-06-16 15:24:55.273 [uncertain.core] [INFO] Loaded instance aurora.plugin.esb.AuroraEsbServer from /Users/shiliyan/git/aurora-ide/aurora-esb/deploy/WEB-INF/aurora.plugin.esb/esb.config
2015-06-16 15:24:55.279 [uncertain.core] [INFO] Loaded instance aurora.application.DefaultSessionInfoProvider from /private/var/folders/11/7pfwk3xd20g8rglx83p64h0m0000gn/T/aurora_builtin_package/aurora.features/config/session-info-provider.config
2015-06-16 15:24:55.289 [uncertain.core] [INFO] Loaded instance aurora.application.features.ServiceLogging from /Users/shiliyan/git/aurora-ide/aurora-esb/deploy/WEB-INF/aurora.feature/service-logging.config
2015-06-16 15:24:55.295 [uncertain.core] [INFO] Loaded instance aurora.application.features.ApplicationStartupProcedureInvoker from /private/var/folders/11/7pfwk3xd20g8rglx83p64h0m0000gn/T/aurora_builtin_package/aurora.base/config/app-init-procedure-invoker.config
2015-06-16 15:24:55.325 [uncertain.core] [INFO] Loaded instance aurora.service.exception.ExceptionDescriptorConfig from /private/var/folders/11/7pfwk3xd20g8rglx83p64h0m0000gn/T/aurora_builtin_package/aurora.base/config/exception-descriptor.config
2015-06-16 15:24:55.331 [uncertain.core] [INFO] Loaded instance aurora.bm.BmCachedDataProvider from /private/var/folders/11/7pfwk3xd20g8rglx83p64h0m0000gn/T/aurora_builtin_package/aurora.base/config/bm-cached-data-provider.config
2015-06-16 15:24:55.580 [aurora.datasource] [CONFIG] Setting up dataSource url:jdbc:oracle:thin:@192.168.1.11:1521:hls,user:cf_test
2015-06-16 15:24:55.587 [uncertain.core] [INFO] Loaded instance aurora.datasource.DataSourceConfig from /Users/shiliyan/git/aurora-ide/aurora-esb/deploy/WEB-INF/aurora.database/datasource.config
2015-06-16 15:24:55.665 [uncertain.core] [INFO] Loaded instance aurora.database.profile.DatabaseFactory from /private/var/folders/11/7pfwk3xd20g8rglx83p64h0m0000gn/T/aurora_builtin_package/aurora.database/config/database.config
2015-06-16 15:24:55.679 [uncertain.core] [INFO] Loaded instance aurora.bm.ModelFactory from /private/var/folders/11/7pfwk3xd20g8rglx83p64h0m0000gn/T/aurora_builtin_package/aurora.database/config/model-factory.config
2015-06-16 15:24:55.689 [aurora.database] [INFO] Using datasource com.mchange.v2.c3p0.PoolBackedDataSource@5d89f6ef [ connectionPoolDataSource -> com.mchange.v2.c3p0.WrapperConnectionPoolDataSource@ff9e3341 [ acquireIncrement -> 3, acquireRetryAttempts -> 30, acquireRetryDelay -> 1000, autoCommitOnClose -> false, automaticTestTable -> null, breakAfterAcquireFailure -> false, checkoutTimeout -> 3000, connectionCustomizerClassName -> null, connectionTesterClassName -> com.mchange.v2.c3p0.impl.DefaultConnectionTester, debugUnreturnedConnectionStackTraces -> false, factoryClassLocation -> null, forceIgnoreUnresolvedTransactions -> false, identityToken -> 3051ew991xpqcj018gl32f|5a12c728, idleConnectionTestPeriod -> 60, initialPoolSize -> 3, maxAdministrativeTaskTime -> 0, maxConnectionAge -> 0, maxIdleTime -> 120, maxIdleTimeExcessConnections -> 0, maxPoolSize -> 20, maxStatements -> 0, maxStatementsPerConnection -> 0, minPoolSize -> 1, nestedDataSource -> com.mchange.v2.c3p0.DriverManagerDataSource@5851ea75 [ description -> null, driverClass -> oracle.jdbc.driver.OracleDriver, factoryClassLocation -> null, identityToken -> 3051ew991xpqcj018gl32f|36dce7ed, jdbcUrl -> jdbc:oracle:thin:@192.168.1.11:1521:hls, properties -> {user=******, password=******} ], preferredTestQuery -> select 1 from dual, propertyCycle -> 0, testConnectionOnCheckin -> true, testConnectionOnCheckout -> false, unreturnedConnectionTimeout -> 0, usesTraditionalReflectiveProxies -> false; userOverrides: {} ], dataSourceName -> null, factoryClassLocation -> null, identityToken -> 3051ew991xpqcj018gl32f|5d332969, numHelperThreads -> 3 ]
2015-06-16 15:24:55.705 [uncertain.core] [INFO] Loaded instance aurora.database.service.DatabaseServiceFactory from /private/var/folders/11/7pfwk3xd20g8rglx83p64h0m0000gn/T/aurora_builtin_package/aurora.database/config/database-service-factory.config
2015-06-16 15:24:55.762 [uncertain.core] [INFO] UncertainEngine startup success in 1917 ms
2015-06-16 15:25:03.110 [uncertain.core] [INFO] Uncertain engine shutdown
2015-06-16 15:25:45.806 [uncertain.core] [INFO] Uncertain engine startup
2015-06-16 15:25:47.46 [uncertain.core] [INFO] Loaded instance aurora.plugin.esb.AuroraEsbServer from /Users/shiliyan/git/aurora-ide/aurora-esb/deploy/WEB-INF/aurora.plugin.esb/esb.config
2015-06-16 15:25:47.50 [uncertain.core] [INFO] Loaded instance aurora.application.DefaultSessionInfoProvider from /private/var/folders/11/7pfwk3xd20g8rglx83p64h0m0000gn/T/aurora_builtin_package/aurora.features/config/session-info-provider.config
2015-06-16 15:25:47.58 [uncertain.core] [INFO] Loaded instance aurora.application.features.ServiceLogging from /Users/shiliyan/git/aurora-ide/aurora-esb/deploy/WEB-INF/aurora.feature/service-logging.config
2015-06-16 15:25:47.74 [uncertain.core] [INFO] Loaded instance aurora.application.features.ApplicationStartupProcedureInvoker from /private/var/folders/11/7pfwk3xd20g8rglx83p64h0m0000gn/T/aurora_builtin_package/aurora.base/config/app-init-procedure-invoker.config
2015-06-16 15:25:47.91 [uncertain.core] [INFO] Loaded instance aurora.service.exception.ExceptionDescriptorConfig from /private/var/folders/11/7pfwk3xd20g8rglx83p64h0m0000gn/T/aurora_builtin_package/aurora.base/config/exception-descriptor.config
2015-06-16 15:25:47.95 [uncertain.core] [INFO] Loaded instance aurora.bm.BmCachedDataProvider from /private/var/folders/11/7pfwk3xd20g8rglx83p64h0m0000gn/T/aurora_builtin_package/aurora.base/config/bm-cached-data-provider.config
2015-06-16 15:25:47.314 [aurora.datasource] [CONFIG] Setting up dataSource url:jdbc:oracle:thin:@192.168.1.11:1521:hls,user:cf_test
2015-06-16 15:25:47.316 [uncertain.core] [INFO] Loaded instance aurora.datasource.DataSourceConfig from /Users/shiliyan/git/aurora-ide/aurora-esb/deploy/WEB-INF/aurora.database/datasource.config
2015-06-16 15:25:47.377 [uncertain.core] [INFO] Loaded instance aurora.database.profile.DatabaseFactory from /private/var/folders/11/7pfwk3xd20g8rglx83p64h0m0000gn/T/aurora_builtin_package/aurora.database/config/database.config
2015-06-16 15:25:47.379 [uncertain.core] [INFO] Loaded instance aurora.bm.ModelFactory from /private/var/folders/11/7pfwk3xd20g8rglx83p64h0m0000gn/T/aurora_builtin_package/aurora.database/config/model-factory.config
2015-06-16 15:25:47.382 [aurora.database] [INFO] Using datasource com.mchange.v2.c3p0.PoolBackedDataSource@27b66b9a [ connectionPoolDataSource -> com.mchange.v2.c3p0.WrapperConnectionPoolDataSource@c9caa7ec [ acquireIncrement -> 3, acquireRetryAttempts -> 30, acquireRetryDelay -> 1000, autoCommitOnClose -> false, automaticTestTable -> null, breakAfterAcquireFailure -> false, checkoutTimeout -> 3000, connectionCustomizerClassName -> null, connectionTesterClassName -> com.mchange.v2.c3p0.impl.DefaultConnectionTester, debugUnreturnedConnectionStackTraces -> false, factoryClassLocation -> null, forceIgnoreUnresolvedTransactions -> false, identityToken -> 3051ew991xprggn1e2fr66|5a12c728, idleConnectionTestPeriod -> 60, initialPoolSize -> 3, maxAdministrativeTaskTime -> 0, maxConnectionAge -> 0, maxIdleTime -> 120, maxIdleTimeExcessConnections -> 0, maxPoolSize -> 20, maxStatements -> 0, maxStatementsPerConnection -> 0, minPoolSize -> 1, nestedDataSource -> com.mchange.v2.c3p0.DriverManagerDataSource@227e5f20 [ description -> null, driverClass -> oracle.jdbc.driver.OracleDriver, factoryClassLocation -> null, identityToken -> 3051ew991xprggn1e2fr66|36dce7ed, jdbcUrl -> jdbc:oracle:thin:@192.168.1.11:1521:hls, properties -> {user=******, password=******} ], preferredTestQuery -> select 1 from dual, propertyCycle -> 0, testConnectionOnCheckin -> true, testConnectionOnCheckout -> false, unreturnedConnectionTimeout -> 0, usesTraditionalReflectiveProxies -> false; userOverrides: {} ], dataSourceName -> null, factoryClassLocation -> null, identityToken -> 3051ew991xprggn1e2fr66|5d332969, numHelperThreads -> 3 ]
2015-06-16 15:25:47.397 [uncertain.core] [INFO] Loaded instance aurora.database.service.DatabaseServiceFactory from /private/var/folders/11/7pfwk3xd20g8rglx83p64h0m0000gn/T/aurora_builtin_package/aurora.database/config/database-service-factory.config
2015-06-16 15:25:47.438 [uncertain.core] [INFO] UncertainEngine startup success in 1708 ms
2015-06-16 15:26:07.248 [uncertain.core] [INFO] Uncertain engine startup
2015-06-16 15:26:08.506 [uncertain.core] [INFO] Loaded instance aurora.plugin.esb.AuroraEsbServer from /Users/shiliyan/git/aurora-ide/aurora-esb/deploy/WEB-INF/aurora.plugin.esb/esb.config
2015-06-16 15:26:08.509 [uncertain.core] [INFO] Loaded instance aurora.application.DefaultSessionInfoProvider from /private/var/folders/11/7pfwk3xd20g8rglx83p64h0m0000gn/T/aurora_builtin_package/aurora.features/config/session-info-provider.config
2015-06-16 15:26:08.526 [uncertain.core] [INFO] Loaded instance aurora.application.features.ServiceLogging from /Users/shiliyan/git/aurora-ide/aurora-esb/deploy/WEB-INF/aurora.feature/service-logging.config
2015-06-16 15:26:08.532 [uncertain.core] [INFO] Loaded instance aurora.application.features.ApplicationStartupProcedureInvoker from /private/var/folders/11/7pfwk3xd20g8rglx83p64h0m0000gn/T/aurora_builtin_package/aurora.base/config/app-init-procedure-invoker.config
2015-06-16 15:26:08.553 [uncertain.core] [INFO] Loaded instance aurora.service.exception.ExceptionDescriptorConfig from /private/var/folders/11/7pfwk3xd20g8rglx83p64h0m0000gn/T/aurora_builtin_package/aurora.base/config/exception-descriptor.config
2015-06-16 15:26:08.558 [uncertain.core] [INFO] Loaded instance aurora.bm.BmCachedDataProvider from /private/var/folders/11/7pfwk3xd20g8rglx83p64h0m0000gn/T/aurora_builtin_package/aurora.base/config/bm-cached-data-provider.config
2015-06-16 15:26:08.768 [aurora.datasource] [CONFIG] Setting up dataSource url:jdbc:oracle:thin:@192.168.1.11:1521:hls,user:cf_test
2015-06-16 15:26:08.777 [uncertain.core] [INFO] Loaded instance aurora.datasource.DataSourceConfig from /Users/shiliyan/git/aurora-ide/aurora-esb/deploy/WEB-INF/aurora.database/datasource.config
2015-06-16 15:26:08.836 [uncertain.core] [INFO] Loaded instance aurora.database.profile.DatabaseFactory from /private/var/folders/11/7pfwk3xd20g8rglx83p64h0m0000gn/T/aurora_builtin_package/aurora.database/config/database.config
2015-06-16 15:26:08.837 [uncertain.core] [INFO] Loaded instance aurora.bm.ModelFactory from /private/var/folders/11/7pfwk3xd20g8rglx83p64h0m0000gn/T/aurora_builtin_package/aurora.database/config/model-factory.config
2015-06-16 15:26:08.843 [aurora.database] [INFO] Using datasource com.mchange.v2.c3p0.PoolBackedDataSource@84af6954 [ connectionPoolDataSource -> com.mchange.v2.c3p0.WrapperConnectionPoolDataSource@26c3a5a6 [ acquireIncrement -> 3, acquireRetryAttempts -> 30, acquireRetryDelay -> 1000, autoCommitOnClose -> false, automaticTestTable -> null, breakAfterAcquireFailure -> false, checkoutTimeout -> 3000, connectionCustomizerClassName -> null, connectionTesterClassName -> com.mchange.v2.c3p0.impl.DefaultConnectionTester, debugUnreturnedConnectionStackTraces -> false, factoryClassLocation -> null, forceIgnoreUnresolvedTransactions -> false, identityToken -> 3051ew991xprx0tkfsvbf|5a12c728, idleConnectionTestPeriod -> 60, initialPoolSize -> 3, maxAdministrativeTaskTime -> 0, maxConnectionAge -> 0, maxIdleTime -> 120, maxIdleTimeExcessConnections -> 0, maxPoolSize -> 20, maxStatements -> 0, maxStatementsPerConnection -> 0, minPoolSize -> 1, nestedDataSource -> com.mchange.v2.c3p0.DriverManagerDataSource@7f775cda [ description -> null, driverClass -> oracle.jdbc.driver.OracleDriver, factoryClassLocation -> null, identityToken -> 3051ew991xprx0tkfsvbf|36dce7ed, jdbcUrl -> jdbc:oracle:thin:@192.168.1.11:1521:hls, properties -> {user=******, password=******} ], preferredTestQuery -> select 1 from dual, propertyCycle -> 0, testConnectionOnCheckin -> true, testConnectionOnCheckout -> false, unreturnedConnectionTimeout -> 0, usesTraditionalReflectiveProxies -> false; userOverrides: {} ], dataSourceName -> null, factoryClassLocation -> null, identityToken -> 3051ew991xprx0tkfsvbf|5d332969, numHelperThreads -> 3 ]
2015-06-16 15:26:08.858 [uncertain.core] [INFO] Loaded instance aurora.database.service.DatabaseServiceFactory from /private/var/folders/11/7pfwk3xd20g8rglx83p64h0m0000gn/T/aurora_builtin_package/aurora.database/config/database-service-factory.config
2015-06-16 15:26:08.899 [uncertain.core] [INFO] UncertainEngine startup success in 1710 ms
2015-06-16 15:28:20.911 [uncertain.core] [INFO] Uncertain engine startup
2015-06-16 15:28:22.200 [uncertain.core] [INFO] Loaded instance aurora.plugin.esb.AuroraEsbServer from /Users/shiliyan/git/aurora-ide/aurora-esb/deploy/WEB-INF/aurora.plugin.esb/esb.config
2015-06-16 15:28:22.207 [uncertain.core] [INFO] Loaded instance aurora.application.DefaultSessionInfoProvider from /private/var/folders/11/7pfwk3xd20g8rglx83p64h0m0000gn/T/aurora_builtin_package/aurora.features/config/session-info-provider.config
2015-06-16 15:28:22.222 [uncertain.core] [INFO] Loaded instance aurora.application.features.ServiceLogging from /Users/shiliyan/git/aurora-ide/aurora-esb/deploy/WEB-INF/aurora.feature/service-logging.config
2015-06-16 15:28:22.235 [uncertain.core] [INFO] Loaded instance aurora.application.features.ApplicationStartupProcedureInvoker from /private/var/folders/11/7pfwk3xd20g8rglx83p64h0m0000gn/T/aurora_builtin_package/aurora.base/config/app-init-procedure-invoker.config
2015-06-16 15:28:22.250 [uncertain.core] [INFO] Loaded instance aurora.service.exception.ExceptionDescriptorConfig from /private/var/folders/11/7pfwk3xd20g8rglx83p64h0m0000gn/T/aurora_builtin_package/aurora.base/config/exception-descriptor.config
2015-06-16 15:28:22.255 [uncertain.core] [INFO] Loaded instance aurora.bm.BmCachedDataProvider from /private/var/folders/11/7pfwk3xd20g8rglx83p64h0m0000gn/T/aurora_builtin_package/aurora.base/config/bm-cached-data-provider.config
2015-06-16 15:28:22.541 [aurora.datasource] [CONFIG] Setting up dataSource url:jdbc:oracle:thin:@192.168.1.11:1521:hls,user:cf_test
2015-06-16 15:28:22.548 [uncertain.core] [INFO] Loaded instance aurora.datasource.DataSourceConfig from /Users/shiliyan/git/aurora-ide/aurora-esb/deploy/WEB-INF/aurora.database/datasource.config
2015-06-16 15:28:22.616 [uncertain.core] [INFO] Loaded instance aurora.database.profile.DatabaseFactory from /private/var/folders/11/7pfwk3xd20g8rglx83p64h0m0000gn/T/aurora_builtin_package/aurora.database/config/database.config
2015-06-16 15:28:22.620 [uncertain.core] [INFO] Loaded instance aurora.bm.ModelFactory from /private/var/folders/11/7pfwk3xd20g8rglx83p64h0m0000gn/T/aurora_builtin_package/aurora.database/config/model-factory.config
2015-06-16 15:28:22.625 [aurora.database] [INFO] Using datasource com.mchange.v2.c3p0.PoolBackedDataSource@26e61167 [ connectionPoolDataSource -> com.mchange.v2.c3p0.WrapperConnectionPoolDataSource@c8fa4db9 [ acquireIncrement -> 3, acquireRetryAttempts -> 30, acquireRetryDelay -> 1000, autoCommitOnClose -> false, automaticTestTable -> null, breakAfterAcquireFailure -> false, checkoutTimeout -> 3000, connectionCustomizerClassName -> null, connectionTesterClassName -> com.mchange.v2.c3p0.impl.DefaultConnectionTester, debugUnreturnedConnectionStackTraces -> false, factoryClassLocation -> null, forceIgnoreUnresolvedTransactions -> false, identityToken -> 3051ew991xpus6t14prkte|5a12c728, idleConnectionTestPeriod -> 60, initialPoolSize -> 3, maxAdministrativeTaskTime -> 0, maxConnectionAge -> 0, maxIdleTime -> 120, maxIdleTimeExcessConnections -> 0, maxPoolSize -> 20, maxStatements -> 0, maxStatementsPerConnection -> 0, minPoolSize -> 1, nestedDataSource -> com.mchange.v2.c3p0.DriverManagerDataSource@21ae04ed [ description -> null, driverClass -> oracle.jdbc.driver.OracleDriver, factoryClassLocation -> null, identityToken -> 3051ew991xpus6t14prkte|36dce7ed, jdbcUrl -> jdbc:oracle:thin:@192.168.1.11:1521:hls, properties -> {user=******, password=******} ], preferredTestQuery -> select 1 from dual, propertyCycle -> 0, testConnectionOnCheckin -> true, testConnectionOnCheckout -> false, unreturnedConnectionTimeout -> 0, usesTraditionalReflectiveProxies -> false; userOverrides: {} ], dataSourceName -> null, factoryClassLocation -> null, identityToken -> 3051ew991xpus6t14prkte|5d332969, numHelperThreads -> 3 ]
2015-06-16 15:28:22.641 [uncertain.core] [INFO] Loaded instance aurora.database.service.DatabaseServiceFactory from /private/var/folders/11/7pfwk3xd20g8rglx83p64h0m0000gn/T/aurora_builtin_package/aurora.database/config/database-service-factory.config
2015-06-16 15:28:22.684 [uncertain.core] [INFO] UncertainEngine startup success in 1853 ms
2015-06-16 15:28:41.779 [uncertain.core] [INFO] Uncertain engine shutdown
2015-06-16 15:35:42.142 [uncertain.core] [INFO] Uncertain engine startup
2015-06-16 15:35:43.934 [uncertain.core] [INFO] Loaded instance aurora.plugin.esb.AuroraEsbServer from /Users/shiliyan/git/aurora-ide/aurora-esb/deploy/WEB-INF/aurora.plugin.esb/esb.config
2015-06-16 15:35:43.938 [uncertain.core] [INFO] Loaded instance aurora.application.DefaultSessionInfoProvider from /private/var/folders/11/7pfwk3xd20g8rglx83p64h0m0000gn/T/aurora_builtin_package/aurora.features/config/session-info-provider.config
2015-06-16 15:35:43.952 [uncertain.core] [INFO] Loaded instance aurora.application.features.ServiceLogging from /Users/shiliyan/git/aurora-ide/aurora-esb/deploy/WEB-INF/aurora.feature/service-logging.config
2015-06-16 15:35:43.956 [uncertain.core] [INFO] Loaded instance aurora.application.features.ApplicationStartupProcedureInvoker from /private/var/folders/11/7pfwk3xd20g8rglx83p64h0m0000gn/T/aurora_builtin_package/aurora.base/config/app-init-procedure-invoker.config
2015-06-16 15:35:43.977 [uncertain.core] [INFO] Loaded instance aurora.service.exception.ExceptionDescriptorConfig from /private/var/folders/11/7pfwk3xd20g8rglx83p64h0m0000gn/T/aurora_builtin_package/aurora.base/config/exception-descriptor.config
2015-06-16 15:35:43.983 [uncertain.core] [INFO] Loaded instance aurora.bm.BmCachedDataProvider from /private/var/folders/11/7pfwk3xd20g8rglx83p64h0m0000gn/T/aurora_builtin_package/aurora.base/config/bm-cached-data-provider.config
2015-06-16 15:35:44.344 [aurora.datasource] [CONFIG] Setting up dataSource url:jdbc:oracle:thin:@192.168.1.11:1521:hls,user:cf_test
2015-06-16 15:35:44.346 [uncertain.core] [INFO] Loaded instance aurora.datasource.DataSourceConfig from /Users/shiliyan/git/aurora-ide/aurora-esb/deploy/WEB-INF/aurora.database/datasource.config
2015-06-16 15:35:44.448 [uncertain.core] [INFO] Loaded instance aurora.database.profile.DatabaseFactory from /private/var/folders/11/7pfwk3xd20g8rglx83p64h0m0000gn/T/aurora_builtin_package/aurora.database/config/database.config
2015-06-16 15:35:44.458 [uncertain.core] [INFO] Loaded instance aurora.bm.ModelFactory from /private/var/folders/11/7pfwk3xd20g8rglx83p64h0m0000gn/T/aurora_builtin_package/aurora.database/config/model-factory.config
2015-06-16 15:35:44.460 [aurora.database] [INFO] Using datasource com.mchange.v2.c3p0.PoolBackedDataSource@dc3b1ea9 [ connectionPoolDataSource -> com.mchange.v2.c3p0.WrapperConnectionPoolDataSource@7e4f5afb [ acquireIncrement -> 3, acquireRetryAttempts -> 30, acquireRetryDelay -> 1000, autoCommitOnClose -> false, automaticTestTable -> null, breakAfterAcquireFailure -> false, checkoutTimeout -> 3000, connectionCustomizerClassName -> null, connectionTesterClassName -> com.mchange.v2.c3p0.impl.DefaultConnectionTester, debugUnreturnedConnectionStackTraces -> false, factoryClassLocation -> null, forceIgnoreUnresolvedTransactions -> false, identityToken -> 3051ew991xq491osq8469|5a12c728, idleConnectionTestPeriod -> 60, initialPoolSize -> 3, maxAdministrativeTaskTime -> 0, maxConnectionAge -> 0, maxIdleTime -> 120, maxIdleTimeExcessConnections -> 0, maxPoolSize -> 20, maxStatements -> 0, maxStatementsPerConnection -> 0, minPoolSize -> 1, nestedDataSource -> com.mchange.v2.c3p0.DriverManagerDataSource@d703122f [ description -> null, driverClass -> oracle.jdbc.driver.OracleDriver, factoryClassLocation -> null, identityToken -> 3051ew991xq491osq8469|36dce7ed, jdbcUrl -> jdbc:oracle:thin:@192.168.1.11:1521:hls, properties -> {user=******, password=******} ], preferredTestQuery -> select 1 from dual, propertyCycle -> 0, testConnectionOnCheckin -> true, testConnectionOnCheckout -> false, unreturnedConnectionTimeout -> 0, usesTraditionalReflectiveProxies -> false; userOverrides: {} ], dataSourceName -> null, factoryClassLocation -> null, identityToken -> 3051ew991xq491osq8469|5d332969, numHelperThreads -> 3 ]
2015-06-16 15:35:44.480 [uncertain.core] [INFO] Loaded instance aurora.database.service.DatabaseServiceFactory from /private/var/folders/11/7pfwk3xd20g8rglx83p64h0m0000gn/T/aurora_builtin_package/aurora.database/config/database-service-factory.config
2015-06-16 15:35:44.540 [uncertain.core] [INFO] UncertainEngine startup success in 2481 ms
2015-06-16 15:36:12.0 [uncertain.core] [INFO] Uncertain engine shutdown
