2015-06-03 15:31:13.538 [uncertain.core] [INFO] Uncertain engine startup
2015-06-03 15:34:12.872 [uncertain.core] [INFO] Uncertain engine startup
2015-06-03 15:34:47.550 [uncertain.core] [INFO] Uncertain engine startup
2015-06-03 15:34:50.96 [uncertain.core] [INFO] Loaded instance aurora.plugin.esb.AuroraEsbServer from /Users/shiliyan/git/aurora-ide/aurora-esb/deploy/WEB-INF/aurora.plugin.esb/esb.config
2015-06-03 15:34:50.100 [uncertain.core] [INFO] Loaded instance aurora.application.DefaultSessionInfoProvider from /private/var/folders/11/7pfwk3xd20g8rglx83p64h0m0000gn/T/aurora_builtin_package/aurora.features/config/session-info-provider.config
2015-06-03 15:34:50.107 [uncertain.core] [INFO] Loaded instance aurora.application.features.ServiceLogging from /Users/shiliyan/git/aurora-ide/aurora-esb/deploy/WEB-INF/aurora.feature/service-logging.config
2015-06-03 15:34:50.110 [uncertain.core] [INFO] Loaded instance aurora.application.features.ApplicationStartupProcedureInvoker from /private/var/folders/11/7pfwk3xd20g8rglx83p64h0m0000gn/T/aurora_builtin_package/aurora.base/config/app-init-procedure-invoker.config
2015-06-03 15:34:50.122 [uncertain.core] [INFO] Loaded instance aurora.service.exception.ExceptionDescriptorConfig from /private/var/folders/11/7pfwk3xd20g8rglx83p64h0m0000gn/T/aurora_builtin_package/aurora.base/config/exception-descriptor.config
2015-06-03 15:34:50.127 [uncertain.core] [INFO] Loaded instance aurora.bm.BmCachedDataProvider from /private/var/folders/11/7pfwk3xd20g8rglx83p64h0m0000gn/T/aurora_builtin_package/aurora.base/config/bm-cached-data-provider.config
2015-06-03 15:34:50.520 [aurora.datasource] [CONFIG] Setting up dataSource url:jdbc:oracle:thin:@192.168.1.11:1521:hls,user:cf_test
2015-06-03 15:34:50.521 [uncertain.core] [INFO] Loaded instance aurora.datasource.DataSourceConfig from /Users/shiliyan/git/aurora-ide/aurora-esb/deploy/WEB-INF/aurora.database/datasource.config
2015-06-03 15:34:50.567 [uncertain.core] [INFO] Loaded instance aurora.database.profile.DatabaseFactory from /private/var/folders/11/7pfwk3xd20g8rglx83p64h0m0000gn/T/aurora_builtin_package/aurora.database/config/database.config
2015-06-03 15:34:50.570 [uncertain.core] [INFO] Loaded instance aurora.bm.ModelFactory from /private/var/folders/11/7pfwk3xd20g8rglx83p64h0m0000gn/T/aurora_builtin_package/aurora.database/config/model-factory.config
2015-06-03 15:34:50.574 [aurora.database] [INFO] Using datasource com.mchange.v2.c3p0.PoolBackedDataSource@b7edca19 [ connectionPoolDataSource -> com.mchange.v2.c3p0.WrapperConnectionPoolDataSource@83ff8760 [ acquireIncrement -> 3, acquireRetryAttempts -> 30, acquireRetryDelay -> 1000, autoCommitOnClose -> false, automaticTestTable -> null, breakAfterAcquireFailure -> false, checkoutTimeout -> 3000, connectionCustomizerClassName -> null, connectionTesterClassName -> com.mchange.v2.c3p0.impl.DefaultConnectionTester, debugUnreturnedConnectionStackTraces -> false, factoryClassLocation -> null, forceIgnoreUnresolvedTransactions -> false, identityToken -> 1hge15t991f5d0uf1q5ifd|6928f576, idleConnectionTestPeriod -> 60, initialPoolSize -> 3, maxAdministrativeTaskTime -> 0, maxConnectionAge -> 0, maxIdleTime -> 120, maxIdleTimeExcessConnections -> 0, maxPoolSize -> 20, maxStatements -> 0, maxStatementsPerConnection -> 0, minPoolSize -> 1, nestedDataSource -> com.mchange.v2.c3p0.DriverManagerDataSource@196b09cc [ description -> null, driverClass -> oracle.jdbc.driver.OracleDriver, factoryClassLocation -> null, identityToken -> 1hge15t991f5d0uf1q5ifd|29876704, jdbcUrl -> jdbc:oracle:thin:@192.168.1.11:1521:hls, properties -> {user=******, password=******} ], preferredTestQuery -> select 1 from dual, propertyCycle -> 0, testConnectionOnCheckin -> true, testConnectionOnCheckout -> false, unreturnedConnectionTimeout -> 0, usesTraditionalReflectiveProxies -> false; userOverrides: {} ], dataSourceName -> null, factoryClassLocation -> null, identityToken -> 1hge15t991f5d0uf1q5ifd|6bc248ed, numHelperThreads -> 3 ]
2015-06-03 15:34:50.585 [uncertain.core] [INFO] Loaded instance aurora.database.service.DatabaseServiceFactory from /private/var/folders/11/7pfwk3xd20g8rglx83p64h0m0000gn/T/aurora_builtin_package/aurora.database/config/database-service-factory.config
2015-06-03 15:34:50.621 [uncertain.core] [INFO] UncertainEngine startup success in 3116 ms
2015-06-03 15:36:08.413 [uncertain.core] [INFO] Uncertain engine startup
2015-06-03 16:15:40.654 [uncertain.core] [INFO] Uncertain engine startup
2015-06-03 16:15:42.981 [uncertain.core] [INFO] Loaded instance aurora.plugin.esb.AuroraEsbServer from /Users/shiliyan/git/aurora-ide/aurora-esb/deploy/WEB-INF/aurora.plugin.esb/esb.config
2015-06-03 16:15:42.985 [uncertain.core] [INFO] Loaded instance aurora.application.DefaultSessionInfoProvider from /private/var/folders/11/7pfwk3xd20g8rglx83p64h0m0000gn/T/aurora_builtin_package/aurora.features/config/session-info-provider.config
2015-06-03 16:15:42.992 [uncertain.core] [INFO] Loaded instance aurora.application.features.ServiceLogging from /Users/shiliyan/git/aurora-ide/aurora-esb/deploy/WEB-INF/aurora.feature/service-logging.config
2015-06-03 16:15:42.995 [uncertain.core] [INFO] Loaded instance aurora.application.features.ApplicationStartupProcedureInvoker from /private/var/folders/11/7pfwk3xd20g8rglx83p64h0m0000gn/T/aurora_builtin_package/aurora.base/config/app-init-procedure-invoker.config
2015-06-03 16:15:43.11 [uncertain.core] [INFO] Loaded instance aurora.service.exception.ExceptionDescriptorConfig from /private/var/folders/11/7pfwk3xd20g8rglx83p64h0m0000gn/T/aurora_builtin_package/aurora.base/config/exception-descriptor.config
2015-06-03 16:15:43.17 [uncertain.core] [INFO] Loaded instance aurora.bm.BmCachedDataProvider from /private/var/folders/11/7pfwk3xd20g8rglx83p64h0m0000gn/T/aurora_builtin_package/aurora.base/config/bm-cached-data-provider.config
2015-06-03 16:15:43.330 [aurora.datasource] [CONFIG] Setting up dataSource url:jdbc:oracle:thin:@192.168.1.11:1521:hls,user:cf_test
2015-06-03 16:15:43.331 [uncertain.core] [INFO] Loaded instance aurora.datasource.DataSourceConfig from /Users/shiliyan/git/aurora-ide/aurora-esb/deploy/WEB-INF/aurora.database/datasource.config
2015-06-03 16:15:43.357 [uncertain.core] [INFO] Loaded instance aurora.database.profile.DatabaseFactory from /private/var/folders/11/7pfwk3xd20g8rglx83p64h0m0000gn/T/aurora_builtin_package/aurora.database/config/database.config
2015-06-03 16:15:43.363 [uncertain.core] [INFO] Loaded instance aurora.bm.ModelFactory from /private/var/folders/11/7pfwk3xd20g8rglx83p64h0m0000gn/T/aurora_builtin_package/aurora.database/config/model-factory.config
2015-06-03 16:15:43.372 [aurora.database] [INFO] Using datasource com.mchange.v2.c3p0.PoolBackedDataSource@de45be60 [ connectionPoolDataSource -> com.mchange.v2.c3p0.WrapperConnectionPoolDataSource@beb66895 [ acquireIncrement -> 3, acquireRetryAttempts -> 30, acquireRetryDelay -> 1000, autoCommitOnClose -> false, automaticTestTable -> null, breakAfterAcquireFailure -> false, checkoutTimeout -> 3000, connectionCustomizerClassName -> null, connectionTesterClassName -> com.mchange.v2.c3p0.impl.DefaultConnectionTester, debugUnreturnedConnectionStackTraces -> false, factoryClassLocation -> null, forceIgnoreUnresolvedTransactions -> false, identityToken -> 1hge15t991f6tlhh1vokejk|6e57e95e, idleConnectionTestPeriod -> 60, initialPoolSize -> 3, maxAdministrativeTaskTime -> 0, maxConnectionAge -> 0, maxIdleTime -> 120, maxIdleTimeExcessConnections -> 0, maxPoolSize -> 20, maxStatements -> 0, maxStatementsPerConnection -> 0, minPoolSize -> 1, nestedDataSource -> com.mchange.v2.c3p0.DriverManagerDataSource@de59682c [ description -> null, driverClass -> oracle.jdbc.driver.OracleDriver, factoryClassLocation -> null, identityToken -> 1hge15t991f6tlhh1vokejk|770d0ea6, jdbcUrl -> jdbc:oracle:thin:@192.168.1.11:1521:hls, properties -> {user=******, password=******} ], preferredTestQuery -> select 1 from dual, propertyCycle -> 0, testConnectionOnCheckin -> true, testConnectionOnCheckout -> false, unreturnedConnectionTimeout -> 0, usesTraditionalReflectiveProxies -> false; userOverrides: {} ], dataSourceName -> null, factoryClassLocation -> null, identityToken -> 1hge15t991f6tlhh1vokejk|3574e198, numHelperThreads -> 3 ]
2015-06-03 16:15:43.417 [uncertain.core] [INFO] Loaded instance aurora.database.service.DatabaseServiceFactory from /private/var/folders/11/7pfwk3xd20g8rglx83p64h0m0000gn/T/aurora_builtin_package/aurora.database/config/database-service-factory.config
2015-06-03 16:15:43.465 [uncertain.core] [INFO] UncertainEngine startup success in 2862 ms
2015-06-03 16:19:11.966 [uncertain.core] [INFO] Uncertain engine startup
2015-06-03 16:19:13.955 [uncertain.core] [INFO] Loaded instance aurora.plugin.esb.AuroraEsbServer from /Users/shiliyan/git/aurora-ide/aurora-esb/deploy/WEB-INF/aurora.plugin.esb/esb.config
2015-06-03 16:19:13.959 [uncertain.core] [INFO] Loaded instance aurora.application.DefaultSessionInfoProvider from /private/var/folders/11/7pfwk3xd20g8rglx83p64h0m0000gn/T/aurora_builtin_package/aurora.features/config/session-info-provider.config
2015-06-03 16:19:13.970 [uncertain.core] [INFO] Loaded instance aurora.application.features.ServiceLogging from /Users/shiliyan/git/aurora-ide/aurora-esb/deploy/WEB-INF/aurora.feature/service-logging.config
2015-06-03 16:19:13.975 [uncertain.core] [INFO] Loaded instance aurora.application.features.ApplicationStartupProcedureInvoker from /private/var/folders/11/7pfwk3xd20g8rglx83p64h0m0000gn/T/aurora_builtin_package/aurora.base/config/app-init-procedure-invoker.config
2015-06-03 16:19:13.990 [uncertain.core] [INFO] Loaded instance aurora.service.exception.ExceptionDescriptorConfig from /private/var/folders/11/7pfwk3xd20g8rglx83p64h0m0000gn/T/aurora_builtin_package/aurora.base/config/exception-descriptor.config
2015-06-03 16:19:13.997 [uncertain.core] [INFO] Loaded instance aurora.bm.BmCachedDataProvider from /private/var/folders/11/7pfwk3xd20g8rglx83p64h0m0000gn/T/aurora_builtin_package/aurora.base/config/bm-cached-data-provider.config
2015-06-03 16:19:14.372 [aurora.datasource] [CONFIG] Setting up dataSource url:jdbc:oracle:thin:@192.168.1.11:1521:hls,user:cf_test
2015-06-03 16:19:14.374 [uncertain.core] [INFO] Loaded instance aurora.datasource.DataSourceConfig from /Users/shiliyan/git/aurora-ide/aurora-esb/deploy/WEB-INF/aurora.database/datasource.config
2015-06-03 16:19:14.427 [uncertain.core] [INFO] Loaded instance aurora.database.profile.DatabaseFactory from /private/var/folders/11/7pfwk3xd20g8rglx83p64h0m0000gn/T/aurora_builtin_package/aurora.database/config/database.config
2015-06-03 16:19:14.432 [uncertain.core] [INFO] Loaded instance aurora.bm.ModelFactory from /private/var/folders/11/7pfwk3xd20g8rglx83p64h0m0000gn/T/aurora_builtin_package/aurora.database/config/model-factory.config
2015-06-03 16:19:14.464 [aurora.database] [INFO] Using datasource com.mchange.v2.c3p0.PoolBackedDataSource@9d75716e [ connectionPoolDataSource -> com.mchange.v2.c3p0.WrapperConnectionPoolDataSource@25e56c66 [ acquireIncrement -> 3, acquireRetryAttempts -> 30, acquireRetryDelay -> 1000, autoCommitOnClose -> false, automaticTestTable -> null, breakAfterAcquireFailure -> false, checkoutTimeout -> 3000, connectionCustomizerClassName -> null, connectionTesterClassName -> com.mchange.v2.c3p0.impl.DefaultConnectionTester, debugUnreturnedConnectionStackTraces -> false, factoryClassLocation -> null, forceIgnoreUnresolvedTransactions -> false, identityToken -> 1hge15t991f6y4ae18ju8kc|630d1b2f, idleConnectionTestPeriod -> 60, initialPoolSize -> 3, maxAdministrativeTaskTime -> 0, maxConnectionAge -> 0, maxIdleTime -> 120, maxIdleTimeExcessConnections -> 0, maxPoolSize -> 20, maxStatements -> 0, maxStatementsPerConnection -> 0, minPoolSize -> 1, nestedDataSource -> com.mchange.v2.c3p0.DriverManagerDataSource@2c8286e8 [ description -> null, driverClass -> oracle.jdbc.driver.OracleDriver, factoryClassLocation -> null, identityToken -> 1hge15t991f6y4ae18ju8kc|213860b8, jdbcUrl -> jdbc:oracle:thin:@192.168.1.11:1521:hls, properties -> {user=******, password=******} ], preferredTestQuery -> select 1 from dual, propertyCycle -> 0, testConnectionOnCheckin -> true, testConnectionOnCheckout -> false, unreturnedConnectionTimeout -> 0, usesTraditionalReflectiveProxies -> false; userOverrides: {} ], dataSourceName -> null, factoryClassLocation -> null, identityToken -> 1hge15t991f6y4ae18ju8kc|64aad6db, numHelperThreads -> 3 ]
2015-06-03 16:19:14.482 [uncertain.core] [INFO] Loaded instance aurora.database.service.DatabaseServiceFactory from /private/var/folders/11/7pfwk3xd20g8rglx83p64h0m0000gn/T/aurora_builtin_package/aurora.database/config/database-service-factory.config
2015-06-03 16:19:14.527 [uncertain.core] [INFO] UncertainEngine startup success in 2626 ms
2015-06-03 16:22:09.115 [uncertain.core] [INFO] Uncertain engine startup
2015-06-03 16:22:10.928 [uncertain.core] [INFO] Loaded instance aurora.plugin.esb.AuroraEsbServer from /Users/shiliyan/git/aurora-ide/aurora-esb/deploy/WEB-INF/aurora.plugin.esb/esb.config
2015-06-03 16:22:10.932 [uncertain.core] [INFO] Loaded instance aurora.application.DefaultSessionInfoProvider from /private/var/folders/11/7pfwk3xd20g8rglx83p64h0m0000gn/T/aurora_builtin_package/aurora.features/config/session-info-provider.config
2015-06-03 16:22:10.943 [uncertain.core] [INFO] Loaded instance aurora.application.features.ServiceLogging from /Users/shiliyan/git/aurora-ide/aurora-esb/deploy/WEB-INF/aurora.feature/service-logging.config
2015-06-03 16:22:10.947 [uncertain.core] [INFO] Loaded instance aurora.application.features.ApplicationStartupProcedureInvoker from /private/var/folders/11/7pfwk3xd20g8rglx83p64h0m0000gn/T/aurora_builtin_package/aurora.base/config/app-init-procedure-invoker.config
2015-06-03 16:22:10.960 [uncertain.core] [INFO] Loaded instance aurora.service.exception.ExceptionDescriptorConfig from /private/var/folders/11/7pfwk3xd20g8rglx83p64h0m0000gn/T/aurora_builtin_package/aurora.base/config/exception-descriptor.config
2015-06-03 16:22:10.965 [uncertain.core] [INFO] Loaded instance aurora.bm.BmCachedDataProvider from /private/var/folders/11/7pfwk3xd20g8rglx83p64h0m0000gn/T/aurora_builtin_package/aurora.base/config/bm-cached-data-provider.config
2015-06-03 16:22:11.341 [aurora.datasource] [CONFIG] Setting up dataSource url:jdbc:oracle:thin:@192.168.1.11:1521:hls,user:cf_test
2015-06-03 16:22:11.343 [uncertain.core] [INFO] Loaded instance aurora.datasource.DataSourceConfig from /Users/shiliyan/git/aurora-ide/aurora-esb/deploy/WEB-INF/aurora.database/datasource.config
2015-06-03 16:22:11.399 [uncertain.core] [INFO] Loaded instance aurora.database.profile.DatabaseFactory from /private/var/folders/11/7pfwk3xd20g8rglx83p64h0m0000gn/T/aurora_builtin_package/aurora.database/config/database.config
2015-06-03 16:22:11.405 [uncertain.core] [INFO] Loaded instance aurora.bm.ModelFactory from /private/var/folders/11/7pfwk3xd20g8rglx83p64h0m0000gn/T/aurora_builtin_package/aurora.database/config/model-factory.config
2015-06-03 16:22:11.409 [aurora.database] [INFO] Using datasource com.mchange.v2.c3p0.PoolBackedDataSource@84b7122f [ connectionPoolDataSource -> com.mchange.v2.c3p0.WrapperConnectionPoolDataSource@778e9128 [ acquireIncrement -> 3, acquireRetryAttempts -> 30, acquireRetryDelay -> 1000, autoCommitOnClose -> false, automaticTestTable -> null, breakAfterAcquireFailure -> false, checkoutTimeout -> 3000, connectionCustomizerClassName -> null, connectionTesterClassName -> com.mchange.v2.c3p0.impl.DefaultConnectionTester, debugUnreturnedConnectionStackTraces -> false, factoryClassLocation -> null, forceIgnoreUnresolvedTransactions -> false, identityToken -> 1hge15t991f71wtu5p5ez5|2df3c564, idleConnectionTestPeriod -> 60, initialPoolSize -> 3, maxAdministrativeTaskTime -> 0, maxConnectionAge -> 0, maxIdleTime -> 120, maxIdleTimeExcessConnections -> 0, maxPoolSize -> 20, maxStatements -> 0, maxStatementsPerConnection -> 0, minPoolSize -> 1, nestedDataSource -> com.mchange.v2.c3p0.DriverManagerDataSource@225e9fd6 [ description -> null, driverClass -> oracle.jdbc.driver.OracleDriver, factoryClassLocation -> null, identityToken -> 1hge15t991f71wtu5p5ez5|141e879d, jdbcUrl -> jdbc:oracle:thin:@192.168.1.11:1521:hls, properties -> {user=******, password=******} ], preferredTestQuery -> select 1 from dual, propertyCycle -> 0, testConnectionOnCheckin -> true, testConnectionOnCheckout -> false, unreturnedConnectionTimeout -> 0, usesTraditionalReflectiveProxies -> false; userOverrides: {} ], dataSourceName -> null, factoryClassLocation -> null, identityToken -> 1hge15t991f71wtu5p5ez5|621f89b8, numHelperThreads -> 3 ]
2015-06-03 16:22:11.429 [uncertain.core] [INFO] Loaded instance aurora.database.service.DatabaseServiceFactory from /private/var/folders/11/7pfwk3xd20g8rglx83p64h0m0000gn/T/aurora_builtin_package/aurora.database/config/database-service-factory.config
2015-06-03 16:22:11.469 [uncertain.core] [INFO] UncertainEngine startup success in 2413 ms
2015-06-03 16:28:52.405 [uncertain.core] [INFO] Uncertain engine startup
2015-06-03 16:28:54.854 [uncertain.core] [INFO] Loaded instance aurora.plugin.esb.AuroraEsbServer from /Users/shiliyan/git/aurora-ide/aurora-esb/deploy/WEB-INF/aurora.plugin.esb/esb.config
2015-06-03 16:28:54.862 [uncertain.core] [INFO] Loaded instance aurora.application.DefaultSessionInfoProvider from /private/var/folders/11/7pfwk3xd20g8rglx83p64h0m0000gn/T/aurora_builtin_package/aurora.features/config/session-info-provider.config
2015-06-03 16:28:54.873 [uncertain.core] [INFO] Loaded instance aurora.application.features.ServiceLogging from /Users/shiliyan/git/aurora-ide/aurora-esb/deploy/WEB-INF/aurora.feature/service-logging.config
2015-06-03 16:28:54.877 [uncertain.core] [INFO] Loaded instance aurora.application.features.ApplicationStartupProcedureInvoker from /private/var/folders/11/7pfwk3xd20g8rglx83p64h0m0000gn/T/aurora_builtin_package/aurora.base/config/app-init-procedure-invoker.config
2015-06-03 16:28:54.894 [uncertain.core] [INFO] Loaded instance aurora.service.exception.ExceptionDescriptorConfig from /private/var/folders/11/7pfwk3xd20g8rglx83p64h0m0000gn/T/aurora_builtin_package/aurora.base/config/exception-descriptor.config
2015-06-03 16:28:54.900 [uncertain.core] [INFO] Loaded instance aurora.bm.BmCachedDataProvider from /private/var/folders/11/7pfwk3xd20g8rglx83p64h0m0000gn/T/aurora_builtin_package/aurora.base/config/bm-cached-data-provider.config
2015-06-03 16:28:55.288 [aurora.datasource] [CONFIG] Setting up dataSource url:jdbc:oracle:thin:@192.168.1.11:1521:hls,user:cf_test
2015-06-03 16:28:55.289 [uncertain.core] [INFO] Loaded instance aurora.datasource.DataSourceConfig from /Users/shiliyan/git/aurora-ide/aurora-esb/deploy/WEB-INF/aurora.database/datasource.config
2015-06-03 16:28:55.329 [uncertain.core] [INFO] Loaded instance aurora.database.profile.DatabaseFactory from /private/var/folders/11/7pfwk3xd20g8rglx83p64h0m0000gn/T/aurora_builtin_package/aurora.database/config/database.config
2015-06-03 16:28:55.333 [uncertain.core] [INFO] Loaded instance aurora.bm.ModelFactory from /private/var/folders/11/7pfwk3xd20g8rglx83p64h0m0000gn/T/aurora_builtin_package/aurora.database/config/model-factory.config
2015-06-03 16:28:55.337 [aurora.database] [INFO] Using datasource com.mchange.v2.c3p0.PoolBackedDataSource@99ef00e7 [ connectionPoolDataSource -> com.mchange.v2.c3p0.WrapperConnectionPoolDataSource@8ad7e5ed [ acquireIncrement -> 3, acquireRetryAttempts -> 30, acquireRetryDelay -> 1000, autoCommitOnClose -> false, automaticTestTable -> null, breakAfterAcquireFailure -> false, checkoutTimeout -> 3000, connectionCustomizerClassName -> null, connectionTesterClassName -> com.mchange.v2.c3p0.impl.DefaultConnectionTester, debugUnreturnedConnectionStackTraces -> false, factoryClassLocation -> null, forceIgnoreUnresolvedTransactions -> false, identityToken -> 1hge15t991f7akjn19h7zky|64bfd6fd, idleConnectionTestPeriod -> 60, initialPoolSize -> 3, maxAdministrativeTaskTime -> 0, maxConnectionAge -> 0, maxIdleTime -> 120, maxIdleTimeExcessConnections -> 0, maxPoolSize -> 20, maxStatements -> 0, maxStatementsPerConnection -> 0, minPoolSize -> 1, nestedDataSource -> com.mchange.v2.c3p0.DriverManagerDataSource@5df2fd93 [ description -> null, driverClass -> oracle.jdbc.driver.OracleDriver, factoryClassLocation -> null, identityToken -> 1hge15t991f7akjn19h7zky|60d1b21f, jdbcUrl -> jdbc:oracle:thin:@192.168.1.11:1521:hls, properties -> {user=******, password=******} ], preferredTestQuery -> select 1 from dual, propertyCycle -> 0, testConnectionOnCheckin -> true, testConnectionOnCheckout -> false, unreturnedConnectionTimeout -> 0, usesTraditionalReflectiveProxies -> false; userOverrides: {} ], dataSourceName -> null, factoryClassLocation -> null, identityToken -> 1hge15t991f7akjn19h7zky|78830d9a, numHelperThreads -> 3 ]
2015-06-03 16:28:55.360 [uncertain.core] [INFO] Loaded instance aurora.database.service.DatabaseServiceFactory from /private/var/folders/11/7pfwk3xd20g8rglx83p64h0m0000gn/T/aurora_builtin_package/aurora.database/config/database-service-factory.config
2015-06-03 16:28:55.416 [uncertain.core] [INFO] UncertainEngine startup success in 3070 ms
2015-06-03 16:37:13.431 [uncertain.core] [INFO] Uncertain engine startup
2015-06-03 16:37:15.229 [uncertain.core] [INFO] Loaded instance aurora.plugin.esb.AuroraEsbServer from /Users/shiliyan/git/aurora-ide/aurora-esb/deploy/WEB-INF/aurora.plugin.esb/esb.config
2015-06-03 16:37:15.233 [uncertain.core] [INFO] Loaded instance aurora.application.DefaultSessionInfoProvider from /private/var/folders/11/7pfwk3xd20g8rglx83p64h0m0000gn/T/aurora_builtin_package/aurora.features/config/session-info-provider.config
2015-06-03 16:37:15.245 [uncertain.core] [INFO] Loaded instance aurora.application.features.ServiceLogging from /Users/shiliyan/git/aurora-ide/aurora-esb/deploy/WEB-INF/aurora.feature/service-logging.config
2015-06-03 16:37:15.249 [uncertain.core] [INFO] Loaded instance aurora.application.features.ApplicationStartupProcedureInvoker from /private/var/folders/11/7pfwk3xd20g8rglx83p64h0m0000gn/T/aurora_builtin_package/aurora.base/config/app-init-procedure-invoker.config
2015-06-03 16:37:15.263 [uncertain.core] [INFO] Loaded instance aurora.service.exception.ExceptionDescriptorConfig from /private/var/folders/11/7pfwk3xd20g8rglx83p64h0m0000gn/T/aurora_builtin_package/aurora.base/config/exception-descriptor.config
2015-06-03 16:37:15.268 [uncertain.core] [INFO] Loaded instance aurora.bm.BmCachedDataProvider from /private/var/folders/11/7pfwk3xd20g8rglx83p64h0m0000gn/T/aurora_builtin_package/aurora.base/config/bm-cached-data-provider.config
2015-06-03 16:37:15.648 [aurora.datasource] [CONFIG] Setting up dataSource url:jdbc:oracle:thin:@192.168.1.11:1521:hls,user:cf_test
2015-06-03 16:37:15.649 [uncertain.core] [INFO] Loaded instance aurora.datasource.DataSourceConfig from /Users/shiliyan/git/aurora-ide/aurora-esb/deploy/WEB-INF/aurora.database/datasource.config
2015-06-03 16:37:15.680 [uncertain.core] [INFO] Loaded instance aurora.database.profile.DatabaseFactory from /private/var/folders/11/7pfwk3xd20g8rglx83p64h0m0000gn/T/aurora_builtin_package/aurora.database/config/database.config
2015-06-03 16:37:15.722 [uncertain.core] [INFO] Loaded instance aurora.bm.ModelFactory from /private/var/folders/11/7pfwk3xd20g8rglx83p64h0m0000gn/T/aurora_builtin_package/aurora.database/config/model-factory.config
2015-06-03 16:37:15.727 [aurora.database] [INFO] Using datasource com.mchange.v2.c3p0.PoolBackedDataSource@7a4c36e1 [ connectionPoolDataSource -> com.mchange.v2.c3p0.WrapperConnectionPoolDataSource@7ed5c45f [ acquireIncrement -> 3, acquireRetryAttempts -> 30, acquireRetryDelay -> 1000, autoCommitOnClose -> false, automaticTestTable -> null, breakAfterAcquireFailure -> false, checkoutTimeout -> 3000, connectionCustomizerClassName -> null, connectionTesterClassName -> com.mchange.v2.c3p0.impl.DefaultConnectionTester, debugUnreturnedConnectionStackTraces -> false, factoryClassLocation -> null, forceIgnoreUnresolvedTransactions -> false, identityToken -> 1hge15t991f7lali10dl0qj|766a4535, idleConnectionTestPeriod -> 60, initialPoolSize -> 3, maxAdministrativeTaskTime -> 0, maxConnectionAge -> 0, maxIdleTime -> 120, maxIdleTimeExcessConnections -> 0, maxPoolSize -> 20, maxStatements -> 0, maxStatementsPerConnection -> 0, minPoolSize -> 1, nestedDataSource -> com.mchange.v2.c3p0.DriverManagerDataSource@52c6919a [ description -> null, driverClass -> oracle.jdbc.driver.OracleDriver, factoryClassLocation -> null, identityToken -> 1hge15t991f7lali10dl0qj|646811d6, jdbcUrl -> jdbc:oracle:thin:@192.168.1.11:1521:hls, properties -> {user=******, password=******} ], preferredTestQuery -> select 1 from dual, propertyCycle -> 0, testConnectionOnCheckin -> true, testConnectionOnCheckout -> false, unreturnedConnectionTimeout -> 0, usesTraditionalReflectiveProxies -> false; userOverrides: {} ], dataSourceName -> null, factoryClassLocation -> null, identityToken -> 1hge15t991f7lali10dl0qj|6892cc6f, numHelperThreads -> 3 ]
2015-06-03 16:37:15.744 [uncertain.core] [INFO] Loaded instance aurora.database.service.DatabaseServiceFactory from /private/var/folders/11/7pfwk3xd20g8rglx83p64h0m0000gn/T/aurora_builtin_package/aurora.database/config/database-service-factory.config
2015-06-03 16:37:15.789 [uncertain.core] [INFO] UncertainEngine startup success in 2418 ms
2015-06-03 16:37:58.506 [aurora.plugin.esb.AuroraEsbServer] [SEVERE] Downloaded file c complete.
2015-06-03 16:38:01.315 [aurora.plugin.esb.AuroraEsbServer] [SEVERE] Downloaded file invoice/2015/02/02/94012014070100039587S/IMG_1362.JPG complete.
2015-06-03 16:38:02.324 [aurora.plugin.esb.AuroraEsbServer] [SEVERE] Downloaded file invoice/2015/02/02/94012014070100039587S/CON150500046-BOP-64_sign.pdf complete.
2015-06-03 16:38:02.896 [aurora.plugin.esb.AuroraEsbServer] [SEVERE] Downloaded file AUTOFI_CREATE_CONTRACT/20150202/CFCar_AUTOFI_CREATE_CONTRACT_20150202_1.txt complete.
2015-06-03 16:38:03.199 [aurora.plugin.esb.AuroraEsbServer] [SEVERE] Downloaded file AUTOFI_PAYMENT_RESULT/20150202/CFCar_AUTOFI_PAYMENT_RESULT_20150202_1.txt complete.
2015-06-03 16:38:03.511 [aurora.plugin.esb.AuroraEsbServer] [SEVERE] Downloaded file AUTOFI_LOAN_RESULT/20150202/CFCar_AUTOFI_LOAN_RESULT_20150202_1.txt complete.
2015-06-03 16:38:03.840 [aurora.plugin.esb.AuroraEsbServer] [SEVERE] Downloaded file AUTOFI_INVOICE_INFO/20150202/CFCar_AUTOFI_INVOICE_INFO_20150202_1.txt complete.
2015-06-03 16:38:04.35 [aurora.plugin.esb.AuroraEsbServer] [SEVERE] Downloaded file CFCar_AUTOFI_APPROVAL_CONTRACT_20150202_1 1.txt complete.
2015-06-03 16:38:04.331 [aurora.plugin.esb.AuroraEsbServer] [SEVERE] Downloaded file AUTOFI_CANCLE_CONTRACT/20150202/CFCar_AUTOFI_CANCLE_CONTRACT_20150202_1.txt complete.
2015-06-03 16:38:04.625 [aurora.plugin.esb.AuroraEsbServer] [SEVERE] Downloaded file AUTOFI_PAYEE_INFO/20150202/CFCar_AUTOFI_PAYEE_INFO_20150202_1.txt complete.
2015-06-03 16:38:04.897 [aurora.plugin.esb.AuroraEsbServer] [SEVERE] Downloaded file a complete.
2015-06-03 16:38:05.108 [aurora.plugin.esb.AuroraEsbServer] [SEVERE] Downloaded file CFCar_AUTOFI_APPROVAL_CONTRACT_20150202_1.txt complete.
2015-06-03 16:38:07.581 [aurora.plugin.esb.AuroraEsbServer] [SEVERE] Downloaded file CFCar_AUTOFI_PAYEE_INFO_20150202_1.txt complete.
2015-06-03 16:40:10.921 [uncertain.core] [INFO] Uncertain engine startup
2015-06-03 16:40:12.726 [uncertain.core] [INFO] Loaded instance aurora.plugin.esb.AuroraEsbServer from /Users/shiliyan/git/aurora-ide/aurora-esb/deploy/WEB-INF/aurora.plugin.esb/esb.config
2015-06-03 16:40:12.731 [uncertain.core] [INFO] Loaded instance aurora.application.DefaultSessionInfoProvider from /private/var/folders/11/7pfwk3xd20g8rglx83p64h0m0000gn/T/aurora_builtin_package/aurora.features/config/session-info-provider.config
2015-06-03 16:40:12.739 [uncertain.core] [INFO] Loaded instance aurora.application.features.ServiceLogging from /Users/shiliyan/git/aurora-ide/aurora-esb/deploy/WEB-INF/aurora.feature/service-logging.config
2015-06-03 16:40:12.743 [uncertain.core] [INFO] Loaded instance aurora.application.features.ApplicationStartupProcedureInvoker from /private/var/folders/11/7pfwk3xd20g8rglx83p64h0m0000gn/T/aurora_builtin_package/aurora.base/config/app-init-procedure-invoker.config
2015-06-03 16:40:12.755 [uncertain.core] [INFO] Loaded instance aurora.service.exception.ExceptionDescriptorConfig from /private/var/folders/11/7pfwk3xd20g8rglx83p64h0m0000gn/T/aurora_builtin_package/aurora.base/config/exception-descriptor.config
2015-06-03 16:40:12.760 [uncertain.core] [INFO] Loaded instance aurora.bm.BmCachedDataProvider from /private/var/folders/11/7pfwk3xd20g8rglx83p64h0m0000gn/T/aurora_builtin_package/aurora.base/config/bm-cached-data-provider.config
2015-06-03 16:40:13.64 [aurora.datasource] [CONFIG] Setting up dataSource url:jdbc:oracle:thin:@192.168.1.11:1521:hls,user:cf_test
2015-06-03 16:40:13.65 [uncertain.core] [INFO] Loaded instance aurora.datasource.DataSourceConfig from /Users/shiliyan/git/aurora-ide/aurora-esb/deploy/WEB-INF/aurora.database/datasource.config
2015-06-03 16:40:13.98 [uncertain.core] [INFO] Loaded instance aurora.database.profile.DatabaseFactory from /private/var/folders/11/7pfwk3xd20g8rglx83p64h0m0000gn/T/aurora_builtin_package/aurora.database/config/database.config
2015-06-03 16:40:13.104 [uncertain.core] [INFO] Loaded instance aurora.bm.ModelFactory from /private/var/folders/11/7pfwk3xd20g8rglx83p64h0m0000gn/T/aurora_builtin_package/aurora.database/config/model-factory.config
2015-06-03 16:40:13.113 [aurora.database] [INFO] Using datasource com.mchange.v2.c3p0.PoolBackedDataSource@4e887fe8 [ connectionPoolDataSource -> com.mchange.v2.c3p0.WrapperConnectionPoolDataSource@acfef905 [ acquireIncrement -> 3, acquireRetryAttempts -> 30, acquireRetryDelay -> 1000, autoCommitOnClose -> false, automaticTestTable -> null, breakAfterAcquireFailure -> false, checkoutTimeout -> 3000, connectionCustomizerClassName -> null, connectionTesterClassName -> com.mchange.v2.c3p0.impl.DefaultConnectionTester, debugUnreturnedConnectionStackTraces -> false, factoryClassLocation -> null, forceIgnoreUnresolvedTransactions -> false, identityToken -> 1hge15t991f7p3jk1dg9iyp|746b18fd, idleConnectionTestPeriod -> 60, initialPoolSize -> 3, maxAdministrativeTaskTime -> 0, maxConnectionAge -> 0, maxIdleTime -> 120, maxIdleTimeExcessConnections -> 0, maxPoolSize -> 20, maxStatements -> 0, maxStatementsPerConnection -> 0, minPoolSize -> 1, nestedDataSource -> com.mchange.v2.c3p0.DriverManagerDataSource@1c2fb9a9 [ description -> null, driverClass -> oracle.jdbc.driver.OracleDriver, factoryClassLocation -> null, identityToken -> 1hge15t991f7p3jk1dg9iyp|4ba89729, jdbcUrl -> jdbc:oracle:thin:@192.168.1.11:1521:hls, properties -> {user=******, password=******} ], preferredTestQuery -> select 1 from dual, propertyCycle -> 0, testConnectionOnCheckin -> true, testConnectionOnCheckout -> false, unreturnedConnectionTimeout -> 0, usesTraditionalReflectiveProxies -> false; userOverrides: {} ], dataSourceName -> null, factoryClassLocation -> null, identityToken -> 1hge15t991f7p3jk1dg9iyp|ae7950d, numHelperThreads -> 3 ]
2015-06-03 16:40:13.163 [uncertain.core] [INFO] Loaded instance aurora.database.service.DatabaseServiceFactory from /private/var/folders/11/7pfwk3xd20g8rglx83p64h0m0000gn/T/aurora_builtin_package/aurora.database/config/database-service-factory.config
2015-06-03 16:40:13.222 [uncertain.core] [INFO] UncertainEngine startup success in 2359 ms
2015-06-03 16:43:58.813 [uncertain.core] [INFO] Uncertain engine startup
2015-06-03 16:44:00.637 [uncertain.core] [INFO] Loaded instance aurora.plugin.esb.AuroraEsbServer from /Users/shiliyan/git/aurora-ide/aurora-esb/deploy/WEB-INF/aurora.plugin.esb/esb.config
2015-06-03 16:44:00.641 [uncertain.core] [INFO] Loaded instance aurora.application.DefaultSessionInfoProvider from /private/var/folders/11/7pfwk3xd20g8rglx83p64h0m0000gn/T/aurora_builtin_package/aurora.features/config/session-info-provider.config
2015-06-03 16:44:00.648 [uncertain.core] [INFO] Loaded instance aurora.application.features.ServiceLogging from /Users/shiliyan/git/aurora-ide/aurora-esb/deploy/WEB-INF/aurora.feature/service-logging.config
2015-06-03 16:44:00.652 [uncertain.core] [INFO] Loaded instance aurora.application.features.ApplicationStartupProcedureInvoker from /private/var/folders/11/7pfwk3xd20g8rglx83p64h0m0000gn/T/aurora_builtin_package/aurora.base/config/app-init-procedure-invoker.config
2015-06-03 16:44:00.666 [uncertain.core] [INFO] Loaded instance aurora.service.exception.ExceptionDescriptorConfig from /private/var/folders/11/7pfwk3xd20g8rglx83p64h0m0000gn/T/aurora_builtin_package/aurora.base/config/exception-descriptor.config
2015-06-03 16:44:00.672 [uncertain.core] [INFO] Loaded instance aurora.bm.BmCachedDataProvider from /private/var/folders/11/7pfwk3xd20g8rglx83p64h0m0000gn/T/aurora_builtin_package/aurora.base/config/bm-cached-data-provider.config
2015-06-03 16:44:01.9 [aurora.datasource] [CONFIG] Setting up dataSource url:jdbc:oracle:thin:@192.168.1.11:1521:hls,user:cf_test
2015-06-03 16:44:01.11 [uncertain.core] [INFO] Loaded instance aurora.datasource.DataSourceConfig from /Users/shiliyan/git/aurora-ide/aurora-esb/deploy/WEB-INF/aurora.database/datasource.config
2015-06-03 16:44:01.46 [uncertain.core] [INFO] Loaded instance aurora.database.profile.DatabaseFactory from /private/var/folders/11/7pfwk3xd20g8rglx83p64h0m0000gn/T/aurora_builtin_package/aurora.database/config/database.config
2015-06-03 16:44:01.79 [uncertain.core] [INFO] Loaded instance aurora.bm.ModelFactory from /private/var/folders/11/7pfwk3xd20g8rglx83p64h0m0000gn/T/aurora_builtin_package/aurora.database/config/model-factory.config
2015-06-03 16:44:01.84 [aurora.database] [INFO] Using datasource com.mchange.v2.c3p0.PoolBackedDataSource@94a68ad4 [ connectionPoolDataSource -> com.mchange.v2.c3p0.WrapperConnectionPoolDataSource@d6d1227c [ acquireIncrement -> 3, acquireRetryAttempts -> 30, acquireRetryDelay -> 1000, autoCommitOnClose -> false, automaticTestTable -> null, breakAfterAcquireFailure -> false, checkoutTimeout -> 3000, connectionCustomizerClassName -> null, connectionTesterClassName -> com.mchange.v2.c3p0.impl.DefaultConnectionTester, debugUnreturnedConnectionStackTraces -> false, factoryClassLocation -> null, forceIgnoreUnresolvedTransactions -> false, identityToken -> 1hge15t991f7tzei1uq9zja|63718b93, idleConnectionTestPeriod -> 60, initialPoolSize -> 3, maxAdministrativeTaskTime -> 0, maxConnectionAge -> 0, maxIdleTime -> 120, maxIdleTimeExcessConnections -> 0, maxPoolSize -> 20, maxStatements -> 0, maxStatementsPerConnection -> 0, minPoolSize -> 1, nestedDataSource -> com.mchange.v2.c3p0.DriverManagerDataSource@2154ca9c [ description -> null, driverClass -> oracle.jdbc.driver.OracleDriver, factoryClassLocation -> null, identityToken -> 1hge15t991f7tzei1uq9zja|15fdd1f2, jdbcUrl -> jdbc:oracle:thin:@192.168.1.11:1521:hls, properties -> {user=******, password=******} ], preferredTestQuery -> select 1 from dual, propertyCycle -> 0, testConnectionOnCheckin -> true, testConnectionOnCheckout -> false, unreturnedConnectionTimeout -> 0, usesTraditionalReflectiveProxies -> false; userOverrides: {} ], dataSourceName -> null, factoryClassLocation -> null, identityToken -> 1hge15t991f7tzei1uq9zja|6fd1660, numHelperThreads -> 3 ]
2015-06-03 16:44:01.101 [uncertain.core] [INFO] Loaded instance aurora.database.service.DatabaseServiceFactory from /private/var/folders/11/7pfwk3xd20g8rglx83p64h0m0000gn/T/aurora_builtin_package/aurora.database/config/database-service-factory.config
2015-06-03 16:44:01.144 [uncertain.core] [INFO] UncertainEngine startup success in 2384 ms
2015-06-03 16:44:20.120 [aurora.plugin.esb.AuroraEsbServer] [SEVERE] file CFCar_AUTOFI_APPROVAL_CONTRACT_20150202_1 1.txtloaded  failed.
2015-06-03 16:44:20.128 [aurora.plugin.esb.AuroraEsbServer] [SEVERE] file CFCar_AUTOFI_APPROVAL_CONTRACT_20150202_1.txtloaded  failed.
2015-06-03 16:51:07.985 [uncertain.core] [INFO] Uncertain engine startup
2015-06-03 16:51:10.77 [uncertain.core] [INFO] Loaded instance aurora.plugin.esb.AuroraEsbServer from /Users/shiliyan/git/aurora-ide/aurora-esb/deploy/WEB-INF/aurora.plugin.esb/esb.config
2015-06-03 16:51:10.83 [uncertain.core] [INFO] Loaded instance aurora.application.DefaultSessionInfoProvider from /private/var/folders/11/7pfwk3xd20g8rglx83p64h0m0000gn/T/aurora_builtin_package/aurora.features/config/session-info-provider.config
2015-06-03 16:51:10.94 [uncertain.core] [INFO] Loaded instance aurora.application.features.ServiceLogging from /Users/shiliyan/git/aurora-ide/aurora-esb/deploy/WEB-INF/aurora.feature/service-logging.config
2015-06-03 16:51:10.101 [uncertain.core] [INFO] Loaded instance aurora.application.features.ApplicationStartupProcedureInvoker from /private/var/folders/11/7pfwk3xd20g8rglx83p64h0m0000gn/T/aurora_builtin_package/aurora.base/config/app-init-procedure-invoker.config
2015-06-03 16:51:10.118 [uncertain.core] [INFO] Loaded instance aurora.service.exception.ExceptionDescriptorConfig from /private/var/folders/11/7pfwk3xd20g8rglx83p64h0m0000gn/T/aurora_builtin_package/aurora.base/config/exception-descriptor.config
2015-06-03 16:51:10.124 [uncertain.core] [INFO] Loaded instance aurora.bm.BmCachedDataProvider from /private/var/folders/11/7pfwk3xd20g8rglx83p64h0m0000gn/T/aurora_builtin_package/aurora.base/config/bm-cached-data-provider.config
2015-06-03 16:51:10.572 [aurora.datasource] [CONFIG] Setting up dataSource url:jdbc:oracle:thin:@192.168.1.11:1521:hls,user:cf_test
2015-06-03 16:51:10.573 [uncertain.core] [INFO] Loaded instance aurora.datasource.DataSourceConfig from /Users/shiliyan/git/aurora-ide/aurora-esb/deploy/WEB-INF/aurora.database/datasource.config
2015-06-03 16:51:10.602 [uncertain.core] [INFO] Loaded instance aurora.database.profile.DatabaseFactory from /private/var/folders/11/7pfwk3xd20g8rglx83p64h0m0000gn/T/aurora_builtin_package/aurora.database/config/database.config
2015-06-03 16:51:10.605 [uncertain.core] [INFO] Loaded instance aurora.bm.ModelFactory from /private/var/folders/11/7pfwk3xd20g8rglx83p64h0m0000gn/T/aurora_builtin_package/aurora.database/config/model-factory.config
2015-06-03 16:51:10.609 [aurora.database] [INFO] Using datasource com.mchange.v2.c3p0.PoolBackedDataSource@652b2cf [ connectionPoolDataSource -> com.mchange.v2.c3p0.WrapperConnectionPoolDataSource@41d1635d [ acquireIncrement -> 3, acquireRetryAttempts -> 30, acquireRetryDelay -> 1000, autoCommitOnClose -> false, automaticTestTable -> null, breakAfterAcquireFailure -> false, checkoutTimeout -> 3000, connectionCustomizerClassName -> null, connectionTesterClassName -> com.mchange.v2.c3p0.impl.DefaultConnectionTester, debugUnreturnedConnectionStackTraces -> false, factoryClassLocation -> null, forceIgnoreUnresolvedTransactions -> false, identityToken -> 1hge15t991f836sxecqn6w|6d4c273c, idleConnectionTestPeriod -> 60, initialPoolSize -> 3, maxAdministrativeTaskTime -> 0, maxConnectionAge -> 0, maxIdleTime -> 120, maxIdleTimeExcessConnections -> 0, maxPoolSize -> 20, maxStatements -> 0, maxStatementsPerConnection -> 0, minPoolSize -> 1, nestedDataSource -> com.mchange.v2.c3p0.DriverManagerDataSource@acdd28ab [ description -> null, driverClass -> oracle.jdbc.driver.OracleDriver, factoryClassLocation -> null, identityToken -> 1hge15t991f836sxecqn6w|4a6c18ad, jdbcUrl -> jdbc:oracle:thin:@192.168.1.11:1521:hls, properties -> {user=******, password=******} ], preferredTestQuery -> select 1 from dual, propertyCycle -> 0, testConnectionOnCheckin -> true, testConnectionOnCheckout -> false, unreturnedConnectionTimeout -> 0, usesTraditionalReflectiveProxies -> false; userOverrides: {} ], dataSourceName -> null, factoryClassLocation -> null, identityToken -> 1hge15t991f836sxecqn6w|105b693d, numHelperThreads -> 3 ]
2015-06-03 16:51:10.625 [uncertain.core] [INFO] Loaded instance aurora.database.service.DatabaseServiceFactory from /private/var/folders/11/7pfwk3xd20g8rglx83p64h0m0000gn/T/aurora_builtin_package/aurora.database/config/database-service-factory.config
2015-06-03 16:51:10.667 [uncertain.core] [INFO] UncertainEngine startup success in 2745 ms
2015-06-03 16:51:22.177 [aurora.plugin.esb.AuroraEsbServer] [SEVERE] file CFCar_AUTOFI_APPROVAL_CONTRACT_20150202_1.txtloaded  failed.
2015-06-03 16:53:45.398 [aurora.plugin.esb.AuroraEsbServer] [SEVERE] file CFCar_AUTOFI_APPROVAL_CONTRACT_20150202_1.txtloaded  failed.
2015-06-03 16:56:27.312 [aurora.plugin.esb.AuroraEsbServer] [SEVERE] file CFCar_AUTOFI_APPROVAL_CONTRACT_20150202_1.txtloaded  failed.
2015-06-03 16:58:07.334 [aurora.plugin.esb.AuroraEsbServer] [SEVERE] file CFCar_AUTOFI_APPROVAL_CONTRACT_20150202_1.txtloaded  failed.
2015-06-03 16:59:47.352 [aurora.plugin.esb.AuroraEsbServer] [SEVERE] file CFCar_AUTOFI_APPROVAL_CONTRACT_20150202_1.txtloaded  failed.
2015-06-03 17:01:29.32 [aurora.plugin.esb.AuroraEsbServer] [SEVERE] file CFCar_AUTOFI_APPROVAL_CONTRACT_20150202_1.txtloaded  failed.
2015-06-03 17:03:09.162 [aurora.plugin.esb.AuroraEsbServer] [SEVERE] file CFCar_AUTOFI_APPROVAL_CONTRACT_20150202_1.txtloaded  failed.
2015-06-03 17:21:29.523 [aurora.plugin.esb.AuroraEsbServer] [SEVERE] file CFCar_AUTOFI_CREATE_CONTRACT_20150202_1.txtloaded  success.
2015-06-03 17:24:50.21 [aurora.plugin.esb.AuroraEsbServer] [SEVERE] file CFCar_AUTOFI_PAYMENT_RESULT_20150202_1.txtloaded  success.
2015-06-03 17:26:30.504 [aurora.plugin.esb.AuroraEsbServer] [SEVERE] file CFCar_AUTOFI_PAYEE_INFO_20150202_1.txtloaded  success.
2015-06-03 17:28:10.686 [aurora.plugin.esb.AuroraEsbServer] [SEVERE] file CFCar_AUTOFI_INVOICE_INFO_20150202_1.txtloaded  success.
2015-06-03 17:28:10.814 [aurora.plugin.esb.AuroraEsbServer] [SEVERE] file CFCar_AUTOFI_LOAN_RESULT_20150202_1.txtloaded  success.
2015-06-03 17:33:11.90 [aurora.plugin.esb.AuroraEsbServer] [SEVERE] file CFCar_AUTOFI_CANCLE_CONTRACT_20150202_1.txtloaded  success.
2015-06-03 17:39:51.335 [aurora.plugin.esb.AuroraEsbServer] [SEVERE] file CFCar_AUTOFI_CANCLE_CONTRACT_20150202_1.txtloaded  success.
2015-06-03 17:39:51.412 [aurora.plugin.esb.AuroraEsbServer] [SEVERE] file CFCar_AUTOFI_CREATE_CONTRACT_20150202_1.txtloaded  success.
2015-06-03 17:39:51.514 [aurora.plugin.esb.AuroraEsbServer] [SEVERE] file CFCar_AUTOFI_INVOICE_INFO_20150202_1.txtloaded  success.
2015-06-03 17:39:51.629 [aurora.plugin.esb.AuroraEsbServer] [SEVERE] file CFCar_AUTOFI_LOAN_RESULT_20150202_1.txtloaded  success.
2015-06-03 17:39:51.743 [aurora.plugin.esb.AuroraEsbServer] [SEVERE] file CFCar_AUTOFI_PAYEE_INFO_20150202_1.txtloaded  success.
2015-06-03 17:39:51.853 [aurora.plugin.esb.AuroraEsbServer] [SEVERE] file CFCar_AUTOFI_PAYMENT_RESULT_20150202_1.txtloaded  success.
2015-06-03 17:42:11.460 [uncertain.core] [INFO] Uncertain engine startup
2015-06-03 17:42:13.616 [uncertain.core] [INFO] Loaded instance aurora.plugin.esb.AuroraEsbServer from /Users/shiliyan/git/aurora-ide/aurora-esb/deploy/WEB-INF/aurora.plugin.esb/esb.config
2015-06-03 17:42:13.620 [uncertain.core] [INFO] Loaded instance aurora.application.DefaultSessionInfoProvider from /private/var/folders/11/7pfwk3xd20g8rglx83p64h0m0000gn/T/aurora_builtin_package/aurora.features/config/session-info-provider.config
2015-06-03 17:42:13.632 [uncertain.core] [INFO] Loaded instance aurora.application.features.ServiceLogging from /Users/shiliyan/git/aurora-ide/aurora-esb/deploy/WEB-INF/aurora.feature/service-logging.config
2015-06-03 17:42:13.636 [uncertain.core] [INFO] Loaded instance aurora.application.features.ApplicationStartupProcedureInvoker from /private/var/folders/11/7pfwk3xd20g8rglx83p64h0m0000gn/T/aurora_builtin_package/aurora.base/config/app-init-procedure-invoker.config
2015-06-03 17:42:13.652 [uncertain.core] [INFO] Loaded instance aurora.service.exception.ExceptionDescriptorConfig from /private/var/folders/11/7pfwk3xd20g8rglx83p64h0m0000gn/T/aurora_builtin_package/aurora.base/config/exception-descriptor.config
2015-06-03 17:42:13.658 [uncertain.core] [INFO] Loaded instance aurora.bm.BmCachedDataProvider from /private/var/folders/11/7pfwk3xd20g8rglx83p64h0m0000gn/T/aurora_builtin_package/aurora.base/config/bm-cached-data-provider.config
2015-06-03 17:42:13.989 [aurora.datasource] [CONFIG] Setting up dataSource url:jdbc:oracle:thin:@192.168.1.11:1521:hls,user:cf_test
2015-06-03 17:42:13.990 [uncertain.core] [INFO] Loaded instance aurora.datasource.DataSourceConfig from /Users/shiliyan/git/aurora-ide/aurora-esb/deploy/WEB-INF/aurora.database/datasource.config
2015-06-03 17:42:14.30 [uncertain.core] [INFO] Loaded instance aurora.database.profile.DatabaseFactory from /private/var/folders/11/7pfwk3xd20g8rglx83p64h0m0000gn/T/aurora_builtin_package/aurora.database/config/database.config
2015-06-03 17:42:14.61 [uncertain.core] [INFO] Loaded instance aurora.bm.ModelFactory from /private/var/folders/11/7pfwk3xd20g8rglx83p64h0m0000gn/T/aurora_builtin_package/aurora.database/config/model-factory.config
2015-06-03 17:42:14.66 [aurora.database] [INFO] Using datasource com.mchange.v2.c3p0.PoolBackedDataSource@1232c272 [ connectionPoolDataSource -> com.mchange.v2.c3p0.WrapperConnectionPoolDataSource@e59f1c8 [ acquireIncrement -> 3, acquireRetryAttempts -> 30, acquireRetryDelay -> 1000, autoCommitOnClose -> false, automaticTestTable -> null, breakAfterAcquireFailure -> false, checkoutTimeout -> 3000, connectionCustomizerClassName -> null, connectionTesterClassName -> com.mchange.v2.c3p0.impl.DefaultConnectionTester, debugUnreturnedConnectionStackTraces -> false, factoryClassLocation -> null, forceIgnoreUnresolvedTransactions -> false, identityToken -> 1hge15t991f9wum1lc53fr|aac3f4e, idleConnectionTestPeriod -> 60, initialPoolSize -> 3, maxAdministrativeTaskTime -> 0, maxConnectionAge -> 0, maxIdleTime -> 120, maxIdleTimeExcessConnections -> 0, maxPoolSize -> 20, maxStatements -> 0, maxStatementsPerConnection -> 0, minPoolSize -> 1, nestedDataSource -> com.mchange.v2.c3p0.DriverManagerDataSource@57800383 [ description -> null, driverClass -> oracle.jdbc.driver.OracleDriver, factoryClassLocation -> null, identityToken -> 1hge15t991f9wum1lc53fr|795fd838, jdbcUrl -> jdbc:oracle:thin:@192.168.1.11:1521:hls, properties -> {user=******, password=******} ], preferredTestQuery -> select 1 from dual, propertyCycle -> 0, testConnectionOnCheckin -> true, testConnectionOnCheckout -> false, unreturnedConnectionTimeout -> 0, usesTraditionalReflectiveProxies -> false; userOverrides: {} ], dataSourceName -> null, factoryClassLocation -> null, identityToken -> 1hge15t991f9wum1lc53fr|66c83fc8, numHelperThreads -> 3 ]
2015-06-03 17:42:14.89 [uncertain.core] [INFO] Loaded instance aurora.database.service.DatabaseServiceFactory from /private/var/folders/11/7pfwk3xd20g8rglx83p64h0m0000gn/T/aurora_builtin_package/aurora.database/config/database-service-factory.config
2015-06-03 17:42:14.154 [uncertain.core] [INFO] UncertainEngine startup success in 2752 ms
2015-06-03 17:46:02.550 [uncertain.core] [INFO] Uncertain engine startup
2015-06-03 17:46:04.224 [uncertain.core] [INFO] Loaded instance aurora.plugin.esb.AuroraEsbServer from /Users/shiliyan/git/aurora-ide/aurora-esb/deploy/WEB-INF/aurora.plugin.esb/esb.config
2015-06-03 17:46:04.230 [uncertain.core] [INFO] Loaded instance aurora.application.DefaultSessionInfoProvider from /private/var/folders/11/7pfwk3xd20g8rglx83p64h0m0000gn/T/aurora_builtin_package/aurora.features/config/session-info-provider.config
2015-06-03 17:46:04.239 [uncertain.core] [INFO] Loaded instance aurora.application.features.ServiceLogging from /Users/shiliyan/git/aurora-ide/aurora-esb/deploy/WEB-INF/aurora.feature/service-logging.config
2015-06-03 17:46:04.243 [uncertain.core] [INFO] Loaded instance aurora.application.features.ApplicationStartupProcedureInvoker from /private/var/folders/11/7pfwk3xd20g8rglx83p64h0m0000gn/T/aurora_builtin_package/aurora.base/config/app-init-procedure-invoker.config
2015-06-03 17:46:04.255 [uncertain.core] [INFO] Loaded instance aurora.service.exception.ExceptionDescriptorConfig from /private/var/folders/11/7pfwk3xd20g8rglx83p64h0m0000gn/T/aurora_builtin_package/aurora.base/config/exception-descriptor.config
2015-06-03 17:46:04.260 [uncertain.core] [INFO] Loaded instance aurora.bm.BmCachedDataProvider from /private/var/folders/11/7pfwk3xd20g8rglx83p64h0m0000gn/T/aurora_builtin_package/aurora.base/config/bm-cached-data-provider.config
2015-06-03 17:46:04.580 [aurora.datasource] [CONFIG] Setting up dataSource url:jdbc:oracle:thin:@192.168.1.11:1521:hls,user:cf_test
2015-06-03 17:46:04.581 [uncertain.core] [INFO] Loaded instance aurora.datasource.DataSourceConfig from /Users/shiliyan/git/aurora-ide/aurora-esb/deploy/WEB-INF/aurora.database/datasource.config
2015-06-03 17:46:04.610 [uncertain.core] [INFO] Loaded instance aurora.database.profile.DatabaseFactory from /private/var/folders/11/7pfwk3xd20g8rglx83p64h0m0000gn/T/aurora_builtin_package/aurora.database/config/database.config
2015-06-03 17:46:04.613 [uncertain.core] [INFO] Loaded instance aurora.bm.ModelFactory from /private/var/folders/11/7pfwk3xd20g8rglx83p64h0m0000gn/T/aurora_builtin_package/aurora.database/config/model-factory.config
2015-06-03 17:46:04.619 [aurora.database] [INFO] Using datasource com.mchange.v2.c3p0.PoolBackedDataSource@53649738 [ connectionPoolDataSource -> com.mchange.v2.c3p0.WrapperConnectionPoolDataSource@4d211562 [ acquireIncrement -> 3, acquireRetryAttempts -> 30, acquireRetryDelay -> 1000, autoCommitOnClose -> false, automaticTestTable -> null, breakAfterAcquireFailure -> false, checkoutTimeout -> 3000, connectionCustomizerClassName -> null, connectionTesterClassName -> com.mchange.v2.c3p0.impl.DefaultConnectionTester, debugUnreturnedConnectionStackTraces -> false, factoryClassLocation -> null, forceIgnoreUnresolvedTransactions -> false, identityToken -> 1hge15t991fa1sjc10telqq|578524c3, idleConnectionTestPeriod -> 60, initialPoolSize -> 3, maxAdministrativeTaskTime -> 0, maxConnectionAge -> 0, maxIdleTime -> 120, maxIdleTimeExcessConnections -> 0, maxPoolSize -> 20, maxStatements -> 0, maxStatementsPerConnection -> 0, minPoolSize -> 1, nestedDataSource -> com.mchange.v2.c3p0.DriverManagerDataSource@d62b1898 [ description -> null, driverClass -> oracle.jdbc.driver.OracleDriver, factoryClassLocation -> null, identityToken -> 1hge15t991fa1sjc10telqq|2f2bf0e2, jdbcUrl -> jdbc:oracle:thin:@192.168.1.11:1521:hls, properties -> {user=******, password=******} ], preferredTestQuery -> select 1 from dual, propertyCycle -> 0, testConnectionOnCheckin -> true, testConnectionOnCheckout -> false, unreturnedConnectionTimeout -> 0, usesTraditionalReflectiveProxies -> false; userOverrides: {} ], dataSourceName -> null, factoryClassLocation -> null, identityToken -> 1hge15t991fa1sjc10telqq|780ec4a5, numHelperThreads -> 3 ]
2015-06-03 17:46:04.658 [uncertain.core] [INFO] Loaded instance aurora.database.service.DatabaseServiceFactory from /private/var/folders/11/7pfwk3xd20g8rglx83p64h0m0000gn/T/aurora_builtin_package/aurora.database/config/database-service-factory.config
2015-06-03 17:46:04.704 [uncertain.core] [INFO] UncertainEngine startup success in 2213 ms
