2015-05-19 15:28:10.547 [uncertain.core] [INFO] Uncertain engine startup
2015-05-19 15:28:13.926 [uncertain.core] [INFO] Loaded instance aurora.plugin.esb.AuroraEsbServer from /Users/shiliyan/git/aurora-ide/aurora-esb/deploy/WEB-INF/aurora.plugin.esb/esb.config
2015-05-19 15:28:13.928 [uncertain.core] [INFO] Loaded instance aurora.application.DefaultSessionInfoProvider from /private/var/folders/11/7pfwk3xd20g8rglx83p64h0m0000gn/T/aurora_builtin_package/aurora.features/config/session-info-provider.config
2015-05-19 15:28:13.937 [uncertain.core] [INFO] Loaded instance aurora.application.features.ServiceLogging from /Users/shiliyan/git/aurora-ide/aurora-esb/deploy/WEB-INF/aurora.feature/service-logging.config
2015-05-19 15:28:14.29 [uncertain.core] [INFO] Loaded instance aurora.application.features.ApplicationStartupProcedureInvoker from /private/var/folders/11/7pfwk3xd20g8rglx83p64h0m0000gn/T/aurora_builtin_package/aurora.base/config/app-init-procedure-invoker.config
2015-05-19 15:28:14.51 [uncertain.core] [INFO] Loaded instance aurora.service.exception.ExceptionDescriptorConfig from /private/var/folders/11/7pfwk3xd20g8rglx83p64h0m0000gn/T/aurora_builtin_package/aurora.base/config/exception-descriptor.config
2015-05-19 15:28:14.55 [uncertain.core] [INFO] Loaded instance aurora.bm.BmCachedDataProvider from /private/var/folders/11/7pfwk3xd20g8rglx83p64h0m0000gn/T/aurora_builtin_package/aurora.base/config/bm-cached-data-provider.config
2015-05-19 15:28:14.502 [aurora.datasource] [CONFIG] Setting up dataSource url:jdbc:oracle:thin:@192.168.11.65:1521:masdev,user:hec2dev_new
2015-05-19 15:28:14.503 [uncertain.core] [INFO] Loaded instance aurora.datasource.DataSourceConfig from /Users/shiliyan/git/aurora-ide/aurora-esb/deploy/WEB-INF/aurora.database/datasource.config
2015-05-19 15:28:14.544 [uncertain.core] [INFO] Loaded instance aurora.database.profile.DatabaseFactory from /private/var/folders/11/7pfwk3xd20g8rglx83p64h0m0000gn/T/aurora_builtin_package/aurora.database/config/database.config
2015-05-19 15:28:14.546 [uncertain.core] [INFO] Loaded instance aurora.bm.ModelFactory from /private/var/folders/11/7pfwk3xd20g8rglx83p64h0m0000gn/T/aurora_builtin_package/aurora.database/config/model-factory.config
2015-05-19 15:28:14.552 [aurora.database] [INFO] Using datasource com.mchange.v2.c3p0.PoolBackedDataSource@a0ef1239 [ connectionPoolDataSource -> com.mchange.v2.c3p0.WrapperConnectionPoolDataSource@eaa6ecba [ acquireIncrement -> 3, acquireRetryAttempts -> 30, acquireRetryDelay -> 1000, autoCommitOnClose -> false, automaticTestTable -> null, breakAfterAcquireFailure -> false, checkoutTimeout -> 30000, connectionCustomizerClassName -> null, connectionTesterClassName -> com.mchange.v2.c3p0.impl.DefaultConnectionTester, debugUnreturnedConnectionStackTraces -> false, factoryClassLocation -> null, forceIgnoreUnresolvedTransactions -> false, identityToken -> 3051e099tpir8o1f7x7ni|78461bc4, idleConnectionTestPeriod -> 120, initialPoolSize -> 3, maxAdministrativeTaskTime -> 0, maxConnectionAge -> 0, maxIdleTime -> 180, maxIdleTimeExcessConnections -> 0, maxPoolSize -> 15, maxStatements -> 0, maxStatementsPerConnection -> 0, minPoolSize -> 3, nestedDataSource -> com.mchange.v2.c3p0.DriverManagerDataSource@bc15bcd0 [ description -> null, driverClass -> oracle.jdbc.driver.OracleDriver, factoryClassLocation -> null, identityToken -> 3051e099tpir8o1f7x7ni|538613b3, jdbcUrl -> jdbc:oracle:thin:@192.168.11.65:1521:masdev, properties -> {user=******, password=******} ], preferredTestQuery -> select 1 from dual, propertyCycle -> 0, testConnectionOnCheckin -> true, testConnectionOnCheckout -> false, unreturnedConnectionTimeout -> 0, usesTraditionalReflectiveProxies -> false; userOverrides: {} ], dataSourceName -> null, factoryClassLocation -> null, identityToken -> 3051e099tpir8o1f7x7ni|7e1a1da6, numHelperThreads -> 3 ]
2015-05-19 15:28:14.566 [uncertain.core] [INFO] Loaded instance aurora.database.service.DatabaseServiceFactory from /private/var/folders/11/7pfwk3xd20g8rglx83p64h0m0000gn/T/aurora_builtin_package/aurora.database/config/database-service-factory.config
2015-05-19 15:28:14.599 [uncertain.core] [INFO] UncertainEngine startup success in 4167 ms
2015-05-19 15:29:29.508 [uncertain.core] [INFO] Uncertain engine startup
2015-05-19 15:30:45.408 [uncertain.core] [INFO] Uncertain engine startup
2015-05-19 15:30:47.693 [uncertain.core] [INFO] Loaded instance aurora.plugin.esb.AuroraEsbServer from /Users/shiliyan/git/aurora-ide/aurora-esb/deploy/WEB-INF/aurora.plugin.esb/esb.config
2015-05-19 15:30:47.696 [uncertain.core] [INFO] Loaded instance aurora.application.DefaultSessionInfoProvider from /private/var/folders/11/7pfwk3xd20g8rglx83p64h0m0000gn/T/aurora_builtin_package/aurora.features/config/session-info-provider.config
2015-05-19 15:30:47.708 [uncertain.core] [INFO] Loaded instance aurora.application.features.ServiceLogging from /Users/shiliyan/git/aurora-ide/aurora-esb/deploy/WEB-INF/aurora.feature/service-logging.config
2015-05-19 15:30:47.711 [uncertain.core] [INFO] Loaded instance aurora.application.features.ApplicationStartupProcedureInvoker from /private/var/folders/11/7pfwk3xd20g8rglx83p64h0m0000gn/T/aurora_builtin_package/aurora.base/config/app-init-procedure-invoker.config
2015-05-19 15:30:47.725 [uncertain.core] [INFO] Loaded instance aurora.service.exception.ExceptionDescriptorConfig from /private/var/folders/11/7pfwk3xd20g8rglx83p64h0m0000gn/T/aurora_builtin_package/aurora.base/config/exception-descriptor.config
2015-05-19 15:30:47.734 [uncertain.core] [INFO] Loaded instance aurora.bm.BmCachedDataProvider from /private/var/folders/11/7pfwk3xd20g8rglx83p64h0m0000gn/T/aurora_builtin_package/aurora.base/config/bm-cached-data-provider.config
2015-05-19 15:30:48.30 [aurora.datasource] [CONFIG] Setting up dataSource url:jdbc:oracle:thin:@192.168.11.65:1521:masdev,user:hec2dev_new
2015-05-19 15:30:48.31 [uncertain.core] [INFO] Loaded instance aurora.datasource.DataSourceConfig from /Users/shiliyan/git/aurora-ide/aurora-esb/deploy/WEB-INF/aurora.database/datasource.config
2015-05-19 15:30:48.64 [uncertain.core] [INFO] Loaded instance aurora.database.profile.DatabaseFactory from /private/var/folders/11/7pfwk3xd20g8rglx83p64h0m0000gn/T/aurora_builtin_package/aurora.database/config/database.config
2015-05-19 15:30:48.66 [uncertain.core] [INFO] Loaded instance aurora.bm.ModelFactory from /private/var/folders/11/7pfwk3xd20g8rglx83p64h0m0000gn/T/aurora_builtin_package/aurora.database/config/model-factory.config
2015-05-19 15:30:48.72 [aurora.database] [INFO] Using datasource com.mchange.v2.c3p0.PoolBackedDataSource@76bddcb7 [ connectionPoolDataSource -> com.mchange.v2.c3p0.WrapperConnectionPoolDataSource@7191dd27 [ acquireIncrement -> 3, acquireRetryAttempts -> 30, acquireRetryDelay -> 1000, autoCommitOnClose -> false, automaticTestTable -> null, breakAfterAcquireFailure -> false, checkoutTimeout -> 30000, connectionCustomizerClassName -> null, connectionTesterClassName -> com.mchange.v2.c3p0.impl.DefaultConnectionTester, debugUnreturnedConnectionStackTraces -> false, factoryClassLocation -> null, forceIgnoreUnresolvedTransactions -> false, identityToken -> 3051e099tpm1t31jxpkn8|16fb356, idleConnectionTestPeriod -> 120, initialPoolSize -> 3, maxAdministrativeTaskTime -> 0, maxConnectionAge -> 0, maxIdleTime -> 180, maxIdleTimeExcessConnections -> 0, maxPoolSize -> 15, maxStatements -> 0, maxStatementsPerConnection -> 0, minPoolSize -> 3, nestedDataSource -> com.mchange.v2.c3p0.DriverManagerDataSource@8b149966 [ description -> null, driverClass -> oracle.jdbc.driver.OracleDriver, factoryClassLocation -> null, identityToken -> 3051e099tpm1t31jxpkn8|a50b09c, jdbcUrl -> jdbc:oracle:thin:@192.168.11.65:1521:masdev, properties -> {user=******, password=******} ], preferredTestQuery -> select 1 from dual, propertyCycle -> 0, testConnectionOnCheckin -> true, testConnectionOnCheckout -> false, unreturnedConnectionTimeout -> 0, usesTraditionalReflectiveProxies -> false; userOverrides: {} ], dataSourceName -> null, factoryClassLocation -> null, identityToken -> 3051e099tpm1t31jxpkn8|1cf2fed4, numHelperThreads -> 3 ]
2015-05-19 15:30:48.87 [uncertain.core] [INFO] Loaded instance aurora.database.service.DatabaseServiceFactory from /private/var/folders/11/7pfwk3xd20g8rglx83p64h0m0000gn/T/aurora_builtin_package/aurora.database/config/database-service-factory.config
2015-05-19 15:30:48.146 [uncertain.core] [INFO] UncertainEngine startup success in 2861 ms
2015-05-19 15:31:33.717 [uncertain.core] [INFO] Uncertain engine startup
2015-05-19 15:31:36.212 [uncertain.core] [INFO] Loaded instance aurora.plugin.esb.AuroraEsbServer from /Users/shiliyan/git/aurora-ide/aurora-esb/deploy/WEB-INF/aurora.plugin.esb/esb.config
2015-05-19 15:31:36.230 [uncertain.core] [INFO] Loaded instance aurora.application.DefaultSessionInfoProvider from /private/var/folders/11/7pfwk3xd20g8rglx83p64h0m0000gn/T/aurora_builtin_package/aurora.features/config/session-info-provider.config
2015-05-19 15:31:36.265 [uncertain.core] [INFO] Loaded instance aurora.application.features.ServiceLogging from /Users/shiliyan/git/aurora-ide/aurora-esb/deploy/WEB-INF/aurora.feature/service-logging.config
2015-05-19 15:31:36.268 [uncertain.core] [INFO] Loaded instance aurora.application.features.ApplicationStartupProcedureInvoker from /private/var/folders/11/7pfwk3xd20g8rglx83p64h0m0000gn/T/aurora_builtin_package/aurora.base/config/app-init-procedure-invoker.config
2015-05-19 15:31:36.295 [uncertain.core] [INFO] Loaded instance aurora.service.exception.ExceptionDescriptorConfig from /private/var/folders/11/7pfwk3xd20g8rglx83p64h0m0000gn/T/aurora_builtin_package/aurora.base/config/exception-descriptor.config
2015-05-19 15:31:36.299 [uncertain.core] [INFO] Loaded instance aurora.bm.BmCachedDataProvider from /private/var/folders/11/7pfwk3xd20g8rglx83p64h0m0000gn/T/aurora_builtin_package/aurora.base/config/bm-cached-data-provider.config
2015-05-19 15:31:36.608 [aurora.datasource] [CONFIG] Setting up dataSource url:jdbc:oracle:thin:@192.168.11.65:1521:masdev,user:hec2dev_new
2015-05-19 15:31:36.609 [uncertain.core] [INFO] Loaded instance aurora.datasource.DataSourceConfig from /Users/shiliyan/git/aurora-ide/aurora-esb/deploy/WEB-INF/aurora.database/datasource.config
2015-05-19 15:31:36.636 [uncertain.core] [INFO] Loaded instance aurora.database.profile.DatabaseFactory from /private/var/folders/11/7pfwk3xd20g8rglx83p64h0m0000gn/T/aurora_builtin_package/aurora.database/config/database.config
2015-05-19 15:31:36.638 [uncertain.core] [INFO] Loaded instance aurora.bm.ModelFactory from /private/var/folders/11/7pfwk3xd20g8rglx83p64h0m0000gn/T/aurora_builtin_package/aurora.database/config/model-factory.config
2015-05-19 15:31:36.644 [aurora.database] [INFO] Using datasource com.mchange.v2.c3p0.PoolBackedDataSource@ba3e965e [ connectionPoolDataSource -> com.mchange.v2.c3p0.WrapperConnectionPoolDataSource@b6db9358 [ acquireIncrement -> 3, acquireRetryAttempts -> 30, acquireRetryDelay -> 1000, autoCommitOnClose -> false, automaticTestTable -> null, breakAfterAcquireFailure -> false, checkoutTimeout -> 30000, connectionCustomizerClassName -> null, connectionTesterClassName -> com.mchange.v2.c3p0.impl.DefaultConnectionTester, debugUnreturnedConnectionStackTraces -> false, factoryClassLocation -> null, forceIgnoreUnresolvedTransactions -> false, identityToken -> 3051e099tpn39m14aegc5|10667848, idleConnectionTestPeriod -> 120, initialPoolSize -> 3, maxAdministrativeTaskTime -> 0, maxConnectionAge -> 0, maxIdleTime -> 180, maxIdleTimeExcessConnections -> 0, maxPoolSize -> 15, maxStatements -> 0, maxStatementsPerConnection -> 0, minPoolSize -> 3, nestedDataSource -> com.mchange.v2.c3p0.DriverManagerDataSource@270d76fd [ description -> null, driverClass -> oracle.jdbc.driver.OracleDriver, factoryClassLocation -> null, identityToken -> 3051e099tpn39m14aegc5|58a120b0, jdbcUrl -> jdbc:oracle:thin:@192.168.11.65:1521:masdev, properties -> {user=******, password=******} ], preferredTestQuery -> select 1 from dual, propertyCycle -> 0, testConnectionOnCheckin -> true, testConnectionOnCheckout -> false, unreturnedConnectionTimeout -> 0, usesTraditionalReflectiveProxies -> false; userOverrides: {} ], dataSourceName -> null, factoryClassLocation -> null, identityToken -> 3051e099tpn39m14aegc5|47ec7422, numHelperThreads -> 3 ]
2015-05-19 15:31:36.660 [uncertain.core] [INFO] Loaded instance aurora.database.service.DatabaseServiceFactory from /private/var/folders/11/7pfwk3xd20g8rglx83p64h0m0000gn/T/aurora_builtin_package/aurora.database/config/database-service-factory.config
2015-05-19 15:31:36.694 [uncertain.core] [INFO] UncertainEngine startup success in 3062 ms
2015-05-19 15:35:20.763 [uncertain.core] [INFO] Uncertain engine startup
2015-05-19 15:35:23.321 [uncertain.core] [INFO] Loaded instance aurora.plugin.esb.AuroraEsbServer from /Users/shiliyan/git/aurora-ide/aurora-esb/deploy/WEB-INF/aurora.plugin.esb/esb.config
2015-05-19 15:35:23.324 [uncertain.core] [INFO] Loaded instance aurora.application.DefaultSessionInfoProvider from /private/var/folders/11/7pfwk3xd20g8rglx83p64h0m0000gn/T/aurora_builtin_package/aurora.features/config/session-info-provider.config
2015-05-19 15:35:23.332 [uncertain.core] [INFO] Loaded instance aurora.application.features.ServiceLogging from /Users/shiliyan/git/aurora-ide/aurora-esb/deploy/WEB-INF/aurora.feature/service-logging.config
2015-05-19 15:35:23.342 [uncertain.core] [INFO] Loaded instance aurora.application.features.ApplicationStartupProcedureInvoker from /private/var/folders/11/7pfwk3xd20g8rglx83p64h0m0000gn/T/aurora_builtin_package/aurora.base/config/app-init-procedure-invoker.config
2015-05-19 15:35:23.370 [uncertain.core] [INFO] Loaded instance aurora.service.exception.ExceptionDescriptorConfig from /private/var/folders/11/7pfwk3xd20g8rglx83p64h0m0000gn/T/aurora_builtin_package/aurora.base/config/exception-descriptor.config
2015-05-19 15:35:23.394 [uncertain.core] [INFO] Loaded instance aurora.bm.BmCachedDataProvider from /private/var/folders/11/7pfwk3xd20g8rglx83p64h0m0000gn/T/aurora_builtin_package/aurora.base/config/bm-cached-data-provider.config
2015-05-19 15:35:23.801 [aurora.datasource] [CONFIG] Setting up dataSource url:jdbc:oracle:thin:@192.168.11.65:1521:masdev,user:hec2dev_new
2015-05-19 15:35:23.803 [uncertain.core] [INFO] Loaded instance aurora.datasource.DataSourceConfig from /Users/shiliyan/git/aurora-ide/aurora-esb/deploy/WEB-INF/aurora.database/datasource.config
2015-05-19 15:35:23.833 [uncertain.core] [INFO] Loaded instance aurora.database.profile.DatabaseFactory from /private/var/folders/11/7pfwk3xd20g8rglx83p64h0m0000gn/T/aurora_builtin_package/aurora.database/config/database.config
2015-05-19 15:35:23.836 [uncertain.core] [INFO] Loaded instance aurora.bm.ModelFactory from /private/var/folders/11/7pfwk3xd20g8rglx83p64h0m0000gn/T/aurora_builtin_package/aurora.database/config/model-factory.config
2015-05-19 15:35:23.841 [aurora.database] [INFO] Using datasource com.mchange.v2.c3p0.PoolBackedDataSource@aaae12 [ connectionPoolDataSource -> com.mchange.v2.c3p0.WrapperConnectionPoolDataSource@dd5085bd [ acquireIncrement -> 3, acquireRetryAttempts -> 30, acquireRetryDelay -> 1000, autoCommitOnClose -> false, automaticTestTable -> null, breakAfterAcquireFailure -> false, checkoutTimeout -> 30000, connectionCustomizerClassName -> null, connectionTesterClassName -> com.mchange.v2.c3p0.impl.DefaultConnectionTester, debugUnreturnedConnectionStackTraces -> false, factoryClassLocation -> null, forceIgnoreUnresolvedTransactions -> false, identityToken -> 3051e099tpryiz1qxm89d|359b650b, idleConnectionTestPeriod -> 120, initialPoolSize -> 3, maxAdministrativeTaskTime -> 0, maxConnectionAge -> 0, maxIdleTime -> 180, maxIdleTimeExcessConnections -> 0, maxPoolSize -> 15, maxStatements -> 0, maxStatementsPerConnection -> 0, minPoolSize -> 3, nestedDataSource -> com.mchange.v2.c3p0.DriverManagerDataSource@c9eddca6 [ description -> null, driverClass -> oracle.jdbc.driver.OracleDriver, factoryClassLocation -> null, identityToken -> 3051e099tpryiz1qxm89d|4d48bd85, jdbcUrl -> jdbc:oracle:thin:@192.168.11.65:1521:masdev, properties -> {user=******, password=******} ], preferredTestQuery -> select 1 from dual, propertyCycle -> 0, testConnectionOnCheckin -> true, testConnectionOnCheckout -> false, unreturnedConnectionTimeout -> 0, usesTraditionalReflectiveProxies -> false; userOverrides: {} ], dataSourceName -> null, factoryClassLocation -> null, identityToken -> 3051e099tpryiz1qxm89d|62b969c4, numHelperThreads -> 3 ]
2015-05-19 15:35:23.856 [uncertain.core] [INFO] Loaded instance aurora.database.service.DatabaseServiceFactory from /private/var/folders/11/7pfwk3xd20g8rglx83p64h0m0000gn/T/aurora_builtin_package/aurora.database/config/database-service-factory.config
2015-05-19 15:35:23.901 [uncertain.core] [INFO] UncertainEngine startup success in 3239 ms
2015-05-19 16:23:06.492 [uncertain.core] [INFO] Uncertain engine startup
2015-05-19 16:23:09.682 [uncertain.core] [INFO] Loaded instance aurora.plugin.esb.AuroraEsbServer from /Users/shiliyan/git/aurora-ide/aurora-esb/deploy/WEB-INF/aurora.plugin.esb/esb.config
2015-05-19 16:23:09.685 [uncertain.core] [INFO] Loaded instance aurora.application.DefaultSessionInfoProvider from /private/var/folders/11/7pfwk3xd20g8rglx83p64h0m0000gn/T/aurora_builtin_package/aurora.features/config/session-info-provider.config
2015-05-19 16:23:09.709 [uncertain.core] [INFO] Loaded instance aurora.application.features.ServiceLogging from /Users/shiliyan/git/aurora-ide/aurora-esb/deploy/WEB-INF/aurora.feature/service-logging.config
2015-05-19 16:23:09.712 [uncertain.core] [INFO] Loaded instance aurora.application.features.ApplicationStartupProcedureInvoker from /private/var/folders/11/7pfwk3xd20g8rglx83p64h0m0000gn/T/aurora_builtin_package/aurora.base/config/app-init-procedure-invoker.config
2015-05-19 16:23:09.727 [uncertain.core] [INFO] Loaded instance aurora.service.exception.ExceptionDescriptorConfig from /private/var/folders/11/7pfwk3xd20g8rglx83p64h0m0000gn/T/aurora_builtin_package/aurora.base/config/exception-descriptor.config
2015-05-19 16:23:09.731 [uncertain.core] [INFO] Loaded instance aurora.bm.BmCachedDataProvider from /private/var/folders/11/7pfwk3xd20g8rglx83p64h0m0000gn/T/aurora_builtin_package/aurora.base/config/bm-cached-data-provider.config
2015-05-19 16:23:10.103 [aurora.datasource] [CONFIG] Setting up dataSource url:jdbc:oracle:thin:@192.168.11.65:1521:masdev,user:hec2dev_new
2015-05-19 16:23:10.106 [uncertain.core] [INFO] Loaded instance aurora.datasource.DataSourceConfig from /Users/shiliyan/git/aurora-ide/aurora-esb/deploy/WEB-INF/aurora.database/datasource.config
2015-05-19 16:23:10.154 [uncertain.core] [INFO] Loaded instance aurora.database.profile.DatabaseFactory from /private/var/folders/11/7pfwk3xd20g8rglx83p64h0m0000gn/T/aurora_builtin_package/aurora.database/config/database.config
2015-05-19 16:23:10.164 [uncertain.core] [INFO] Loaded instance aurora.bm.ModelFactory from /private/var/folders/11/7pfwk3xd20g8rglx83p64h0m0000gn/T/aurora_builtin_package/aurora.database/config/model-factory.config
2015-05-19 16:23:10.170 [aurora.database] [INFO] Using datasource com.mchange.v2.c3p0.PoolBackedDataSource@f4a6578 [ connectionPoolDataSource -> com.mchange.v2.c3p0.WrapperConnectionPoolDataSource@15769a53 [ acquireIncrement -> 3, acquireRetryAttempts -> 30, acquireRetryDelay -> 1000, autoCommitOnClose -> false, automaticTestTable -> null, breakAfterAcquireFailure -> false, checkoutTimeout -> 30000, connectionCustomizerClassName -> null, connectionTesterClassName -> com.mchange.v2.c3p0.impl.DefaultConnectionTester, debugUnreturnedConnectionStackTraces -> false, factoryClassLocation -> null, forceIgnoreUnresolvedTransactions -> false, identityToken -> 3051e099trhe712hb5we|77c7ed8e, idleConnectionTestPeriod -> 120, initialPoolSize -> 3, maxAdministrativeTaskTime -> 0, maxConnectionAge -> 0, maxIdleTime -> 180, maxIdleTimeExcessConnections -> 0, maxPoolSize -> 15, maxStatements -> 0, maxStatementsPerConnection -> 0, minPoolSize -> 3, nestedDataSource -> com.mchange.v2.c3p0.DriverManagerDataSource@6172a628 [ description -> null, driverClass -> oracle.jdbc.driver.OracleDriver, factoryClassLocation -> null, identityToken -> 3051e099trhe712hb5we|2ff95fc6, jdbcUrl -> jdbc:oracle:thin:@192.168.11.65:1521:masdev, properties -> {user=******, password=******} ], preferredTestQuery -> select 1 from dual, propertyCycle -> 0, testConnectionOnCheckin -> true, testConnectionOnCheckout -> false, unreturnedConnectionTimeout -> 0, usesTraditionalReflectiveProxies -> false; userOverrides: {} ], dataSourceName -> null, factoryClassLocation -> null, identityToken -> 3051e099trhe712hb5we|610df783, numHelperThreads -> 3 ]
2015-05-19 16:23:10.183 [uncertain.core] [INFO] Loaded instance aurora.database.service.DatabaseServiceFactory from /private/var/folders/11/7pfwk3xd20g8rglx83p64h0m0000gn/T/aurora_builtin_package/aurora.database/config/database-service-factory.config
2015-05-19 16:23:10.223 [uncertain.core] [INFO] UncertainEngine startup success in 3840 ms
2015-05-19 16:23:37.185 [uncertain.core] [INFO] Uncertain engine startup
2015-05-19 16:23:40.397 [uncertain.core] [INFO] Loaded instance aurora.plugin.esb.AuroraEsbServer from /Users/shiliyan/git/aurora-ide/aurora-esb/deploy/WEB-INF/aurora.plugin.esb/esb.config
2015-05-19 16:23:40.400 [uncertain.core] [INFO] Loaded instance aurora.application.DefaultSessionInfoProvider from /private/var/folders/11/7pfwk3xd20g8rglx83p64h0m0000gn/T/aurora_builtin_package/aurora.features/config/session-info-provider.config
2015-05-19 16:23:40.466 [uncertain.core] [INFO] Loaded instance aurora.application.features.ServiceLogging from /Users/shiliyan/git/aurora-ide/aurora-esb/deploy/WEB-INF/aurora.feature/service-logging.config
2015-05-19 16:23:40.502 [uncertain.core] [INFO] Loaded instance aurora.application.features.ApplicationStartupProcedureInvoker from /private/var/folders/11/7pfwk3xd20g8rglx83p64h0m0000gn/T/aurora_builtin_package/aurora.base/config/app-init-procedure-invoker.config
2015-05-19 16:23:40.528 [uncertain.core] [INFO] Loaded instance aurora.service.exception.ExceptionDescriptorConfig from /private/var/folders/11/7pfwk3xd20g8rglx83p64h0m0000gn/T/aurora_builtin_package/aurora.base/config/exception-descriptor.config
2015-05-19 16:23:40.532 [uncertain.core] [INFO] Loaded instance aurora.bm.BmCachedDataProvider from /private/var/folders/11/7pfwk3xd20g8rglx83p64h0m0000gn/T/aurora_builtin_package/aurora.base/config/bm-cached-data-provider.config
2015-05-19 16:23:41.22 [aurora.datasource] [CONFIG] Setting up dataSource url:jdbc:oracle:thin:@192.168.11.65:1521:masdev,user:hec2dev_new
2015-05-19 16:23:41.25 [uncertain.core] [INFO] Loaded instance aurora.datasource.DataSourceConfig from /Users/shiliyan/git/aurora-ide/aurora-esb/deploy/WEB-INF/aurora.database/datasource.config
2015-05-19 16:23:41.69 [uncertain.core] [INFO] Loaded instance aurora.database.profile.DatabaseFactory from /private/var/folders/11/7pfwk3xd20g8rglx83p64h0m0000gn/T/aurora_builtin_package/aurora.database/config/database.config
2015-05-19 16:23:41.71 [uncertain.core] [INFO] Loaded instance aurora.bm.ModelFactory from /private/var/folders/11/7pfwk3xd20g8rglx83p64h0m0000gn/T/aurora_builtin_package/aurora.database/config/model-factory.config
2015-05-19 16:23:41.82 [aurora.database] [INFO] Using datasource com.mchange.v2.c3p0.PoolBackedDataSource@df395538 [ connectionPoolDataSource -> com.mchange.v2.c3p0.WrapperConnectionPoolDataSource@dbd65232 [ acquireIncrement -> 3, acquireRetryAttempts -> 30, acquireRetryDelay -> 1000, autoCommitOnClose -> false, automaticTestTable -> null, breakAfterAcquireFailure -> false, checkoutTimeout -> 30000, connectionCustomizerClassName -> null, connectionTesterClassName -> com.mchange.v2.c3p0.impl.DefaultConnectionTester, debugUnreturnedConnectionStackTraces -> false, factoryClassLocation -> null, forceIgnoreUnresolvedTransactions -> false, identityToken -> 3051e099tri21416cir7q|10667848, idleConnectionTestPeriod -> 120, initialPoolSize -> 3, maxAdministrativeTaskTime -> 0, maxConnectionAge -> 0, maxIdleTime -> 180, maxIdleTimeExcessConnections -> 0, maxPoolSize -> 15, maxStatements -> 0, maxStatementsPerConnection -> 0, minPoolSize -> 3, nestedDataSource -> com.mchange.v2.c3p0.DriverManagerDataSource@4c0835d7 [ description -> null, driverClass -> oracle.jdbc.driver.OracleDriver, factoryClassLocation -> null, identityToken -> 3051e099tri21416cir7q|58a120b0, jdbcUrl -> jdbc:oracle:thin:@192.168.11.65:1521:masdev, properties -> {user=******, password=******} ], preferredTestQuery -> select 1 from dual, propertyCycle -> 0, testConnectionOnCheckin -> true, testConnectionOnCheckout -> false, unreturnedConnectionTimeout -> 0, usesTraditionalReflectiveProxies -> false; userOverrides: {} ], dataSourceName -> null, factoryClassLocation -> null, identityToken -> 3051e099tri21416cir7q|47ec7422, numHelperThreads -> 3 ]
2015-05-19 16:23:41.95 [uncertain.core] [INFO] Loaded instance aurora.database.service.DatabaseServiceFactory from /private/var/folders/11/7pfwk3xd20g8rglx83p64h0m0000gn/T/aurora_builtin_package/aurora.database/config/database-service-factory.config
2015-05-19 16:23:41.143 [uncertain.core] [INFO] UncertainEngine startup success in 4085 ms
