2015-06-01 19:50:24.210 [uncertain.proc] [CONFIG] [action] DecideSqlGenerationMode
2015-06-01 19:50:24.211 [uncertain.proc] [FINE] aurora.database.service.BusinessModelService.onDecideSqlGenerationMode
2015-06-01 19:50:24.211 [uncertain.proc] [CONFIG] [action] CreatequeryStatement
2015-06-01 19:50:24.211 [uncertain.proc] [FINE] aurora.bm.QuerySqlCreator.onCreateQueryStatement
2015-06-01 19:50:24.211 [uncertain.proc] [CONFIG] [action] PopulatequeryStatement
2015-06-01 19:50:24.213 [uncertain.proc] [FINE] aurora.database.features.WhereClauseCreator.onPopulateQueryStatement
2015-06-01 19:50:24.213 [uncertain.proc] [FINE] aurora.database.features.OrderByClauseCreator.onPopulateQueryStatement
2015-06-01 19:50:24.213 [uncertain.proc] [CONFIG] [action] CreatequerySql
2015-06-01 19:50:24.214 [uncertain.proc] [FINE] aurora.bm.QuerySqlCreator.onCreateQuerySql
2015-06-01 19:50:24.214 [uncertain.proc] [CONFIG] [action] ExecuteQuery
2015-06-01 19:50:24.214 [uncertain.proc] [FINE] aurora.bm.QuerySqlCreator.onExecuteQuery
2015-06-01 19:50:24.222 [uncertain.proc] [CONFIG] [action] QueryFinish
2015-06-01 19:50:24.223 [uncertain.proc] [FINE] aurora.database.features.AutoQueryCounter.onQueryFinish
2015-06-01 19:50:24.223 [uncertain.proc] [CONFIG] [action] FetchResultSet
2015-06-01 19:50:24.223 [aurora.database] [CONFIG] 
============= BEGIN [query] SQL Statement execution dump ============
SELECT t1.APPROVAL_LINE_ID,t1.HEAD_ID,t1.APPLYNO,t1.ALLOWLOAN,t1.FAILREASON,t1.CONTRACTNO,t1.REASONTYPE,t1.APPLYAMOUNT,t1.REF_N01,t1.REF_N02,t1.REF_N03,t1.REF_N04,t1.REF_N05,t1.REF_V01,t1.REF_V02,t1.REF_V03,t1.REF_V04,t1.REF_V05,t1.PROCESS_STATUS
FROM TM_INTERFACE_CONTRACT_APPROVAL t1
WHERE PROCESS_STATUS = ?
---------------------Binding info---------------------
No.1	Access path:@process_status	Data type of passed value :java.lang.String	Value:N	Output:false	Database Type:null	

=============== END [query] SQL Statement execution dump ============

2015-06-01 19:50:24.224 [uncertain.proc] [INFO] <esb_conext SERVICE_LOGGING_FILE="/Users/shiliyan/git/aurora-ide/aurora-esb/deploy/logs/gen_file_ap_2015-06-01.log" __configuration__="uncertain.event.Configuration@59263d43" BusinessModel="aurora.bm.BusinessModel@171bbfa2" service_name="gen_file_ap" SqlStatementType="query" SqlGenerationMode="AutoGenerate" _instance.uncertain.logging.ILoggerProvider="uncertain.logging.LoggerProvider@52a093a2" _instance.aurora.service.IService="aurora.service.http.HttpServiceInstance@537b7ae2" sso="(ScriptShareObject : 4 elements)" BusinessModelOperation="query" SqlString="SELECT t1.APPROVAL_LINE_ID,t1.HEAD_ID,t1.APPLYNO,t1.ALLOWLOAN,t1.FAILREASON,t1.CONTRACTNO,t1.REASONTYPE,t1.APPLYAMOUNT,t1.REF_N01,t1.REF_N02,t1.REF_N03,t1.REF_N04,t1.REF_N05,t1.REF_V01,t1.REF_V02,t1.REF_V03,t1.REF_V04,t1.REF_V05,t1.PROCESS_STATUS
FROM TM_INTERFACE_CONTRACT_APPROVAL t1
WHERE PROCESS_STATUS = ${@process_status}" SqlStatement="aurora.database.sql.SelectStatement@3bdf89eb" current_parameter="{process_status=N}" SqlRunner="aurora.database.SqlRunner@71f3d79d" FetchDescriptor="aurora.database.FetchDescriptor@6833fc44" __database_all_connection="[com.mchange.v2.c3p0.impl.NewProxyConnection@5cc99706]" _instance.uncertain.logging.BasicFileHandler="uncertain.logging.BasicFileHandler@27986782" _instance.java.sql.Connection="com.mchange.v2.c3p0.impl.NewProxyConnection@5cc99706" ResultsetConsumer="aurora.database.rsconsumer.CompositeMapCreator@2f3ca5f9">
    <parameter count="2.0" __parameter_parsed__="true">
        <result orgcode="orgnumger" filename="filename" servicename="servicename"/>
        <datas>
            <data applyamount="0" contractno="aurora.javascript.Undefined@3c9aa19e" allowloan="NO" failreason="面签失败" applyno="94012014070100039589S" reasontype="UNDEFIND"/>
            <data applyamount="0" contractno="aurora.javascript.Undefined@3c9aa19e" allowloan="NO" failreason="发票验证不通过" applyno="94012014070100039588S" reasontype="INVALID_VOUCHER"/>
        </datas>
    </parameter>
    <session/>
    <cookie/>
    <model/>
</esb_conext>

