2015-06-04 15:54:39.612 [uncertain.proc] [CONFIG] [action] DecideStatement
2015-06-04 15:54:39.614 [uncertain.proc] [CONFIG] [action] DecideSqlGenerationMode
2015-06-04 15:54:39.614 [uncertain.proc] [FINE] aurora.database.service.BusinessModelService.onDecideSqlGenerationMode
2015-06-04 15:54:39.614 [uncertain.proc] [CONFIG] [action] CreateOperationSql
2015-06-04 15:54:39.614 [uncertain.proc] [CONFIG] [action] PopulateOperationSql
2015-06-04 15:54:39.614 [uncertain.proc] [FINE] aurora.database.features.WhereClauseCreator.onPopulateOperationSql
2015-06-04 15:54:39.614 [uncertain.proc] [FINE] aurora.database.features.OrderByClauseCreator.onPopulateOperationSql
2015-06-04 15:54:39.614 [uncertain.proc] [CONFIG] [action] CreateSqlRunner
2015-06-04 15:54:39.614 [uncertain.proc] [FINE] aurora.database.service.BusinessModelService.onCreateSqlRunner
2015-06-04 15:54:39.614 [uncertain.proc] [CONFIG] [action] ExecuteDmlStatement
2015-06-04 15:54:39.614 [uncertain.proc] [FINE] aurora.database.service.BusinessModelService.onExecuteDmlStatement
2015-06-04 15:54:39.654 [aurora.database] [CONFIG] 
============= BEGIN [Execute] SQL Statement execution dump ============

        		begin
        		
				  ? := tm_interface_pkg.create_send_bill(p_company_id 	=> 1001,
				  												   p_user_id		=> -1);
				
				end;
        	
---------------------Binding info---------------------
No.1	Access path:@head_id	Data type of passed value :[null]	Value:null	Output:true	Database Type:null	

=============== END [Execute] SQL Statement execution dump ============

2015-06-04 15:54:39.662 [uncertain.proc] [CONFIG] [action] DecideSqlGenerationMode
2015-06-04 15:54:39.662 [uncertain.proc] [FINE] aurora.database.service.BusinessModelService.onDecideSqlGenerationMode
2015-06-04 15:54:39.662 [uncertain.proc] [CONFIG] [action] CreatequeryStatement
2015-06-04 15:54:39.662 [uncertain.proc] [FINE] aurora.bm.QuerySqlCreator.onCreateQueryStatement
2015-06-04 15:54:39.662 [uncertain.proc] [CONFIG] [action] PopulatequeryStatement
2015-06-04 15:54:39.662 [uncertain.proc] [FINE] aurora.database.features.WhereClauseCreator.onPopulateQueryStatement
2015-06-04 15:54:39.662 [uncertain.proc] [FINE] aurora.database.features.OrderByClauseCreator.onPopulateQueryStatement
2015-06-04 15:54:39.662 [uncertain.proc] [CONFIG] [action] CreatequerySql
2015-06-04 15:54:39.662 [uncertain.proc] [FINE] aurora.bm.QuerySqlCreator.onCreateQuerySql
2015-06-04 15:54:39.663 [uncertain.proc] [CONFIG] [action] ExecuteQuery
2015-06-04 15:54:39.663 [uncertain.proc] [FINE] aurora.bm.QuerySqlCreator.onExecuteQuery
2015-06-04 15:54:39.672 [uncertain.proc] [CONFIG] [action] QueryFinish
2015-06-04 15:54:39.673 [uncertain.proc] [FINE] aurora.database.features.AutoQueryCounter.onQueryFinish
2015-06-04 15:54:39.673 [uncertain.proc] [CONFIG] [action] FetchResultSet
2015-06-04 15:54:39.673 [aurora.database] [CONFIG] 
============= BEGIN [query] SQL Statement execution dump ============
SELECT t1.HEAD_ID,t1.FILENAME,t1.FILEDATE,t1.BATCHID,t1.VERSION,t1.COUNT,t1.ISLAST,t1.ENABLED_FLAG,t1.SERVICENAME
FROM TM_INTERFACE_HEADERS t1
WHERE HEAD_ID = ?
---------------------Binding info---------------------
No.1	Access path:@head_id	Data type of passed value :java.lang.Long	Value:776	Output:false	Database Type:null	

=============== END [query] SQL Statement execution dump ============

2015-06-04 15:54:39.679 [uncertain.proc] [CONFIG] [action] DecideSqlGenerationMode
2015-06-04 15:54:39.679 [uncertain.proc] [FINE] aurora.database.service.BusinessModelService.onDecideSqlGenerationMode
2015-06-04 15:54:39.679 [uncertain.proc] [CONFIG] [action] CreatequeryStatement
2015-06-04 15:54:39.680 [uncertain.proc] [FINE] aurora.bm.QuerySqlCreator.onCreateQueryStatement
2015-06-04 15:54:39.680 [uncertain.proc] [CONFIG] [action] PopulatequeryStatement
2015-06-04 15:54:39.680 [uncertain.proc] [FINE] aurora.database.features.WhereClauseCreator.onPopulateQueryStatement
2015-06-04 15:54:39.680 [uncertain.proc] [FINE] aurora.database.features.OrderByClauseCreator.onPopulateQueryStatement
2015-06-04 15:54:39.680 [uncertain.proc] [CONFIG] [action] CreatequerySql
2015-06-04 15:54:39.680 [uncertain.proc] [FINE] aurora.bm.QuerySqlCreator.onCreateQuerySql
2015-06-04 15:54:39.680 [uncertain.proc] [CONFIG] [action] ExecuteQuery
2015-06-04 15:54:39.680 [uncertain.proc] [FINE] aurora.bm.QuerySqlCreator.onExecuteQuery
2015-06-04 15:54:39.708 [uncertain.proc] [CONFIG] [action] QueryFinish
2015-06-04 15:54:39.708 [uncertain.proc] [FINE] aurora.database.features.AutoQueryCounter.onQueryFinish
2015-06-04 15:54:39.708 [uncertain.proc] [CONFIG] [action] FetchResultSet
2015-06-04 15:54:39.708 [aurora.database] [CONFIG] 
============= BEGIN [query] SQL Statement execution dump ============
SELECT t1.BILL_LINE_ID,t1.HEAD_ID,t1.APPLYNO,t1.ORGCODE,t1.DRAWDNNO,t1.LOANLENGTH,t1.LOANCUSTOMER,t1.PRINAMT,t1.INTAMT,t1.PENALTYAMT,t1.PAIDPRINAMT,t1.PAIDINTAMT,t1.PAIDPENALTYAMT,t1.CLEARDATE,t1.STATUS,t1.BEGINDATE,t1.PAYMENTDUEDATE,t1.BILLPRINAMT,t1.BILLINTAMT,t1.BILLPENALTYAMT,t1.BILLPAIDPRINAMT,t1.BILLPAIDINTAMT,t1.BILLPAIDPENALTYAMT,t1.BILLCLEARDATE,t1.BILLSTATUS,t1.OVERDUEDAYS,t1.PROCESS_STATUS,t1.TERMNO,t1.ENDDATE,t1.DUEDATE
FROM TM_INTERFACE_SEND_BILL t1
WHERE HEAD_ID = ?
---------------------Binding info---------------------
No.1	Access path:@head_id	Data type of passed value :java.lang.Long	Value:776	Output:false	Database Type:null	

=============== END [query] SQL Statement execution dump ============

2015-06-04 15:54:39.711 [uncertain.proc] [INFO] <esb_conext SERVICE_LOGGING_FILE="/Users/shiliyan/git/aurora-ide/aurora-esb/deploy/logs/gen_file_bill_2015-06-04.log" __configuration__="uncertain.event.Configuration@1e0dfbfa" BusinessModel="aurora.bm.BusinessModel@2099e5e8" service_name="gen_file_bill" SqlStatementType="query" SqlGenerationMode="AutoGenerate" _instance.uncertain.logging.ILoggerProvider="uncertain.logging.LoggerProvider@164f33" _instance.aurora.service.IService="aurora.service.http.HttpServiceInstance@419d0d41" sso="(ScriptShareObject : 4 elements)" BusinessModelOperation="query" SqlString="SELECT t1.BILL_LINE_ID,t1.HEAD_ID,t1.APPLYNO,t1.ORGCODE,t1.DRAWDNNO,t1.LOANLENGTH,t1.LOANCUSTOMER,t1.PRINAMT,t1.INTAMT,t1.PENALTYAMT,t1.PAIDPRINAMT,t1.PAIDINTAMT,t1.PAIDPENALTYAMT,t1.CLEARDATE,t1.STATUS,t1.BEGINDATE,t1.PAYMENTDUEDATE,t1.BILLPRINAMT,t1.BILLINTAMT,t1.BILLPENALTYAMT,t1.BILLPAIDPRINAMT,t1.BILLPAIDINTAMT,t1.BILLPAIDPENALTYAMT,t1.BILLCLEARDATE,t1.BILLSTATUS,t1.OVERDUEDAYS,t1.PROCESS_STATUS,t1.TERMNO,t1.ENDDATE,t1.DUEDATE
FROM TM_INTERFACE_SEND_BILL t1
WHERE HEAD_ID = ${@head_id}" SqlStatement="aurora.database.sql.SelectStatement@303efca3" current_parameter="{head_id=776}" SqlRunner="aurora.database.SqlRunner@5f67e9e9" FetchDescriptor="aurora.database.FetchDescriptor@2d1606dd" __database_all_connection="[com.mchange.v2.c3p0.impl.NewProxyConnection@5f03e50d]" _instance.uncertain.logging.BasicFileHandler="uncertain.logging.BasicFileHandler@6d3a4ae1" _instance.java.sql.Connection="com.mchange.v2.c3p0.impl.NewProxyConnection@5f03e50d" ResultsetConsumer="aurora.database.rsconsumer.CompositeMapCreator@4464a502">
    <parameter count="12.0" __parameter_parsed__="true" head_id="776">
        <result orgcode="CFCAR" yyyymmdd="20150604" servicename="AUTOFI_SEND_BILL"/>
        <header fileName="CFCAR_AUTOFI_SEND_BILL_20150604_53.txt" batchNo="53" isLast="YES" count="12" serviceName="AUTOFI_SEND_BILL" version="1.0" yyyymmdd="20150604" orgCode="CFCAR"/>
        <datas>
            <data endDate="" dueDat="" billPenaltyAmt="0" billPaidPenaltyAmt="0" orgCode="001" billStatus="正常" overdueDays="0" billPaidPrinAmt="0" prinAmt="1200000" paidPenaltyAmt="0" drawndnNo="1234567" clearDate="aurora.javascript.NativeJavaObject@37892c9" billIntAmt="10000" billPrinAmt="100000" intAmt="150000" paidIntAmt="0" paidPrinAmt="30000" loanLength="12" beginDate="aurora.javascript.NativeJavaObject@63b00bee" paymentDueDate="aurora.javascript.NativeJavaObject@5ce2283b" billClearDate="aurora.javascript.NativeJavaObject@3dcfda10" applyNo="94012014070100039589S" penaltyAmt="0" termNo="01" loanCustomer="张三" status="正常" billPaidIntAmt="0"/>
            <data endDate="" dueDat="" billPenaltyAmt="0" billPaidPenaltyAmt="0" orgCode="001" billStatus="正常" overdueDays="1" billPaidPrinAmt="0" prinAmt="1200000" paidPenaltyAmt="0" drawndnNo="1234567" clearDate="aurora.javascript.NativeJavaObject@7a66e9ba" billIntAmt="10000" billPrinAmt="100000" intAmt="150000" paidIntAmt="0" paidPrinAmt="30000" loanLength="12" beginDate="aurora.javascript.NativeJavaObject@196a7263" paymentDueDate="aurora.javascript.NativeJavaObject@54843285" billClearDate="aurora.javascript.NativeJavaObject@17d86d5f" applyNo="94012014070100039589S" penaltyAmt="0" termNo="02" loanCustomer="张三" status="正常" billPaidIntAmt="0"/>
            <data endDate="" dueDat="" billPenaltyAmt="0" billPaidPenaltyAmt="0" orgCode="001" billStatus="正常" overdueDays="2" billPaidPrinAmt="0" prinAmt="1200000" paidPenaltyAmt="0" drawndnNo="1234567" clearDate="aurora.javascript.NativeJavaObject@5abe6d27" billIntAmt="10000" billPrinAmt="100000" intAmt="150000" paidIntAmt="0" paidPrinAmt="30000" loanLength="12" beginDate="aurora.javascript.NativeJavaObject@108de579" paymentDueDate="aurora.javascript.NativeJavaObject@6568edf7" billClearDate="aurora.javascript.NativeJavaObject@318ed690" applyNo="94012014070100039589S" penaltyAmt="0" termNo="03" loanCustomer="张三" status="正常" billPaidIntAmt="0"/>
            <data endDate="" dueDat="" billPenaltyAmt="0" billPaidPenaltyAmt="0" orgCode="001" billStatus="正常" overdueDays="3" billPaidPrinAmt="0" prinAmt="1200000" paidPenaltyAmt="0" drawndnNo="1234567" clearDate="aurora.javascript.NativeJavaObject@187042d3" billIntAmt="10000" billPrinAmt="100000" intAmt="150000" paidIntAmt="0" paidPrinAmt="30000" loanLength="12" beginDate="aurora.javascript.NativeJavaObject@67a9da89" paymentDueDate="aurora.javascript.NativeJavaObject@450c94de" billClearDate="aurora.javascript.NativeJavaObject@2f1f0b9" applyNo="94012014070100039589S" penaltyAmt="0" termNo="04" loanCustomer="张三" status="正常" billPaidIntAmt="0"/>
            <data endDate="" dueDat="" billPenaltyAmt="0" billPaidPenaltyAmt="0" orgCode="001" billStatus="正常" overdueDays="4" billPaidPrinAmt="0" prinAmt="1200000" paidPenaltyAmt="0" drawndnNo="1234567" clearDate="aurora.javascript.NativeJavaObject@188d5cee" billIntAmt="10000" billPrinAmt="100000" intAmt="150000" paidIntAmt="0" paidPrinAmt="30000" loanLength="12" beginDate="aurora.javascript.NativeJavaObject@3159a0e4" paymentDueDate="aurora.javascript.NativeJavaObject@10d26875" billClearDate="aurora.javascript.NativeJavaObject@1dab26ee" applyNo="94012014070100039589S" penaltyAmt="0" termNo="05" loanCustomer="张三" status="正常" billPaidIntAmt="0"/>
            <data endDate="" dueDat="" billPenaltyAmt="0" billPaidPenaltyAmt="0" orgCode="001" billStatus="正常" overdueDays="5" billPaidPrinAmt="0" prinAmt="1200000" paidPenaltyAmt="0" drawndnNo="1234567" clearDate="aurora.javascript.NativeJavaObject@6f336399" billIntAmt="10000" billPrinAmt="100000" intAmt="150000" paidIntAmt="0" paidPrinAmt="30000" loanLength="12" beginDate="aurora.javascript.NativeJavaObject@1391a01b" paymentDueDate="aurora.javascript.NativeJavaObject@1083f3dc" billClearDate="aurora.javascript.NativeJavaObject@545b2b74" applyNo="94012014070100039589S" penaltyAmt="0" termNo="06" loanCustomer="张三" status="正常" billPaidIntAmt="0"/>
            <data endDate="" dueDat="" billPenaltyAmt="0" billPaidPenaltyAmt="0" orgCode="001" billStatus="正常" overdueDays="6" billPaidPrinAmt="0" prinAmt="1200000" paidPenaltyAmt="0" drawndnNo="1234567" clearDate="aurora.javascript.NativeJavaObject@2000b5cd" billIntAmt="10000" billPrinAmt="100000" intAmt="150000" paidIntAmt="0" paidPrinAmt="30000" loanLength="12" beginDate="aurora.javascript.NativeJavaObject@3e0f48ae" paymentDueDate="aurora.javascript.NativeJavaObject@319d41a0" billClearDate="aurora.javascript.NativeJavaObject@3c90dc6c" applyNo="94012014070100039589S" penaltyAmt="0" termNo="07" loanCustomer="张三" status="正常" billPaidIntAmt="0"/>
            <data endDate="" dueDat="" billPenaltyAmt="0" billPaidPenaltyAmt="0" orgCode="001" billStatus="正常" overdueDays="7" billPaidPrinAmt="0" prinAmt="1200000" paidPenaltyAmt="0" drawndnNo="1234567" clearDate="aurora.javascript.NativeJavaObject@199bb8ee" billIntAmt="10000" billPrinAmt="100000" intAmt="150000" paidIntAmt="0" paidPrinAmt="30000" loanLength="12" beginDate="aurora.javascript.NativeJavaObject@5d95c94b" paymentDueDate="aurora.javascript.NativeJavaObject@65e1318" billClearDate="aurora.javascript.NativeJavaObject@3c17dc03" applyNo="94012014070100039589S" penaltyAmt="0" termNo="08" loanCustomer="张三" status="正常" billPaidIntAmt="0"/>
            <data endDate="" dueDat="" billPenaltyAmt="0" billPaidPenaltyAmt="0" orgCode="001" billStatus="正常" overdueDays="8" billPaidPrinAmt="0" prinAmt="1200000" paidPenaltyAmt="0" drawndnNo="1234567" clearDate="aurora.javascript.NativeJavaObject@788f4fa7" billIntAmt="10000" billPrinAmt="100000" intAmt="150000" paidIntAmt="0" paidPrinAmt="30000" loanLength="12" beginDate="aurora.javascript.NativeJavaObject@ba31e6c" paymentDueDate="aurora.javascript.NativeJavaObject@7d930ad3" billClearDate="aurora.javascript.NativeJavaObject@7fe626a6" applyNo="94012014070100039589S" penaltyAmt="0" termNo="09" loanCustomer="张三" status="正常" billPaidIntAmt="0"/>
            <data endDate="" dueDat="" billPenaltyAmt="0" billPaidPenaltyAmt="0" orgCode="001" billStatus="正常" overdueDays="9" billPaidPrinAmt="0" prinAmt="1200000" paidPenaltyAmt="0" drawndnNo="1234567" clearDate="aurora.javascript.NativeJavaObject@7d96ac8a" billIntAmt="10000" billPrinAmt="100000" intAmt="150000" paidIntAmt="0" paidPrinAmt="30000" loanLength="12" beginDate="aurora.javascript.NativeJavaObject@6ed59d2a" paymentDueDate="aurora.javascript.NativeJavaObject@b75d7b1" billClearDate="aurora.javascript.NativeJavaObject@45e8036f" applyNo="94012014070100039589S" penaltyAmt="0" termNo="10" loanCustomer="张三" status="正常" billPaidIntAmt="0"/>
            <data endDate="" dueDat="" billPenaltyAmt="0" billPaidPenaltyAmt="0" orgCode="001" billStatus="正常" overdueDays="10" billPaidPrinAmt="0" prinAmt="1200000" paidPenaltyAmt="0" drawndnNo="1234567" clearDate="aurora.javascript.NativeJavaObject@d5215a4" billIntAmt="10000" billPrinAmt="100000" intAmt="150000" paidIntAmt="0" paidPrinAmt="30000" loanLength="12" beginDate="aurora.javascript.NativeJavaObject@4f2cf5e9" paymentDueDate="aurora.javascript.NativeJavaObject@6ac17be2" billClearDate="aurora.javascript.NativeJavaObject@6fb7eeae" applyNo="94012014070100039589S" penaltyAmt="0" termNo="11" loanCustomer="张三" status="正常" billPaidIntAmt="0"/>
            <data endDate="" dueDat="" billPenaltyAmt="0" billPaidPenaltyAmt="0" orgCode="001" billStatus="正常" overdueDays="11" billPaidPrinAmt="0" prinAmt="1200000" paidPenaltyAmt="0" drawndnNo="1234567" clearDate="aurora.javascript.NativeJavaObject@725529c9" billIntAmt="10000" billPrinAmt="100000" intAmt="150000" paidIntAmt="0" paidPrinAmt="30000" loanLength="12" beginDate="aurora.javascript.NativeJavaObject@5a7e19d7" paymentDueDate="aurora.javascript.NativeJavaObject@3b817711" billClearDate="aurora.javascript.NativeJavaObject@6b932c51" applyNo="94012014070100039589S" penaltyAmt="0" termNo="12" loanCustomer="张三" status="正常" billPaidIntAmt="0"/>
        </datas>
    </parameter>
    <session/>
    <cookie/>
    <model/>
</esb_conext>

