2015-06-12 11:21:22.762 [uncertain.proc] [CONFIG] [action] DecideStatement
2015-06-12 11:21:22.765 [uncertain.proc] [CONFIG] [action] DecideSqlGenerationMode
2015-06-12 11:21:22.766 [uncertain.proc] [FINE] aurora.database.service.BusinessModelService.onDecideSqlGenerationMode
2015-06-12 11:21:22.766 [uncertain.proc] [CONFIG] [action] CreateOperationSql
2015-06-12 11:21:22.770 [uncertain.proc] [CONFIG] [action] PopulateOperationSql
2015-06-12 11:21:22.770 [uncertain.proc] [FINE] aurora.database.features.WhereClauseCreator.onPopulateOperationSql
2015-06-12 11:21:22.770 [uncertain.proc] [FINE] aurora.database.features.OrderByClauseCreator.onPopulateOperationSql
2015-06-12 11:21:22.771 [uncertain.proc] [CONFIG] [action] CreateSqlRunner
2015-06-12 11:21:22.771 [uncertain.proc] [FINE] aurora.database.service.BusinessModelService.onCreateSqlRunner
2015-06-12 11:21:22.772 [uncertain.proc] [CONFIG] [action] ExecuteDmlStatement
2015-06-12 11:21:22.772 [uncertain.proc] [FINE] aurora.database.service.BusinessModelService.onExecuteDmlStatement
2015-06-12 11:21:22.838 [aurora.database] [CONFIG] 
============= BEGIN [Execute] SQL Statement execution dump ============

        		begin
        		
				  ? := tm_interface_pkg.create_send_bill(p_company_id 	=> 1001,
				  												   p_user_id		=> -1);
				
				end;
        	
---------------------Binding info---------------------
No.1	Access path:@head_id	Data type of passed value :[null]	Value:null	Output:true	Database Type:null	

=============== END [Execute] SQL Statement execution dump ============

2015-06-12 11:21:22.848 [uncertain.proc] [CONFIG] [action] DecideSqlGenerationMode
2015-06-12 11:21:22.848 [uncertain.proc] [FINE] aurora.database.service.BusinessModelService.onDecideSqlGenerationMode
2015-06-12 11:21:22.848 [uncertain.proc] [CONFIG] [action] CreatequeryStatement
2015-06-12 11:21:22.848 [uncertain.proc] [FINE] aurora.bm.QuerySqlCreator.onCreateQueryStatement
2015-06-12 11:21:22.848 [uncertain.proc] [CONFIG] [action] PopulatequeryStatement
2015-06-12 11:21:22.848 [uncertain.proc] [FINE] aurora.database.features.WhereClauseCreator.onPopulateQueryStatement
2015-06-12 11:21:22.849 [uncertain.proc] [FINE] aurora.database.features.OrderByClauseCreator.onPopulateQueryStatement
2015-06-12 11:21:22.849 [uncertain.proc] [CONFIG] [action] CreatequerySql
2015-06-12 11:21:22.849 [uncertain.proc] [FINE] aurora.bm.QuerySqlCreator.onCreateQuerySql
2015-06-12 11:21:22.849 [uncertain.proc] [CONFIG] [action] ExecuteQuery
2015-06-12 11:21:22.849 [uncertain.proc] [FINE] aurora.bm.QuerySqlCreator.onExecuteQuery
2015-06-12 11:21:22.856 [uncertain.proc] [CONFIG] [action] QueryFinish
2015-06-12 11:21:22.856 [uncertain.proc] [FINE] aurora.database.features.AutoQueryCounter.onQueryFinish
2015-06-12 11:21:22.856 [uncertain.proc] [CONFIG] [action] FetchResultSet
2015-06-12 11:21:22.856 [aurora.database] [CONFIG] 
============= BEGIN [query] SQL Statement execution dump ============
SELECT t1.HEAD_ID,t1.FILENAME,t1.FILEDATE,t1.BATCHID,t1.VERSION,t1.COUNT,t1.ISLAST,t1.ENABLED_FLAG,t1.SERVICENAME
FROM TM_INTERFACE_HEADERS t1
WHERE HEAD_ID = ?
---------------------Binding info---------------------
No.1	Access path:@head_id	Data type of passed value :java.lang.Long	Value:141146	Output:false	Database Type:null	

=============== END [query] SQL Statement execution dump ============

2015-06-12 11:21:22.865 [uncertain.proc] [CONFIG] [action] DecideSqlGenerationMode
2015-06-12 11:21:22.865 [uncertain.proc] [FINE] aurora.database.service.BusinessModelService.onDecideSqlGenerationMode
2015-06-12 11:21:22.866 [uncertain.proc] [CONFIG] [action] CreatequeryStatement
2015-06-12 11:21:22.866 [uncertain.proc] [FINE] aurora.bm.QuerySqlCreator.onCreateQueryStatement
2015-06-12 11:21:22.866 [uncertain.proc] [CONFIG] [action] PopulatequeryStatement
2015-06-12 11:21:22.866 [uncertain.proc] [FINE] aurora.database.features.WhereClauseCreator.onPopulateQueryStatement
2015-06-12 11:21:22.866 [uncertain.proc] [FINE] aurora.database.features.OrderByClauseCreator.onPopulateQueryStatement
2015-06-12 11:21:22.867 [uncertain.proc] [CONFIG] [action] CreatequerySql
2015-06-12 11:21:22.867 [uncertain.proc] [FINE] aurora.bm.QuerySqlCreator.onCreateQuerySql
2015-06-12 11:21:22.867 [uncertain.proc] [CONFIG] [action] ExecuteQuery
2015-06-12 11:21:22.867 [uncertain.proc] [FINE] aurora.bm.QuerySqlCreator.onExecuteQuery
2015-06-12 11:21:22.883 [uncertain.proc] [CONFIG] [action] QueryFinish
2015-06-12 11:21:22.883 [uncertain.proc] [FINE] aurora.database.features.AutoQueryCounter.onQueryFinish
2015-06-12 11:21:22.883 [uncertain.proc] [CONFIG] [action] FetchResultSet
2015-06-12 11:21:22.883 [aurora.database] [CONFIG] 
============= BEGIN [query] SQL Statement execution dump ============
SELECT t1.BILL_LINE_ID,t1.HEAD_ID,t1.APPLYNO,t1.ORGCODE,t1.DRAWDNNO,t1.LOANLENGTH,t1.LOANCUSTOMER,t1.PRINAMT,t1.INTAMT,t1.PENALTYAMT,t1.PAIDPRINAMT,t1.PAIDINTAMT,t1.PAIDPENALTYAMT,t1.CLEARDATE,t1.STATUS,t1.BEGINDATE,t1.PAYMENTDUEDATE,t1.BILLPRINAMT,t1.BILLINTAMT,t1.BILLPENALTYAMT,t1.BILLPAIDPRINAMT,t1.BILLPAIDINTAMT,t1.BILLPAIDPENALTYAMT,t1.BILLCLEARDATE,t1.BILLSTATUS,t1.OVERDUEDAYS,t1.PROCESS_STATUS,t1.TERMNO,t1.ENDDATE,t1.DUEDATE
FROM TM_INTERFACE_SEND_BILL t1
WHERE HEAD_ID = ?
---------------------Binding info---------------------
No.1	Access path:@head_id	Data type of passed value :java.lang.Long	Value:141146	Output:false	Database Type:null	

=============== END [query] SQL Statement execution dump ============

2015-06-12 11:21:22.932 [uncertain.proc] [INFO] <esb_conext SERVICE_LOGGING_FILE="/Users/shiliyan/git/aurora-ide/aurora-esb/deploy/logs/gen_file_bill_2015-06-12.log" __configuration__="uncertain.event.Configuration@7b6e9198" BusinessModel="aurora.bm.BusinessModel@2ef8c641" service_name="gen_file_bill" SqlStatementType="query" SqlGenerationMode="AutoGenerate" _instance.uncertain.logging.ILoggerProvider="uncertain.logging.LoggerProvider@5a99d3ac" _instance.aurora.service.IService="aurora.service.http.HttpServiceInstance@64d32792" sso="(ScriptShareObject : 4 elements)" BusinessModelOperation="query" SqlString="SELECT t1.BILL_LINE_ID,t1.HEAD_ID,t1.APPLYNO,t1.ORGCODE,t1.DRAWDNNO,t1.LOANLENGTH,t1.LOANCUSTOMER,t1.PRINAMT,t1.INTAMT,t1.PENALTYAMT,t1.PAIDPRINAMT,t1.PAIDINTAMT,t1.PAIDPENALTYAMT,t1.CLEARDATE,t1.STATUS,t1.BEGINDATE,t1.PAYMENTDUEDATE,t1.BILLPRINAMT,t1.BILLINTAMT,t1.BILLPENALTYAMT,t1.BILLPAIDPRINAMT,t1.BILLPAIDINTAMT,t1.BILLPAIDPENALTYAMT,t1.BILLCLEARDATE,t1.BILLSTATUS,t1.OVERDUEDAYS,t1.PROCESS_STATUS,t1.TERMNO,t1.ENDDATE,t1.DUEDATE
FROM TM_INTERFACE_SEND_BILL t1
WHERE HEAD_ID = ${@head_id}" SqlStatement="aurora.database.sql.SelectStatement@6b3e98c1" current_parameter="{head_id=141146}" SqlRunner="aurora.database.SqlRunner@39c9129" FetchDescriptor="aurora.database.FetchDescriptor@3aa63dfd" __database_all_connection="[com.mchange.v2.c3p0.impl.NewProxyConnection@13d93945]" _instance.uncertain.logging.BasicFileHandler="uncertain.logging.BasicFileHandler@170c2645" _instance.java.sql.Connection="com.mchange.v2.c3p0.impl.NewProxyConnection@13d93945" ResultsetConsumer="aurora.database.rsconsumer.CompositeMapCreator@6a1e6c81">
    <parameter count="12.0" __parameter_parsed__="true" head_id="141146">
        <result orgcode="CFCAR" yyyymmdd="20150612" servicename="AUTOFI_SEND_BILL"/>
        <header fileName="CFCAR_AUTOFI_SEND_BILL_20150612_119.txt" batchNo="119" isLast="YES" count="12" serviceName="AUTOFI_SEND_BILL" version="1.0" yyyymmdd="20150612" orgCode="CFCAR"/>
        <datas>
            <data endDate="" dueDat="" billPenaltyAmt="0" billPaidPenaltyAmt="0" orgCode="001" billStatus="正常" overdueDays="0" billPaidPrinAmt="0" prinAmt="1200000" paidPenaltyAmt="0" drawndnNo="1234567" clearDate="aurora.javascript.NativeJavaObject@75790993" billIntAmt="10000" billPrinAmt="100000" intAmt="150000" paidIntAmt="0" paidPrinAmt="30000" loanLength="12" beginDate="aurora.javascript.NativeJavaObject@128bdbcc" paymentDueDate="aurora.javascript.NativeJavaObject@6443e9d6" billClearDate="aurora.javascript.NativeJavaObject@7da0ebbb" applyNo="94012014070100039589S" penaltyAmt="0" termNo="01" loanCustomer="张三" status="正常" billPaidIntAmt="0"/>
            <data endDate="" dueDat="" billPenaltyAmt="0" billPaidPenaltyAmt="0" orgCode="001" billStatus="正常" overdueDays="1" billPaidPrinAmt="0" prinAmt="1200000" paidPenaltyAmt="0" drawndnNo="1234567" clearDate="aurora.javascript.NativeJavaObject@40a8400d" billIntAmt="10000" billPrinAmt="100000" intAmt="150000" paidIntAmt="0" paidPrinAmt="30000" loanLength="12" beginDate="aurora.javascript.NativeJavaObject@cb1a66f" paymentDueDate="aurora.javascript.NativeJavaObject@7747f376" billClearDate="aurora.javascript.NativeJavaObject@dc02316" applyNo="94012014070100039589S" penaltyAmt="0" termNo="02" loanCustomer="张三" status="正常" billPaidIntAmt="0"/>
            <data endDate="" dueDat="" billPenaltyAmt="0" billPaidPenaltyAmt="0" orgCode="001" billStatus="正常" overdueDays="2" billPaidPrinAmt="0" prinAmt="1200000" paidPenaltyAmt="0" drawndnNo="1234567" clearDate="aurora.javascript.NativeJavaObject@f6ab28b" billIntAmt="10000" billPrinAmt="100000" intAmt="150000" paidIntAmt="0" paidPrinAmt="30000" loanLength="12" beginDate="aurora.javascript.NativeJavaObject@e69ffd7" paymentDueDate="aurora.javascript.NativeJavaObject@467d612f" billClearDate="aurora.javascript.NativeJavaObject@4a293265" applyNo="94012014070100039589S" penaltyAmt="0" termNo="03" loanCustomer="张三" status="正常" billPaidIntAmt="0"/>
            <data endDate="" dueDat="" billPenaltyAmt="0" billPaidPenaltyAmt="0" orgCode="001" billStatus="正常" overdueDays="3" billPaidPrinAmt="0" prinAmt="1200000" paidPenaltyAmt="0" drawndnNo="1234567" clearDate="aurora.javascript.NativeJavaObject@100d2f41" billIntAmt="10000" billPrinAmt="100000" intAmt="150000" paidIntAmt="0" paidPrinAmt="30000" loanLength="12" beginDate="aurora.javascript.NativeJavaObject@51dbedd0" paymentDueDate="aurora.javascript.NativeJavaObject@7c829add" billClearDate="aurora.javascript.NativeJavaObject@7f3b2532" applyNo="94012014070100039589S" penaltyAmt="0" termNo="04" loanCustomer="张三" status="正常" billPaidIntAmt="0"/>
            <data endDate="" dueDat="" billPenaltyAmt="0" billPaidPenaltyAmt="0" orgCode="001" billStatus="正常" overdueDays="4" billPaidPrinAmt="0" prinAmt="1200000" paidPenaltyAmt="0" drawndnNo="1234567" clearDate="aurora.javascript.NativeJavaObject@6b56ab3" billIntAmt="10000" billPrinAmt="100000" intAmt="150000" paidIntAmt="0" paidPrinAmt="30000" loanLength="12" beginDate="aurora.javascript.NativeJavaObject@80eb2d8" paymentDueDate="aurora.javascript.NativeJavaObject@60b29576" billClearDate="aurora.javascript.NativeJavaObject@46862ee7" applyNo="94012014070100039589S" penaltyAmt="0" termNo="05" loanCustomer="张三" status="正常" billPaidIntAmt="0"/>
            <data endDate="" dueDat="" billPenaltyAmt="0" billPaidPenaltyAmt="0" orgCode="001" billStatus="正常" overdueDays="5" billPaidPrinAmt="0" prinAmt="1200000" paidPenaltyAmt="0" drawndnNo="1234567" clearDate="aurora.javascript.NativeJavaObject@6bcb2476" billIntAmt="10000" billPrinAmt="100000" intAmt="150000" paidIntAmt="0" paidPrinAmt="30000" loanLength="12" beginDate="aurora.javascript.NativeJavaObject@162ec3a5" paymentDueDate="aurora.javascript.NativeJavaObject@6243fd33" billClearDate="aurora.javascript.NativeJavaObject@1545168a" applyNo="94012014070100039589S" penaltyAmt="0" termNo="06" loanCustomer="张三" status="正常" billPaidIntAmt="0"/>
            <data endDate="" dueDat="" billPenaltyAmt="0" billPaidPenaltyAmt="0" orgCode="001" billStatus="正常" overdueDays="6" billPaidPrinAmt="0" prinAmt="1200000" paidPenaltyAmt="0" drawndnNo="1234567" clearDate="aurora.javascript.NativeJavaObject@279f78c0" billIntAmt="10000" billPrinAmt="100000" intAmt="150000" paidIntAmt="0" paidPrinAmt="30000" loanLength="12" beginDate="aurora.javascript.NativeJavaObject@47ccb47d" paymentDueDate="aurora.javascript.NativeJavaObject@3a1b63d2" billClearDate="aurora.javascript.NativeJavaObject@757c35d" applyNo="94012014070100039589S" penaltyAmt="0" termNo="07" loanCustomer="张三" status="正常" billPaidIntAmt="0"/>
            <data endDate="" dueDat="" billPenaltyAmt="0" billPaidPenaltyAmt="0" orgCode="001" billStatus="正常" overdueDays="7" billPaidPrinAmt="0" prinAmt="1200000" paidPenaltyAmt="0" drawndnNo="1234567" clearDate="aurora.javascript.NativeJavaObject@5b52e20f" billIntAmt="10000" billPrinAmt="100000" intAmt="150000" paidIntAmt="0" paidPrinAmt="30000" loanLength="12" beginDate="aurora.javascript.NativeJavaObject@799fda44" paymentDueDate="aurora.javascript.NativeJavaObject@18fb3356" billClearDate="aurora.javascript.NativeJavaObject@210f463f" applyNo="94012014070100039589S" penaltyAmt="0" termNo="08" loanCustomer="张三" status="正常" billPaidIntAmt="0"/>
            <data endDate="" dueDat="" billPenaltyAmt="0" billPaidPenaltyAmt="0" orgCode="001" billStatus="正常" overdueDays="8" billPaidPrinAmt="0" prinAmt="1200000" paidPenaltyAmt="0" drawndnNo="1234567" clearDate="aurora.javascript.NativeJavaObject@6d819a8b" billIntAmt="10000" billPrinAmt="100000" intAmt="150000" paidIntAmt="0" paidPrinAmt="30000" loanLength="12" beginDate="aurora.javascript.NativeJavaObject@6acb3085" paymentDueDate="aurora.javascript.NativeJavaObject@2bebcf09" billClearDate="aurora.javascript.NativeJavaObject@708e5af5" applyNo="94012014070100039589S" penaltyAmt="0" termNo="09" loanCustomer="张三" status="正常" billPaidIntAmt="0"/>
            <data endDate="" dueDat="" billPenaltyAmt="0" billPaidPenaltyAmt="0" orgCode="001" billStatus="正常" overdueDays="9" billPaidPrinAmt="0" prinAmt="1200000" paidPenaltyAmt="0" drawndnNo="1234567" clearDate="aurora.javascript.NativeJavaObject@113ad3ad" billIntAmt="10000" billPrinAmt="100000" intAmt="150000" paidIntAmt="0" paidPrinAmt="30000" loanLength="12" beginDate="aurora.javascript.NativeJavaObject@22c68617" paymentDueDate="aurora.javascript.NativeJavaObject@57a086c1" billClearDate="aurora.javascript.NativeJavaObject@557b2732" applyNo="94012014070100039589S" penaltyAmt="0" termNo="10" loanCustomer="张三" status="正常" billPaidIntAmt="0"/>
            <data endDate="" dueDat="" billPenaltyAmt="0" billPaidPenaltyAmt="0" orgCode="001" billStatus="正常" overdueDays="10" billPaidPrinAmt="0" prinAmt="1200000" paidPenaltyAmt="0" drawndnNo="1234567" clearDate="aurora.javascript.NativeJavaObject@121b218b" billIntAmt="10000" billPrinAmt="100000" intAmt="150000" paidIntAmt="0" paidPrinAmt="30000" loanLength="12" beginDate="aurora.javascript.NativeJavaObject@47bebe1" paymentDueDate="aurora.javascript.NativeJavaObject@57bee321" billClearDate="aurora.javascript.NativeJavaObject@5bf00c53" applyNo="94012014070100039589S" penaltyAmt="0" termNo="11" loanCustomer="张三" status="正常" billPaidIntAmt="0"/>
            <data endDate="" dueDat="" billPenaltyAmt="0" billPaidPenaltyAmt="0" orgCode="001" billStatus="正常" overdueDays="11" billPaidPrinAmt="0" prinAmt="1200000" paidPenaltyAmt="0" drawndnNo="1234567" clearDate="aurora.javascript.NativeJavaObject@102c79df" billIntAmt="10000" billPrinAmt="100000" intAmt="150000" paidIntAmt="0" paidPrinAmt="30000" loanLength="12" beginDate="aurora.javascript.NativeJavaObject@4b53bcd8" paymentDueDate="aurora.javascript.NativeJavaObject@6bd4f978" billClearDate="aurora.javascript.NativeJavaObject@301df2c5" applyNo="94012014070100039589S" penaltyAmt="0" termNo="12" loanCustomer="张三" status="正常" billPaidIntAmt="0"/>
        </datas>
    </parameter>
    <session/>
    <cookie/>
    <model/>
</esb_conext>

