2015-06-12 11:21:55.538 [uncertain.proc] [CONFIG] [action] DecideStatement
2015-06-12 11:21:55.543 [uncertain.proc] [CONFIG] [action] DecideSqlGenerationMode
2015-06-12 11:21:55.543 [uncertain.proc] [FINE] aurora.database.service.BusinessModelService.onDecideSqlGenerationMode
2015-06-12 11:21:55.543 [uncertain.proc] [CONFIG] [action] CreateOperationSql
2015-06-12 11:21:55.544 [uncertain.proc] [CONFIG] [action] PopulateOperationSql
2015-06-12 11:21:55.544 [uncertain.proc] [FINE] aurora.database.features.WhereClauseCreator.onPopulateOperationSql
2015-06-12 11:21:55.544 [uncertain.proc] [FINE] aurora.database.features.OrderByClauseCreator.onPopulateOperationSql
2015-06-12 11:21:55.544 [uncertain.proc] [CONFIG] [action] CreateSqlRunner
2015-06-12 11:21:55.544 [uncertain.proc] [FINE] aurora.database.service.BusinessModelService.onCreateSqlRunner
2015-06-12 11:21:55.546 [uncertain.proc] [CONFIG] [action] ExecuteDmlStatement
2015-06-12 11:21:55.547 [uncertain.proc] [FINE] aurora.database.service.BusinessModelService.onExecuteDmlStatement
2015-06-12 11:21:55.587 [aurora.database] [CONFIG] 
============= BEGIN [Execute] SQL Statement execution dump ============

        		begin
        		
				  ? := tm_interface_pkg.create_contract_approval(p_company_id 	=> 1001,
				  														   p_user_id		=> -1);
				
				end;
        	
---------------------Binding info---------------------
No.1	Access path:@head_id	Data type of passed value :[null]	Value:null	Output:true	Database Type:null	

=============== END [Execute] SQL Statement execution dump ============

2015-06-12 11:21:55.603 [uncertain.proc] [CONFIG] [action] DecideSqlGenerationMode
2015-06-12 11:21:55.603 [uncertain.proc] [FINE] aurora.database.service.BusinessModelService.onDecideSqlGenerationMode
2015-06-12 11:21:55.604 [uncertain.proc] [CONFIG] [action] CreatequeryStatement
2015-06-12 11:21:55.604 [uncertain.proc] [FINE] aurora.bm.QuerySqlCreator.onCreateQueryStatement
2015-06-12 11:21:55.605 [uncertain.proc] [CONFIG] [action] PopulatequeryStatement
2015-06-12 11:21:55.605 [uncertain.proc] [FINE] aurora.database.features.WhereClauseCreator.onPopulateQueryStatement
2015-06-12 11:21:55.608 [uncertain.proc] [FINE] aurora.database.features.OrderByClauseCreator.onPopulateQueryStatement
2015-06-12 11:21:55.608 [uncertain.proc] [CONFIG] [action] CreatequerySql
2015-06-12 11:21:55.609 [uncertain.proc] [FINE] aurora.bm.QuerySqlCreator.onCreateQuerySql
2015-06-12 11:21:55.611 [uncertain.proc] [CONFIG] [action] ExecuteQuery
2015-06-12 11:21:55.611 [uncertain.proc] [FINE] aurora.bm.QuerySqlCreator.onExecuteQuery
2015-06-12 11:21:55.640 [uncertain.proc] [CONFIG] [action] QueryFinish
2015-06-12 11:21:55.640 [uncertain.proc] [FINE] aurora.database.features.AutoQueryCounter.onQueryFinish
2015-06-12 11:21:55.640 [uncertain.proc] [CONFIG] [action] FetchResultSet
2015-06-12 11:21:55.641 [aurora.database] [CONFIG] 
============= BEGIN [query] SQL Statement execution dump ============
SELECT t1.HEAD_ID,t1.FILENAME,t1.FILEDATE,t1.BATCHID,t1.VERSION,t1.COUNT,t1.ISLAST,t1.ENABLED_FLAG,t1.SERVICENAME
FROM TM_INTERFACE_HEADERS t1
WHERE HEAD_ID = ?
---------------------Binding info---------------------
No.1	Access path:@head_id	Data type of passed value :java.lang.Long	Value:0	Output:false	Database Type:null	

=============== END [query] SQL Statement execution dump ============

2015-06-12 11:21:55.651 [uncertain.proc] [CONFIG] [action] DecideSqlGenerationMode
2015-06-12 11:21:55.652 [uncertain.proc] [FINE] aurora.database.service.BusinessModelService.onDecideSqlGenerationMode
2015-06-12 11:21:55.652 [uncertain.proc] [CONFIG] [action] CreatequeryStatement
2015-06-12 11:21:55.652 [uncertain.proc] [FINE] aurora.bm.QuerySqlCreator.onCreateQueryStatement
2015-06-12 11:21:55.652 [uncertain.proc] [CONFIG] [action] PopulatequeryStatement
2015-06-12 11:21:55.652 [uncertain.proc] [FINE] aurora.database.features.WhereClauseCreator.onPopulateQueryStatement
2015-06-12 11:21:55.652 [uncertain.proc] [FINE] aurora.database.features.OrderByClauseCreator.onPopulateQueryStatement
2015-06-12 11:21:55.653 [uncertain.proc] [CONFIG] [action] CreatequerySql
2015-06-12 11:21:55.653 [uncertain.proc] [FINE] aurora.bm.QuerySqlCreator.onCreateQuerySql
2015-06-12 11:21:55.653 [uncertain.proc] [CONFIG] [action] ExecuteQuery
2015-06-12 11:21:55.653 [uncertain.proc] [FINE] aurora.bm.QuerySqlCreator.onExecuteQuery
2015-06-12 11:21:55.663 [uncertain.proc] [CONFIG] [action] QueryFinish
2015-06-12 11:21:55.664 [uncertain.proc] [FINE] aurora.database.features.AutoQueryCounter.onQueryFinish
2015-06-12 11:21:55.664 [uncertain.proc] [CONFIG] [action] FetchResultSet
2015-06-12 11:21:55.664 [aurora.database] [CONFIG] 
============= BEGIN [query] SQL Statement execution dump ============
SELECT t1.APPROVAL_LINE_ID,t1.HEAD_ID,t1.APPLYNO,t1.ALLOWLOAN,t1.FAILREASON,t1.REASONTYPE,t1.APPLYAMOUNT,t1.CONTRACTNO,t1.PROCESS_STATUS
FROM TM_INTERFACE_CON_APPROVAL t1
WHERE HEAD_ID = ?
---------------------Binding info---------------------
No.1	Access path:@head_id	Data type of passed value :java.lang.Long	Value:0	Output:false	Database Type:null	

=============== END [query] SQL Statement execution dump ============

2015-06-12 11:21:55.668 [uncertain.proc] [INFO] <esb_conext SERVICE_LOGGING_FILE="/Users/shiliyan/git/aurora-ide/aurora-esb/deploy/logs/gen_file_ap_2015-06-12.log" __configuration__="uncertain.event.Configuration@45304f89" BusinessModel="aurora.bm.BusinessModel@1ef071d7" service_name="gen_file_ap" SqlStatementType="query" SqlGenerationMode="AutoGenerate" _instance.uncertain.logging.ILoggerProvider="uncertain.logging.LoggerProvider@1e5e77a5" _instance.aurora.service.IService="aurora.service.http.HttpServiceInstance@3e770412" sso="(ScriptShareObject : 4 elements)" BusinessModelOperation="query" SqlString="SELECT t1.APPROVAL_LINE_ID,t1.HEAD_ID,t1.APPLYNO,t1.ALLOWLOAN,t1.FAILREASON,t1.REASONTYPE,t1.APPLYAMOUNT,t1.CONTRACTNO,t1.PROCESS_STATUS
FROM TM_INTERFACE_CON_APPROVAL t1
WHERE HEAD_ID = ${@head_id}" SqlStatement="aurora.database.sql.SelectStatement@79fc5852" current_parameter="{head_id=0}" SqlRunner="aurora.database.SqlRunner@641fe073" FetchDescriptor="aurora.database.FetchDescriptor@991400a" __database_all_connection="[com.mchange.v2.c3p0.impl.NewProxyConnection@1f9fe6aa]" _instance.uncertain.logging.BasicFileHandler="uncertain.logging.BasicFileHandler@fc092be" _instance.java.sql.Connection="com.mchange.v2.c3p0.impl.NewProxyConnection@1f9fe6aa" ResultsetConsumer="aurora.database.rsconsumer.CompositeMapCreator@146575dc">
    <parameter __parameter_parsed__="true" head_id="0">
        <result orgcode="CFCAR" yyyymmdd="20150612" servicename="AUTOFI_APPROVAL_CONTRACT"/>
    </parameter>
    <session/>
    <cookie/>
    <model/>
</esb_conext>

