2015-06-09 13:48:16.418 [aurora.database] [CONFIG] Running batch-apply with data from path /parameter, total 1 records
2015-06-09 13:48:16.418 [aurora.database] [CONFIG] Executing batch-apply on parameter No.0
2015-06-09 13:48:16.429 [uncertain.proc] [CONFIG] [action] DecideStatement
2015-06-09 13:48:16.437 [uncertain.proc] [CONFIG] [action] DecideSqlGenerationMode
2015-06-09 13:48:16.437 [uncertain.proc] [FINE] aurora.database.service.BusinessModelService.onDecideSqlGenerationMode
2015-06-09 13:48:16.437 [uncertain.proc] [CONFIG] [action] CreateOperationSql
2015-06-09 13:48:16.437 [uncertain.proc] [CONFIG] [action] PopulateOperationSql
2015-06-09 13:48:16.437 [uncertain.proc] [FINE] aurora.database.features.OrderByClauseCreator.onPopulateOperationSql
2015-06-09 13:48:16.438 [uncertain.proc] [FINE] aurora.database.features.WhereClauseCreator.onPopulateOperationSql
2015-06-09 13:48:16.440 [uncertain.proc] [CONFIG] [action] CreateSqlRunner
2015-06-09 13:48:16.440 [uncertain.proc] [FINE] aurora.database.service.BusinessModelService.onCreateSqlRunner
2015-06-09 13:48:16.440 [uncertain.proc] [CONFIG] [action] ExecuteDmlStatement
2015-06-09 13:48:16.440 [uncertain.proc] [FINE] aurora.database.service.BusinessModelService.onExecuteDmlStatement
2015-06-09 13:48:16.452 [aurora.database] [CONFIG] 
============= BEGIN [Update] SQL Statement execution dump ============

	            begin
	            	tm_interface_std_pkg.insert_cdd_list(p_applyno  => ?,
                            							 p_filepath => ?,
                            							 p_filename => ?,
                            							 p_filesize => ?);
	            end;
	        
---------------------Binding info---------------------
No.1	Access path:@applyno	Data type of passed value :java.lang.String	Value:94012014070100039611S	Output:false	Database Type:null	
No.2	Access path:@abspath	Data type of passed value :java.lang.String	Value:file:/Users/shiliyan/Desktop/esb/download/read/CFCAR/invoice/2015/02/02/94012014070100039611S/IMG_1362.JPG	Output:false	Database Type:null	
No.3	Access path:@filename	Data type of passed value :java.lang.String	Value:IMG_1362.JPG	Output:false	Database Type:null	
No.4	Access path:@filelength	Data type of passed value :java.lang.String	Value:1936412	Output:false	Database Type:null	

=============== END [Update] SQL Statement execution dump ============

2015-06-09 13:48:16.453 [uncertain.proc] [INFO] <esb_conext SERVICE_LOGGING_FILE="/Users/shiliyan/git/aurora-ide/aurora-esb/deploy/logs/invoice_proc_2015-06-09.log" __configuration__="uncertain.event.Configuration@1c1aedf9" BusinessModel="aurora.bm.BusinessModel@5fb043ca" service_name="invoice_proc" SqlGenerationMode="Predefined" _instance.uncertain.logging.ILoggerProvider="uncertain.logging.LoggerProvider@c11cc47" _instance.aurora.service.IService="aurora.service.http.HttpServiceInstance@5201acc6" BusinessModelOperation="Update" SqlString="
	            begin
	            	tm_interface_std_pkg.insert_cdd_list(p_applyno  =&gt; ${@applyno},
                            							 p_filepath =&gt; ${@abspath},
                            							 p_filename =&gt; ${@filename},
                            							 p_filesize =&gt; ${@filelength});
	            end;
	        " __database_service_option="aurora.database.service.ServiceOption@193fe65a" current_parameter="{}" SqlRunner="aurora.database.SqlRunner@44cc48a4" __database_all_connection="[com.mchange.v2.c3p0.impl.NewProxyConnection@1068d562]" _instance.uncertain.logging.BasicFileHandler="uncertain.logging.BasicFileHandler@46bdd78e" _instance.java.sql.Connection="com.mchange.v2.c3p0.impl.NewProxyConnection@1068d562">
    <parameter>
        <result filename="IMG_1362.JPG" filelength="1936412" abspath="file:/Users/shiliyan/Desktop/esb/download/read/CFCAR/invoice/2015/02/02/94012014070100039611S/IMG_1362.JPG" applyno="94012014070100039611S"/>
    </parameter>
</esb_conext>

